Release 14.7 Map P.20131013 (nt)
Xilinx Mapping Report File for Design 'music_player_v5'

Design Information
------------------
Command Line   : map -intstyle ise -p xc3s400-ft256-4 -cm area -detail -ir off
-pr off -c 100 -o music_player_v5_map.ncd music_player_v5.ngd
music_player_v5.pcf 
Target Device  : xc3s400
Target Package : ft256
Target Speed   : -4
Mapper Version : spartan3 -- $Revision: 1.55 $
Mapped Date    : Wed Sep 27 15:18:25 2017

Design Summary
--------------
Number of errors:      0
Number of warnings:    0
Logic Utilization:
  Number of Slice Flip Flops:           135 out of   7,168    1%
  Number of 4 input LUTs:             1,693 out of   7,168   23%
Logic Distribution:
  Number of occupied Slices:            909 out of   3,584   25%
    Number of Slices containing only related logic:     909 out of     909 100%
    Number of Slices containing unrelated logic:          0 out of     909   0%
      *See NOTES below for an explanation of the effects of unrelated logic.
  Total Number of 4 input LUTs:       1,740 out of   7,168   24%
    Number used as logic:             1,693
    Number used as a route-thru:         47

  The Slice Logic Distribution report is not meaningful if the design is
  over-mapped for a non-slice resource or if Placement fails.

  Number of bonded IOBs:                 22 out of     173   12%
  Number of MULT18X18s:                   4 out of      16   25%
  Number of BUFGMUXs:                     1 out of       8   12%

Average Fanout of Non-Clock Nets:                3.81

Peak Memory Usage:  238 MB
Total REAL time to MAP completion:  4 secs 
Total CPU time to MAP completion:   4 secs 

NOTES:

   Related logic is defined as being logic that shares connectivity - e.g. two
   LUTs are "related" if they share common inputs.  When assembling slices,
   Map gives priority to combine logic that is related.  Doing so results in
   the best timing performance.

   Unrelated logic shares no connectivity.  Map will only begin packing
   unrelated logic into a slice once 99% of the slices are occupied through
   related logic packing.

   Note that once logic distribution reaches the 99% level through related
   logic packing, this does not mean the device is completely utilized.
   Unrelated logic packing will then begin, continuing until all usable LUTs
   and FFs are occupied.  Depending on your timing budget, increased levels of
   unrelated logic packing may adversely affect the overall timing performance
   of your design.

Table of Contents
-----------------
Section 1 - Errors
Section 2 - Warnings
Section 3 - Informational
Section 4 - Removed Logic Summary
Section 5 - Removed Logic
Section 6 - IOB Properties
Section 7 - RPMs
Section 8 - Guide Report
Section 9 - Area Group and Partition Summary
Section 10 - Timing Report
Section 11 - Configuration String Information
Section 12 - Control Set Information
Section 13 - Utilization by Hierarchy

Section 1 - Errors
------------------

Section 2 - Warnings
--------------------

Section 3 - Informational
-------------------------
INFO:MapLib:562 - No environment variables are currently set.
INFO:LIT:244 - All of the single ended outputs in this design are using slew
   rate limited output drivers. The delay on speed critical single ended outputs
   can be dramatically reduced by designating them as fast outputs.

Section 4 - Removed Logic Summary
---------------------------------
   2 block(s) optimized away
  97 Block(s) redundant

Section 5 - Removed Logic
-------------------------

Optimized Block(s):
TYPE 		BLOCK
GND 		XST_GND
VCC 		XST_VCC

Redundant Block(s):
TYPE 		BLOCK
LOCALBUF
		x_note_player/PWR_8_o_note_cc[19]_div_16/Mmux_a[0]_a[27]_MUX_1884_o1151/LUT3_D
_BUF
LOCALBUF
		x_note_player/PWR_8_o_note_cc[19]_div_16/Mmux_a[0]_a[27]_MUX_1884_o1161/LUT3_D
_BUF
LOCALBUF
		x_note_player/PWR_8_o_note_cc[19]_div_16/Mmux_a[0]_a[27]_MUX_1884_o1171/LUT3_D
_BUF
LOCALBUF
		x_note_player/PWR_8_o_note_cc[19]_div_16/Mmux_a[0]_a[27]_MUX_1800_o1181/LUT3_D
_BUF
LOCALBUF
		x_note_player/PWR_8_o_note_cc[19]_div_16/Mmux_a[0]_a[27]_MUX_1884_o1181/LUT3_D
_BUF
LOCALBUF
		x_note_player/PWR_8_o_note_cc[19]_div_16/Mmux_a[0]_a[27]_MUX_1828_o1191/LUT3_D
_BUF
LOCALBUF
		x_note_player/PWR_8_o_note_cc[19]_div_16/Mmux_a[0]_a[27]_MUX_1884_o1191/LUT3_D
_BUF
LOCALBUF
		x_note_player/PWR_8_o_note_cc[19]_div_16/Madd_GND_10_o_b[19]_add_9_OUT_Madd_Ma
dd_cy<24>11/LUT2_D_BUF
LOCALBUF
		x_note_player/PWR_8_o_note_cc[19]_div_16/Madd_GND_10_o_b[19]_add_9_OUT_Madd_Ma
dd_cy<25>11_SW0/LUT4_D_BUF
LOCALBUF
		x_note_player/PWR_8_o_note_cc[19]_div_16/Madd_GND_10_o_b[19]_add_9_OUT_Madd_Ma
dd_cy<25>11_SW1/LUT4_D_BUF
LOCALBUF
		x_note_player/PWR_8_o_note_cc[19]_div_16/Madd_GND_10_o_b[19]_add_7_OUT_Madd_Ma
dd_cy<26>11_SW1/LUT4_D_BUF
LOCALBUF
		x_note_player/PWR_8_o_note_cc[19]_div_16/Mmux_a[0]_GND_10_o_MUX_605_o1191_SW0/
LUT4_D_BUF
LOCALBUF
		x_note_player/PWR_8_o_note_cc[19]_div_16/Mmux_a[0]_GND_10_o_MUX_605_o1181_SW0/
LUT4_D_BUF
LOCALBUF
		x_note_player/PWR_8_o_note_cc[19]_div_16/Mmux_a[0]_GND_10_o_MUX_515_o1181_SW1/
LUT2_L_BUF
LOCALBUF
		x_note_player/PWR_8_o_note_cc[19]_div_16/Mcompar_o<6>_lut<20>_SW0_SW0/LUT4_L_B
UF
LOCALBUF
		x_note_player/PWR_8_o_note_cc[19]_div_16/Mcompar_o<2>_lut<21>_SW0_SW0/LUT4_L_B
UF
LOCALBUF
		x_note_player/PWR_8_o_note_cc[19]_div_16/Mmux_a[0]_GND_10_o_MUX_605_o1181_SW1/
LUT2_L_BUF
LOCALBUF
		x_note_player/PWR_8_o_note_cc[19]_div_16/Mmux_a[0]_GND_10_o_MUX_693_o1191_SW1_
SW0/LUT4_L_BUF
LUT1 		x_note_length_counter/Madd_n0036_cy<26>_rt
LUT1 		x_note_length_counter/Madd_n0036_cy<25>_rt
LUT1 		x_note_length_counter/Msub_GND_6_o_GND_6_o_sub_7_OUT_cy<0>_rt
LUT1 		x_note_length_counter/Madd_n0045[27:0]_cy<26>_rt
LUT1 		x_note_length_counter/Mcount_note_length_partial_cy<26>_rt
LUT1 		x_note_length_counter/Mcount_note_length_partial_cy<25>_rt
LUT1 		x_note_length_counter/Mcount_note_length_partial_cy<24>_rt
LUT1 		x_note_length_counter/Mcount_note_length_partial_cy<23>_rt
LUT1 		x_note_length_counter/Mcount_note_length_partial_cy<22>_rt
LUT1 		x_note_length_counter/Mcount_note_length_partial_cy<21>_rt
LUT1 		x_note_length_counter/Mcount_note_length_partial_cy<20>_rt
LUT1 		x_note_length_counter/Mcount_note_length_partial_cy<19>_rt
LUT1 		x_note_length_counter/Mcount_note_length_partial_cy<18>_rt
LUT1 		x_note_length_counter/Mcount_note_length_partial_cy<17>_rt
LUT1 		x_note_length_counter/Mcount_note_length_partial_cy<16>_rt
LUT1 		x_note_length_counter/Mcount_note_length_partial_cy<15>_rt
LUT1 		x_note_length_counter/Mcount_note_length_partial_cy<14>_rt
LUT1 		x_note_length_counter/Mcount_note_length_partial_cy<13>_rt
LUT1 		x_note_length_counter/Mcount_note_length_partial_cy<12>_rt
LUT1 		x_note_length_counter/Mcount_note_length_partial_cy<11>_rt
LUT1 		x_note_length_counter/Mcount_note_length_partial_cy<10>_rt
LUT1 		x_note_length_counter/Mcount_note_length_partial_cy<9>_rt
LUT1 		x_note_length_counter/Mcount_note_length_partial_cy<8>_rt
LUT1 		x_note_length_counter/Mcount_note_length_partial_cy<7>_rt
LUT1 		x_note_length_counter/Mcount_note_length_partial_cy<6>_rt
LUT1 		x_note_length_counter/Mcount_note_length_partial_cy<5>_rt
LUT1 		x_note_length_counter/Mcount_note_length_partial_cy<4>_rt
LUT1 		x_note_length_counter/Mcount_note_length_partial_cy<3>_rt
LUT1 		x_note_length_counter/Mcount_note_length_partial_cy<2>_rt
LUT1 		x_note_length_counter/Mcount_note_length_partial_cy<1>_rt
LUT1 		x_note_length_counter/Mmult_n0023_Madd_cy<26>_rt
LUT1 		x_note_length_counter/Mmult_n0023_Madd_cy<25>_rt
LUT1 		x_note_length_counter/Mmult_n0023_Madd_cy<24>_rt
LUT1
		x_note_player/Mmult_PWR_8_o_note_pitch_partial[19]_MuLt_15_OUT_Madd_cy<26>_rt
LUT1
		x_note_player/Mmult_PWR_8_o_note_pitch_partial[19]_MuLt_15_OUT_Madd_cy<25>_rt
LUT1 		x_note_player/Mcount_sample_rate_partial_cy<6>_rt
LUT1 		x_note_player/Mcount_sample_rate_partial_cy<5>_rt
LUT1 		x_note_player/Mcount_sample_rate_partial_cy<4>_rt
LUT1 		x_note_player/Mcount_sample_rate_partial_cy<3>_rt
LUT1 		x_note_player/Mcount_sample_rate_partial_cy<2>_rt
LUT1 		x_note_player/Mcount_sample_rate_partial_cy<1>_rt
LUT1 		x_note_player/Msub_GND_8_o_GND_8_o_sub_5_OUT<19:0>_cy<0>_rt
LUT1 		x_note_length_counter/Mcount_note_length_partial_xor<27>_rt
LUT1 		x_note_player/Mcount_sample_rate_partial_xor<7>_rt
INV
		x_note_length_counter/Mcompar_articulation_cc[27]_note_length_partial[27]_Less
Than_6_o_cy<27>_inv_INV_0
INV 		x_note_player/Msub_GND_8_o_GND_8_o_sub_5_OUT<19:0>_lut<16>_INV_0
INV 		x_note_player/Msub_GND_8_o_GND_8_o_sub_5_OUT<19:0>_lut<15>_INV_0
INV 		x_note_player/Msub_GND_8_o_GND_8_o_sub_5_OUT<19:0>_lut<14>_INV_0
INV 		x_note_player/Msub_GND_8_o_GND_8_o_sub_5_OUT<19:0>_lut<13>_INV_0
INV 		x_note_player/Msub_GND_8_o_GND_8_o_sub_5_OUT<19:0>_lut<12>_INV_0
INV 		x_note_player/Msub_GND_8_o_GND_8_o_sub_5_OUT<19:0>_lut<11>_INV_0
INV 		x_note_player/Msub_GND_8_o_GND_8_o_sub_5_OUT<19:0>_lut<10>_INV_0
INV 		x_note_player/Msub_GND_8_o_GND_8_o_sub_5_OUT<19:0>_lut<9>_INV_0
INV 		x_note_player/Msub_GND_8_o_GND_8_o_sub_5_OUT<19:0>_lut<8>_INV_0
INV 		x_note_player/Msub_GND_8_o_GND_8_o_sub_5_OUT<19:0>_lut<7>_INV_0
INV 		x_note_player/Msub_GND_8_o_GND_8_o_sub_5_OUT<19:0>_lut<6>_INV_0
INV 		x_note_player/Msub_GND_8_o_GND_8_o_sub_5_OUT<19:0>_lut<5>_INV_0
INV 		x_note_player/Msub_GND_8_o_GND_8_o_sub_5_OUT<19:0>_lut<4>_INV_0
INV 		x_note_player/Msub_GND_8_o_GND_8_o_sub_5_OUT<19:0>_lut<1>_INV_0
INV 		second_pulse_INV_1119_o1_INV_0
INV 		btn<0>_inv1_INV_0
INV 		Madd_n0037_Madd_xor<0>11_INV_0
INV 		Mcount_music_index_xor<0>11_INV_0
INV 		Mmult_PWR_5_o_sw[7]_MuLt_3_OUT_Madd_1611_INV_0
MUXCY 		x_note_player/PWR_8_o_note_cc[19]_div_16/Mcompar_o<10>_cy<18>
MUXCY 		x_note_player/PWR_8_o_note_cc[19]_div_16/Mcompar_o<11>_cy<17>
MUXCY 		x_note_player/PWR_8_o_note_cc[19]_div_16/Mcompar_o<13>_cy<16>
MUXCY 		x_note_player/PWR_8_o_note_cc[19]_div_16/Mcompar_o<14>_cy<15>
MUXCY 		x_note_player/PWR_8_o_note_cc[19]_div_16/Mcompar_o<15>_cy<14>
MUXCY 		x_note_player/PWR_8_o_note_cc[19]_div_16/Mcompar_o<17>_cy<13>
MUXCY 		x_note_player/PWR_8_o_note_cc[19]_div_16/Mcompar_o<18>_cy<12>
MUXCY 		x_note_player/PWR_8_o_note_cc[19]_div_16/Mcompar_o<19>_cy<11>
MUXCY 		x_note_player/PWR_8_o_note_cc[19]_div_16/Mcompar_o<21>_cy<10>
MUXCY 		x_note_player/PWR_8_o_note_cc[19]_div_16/Mcompar_o<22>_cy<9>
MUXCY 		x_note_player/PWR_8_o_note_cc[19]_div_16/Mcompar_o<23>_cy<8>
MUXCY 		x_note_player/PWR_8_o_note_cc[19]_div_16/Mcompar_o<25>_cy<7>
MUXCY 		x_note_player/PWR_8_o_note_cc[19]_div_16/Mcompar_o<26>_cy<6>
MUXCY 		x_note_player/PWR_8_o_note_cc[19]_div_16/Mcompar_o<27>_cy<5>
MUXCY 		x_note_player/PWR_8_o_note_cc[19]_div_16/Mcompar_o<9>_cy<19>

Section 6 - IOB Properties
--------------------------

+---------------------------------------------------------------------------------------------------------------------------------------------------------+
| IOB Name                           | Type             | Direction | IO Standard          | Diff  | Drive    | Slew | Reg (s)      | Resistor | IOB      |
|                                    |                  |           |                      | Term  | Strength | Rate |              |          | Delay    |
+---------------------------------------------------------------------------------------------------------------------------------------------------------+
| btn<0>                             | IOB              | INPUT     | LVCMOS25             |       |          |      |              |          |          |
| btn<1>                             | IOB              | INPUT     | LVCMOS25             |       |          |      |              |          |          |
| btn<2>                             | IOB              | INPUT     | LVCMOS25             |       |          |      |              |          |          |
| btn<3>                             | IOB              | INPUT     | LVCMOS25             |       |          |      |              |          |          |
| clk                                | IOB              | INPUT     | LVCMOS25             |       |          |      |              |          |          |
| led<0>                             | IOB              | OUTPUT    | LVCMOS25             |       | 12       | SLOW |              |          |          |
| led<1>                             | IOB              | OUTPUT    | LVCMOS25             |       | 12       | SLOW |              |          |          |
| led<2>                             | IOB              | OUTPUT    | LVCMOS25             |       | 12       | SLOW |              |          |          |
| led<3>                             | IOB              | OUTPUT    | LVCMOS25             |       | 12       | SLOW |              |          |          |
| led<4>                             | IOB              | OUTPUT    | LVCMOS25             |       | 12       | SLOW |              |          |          |
| led<5>                             | IOB              | OUTPUT    | LVCMOS25             |       | 12       | SLOW |              |          |          |
| led<6>                             | IOB              | OUTPUT    | LVCMOS25             |       | 12       | SLOW |              |          |          |
| led<7>                             | IOB              | OUTPUT    | LVCMOS25             |       | 12       | SLOW |              |          |          |
| s                                  | IOB              | OUTPUT    | LVCMOS25             |       | 12       | SLOW |              |          |          |
| sw<0>                              | IOB              | INPUT     | LVCMOS25             |       |          |      |              |          |          |
| sw<1>                              | IOB              | INPUT     | LVCMOS25             |       |          |      |              |          |          |
| sw<2>                              | IOB              | INPUT     | LVCMOS25             |       |          |      |              |          |          |
| sw<3>                              | IOB              | INPUT     | LVCMOS25             |       |          |      |              |          |          |
| sw<4>                              | IOB              | INPUT     | LVCMOS25             |       |          |      |              |          |          |
| sw<5>                              | IOB              | INPUT     | LVCMOS25             |       |          |      |              |          |          |
| sw<6>                              | IOB              | INPUT     | LVCMOS25             |       |          |      |              |          |          |
| sw<7>                              | IOB              | INPUT     | LVCMOS25             |       |          |      |              |          |          |
+---------------------------------------------------------------------------------------------------------------------------------------------------------+

Section 7 - RPMs
----------------

Section 8 - Guide Report
------------------------
Guide not run on this design.

Section 9 - Area Group and Partition Summary
--------------------------------------------

Partition Implementation Status
-------------------------------

  No Partitions were found in this design.

-------------------------------

Area Group Information
----------------------

  No area groups were found in this design.

----------------------

Section 10 - Timing Report
--------------------------
This design was not run using timing mode.

Section 11 - Configuration String Details
-----------------------------------------
BUFGMUX "clk_BUFGP/BUFG":
DISABLE_ATTR:LOW




Section 12 - Control Set Information
------------------------------------
No control set information for this architecture.

Section 13 - Utilization by Hierarchy
-------------------------------------
+--------------------------------------------------------------------------------------------------------------------------------------------------------------------------------------------------------------+
| Module                       | Partition | Slices        | Slice Reg     | LUTs          | LUTRAM        | BRAM      | MULT18X18 | BUFG  | DCM   | Full Hierarchical Name                                    |
+--------------------------------------------------------------------------------------------------------------------------------------------------------------------------------------------------------------+
| music_player_v5/             |           | 15/915        | 19/135        | 25/1735       | 0/0           | 0/0       | 0/4       | 1/1   | 0/0   | music_player_v5                                           |
| +x_note_length_counter       |           | 135/135       | 30/30         | 259/259       | 0/0           | 0/0       | 2/2       | 0/0   | 0/0   | music_player_v5/x_note_length_counter                     |
| +x_note_player               |           | 113/765       | 86/86         | 179/1451      | 0/0           | 0/0       | 2/2       | 0/0   | 0/0   | music_player_v5/x_note_player                             |
| ++PWR_8_o_note_cc[19]_div_16 |           | 652/652       | 0/0           | 1272/1272     | 0/0           | 0/0       | 0/0       | 0/0   | 0/0   | music_player_v5/x_note_player/PWR_8_o_note_cc[19]_div_16  |
+--------------------------------------------------------------------------------------------------------------------------------------------------------------------------------------------------------------+

* Slices can be packed with basic elements from multiple hierarchies.
  Therefore, a slice will be counted in every hierarchical module
  that each of its packed basic elements belong to.
** For each column, there are two numbers reported <A>/<B>.
   <A> is the number of elements that belong to that specific hierarchical module.
   <B> is the total number of elements from that hierarchical module and any lower level
   hierarchical modules below.
*** The LUTRAM column counts all LUTs used as memory including RAM, ROM, and shift registers.
