Release 14.7 - xst P.20131013 (nt)
Copyright (c) 1995-2013 Xilinx, Inc.  All rights reserved.
--> Parameter TMPDIR set to xst/projnav.tmp


Total REAL time to Xst completion: 0.00 secs
Total CPU time to Xst completion: 0.14 secs
 
--> Parameter xsthdpdir set to xst


Total REAL time to Xst completion: 0.00 secs
Total CPU time to Xst completion: 0.14 secs
 
--> WARNING:Xst:1583 - You are using an internal switch '-use_new_parser'.
WARNING:Xst:3152 - You have chosen to run a version of XST which is not the default solution
   for the specified device family. You are free to use it in order to take
   advantage of its enhanced HDL parsing/elaboration capabilities. However,
   please be aware that you may be impacted by  language support differences.
   This version may also result in circuit performance and device utilization
   differences for your particular design. You can always revert back to the
   default XST solution by setting the "use_new_parser" option to value "no" 
   on the XST command line or in the XST process properties panel.
Reading design: music_player_v6.prj

TABLE OF CONTENTS
  1) Synthesis Options Summary
  2) HDL Parsing
  3) HDL Elaboration
  4) HDL Synthesis
       4.1) HDL Synthesis Report
  5) Advanced HDL Synthesis
       5.1) Advanced HDL Synthesis Report
  6) Low Level Synthesis
  7) Partition Report
  8) Design Summary
       8.1) Primitive and Black Box Usage
       8.2) Device utilization summary
       8.3) Partition Resource Summary
       8.4) Timing Report
            8.4.1) Clock Information
            8.4.2) Asynchronous Control Signals Information
            8.4.3) Timing Summary
            8.4.4) Timing Details
            8.4.5) Cross Clock Domains Report


=========================================================================
*                      Synthesis Options Summary                        *
=========================================================================
---- Source Parameters
Input File Name                    : "music_player_v6.prj"
Input Format                       : mixed
Ignore Synthesis Constraint File   : NO

---- Target Parameters
Output File Name                   : "music_player_v6"
Output Format                      : NGC
Target Device                      : xc3s400-4-ft256

---- Source Options
Use New Parser                     : yes
Top Module Name                    : music_player_v6
Automatic FSM Extraction           : YES
FSM Encoding Algorithm             : Auto
Safe Implementation                : No
FSM Style                          : LUT
RAM Extraction                     : Yes
RAM Style                          : Auto
ROM Extraction                     : Yes
Mux Style                          : Auto
Decoder Extraction                 : YES
Priority Encoder Extraction        : Yes
Shift Register Extraction          : YES
Logical Shifter Extraction         : YES
XOR Collapsing                     : YES
ROM Style                          : Auto
Mux Extraction                     : Yes
Resource Sharing                   : YES
Asynchronous To Synchronous        : NO
Multiplier Style                   : Auto
Automatic Register Balancing       : No

---- Target Options
Add IO Buffers                     : YES
Global Maximum Fanout              : 100000
Add Generic Clock Buffer(BUFG)     : 8
Register Duplication               : YES
Slice Packing                      : YES
Optimize Instantiated Primitives   : NO
Use Clock Enable                   : Yes
Use Synchronous Set                : Yes
Use Synchronous Reset              : Yes
Pack IO Registers into IOBs        : Auto
Equivalent register Removal        : YES

---- General Options
Optimization Goal                  : Speed
Optimization Effort                : 1
Keep Hierarchy                     : No
Netlist Hierarchy                  : As_Optimized
RTL Output                         : Yes
Global Optimization                : AllClockNets
Read Cores                         : YES
Write Timing Constraints           : NO
Cross Clock Analysis               : NO
Hierarchy Separator                : /
Bus Delimiter                      : <>
Case Specifier                     : Maintain
Slice Utilization Ratio            : 100
BRAM Utilization Ratio             : 100
Verilog 2001                       : YES
Auto BRAM Packing                  : NO
Slice Utilization Ratio Delta      : 5

=========================================================================


=========================================================================
*                          HDL Parsing                                  *
=========================================================================
Parsing VHDL file "C:\Users\Ryan\OneDrive - UNSW\Documents\2017 Semester 2\COMP3601 - Desgin Project A\Git Repositry\ISE Projects\music_player_v6\constants.vhd" into library work
Parsing package <constants>.
Parsing VHDL file "C:\Users\Ryan\OneDrive - UNSW\Documents\2017 Semester 2\COMP3601 - Desgin Project A\Git Repositry\ISE Projects\music_player_v6\note_player.vhd" into library work
Parsing entity <note_player>.
Parsing architecture <Behavioral> of entity <note_player>.
Parsing VHDL file "C:\Users\Ryan\OneDrive - UNSW\Documents\2017 Semester 2\COMP3601 - Desgin Project A\Git Repositry\ISE Projects\music_player_v6\note_length_counter.vhd" into library work
Parsing entity <note_length_counter>.
Parsing architecture <Behavioral> of entity <note_length_counter>.
Parsing VHDL file "C:\Users\Ryan\OneDrive - UNSW\Documents\2017 Semester 2\COMP3601 - Desgin Project A\Git Repositry\ISE Projects\music_player_v6\main.vhd" into library work
Parsing entity <music_player_v6>.
Parsing architecture <behavioral> of entity <music_player_v6>.

=========================================================================
*                            HDL Elaboration                            *
=========================================================================

Elaborating entity <music_player_v6> (architecture <behavioral>) from library <work>.

Elaborating entity <note_length_counter> (architecture <Behavioral>) from library <work>.

Elaborating entity <note_player> (architecture <Behavioral>) from library <work>.

=========================================================================
*                           HDL Synthesis                               *
=========================================================================

Synthesizing Unit <music_player_v6>.
    Related source file is "C:\Users\Ryan\OneDrive - UNSW\Documents\2017 Semester 2\COMP3601 - Desgin Project A\Git Repositry\ISE Projects\music_player_v6\main.vhd".
WARNING:Xst:37 - Detected unknown constraint/property " package_net". This constraint/property is not supported by the current software release and will be ignored.
WARNING:Xst:37 - Detected unknown constraint/property " package_net". This constraint/property is not supported by the current software release and will be ignored.
WARNING:Xst:2999 - Signal 'music_pitch_array', unconnected in block 'music_player_v6', is tied to its initial value.
WARNING:Xst:2999 - Signal 'music_length_array', unconnected in block 'music_player_v6', is tied to its initial value.
    Found 64x8-bit single-port Read Only RAM <Mram_music_pitch_array> for signal <music_pitch_array>.
    Found 64x8-bit single-port Read Only RAM <Mram_music_length_array> for signal <music_length_array>.
    Found 8-bit register for signal <music_pitch_array_value>.
    Found 7-bit register for signal <note_length_in_twelfths>.
    Found 6-bit register for signal <music_index>.
    Found 3-bit adder for signal <n0042> created at line 55.
    Found 6-bit adder for signal <music_index[5]_GND_5_o_add_4_OUT> created at line 68.
    Found 20x3-bit multiplier for signal <n0027> created at line 55.
    Summary:
	inferred   2 RAM(s).
	inferred   1 Multiplier(s).
	inferred   2 Adder/Subtractor(s).
	inferred  21 D-type flip-flop(s).
	inferred   1 Multiplexer(s).
Unit <music_player_v6> synthesized.

Synthesizing Unit <note_length_counter>.
    Related source file is "C:\Users\Ryan\OneDrive - UNSW\Documents\2017 Semester 2\COMP3601 - Desgin Project A\Git Repositry\ISE Projects\music_player_v6\note_length_counter.vhd".
    Found 1-bit register for signal <is_new_note>.
    Found 1-bit register for signal <is_mute>.
    Found 28-bit register for signal <note_length_partial>.
    Found 29-bit subtractor for signal <GND_6_o_GND_6_o_sub_8_OUT> created at line 52.
    Found 28-bit adder for signal <n0048[27:0]> created at line 33.
    Found 29-bit adder for signal <n0039> created at line 33.
    Found 28-bit adder for signal <note_length_partial[27]_GND_6_o_add_9_OUT> created at line 55.
    Found 22x7-bit multiplier for signal <n0026> created at line 29.
    Found 28-bit comparator equal for signal <articulation_cc[27]_note_length_partial[27]_equal_7_o> created at line 46
    Found 29-bit comparator greater for signal <n0014> created at line 52
    Summary:
	inferred   1 Multiplier(s).
	inferred   4 Adder/Subtractor(s).
	inferred  30 D-type flip-flop(s).
	inferred   2 Comparator(s).
	inferred   2 Multiplexer(s).
Unit <note_length_counter> synthesized.

Synthesizing Unit <note_player>.
    Related source file is "C:\Users\Ryan\OneDrive - UNSW\Documents\2017 Semester 2\COMP3601 - Desgin Project A\Git Repositry\ISE Projects\music_player_v6\note_player.vhd".
    Found 8-bit register for signal <index>.
    Found 1-bit register for signal <down>.
    Found 9-bit register for signal <duty_cc>.
    Found 11-bit register for signal <base_index>.
    Found 9-bit register for signal <prev_duty_cc>.
    Found 1-bit register for signal <pwm_pulse>.
    Found 9-bit register for signal <sin_table_array_value>.
    Found 1-bit register for signal <note_pulse>.
    Found 9-bit register for signal <sample_rate_partial>.
    Found 8-bit adder for signal <index[7]_GND_8_o_add_2_OUT> created at line 47.
    Found 12-bit adder for signal <n0074> created at line 48.
    Found 9-bit adder for signal <sin_table_array_value[8]_GND_8_o_add_20_OUT> created at line 70.
    Found 9-bit adder for signal <sample_rate_partial[8]_GND_8_o_add_28_OUT> created at line 83.
    Found 9-bit subtractor for signal <GND_8_o_GND_8_o_sub_17_OUT<8:0>> created at line 65.
    Found 9-bit subtractor for signal <GND_8_o_GND_8_o_sub_23_OUT<8:0>> created at line 74.
    Found 8x4-bit multiplier for signal <n0114> created at line 48.
    Found 16x11-bit Read Only RAM for signal <note[3]_X_7_o_wide_mux_8_OUT>
    Found 2048x9-bit Read Only RAM for signal <n0110>
    Found 9-bit 4-to-1 multiplexer for signal <GND_8_o_sin_table_array_value[8]_mux_25_OUT> created at line 67.
    Found 9-bit comparator greater for signal <sin_table_array_value[8]_prev_duty_cc[8]_LessThan_7_o> created at line 50
    Found 9-bit comparator equal for signal <duty_cc[8]_sample_rate_partial[8]_equal_28_o> created at line 80
    Summary:
	inferred   2 RAM(s).
	inferred   1 Multiplier(s).
	inferred   6 Adder/Subtractor(s).
	inferred  58 D-type flip-flop(s).
	inferred   2 Comparator(s).
	inferred  13 Multiplexer(s).
Unit <note_player> synthesized.

=========================================================================
HDL Synthesis Report

Macro Statistics
# RAMs                                                 : 4
 16x11-bit single-port Read Only RAM                   : 1
 2048x9-bit single-port Read Only RAM                  : 1
 64x8-bit single-port Read Only RAM                    : 2
# Multipliers                                          : 3
 20x3-bit multiplier                                   : 1
 22x7-bit multiplier                                   : 1
 8x4-bit multiplier                                    : 1
# Adders/Subtractors                                   : 12
 12-bit adder                                          : 1
 28-bit adder                                          : 2
 29-bit adder                                          : 1
 29-bit subtractor                                     : 1
 3-bit adder                                           : 1
 6-bit adder                                           : 1
 8-bit adder                                           : 1
 9-bit adder                                           : 2
 9-bit subtractor                                      : 2
# Registers                                            : 15
 1-bit register                                        : 5
 11-bit register                                       : 1
 28-bit register                                       : 1
 6-bit register                                        : 1
 7-bit register                                        : 1
 8-bit register                                        : 2
 9-bit register                                        : 4
# Comparators                                          : 4
 28-bit comparator equal                               : 1
 29-bit comparator greater                             : 1
 9-bit comparator equal                                : 1
 9-bit comparator greater                              : 1
# Multiplexers                                         : 16
 1-bit 2-to-1 multiplexer                              : 8
 29-bit 2-to-1 multiplexer                             : 2
 6-bit 2-to-1 multiplexer                              : 1
 9-bit 2-to-1 multiplexer                              : 4
 9-bit 4-to-1 multiplexer                              : 1

=========================================================================

=========================================================================
*                       Advanced HDL Synthesis                          *
=========================================================================

WARNING:Xst:2677 - Node <music_pitch_array_value_6> of sequential type is unconnected in block <music_player_v6>.
WARNING:Xst:2677 - Node <music_pitch_array_value_7> of sequential type is unconnected in block <music_player_v6>.

Synthesizing (advanced) Unit <music_player_v6>.
The following registers are absorbed into counter <music_index>: 1 register on signal <music_index>.
INFO:Xst:3231 - The small RAM <Mram_music_pitch_array> will be implemented on LUTs in order to maximize performance and save block RAM resources. If you want to force its implementation on block, use option/constraint ram_style.
    -----------------------------------------------------------------------
    | ram_type           | Distributed                         |          |
    -----------------------------------------------------------------------
    | Port A                                                              |
    |     aspect ratio   | 64-word x 8-bit                     |          |
    |     weA            | connected to signal <GND>           | high     |
    |     addrA          | connected to signal <music_index[5]_GND_5_o_mux_5_OUT> |          |
    |     diA            | connected to signal <GND>           |          |
    |     doA            | connected to internal node          |          |
    -----------------------------------------------------------------------
INFO:Xst:3231 - The small RAM <Mram_music_length_array> will be implemented on LUTs in order to maximize performance and save block RAM resources. If you want to force its implementation on block, use option/constraint ram_style.
    -----------------------------------------------------------------------
    | ram_type           | Distributed                         |          |
    -----------------------------------------------------------------------
    | Port A                                                              |
    |     aspect ratio   | 64-word x 8-bit                     |          |
    |     weA            | connected to signal <GND>           | high     |
    |     addrA          | connected to signal <music_index[5]_GND_5_o_mux_5_OUT> |          |
    |     diA            | connected to signal <GND>           |          |
    |     doA            | connected to internal node          |          |
    -----------------------------------------------------------------------
Unit <music_player_v6> synthesized (advanced).

Synthesizing (advanced) Unit <note_length_counter>.
The following registers are absorbed into counter <note_length_partial>: 1 register on signal <note_length_partial>.
Unit <note_length_counter> synthesized (advanced).

Synthesizing (advanced) Unit <note_player>.
The following registers are absorbed into counter <index>: 1 register on signal <index>.
The following registers are absorbed into counter <sample_rate_partial>: 1 register on signal <sample_rate_partial>.
INFO:Xst:3226 - The RAM <Mram_n0110> will be implemented as a BLOCK RAM, absorbing the following register(s): <sin_table_array_value>
    -----------------------------------------------------------------------
    | ram_type           | Block                               |          |
    -----------------------------------------------------------------------
    | Port A                                                              |
    |     aspect ratio   | 2048-word x 9-bit                   |          |
    |     mode           | write-first                         |          |
    |     clkA           | connected to signal <clk>           | rise     |
    |     enA            | connected to internal node          | low      |
    |     weA            | connected to signal <GND>           | high     |
    |     addrA          | connected to signal <n0074>         |          |
    |     diA            | connected to signal <GND>           |          |
    |     doA            | connected to signal <sin_table_array_value> |          |
    -----------------------------------------------------------------------
    | optimization       | speed                               |          |
    -----------------------------------------------------------------------
INFO:Xst:3231 - The small RAM <Mram_note[3]_X_7_o_wide_mux_8_OUT> will be implemented on LUTs in order to maximize performance and save block RAM resources. If you want to force its implementation on block, use option/constraint ram_style.
    -----------------------------------------------------------------------
    | ram_type           | Distributed                         |          |
    -----------------------------------------------------------------------
    | Port A                                                              |
    |     aspect ratio   | 16-word x 11-bit                    |          |
    |     weA            | connected to signal <GND>           | high     |
    |     addrA          | connected to signal <note>          |          |
    |     diA            | connected to signal <GND>           |          |
    |     doA            | connected to internal node          |          |
    -----------------------------------------------------------------------
Unit <note_player> synthesized (advanced).
WARNING:Xst:2677 - Node <music_pitch_array_value_6> of sequential type is unconnected in block <music_player_v6>.
WARNING:Xst:2677 - Node <music_pitch_array_value_7> of sequential type is unconnected in block <music_player_v6>.

=========================================================================
Advanced HDL Synthesis Report

Macro Statistics
# RAMs                                                 : 4
 16x11-bit single-port distributed Read Only RAM       : 1
 2048x9-bit single-port block Read Only RAM            : 1
 64x8-bit single-port distributed Read Only RAM        : 2
# Multipliers                                          : 3
 20x3-bit multiplier                                   : 1
 22x7-bit multiplier                                   : 1
 8x4-bit multiplier                                    : 1
# Adders/Subtractors                                   : 10
 11-bit adder                                          : 1
 28-bit adder                                          : 1
 29-bit adder                                          : 1
 29-bit subtractor                                     : 1
 3-bit adder                                           : 1
 6-bit adder                                           : 1
 8-bit adder                                           : 1
 9-bit adder                                           : 1
 9-bit subtractor                                      : 2
# Counters                                             : 4
 28-bit up counter                                     : 1
 6-bit up counter                                      : 1
 8-bit up counter                                      : 1
 9-bit up counter                                      : 1
# Registers                                            : 47
 Flip-Flops                                            : 47
# Comparators                                          : 4
 28-bit comparator equal                               : 1
 29-bit comparator greater                             : 1
 9-bit comparator equal                                : 1
 9-bit comparator greater                              : 1
# Multiplexers                                         : 16
 1-bit 2-to-1 multiplexer                              : 8
 29-bit 2-to-1 multiplexer                             : 2
 6-bit 2-to-1 multiplexer                              : 1
 9-bit 2-to-1 multiplexer                              : 4
 9-bit 4-to-1 multiplexer                              : 1

=========================================================================

=========================================================================
*                         Low Level Synthesis                           *
=========================================================================
WARNING:Xst:1710 - FF/Latch <note_length_in_twelfths_0> (without init value) has a constant value of 0 in block <music_player_v6>. This FF/Latch will be trimmed during the optimization process.
WARNING:Xst:1895 - Due to other FF/Latch trimming, FF/Latch <note_length_in_twelfths_1> (without init value) has a constant value of 0 in block <music_player_v6>. This FF/Latch will be trimmed during the optimization process.
WARNING:Xst:1895 - Due to other FF/Latch trimming, FF/Latch <note_length_in_twelfths_2> (without init value) has a constant value of 1 in block <music_player_v6>. This FF/Latch will be trimmed during the optimization process.
WARNING:Xst:1895 - Due to other FF/Latch trimming, FF/Latch <note_length_in_twelfths_3> (without init value) has a constant value of 1 in block <music_player_v6>. This FF/Latch will be trimmed during the optimization process.
WARNING:Xst:1895 - Due to other FF/Latch trimming, FF/Latch <note_length_in_twelfths_4> (without init value) has a constant value of 0 in block <music_player_v6>. This FF/Latch will be trimmed during the optimization process.
WARNING:Xst:1895 - Due to other FF/Latch trimming, FF/Latch <note_length_in_twelfths_5> (without init value) has a constant value of 0 in block <music_player_v6>. This FF/Latch will be trimmed during the optimization process.
WARNING:Xst:1895 - Due to other FF/Latch trimming, FF/Latch <note_length_in_twelfths_6> (without init value) has a constant value of 0 in block <music_player_v6>. This FF/Latch will be trimmed during the optimization process.

Optimizing unit <music_player_v6> ...

Optimizing unit <note_length_counter> ...

Optimizing unit <note_player> ...

Mapping all equations...
Building and optimizing final netlist ...
Found area constraint ratio of 100 (+ 5) on block music_player_v6, actual ratio is 6.

Final Macro Processing ...

=========================================================================
Final Register Report

Macro Statistics
# Registers                                            : 91
 Flip-Flops                                            : 91

=========================================================================

=========================================================================
*                           Partition Report                            *
=========================================================================

Partition Implementation Status
-------------------------------

  No Partitions were found in this design.

-------------------------------

=========================================================================
*                            Design Summary                             *
=========================================================================

Top Level Output File Name         : music_player_v6.ngc

Primitive and Black Box Usage:
------------------------------
# BELS                             : 859
#      GND                         : 2
#      INV                         : 35
#      LUT1                        : 50
#      LUT2                        : 148
#      LUT2_L                      : 2
#      LUT3                        : 35
#      LUT3_D                      : 2
#      LUT4                        : 143
#      LUT4_D                      : 4
#      LUT4_L                      : 2
#      MUXCY                       : 226
#      MUXF5                       : 39
#      MUXF6                       : 1
#      VCC                         : 1
#      XORCY                       : 169
# FlipFlops/Latches                : 91
#      FDE                         : 1
#      FDR                         : 40
#      FDRE                        : 38
#      FDRSE                       : 2
#      FDSE                        : 10
# RAMS                             : 1
#      RAMB16                      : 1
# Clock Buffers                    : 1
#      BUFGP                       : 1
# IO Buffers                       : 18
#      IBUF                        : 9
#      OBUF                        : 9
# MULTs                            : 4
#      MULT18X18                   : 4

Device utilization summary:
---------------------------

Selected Device : 3s400ft256-4 

 Number of Slices:                      245  out of   3584     6%  
 Number of Slice Flip Flops:             91  out of   7168     1%  
 Number of 4 input LUTs:                421  out of   7168     5%  
 Number of IOs:                          19
 Number of bonded IOBs:                  19  out of    173    10%  
 Number of BRAMs:                         1  out of     16     6%  
 Number of MULT18X18s:                    4  out of     16    25%  
 Number of GCLKs:                         1  out of      8    12%  

---------------------------
Partition Resource Summary:
---------------------------

  No Partitions were found in this design.

---------------------------


=========================================================================
Timing Report

NOTE: THESE TIMING NUMBERS ARE ONLY A SYNTHESIS ESTIMATE.
      FOR ACCURATE TIMING INFORMATION PLEASE REFER TO THE TRACE REPORT
      GENERATED AFTER PLACE-and-ROUTE.

Clock Information:
------------------
-----------------------------------+------------------------+-------+
Clock Signal                       | Clock buffer(FF name)  | Load  |
-----------------------------------+------------------------+-------+
clk                                | BUFGP                  | 92    |
-----------------------------------+------------------------+-------+

Asynchronous Control Signals Information:
----------------------------------------
No asynchronous control signals found in this design

Timing Summary:
---------------
Speed Grade: -4

   Minimum period: 15.532ns (Maximum Frequency: 64.381MHz)
   Minimum input arrival time before clock: 29.333ns
   Maximum output required time after clock: 7.165ns
   Maximum combinational path delay: 8.450ns

Timing Details:
---------------
All values displayed in nanoseconds (ns)

=========================================================================
Timing constraint: Default period analysis for Clock 'clk'
  Clock period: 15.532ns (frequency: 64.381MHz)
  Total number of paths / destination ports: 27721 / 215
-------------------------------------------------------------------------
Delay:               15.532ns (Levels of Logic = 25)
  Source:            x_note_player/prev_duty_cc_0 (FF)
  Destination:       x_note_player/note_pulse (FF)
  Source Clock:      clk rising
  Destination Clock: clk rising

  Data Path: x_note_player/prev_duty_cc_0 to x_note_player/note_pulse
                                Gate     Net
    Cell:in->out      fanout   Delay   Delay  Logical Name (Net Name)
    ----------------------------------------  ------------
     FDSE:C->Q             1   0.720   0.996  x_note_player/prev_duty_cc_0 (x_note_player/prev_duty_cc_0)
     LUT2:I1->O            1   0.551   0.000  x_note_player/Mcompar_sin_table_array_value[8]_prev_duty_cc[8]_LessThan_7_o_lut<0> (x_note_player/Mcompar_sin_table_array_value[8]_prev_duty_cc[8]_LessThan_7_o_lut<0>)
     MUXCY:S->O            1   0.500   0.000  x_note_player/Mcompar_sin_table_array_value[8]_prev_duty_cc[8]_LessThan_7_o_cy<0> (x_note_player/Mcompar_sin_table_array_value[8]_prev_duty_cc[8]_LessThan_7_o_cy<0>)
     MUXCY:CI->O           1   0.064   0.000  x_note_player/Mcompar_sin_table_array_value[8]_prev_duty_cc[8]_LessThan_7_o_cy<1> (x_note_player/Mcompar_sin_table_array_value[8]_prev_duty_cc[8]_LessThan_7_o_cy<1>)
     MUXCY:CI->O           1   0.064   0.000  x_note_player/Mcompar_sin_table_array_value[8]_prev_duty_cc[8]_LessThan_7_o_cy<2> (x_note_player/Mcompar_sin_table_array_value[8]_prev_duty_cc[8]_LessThan_7_o_cy<2>)
     MUXCY:CI->O           1   0.064   0.000  x_note_player/Mcompar_sin_table_array_value[8]_prev_duty_cc[8]_LessThan_7_o_cy<3> (x_note_player/Mcompar_sin_table_array_value[8]_prev_duty_cc[8]_LessThan_7_o_cy<3>)
     MUXCY:CI->O           1   0.064   0.000  x_note_player/Mcompar_sin_table_array_value[8]_prev_duty_cc[8]_LessThan_7_o_cy<4> (x_note_player/Mcompar_sin_table_array_value[8]_prev_duty_cc[8]_LessThan_7_o_cy<4>)
     MUXCY:CI->O           1   0.064   0.000  x_note_player/Mcompar_sin_table_array_value[8]_prev_duty_cc[8]_LessThan_7_o_cy<5> (x_note_player/Mcompar_sin_table_array_value[8]_prev_duty_cc[8]_LessThan_7_o_cy<5>)
     MUXCY:CI->O           1   0.064   0.000  x_note_player/Mcompar_sin_table_array_value[8]_prev_duty_cc[8]_LessThan_7_o_cy<6> (x_note_player/Mcompar_sin_table_array_value[8]_prev_duty_cc[8]_LessThan_7_o_cy<6>)
     MUXCY:CI->O           1   0.064   0.000  x_note_player/Mcompar_sin_table_array_value[8]_prev_duty_cc[8]_LessThan_7_o_cy<7> (x_note_player/Mcompar_sin_table_array_value[8]_prev_duty_cc[8]_LessThan_7_o_cy<7>)
     MUXCY:CI->O          27   0.064   1.850  x_note_player/Mcompar_sin_table_array_value[8]_prev_duty_cc[8]_LessThan_7_o_cy<8> (x_note_player/Mcompar_sin_table_array_value[8]_prev_duty_cc[8]_LessThan_7_o_cy<8>)
     LUT4:I3->O            3   0.551   1.246  x_note_player/Mmux_n011611 (x_note_player/n0116<0>)
     LUT2:I0->O            1   0.551   0.000  x_note_player/Madd_sin_table_array_value[8]_GND_8_o_add_20_OUT_lut<0> (x_note_player/Madd_sin_table_array_value[8]_GND_8_o_add_20_OUT_lut<0>)
     MUXCY:S->O            1   0.500   0.000  x_note_player/Madd_sin_table_array_value[8]_GND_8_o_add_20_OUT_cy<0> (x_note_player/Madd_sin_table_array_value[8]_GND_8_o_add_20_OUT_cy<0>)
     MUXCY:CI->O           1   0.064   0.000  x_note_player/Madd_sin_table_array_value[8]_GND_8_o_add_20_OUT_cy<1> (x_note_player/Madd_sin_table_array_value[8]_GND_8_o_add_20_OUT_cy<1>)
     MUXCY:CI->O           1   0.064   0.000  x_note_player/Madd_sin_table_array_value[8]_GND_8_o_add_20_OUT_cy<2> (x_note_player/Madd_sin_table_array_value[8]_GND_8_o_add_20_OUT_cy<2>)
     MUXCY:CI->O           1   0.064   0.000  x_note_player/Madd_sin_table_array_value[8]_GND_8_o_add_20_OUT_cy<3> (x_note_player/Madd_sin_table_array_value[8]_GND_8_o_add_20_OUT_cy<3>)
     MUXCY:CI->O           1   0.064   0.000  x_note_player/Madd_sin_table_array_value[8]_GND_8_o_add_20_OUT_cy<4> (x_note_player/Madd_sin_table_array_value[8]_GND_8_o_add_20_OUT_cy<4>)
     MUXCY:CI->O           1   0.064   0.000  x_note_player/Madd_sin_table_array_value[8]_GND_8_o_add_20_OUT_cy<5> (x_note_player/Madd_sin_table_array_value[8]_GND_8_o_add_20_OUT_cy<5>)
     MUXCY:CI->O           1   0.064   0.000  x_note_player/Madd_sin_table_array_value[8]_GND_8_o_add_20_OUT_cy<6> (x_note_player/Madd_sin_table_array_value[8]_GND_8_o_add_20_OUT_cy<6>)
     XORCY:CI->O           1   0.904   0.869  x_note_player/Madd_sin_table_array_value[8]_GND_8_o_add_20_OUT_xor<7> (x_note_player/sin_table_array_value[8]_GND_8_o_add_20_OUT<7>)
     LUT3:I2->O            1   0.551   0.000  x_note_player/Mmux_GND_8_o_sin_table_array_value[8]_mux_25_OUT_2_f5_5_F (N190)
     MUXF5:I0->O           3   0.360   0.933  x_note_player/Mmux_GND_8_o_sin_table_array_value[8]_mux_25_OUT_2_f5_5 (x_note_player/GND_8_o_sin_table_array_value[8]_mux_25_OUT<7>)
     LUT4:I3->O            1   0.551   0.801  x_note_player/Mmux_pwm_pulse_down_MUX_2200_o1313_SW2_F_SW0 (N198)
     MUXF5:S->O            1   0.621   0.827  x_note_player/Mmux_pwm_pulse_down_MUX_2200_o1313_SW2 (N168)
     LUT4:I3->O            1   0.551   0.000  x_note_player/Mmux_pwm_pulse_down_MUX_2200_o116 (x_note_player/Mmux_pwm_pulse_down_MUX_2200_o116)
     FDE:D                     0.203          x_note_player/note_pulse
    ----------------------------------------
    Total                     15.532ns (8.010ns logic, 7.522ns route)
                                       (51.6% logic, 48.4% route)

=========================================================================
Timing constraint: Default OFFSET IN BEFORE for Clock 'clk'
  Total number of paths / destination ports: 3559391 / 101
-------------------------------------------------------------------------
Offset:              29.333ns (Levels of Logic = 18)
  Source:            sw<0> (PAD)
  Destination:       x_note_length_counter/is_mute (FF)
  Destination Clock: clk rising

  Data Path: sw<0> to x_note_length_counter/is_mute
                                Gate     Net
    Cell:in->out      fanout   Delay   Delay  Logical Name (Net Name)
    ----------------------------------------  ------------
     IBUF:I->O             7   0.821   1.405  sw_0_IBUF (Madd_n0042_cy<0>)
     LUT2:I0->O            1   0.551   0.801  Mmult_n0027_Madd_lut<20>1 (Mmult_n0027_Madd_lut<20>)
     MULT18X18:B1->P19     3   4.001   1.102  Mmult_n0027_submult_0 (Mmult_n0027_submult_0_19)
     LUT2:I1->O            1   0.551   0.801  Mmult_n0027_Madd_lut<19>11 (Mmult_n0027_Madd_lut<19>)
     MULT18X18:A2->P7      1   2.636   1.140  x_note_length_counter/Mmult_n0026_submult_1 (x_note_length_counter/Mmult_n0026_submult_1_7)
     LUT1:I0->O            1   0.551   0.000  x_note_length_counter/Mmult_n0026_Madd_cy<24>_rt (x_note_length_counter/Mmult_n0026_Madd_cy<24>_rt)
     MUXCY:S->O            1   0.500   0.000  x_note_length_counter/Mmult_n0026_Madd_cy<24> (x_note_length_counter/Mmult_n0026_Madd_cy<24>)
     XORCY:CI->O           8   0.904   1.422  x_note_length_counter/Mmult_n0026_Madd_xor<25> (x_note_length_counter/n0026<25>)
     LUT2:I0->O            1   0.551   0.000  x_note_length_counter/Madd_n0048[27:0]_lut<24> (x_note_length_counter/Madd_n0048[27:0]_lut<24>)
     MUXCY:S->O            1   0.500   0.000  x_note_length_counter/Madd_n0048[27:0]_cy<24> (x_note_length_counter/Madd_n0048[27:0]_cy<24>)
     XORCY:CI->O           1   0.904   1.140  x_note_length_counter/Madd_n0048[27:0]_xor<25> (x_note_length_counter/n0048[27:0]<25>)
     LUT1:I0->O            1   0.551   0.000  x_note_length_counter/Madd_n0039_cy<25>_rt (x_note_length_counter/Madd_n0039_cy<25>_rt)
     MUXCY:S->O            1   0.500   0.000  x_note_length_counter/Madd_n0039_cy<25> (x_note_length_counter/Madd_n0039_cy<25>)
     XORCY:CI->O           1   0.904   0.869  x_note_length_counter/Madd_n0039_xor<26> (x_note_length_counter/n0039<26>)
     LUT4:I2->O            1   0.551   1.140  x_note_length_counter/Mmux_n0028191 (x_note_length_counter/n0028<26>)
     LUT4:I0->O            1   0.551   0.000  x_note_length_counter/Mcompar_articulation_cc[27]_note_length_partial[27]_equal_7_o_lut<13> (x_note_length_counter/Mcompar_articulation_cc[27]_note_length_partial[27]_equal_7_o_lut<13>)
     MUXCY:S->O            1   0.739   0.869  x_note_length_counter/Mcompar_articulation_cc[27]_note_length_partial[27]_equal_7_o_cy<13> (x_note_length_counter/Mcompar_articulation_cc[27]_note_length_partial[27]_equal_7_o_cy<13>1)
     LUT3:I2->O            1   0.551   0.801  x_note_length_counter/_n00851 (x_note_length_counter/_n0085)
     FDRSE:S                   1.026          x_note_length_counter/is_mute
    ----------------------------------------
    Total                     29.333ns (17.843ns logic, 11.490ns route)
                                       (60.8% logic, 39.2% route)

=========================================================================
Timing constraint: Default OFFSET OUT AFTER for Clock 'clk'
  Total number of paths / destination ports: 1 / 1
-------------------------------------------------------------------------
Offset:              7.165ns (Levels of Logic = 1)
  Source:            x_note_player/note_pulse (FF)
  Destination:       s (PAD)
  Source Clock:      clk rising

  Data Path: x_note_player/note_pulse to s
                                Gate     Net
    Cell:in->out      fanout   Delay   Delay  Logical Name (Net Name)
    ----------------------------------------  ------------
     FDE:C->Q              1   0.720   0.801  x_note_player/note_pulse (x_note_player/note_pulse)
     OBUF:I->O                 5.644          s_OBUF (s)
    ----------------------------------------
    Total                      7.165ns (6.364ns logic, 0.801ns route)
                                       (88.8% logic, 11.2% route)

=========================================================================
Timing constraint: Default path analysis
  Total number of paths / destination ports: 8 / 8
-------------------------------------------------------------------------
Delay:               8.450ns (Levels of Logic = 2)
  Source:            sw<6> (PAD)
  Destination:       led<6> (PAD)

  Data Path: sw<6> to led<6>
                                Gate     Net
    Cell:in->out      fanout   Delay   Delay  Logical Name (Net Name)
    ----------------------------------------  ------------
     IBUF:I->O            55   0.821   1.985  sw_6_IBUF (led_6_OBUF)
     OBUF:I->O                 5.644          led_6_OBUF (led<6>)
    ----------------------------------------
    Total                      8.450ns (6.465ns logic, 1.985ns route)
                                       (76.5% logic, 23.5% route)

=========================================================================

Cross Clock Domains Report:
--------------------------

Clock to Setup on destination clock clk
---------------+---------+---------+---------+---------+
               | Src:Rise| Src:Fall| Src:Rise| Src:Fall|
Source Clock   |Dest:Rise|Dest:Rise|Dest:Fall|Dest:Fall|
---------------+---------+---------+---------+---------+
clk            |   15.532|         |         |         |
---------------+---------+---------+---------+---------+

=========================================================================


Total REAL time to Xst completion: 9.00 secs
Total CPU time to Xst completion: 8.78 secs
 
WARNING:Xst:3152 - You have chosen to run a version of XST which is not the default solution
   for the specified device family. You are free to use it in order to take
   advantage of its enhanced HDL parsing/elaboration capabilities. However,
   please be aware that you may be impacted by  language support differences.
   This version may also result in circuit performance and device utilization
   differences for your particular design. You can always revert back to the
   default XST solution by setting the "use_new_parser" option to value "no" 
   on the XST command line or in the XST process properties panel.
--> 

Total memory usage is 228312 kilobytes

Number of errors   :    0 (   0 filtered)
Number of warnings :   18 (   0 filtered)
Number of infos    :    4 (   0 filtered)

