Release 14.7 - xst P.20131013 (nt)
Copyright (c) 1995-2013 Xilinx, Inc.  All rights reserved.
--> Parameter TMPDIR set to xst/projnav.tmp


Total REAL time to Xst completion: 0.00 secs
Total CPU time to Xst completion: 0.13 secs
 
--> Parameter xsthdpdir set to xst


Total REAL time to Xst completion: 0.00 secs
Total CPU time to Xst completion: 0.13 secs
 
--> Reading design: flash_memory.prj

TABLE OF CONTENTS
  1) Synthesis Options Summary
  2) HDL Compilation
  3) Design Hierarchy Analysis
  4) HDL Analysis
  5) HDL Synthesis
     5.1) HDL Synthesis Report
  6) Advanced HDL Synthesis
     6.1) Advanced HDL Synthesis Report
  7) Low Level Synthesis
  8) Partition Report
  9) Final Report
	9.1) Device utilization summary
	9.2) Partition Resource Summary
	9.3) TIMING REPORT


=========================================================================
*                      Synthesis Options Summary                        *
=========================================================================
---- Source Parameters
Input File Name                    : "flash_memory.prj"
Input Format                       : mixed
Ignore Synthesis Constraint File   : NO

---- Target Parameters
Output File Name                   : "flash_memory"
Output Format                      : NGC
Target Device                      : xc3s400-4-ft256

---- Source Options
Top Module Name                    : flash_memory
Automatic FSM Extraction           : YES
FSM Encoding Algorithm             : Auto
Safe Implementation                : No
FSM Style                          : LUT
RAM Extraction                     : Yes
RAM Style                          : Auto
ROM Extraction                     : Yes
Mux Style                          : Auto
Decoder Extraction                 : YES
Priority Encoder Extraction        : Yes
Shift Register Extraction          : YES
Logical Shifter Extraction         : YES
XOR Collapsing                     : YES
ROM Style                          : Auto
Mux Extraction                     : Yes
Resource Sharing                   : YES
Asynchronous To Synchronous        : NO
Multiplier Style                   : Auto
Automatic Register Balancing       : No

---- Target Options
Add IO Buffers                     : YES
Global Maximum Fanout              : 500
Add Generic Clock Buffer(BUFG)     : 8
Register Duplication               : YES
Slice Packing                      : YES
Optimize Instantiated Primitives   : NO
Use Clock Enable                   : Yes
Use Synchronous Set                : Yes
Use Synchronous Reset              : Yes
Pack IO Registers into IOBs        : Auto
Equivalent register Removal        : YES

---- General Options
Optimization Goal                  : Speed
Optimization Effort                : 1
Keep Hierarchy                     : No
Netlist Hierarchy                  : As_Optimized
RTL Output                         : Yes
Global Optimization                : AllClockNets
Read Cores                         : YES
Write Timing Constraints           : NO
Cross Clock Analysis               : NO
Hierarchy Separator                : /
Bus Delimiter                      : <>
Case Specifier                     : Maintain
Slice Utilization Ratio            : 100
BRAM Utilization Ratio             : 100
Verilog 2001                       : YES
Auto BRAM Packing                  : NO
Slice Utilization Ratio Delta      : 5

=========================================================================


=========================================================================
*                          HDL Compilation                              *
=========================================================================
Compiling vhdl file "//vmware-host/shared folders/Desktop/fpga_connection/flash_memory_fuck/flash_memory.vhd" in Library work.
Entity <flash_memory> compiled.
Entity <flash_memory> (Architecture <behavioral>) compiled.

=========================================================================
*                     Design Hierarchy Analysis                         *
=========================================================================
Analyzing hierarchy for entity <flash_memory> in library <work> (architecture <behavioral>).


=========================================================================
*                            HDL Analysis                               *
=========================================================================
Analyzing Entity <flash_memory> in library <work> (Architecture <behavioral>).
INFO:Xst:2679 - Register <addr> in unit <flash_memory> has a constant value of 0000000000000000000001 during circuit operation. The register is replaced by logic.
INFO:Xst:2679 - Register <debug> in unit <flash_memory> has a constant value of 11111111 during circuit operation. The register is replaced by logic.
Entity <flash_memory> analyzed. Unit <flash_memory> generated.


=========================================================================
*                           HDL Synthesis                               *
=========================================================================

Performing bidirectional port resolution...

Synthesizing Unit <flash_memory>.
    Related source file is "//vmware-host/shared folders/Desktop/fpga_connection/flash_memory_fuck/flash_memory.vhd".
WARNING:Xst:646 - Signal <debug> is assigned but never used. This unconnected signal will be trimmed during the optimization process.
INFO:Xst:1799 - State write_rst_state is never reached in FSM <current_state>.
INFO:Xst:1799 - State read_rst_state is never reached in FSM <current_state>.
INFO:Xst:1799 - State read_delay_state_extend is never reached in FSM <current_state>.
INFO:Xst:1799 - State wait_state is never reached in FSM <current_state>.
    Found finite state machine <FSM_0> for signal <current_state>.
    -----------------------------------------------------------------------
    | States             | 8                                              |
    | Transitions        | 11                                             |
    | Inputs             | 2                                              |
    | Outputs            | 31                                             |
    | Clock              | clk                       (rising_edge)        |
    | Power Up State     | rst_state                                      |
    | Encoding           | automatic                                      |
    | Implementation     | LUT                                            |
    -----------------------------------------------------------------------
    Found 16-bit tristate buffer for signal <data>.
    Found 1-bit register for signal <OE>.
    Found 1-bit register for signal <WE>.
    Found 1-bit register for signal <read_complete>.
    Found 1-bit register for signal <write_complete>.
    Found 32-bit register for signal <delay_counter>.
    Found 32-bit adder for signal <delay_counter$addsub0000>.
    Found 32-bit register for signal <delay_extend_counter>.
    Found 32-bit adder for signal <delay_extend_counter$share0000> created at line 114.
    Found 16-bit register for signal <Mtridata_data> created at line 121.
    Found 1-bit register for signal <Mtrien_data> created at line 121.
    Found 16-bit register for signal <read_data_sig>.
    Summary:
	inferred   1 Finite State Machine(s).
	inferred 101 D-type flip-flop(s).
	inferred   2 Adder/Subtractor(s).
	inferred  16 Tristate(s).
Unit <flash_memory> synthesized.

INFO:Xst:1767 - HDL ADVISOR - Resource sharing has identified that some arithmetic operations in this design can share the same physical resources for reduced device utilization. For improved clock frequency you may try to disable resource sharing.

=========================================================================
HDL Synthesis Report

Macro Statistics
# Adders/Subtractors                                   : 2
 32-bit adder                                          : 2
# Registers                                            : 9
 1-bit register                                        : 5
 16-bit register                                       : 2
 32-bit register                                       : 2
# Tristates                                            : 1
 16-bit tristate buffer                                : 1

=========================================================================

=========================================================================
*                       Advanced HDL Synthesis                          *
=========================================================================

Analyzing FSM <FSM_0> for best encoding.
Optimizing FSM <current_state/FSM> on signal <current_state[1:8]> with one-hot encoding.
--------------------------------------
 State                    | Encoding
--------------------------------------
 rst_state                | 00000001
 write_rst_state          | unreached
 write_state              | 00000010
 write_delay_state        | 00000100
 write_delay_extend_state | 00001000
 write_complete_state     | 00010000
 read_rst_state           | unreached
 read_state               | 00100000
 read_delay_state         | 01000000
 read_delay_state_extend  | unreached
 read_complete_state      | 10000000
 wait_state               | unreached
--------------------------------------
WARNING:Xst:1426 - The value init of the FF/Latch FFd8 hinder the constant cleaning in the block FSM.
   You should achieve better results by setting this init to 0.
WARNING:Xst:1710 - FF/Latch <read_complete> (without init value) has a constant value of 0 in block <flash_memory>. This FF/Latch will be trimmed during the optimization process.
WARNING:Xst:1895 - Due to other FF/Latch trimming, FF/Latch <Mtridata_data_0> (without init value) has a constant value of 0 in block <flash_memory>. This FF/Latch will be trimmed during the optimization process.
WARNING:Xst:1895 - Due to other FF/Latch trimming, FF/Latch <Mtridata_data_1> (without init value) has a constant value of 0 in block <flash_memory>. This FF/Latch will be trimmed during the optimization process.
WARNING:Xst:1895 - Due to other FF/Latch trimming, FF/Latch <Mtridata_data_2> (without init value) has a constant value of 0 in block <flash_memory>. This FF/Latch will be trimmed during the optimization process.
WARNING:Xst:1895 - Due to other FF/Latch trimming, FF/Latch <Mtridata_data_3> (without init value) has a constant value of 0 in block <flash_memory>. This FF/Latch will be trimmed during the optimization process.
WARNING:Xst:1895 - Due to other FF/Latch trimming, FF/Latch <Mtridata_data_5> (without init value) has a constant value of 0 in block <flash_memory>. This FF/Latch will be trimmed during the optimization process.
WARNING:Xst:1895 - Due to other FF/Latch trimming, FF/Latch <Mtridata_data_6> (without init value) has a constant value of 0 in block <flash_memory>. This FF/Latch will be trimmed during the optimization process.
WARNING:Xst:1895 - Due to other FF/Latch trimming, FF/Latch <Mtridata_data_8> (without init value) has a constant value of 0 in block <flash_memory>. This FF/Latch will be trimmed during the optimization process.
WARNING:Xst:1895 - Due to other FF/Latch trimming, FF/Latch <Mtridata_data_9> (without init value) has a constant value of 0 in block <flash_memory>. This FF/Latch will be trimmed during the optimization process.
WARNING:Xst:1895 - Due to other FF/Latch trimming, FF/Latch <Mtridata_data_10> (without init value) has a constant value of 0 in block <flash_memory>. This FF/Latch will be trimmed during the optimization process.
WARNING:Xst:1895 - Due to other FF/Latch trimming, FF/Latch <Mtridata_data_11> (without init value) has a constant value of 0 in block <flash_memory>. This FF/Latch will be trimmed during the optimization process.
WARNING:Xst:1895 - Due to other FF/Latch trimming, FF/Latch <Mtridata_data_12> (without init value) has a constant value of 0 in block <flash_memory>. This FF/Latch will be trimmed during the optimization process.
WARNING:Xst:1895 - Due to other FF/Latch trimming, FF/Latch <Mtridata_data_13> (without init value) has a constant value of 0 in block <flash_memory>. This FF/Latch will be trimmed during the optimization process.
WARNING:Xst:1895 - Due to other FF/Latch trimming, FF/Latch <Mtridata_data_14> (without init value) has a constant value of 0 in block <flash_memory>. This FF/Latch will be trimmed during the optimization process.
WARNING:Xst:1895 - Due to other FF/Latch trimming, FF/Latch <Mtridata_data_15> (without init value) has a constant value of 0 in block <flash_memory>. This FF/Latch will be trimmed during the optimization process.
WARNING:Xst:638 - in unit flash_memory Conflict on KEEP property on signal Mtridata_data<0> and Mtridata_data<1> Mtridata_data<1> signal will be lost.
WARNING:Xst:638 - in unit flash_memory Conflict on KEEP property on signal Mtridata_data<0> and Mtridata_data<2> Mtridata_data<2> signal will be lost.
WARNING:Xst:638 - in unit flash_memory Conflict on KEEP property on signal Mtridata_data<0> and Mtridata_data<3> Mtridata_data<3> signal will be lost.
WARNING:Xst:638 - in unit flash_memory Conflict on KEEP property on signal Mtridata_data<0> and Mtridata_data<5> Mtridata_data<5> signal will be lost.
WARNING:Xst:638 - in unit flash_memory Conflict on KEEP property on signal Mtridata_data<0> and Mtridata_data<6> Mtridata_data<6> signal will be lost.
WARNING:Xst:638 - in unit flash_memory Conflict on KEEP property on signal Mtridata_data<0> and Mtridata_data<8> Mtridata_data<8> signal will be lost.
WARNING:Xst:638 - in unit flash_memory Conflict on KEEP property on signal Mtridata_data<0> and Mtridata_data<9> Mtridata_data<9> signal will be lost.
WARNING:Xst:638 - in unit flash_memory Conflict on KEEP property on signal Mtridata_data<0> and Mtridata_data<10> Mtridata_data<10> signal will be lost.
WARNING:Xst:638 - in unit flash_memory Conflict on KEEP property on signal Mtridata_data<0> and Mtridata_data<11> Mtridata_data<11> signal will be lost.
WARNING:Xst:638 - in unit flash_memory Conflict on KEEP property on signal Mtridata_data<0> and Mtridata_data<12> Mtridata_data<12> signal will be lost.
WARNING:Xst:638 - in unit flash_memory Conflict on KEEP property on signal Mtridata_data<0> and Mtridata_data<13> Mtridata_data<13> signal will be lost.
WARNING:Xst:638 - in unit flash_memory Conflict on KEEP property on signal Mtridata_data<0> and Mtridata_data<14> Mtridata_data<14> signal will be lost.
WARNING:Xst:638 - in unit flash_memory Conflict on KEEP property on signal Mtridata_data<0> and Mtridata_data<15> Mtridata_data<15> signal will be lost.

=========================================================================
Advanced HDL Synthesis Report

Macro Statistics
# FSMs                                                 : 1
# Adders/Subtractors                                   : 2
 32-bit adder                                          : 2
# Registers                                            : 101
 Flip-Flops                                            : 101

=========================================================================

=========================================================================
*                         Low Level Synthesis                           *
=========================================================================
WARNING:Xst:1426 - The value init of the FF/Latch FSM_FFd8 hinder the constant cleaning in the block FSM_0-parent.
   You should achieve better results by setting this init to 0.
WARNING:Xst:1710 - FF/Latch <read_complete> (without init value) has a constant value of 0 in block <flash_memory>. This FF/Latch will be trimmed during the optimization process.
INFO:Xst:2261 - The FF/Latch <Mtridata_data_4> in Unit <flash_memory> is equivalent to the following FF/Latch, which will be removed : <Mtridata_data_7> 
WARNING:Xst:638 - in unit flash_memory Conflict on KEEP property on signal Mtridata_data<4> and Mtridata_data<7> Mtridata_data<7> signal will be lost.
WARNING:Xst:1710 - FF/Latch <Mtridata_data_0> (without init value) has a constant value of 0 in block <flash_memory>. This FF/Latch will be trimmed during the optimization process.
WARNING:Xst:1895 - Due to other FF/Latch trimming, FF/Latch <Mtridata_data_1> (without init value) has a constant value of 0 in block <flash_memory>. This FF/Latch will be trimmed during the optimization process.
WARNING:Xst:1895 - Due to other FF/Latch trimming, FF/Latch <Mtridata_data_2> (without init value) has a constant value of 0 in block <flash_memory>. This FF/Latch will be trimmed during the optimization process.
WARNING:Xst:1895 - Due to other FF/Latch trimming, FF/Latch <Mtridata_data_3> (without init value) has a constant value of 0 in block <flash_memory>. This FF/Latch will be trimmed during the optimization process.
WARNING:Xst:1895 - Due to other FF/Latch trimming, FF/Latch <Mtridata_data_5> (without init value) has a constant value of 0 in block <flash_memory>. This FF/Latch will be trimmed during the optimization process.
WARNING:Xst:1895 - Due to other FF/Latch trimming, FF/Latch <Mtridata_data_6> (without init value) has a constant value of 0 in block <flash_memory>. This FF/Latch will be trimmed during the optimization process.
WARNING:Xst:1895 - Due to other FF/Latch trimming, FF/Latch <Mtridata_data_8> (without init value) has a constant value of 0 in block <flash_memory>. This FF/Latch will be trimmed during the optimization process.
WARNING:Xst:1895 - Due to other FF/Latch trimming, FF/Latch <Mtridata_data_9> (without init value) has a constant value of 0 in block <flash_memory>. This FF/Latch will be trimmed during the optimization process.
WARNING:Xst:1895 - Due to other FF/Latch trimming, FF/Latch <Mtridata_data_10> (without init value) has a constant value of 0 in block <flash_memory>. This FF/Latch will be trimmed during the optimization process.
WARNING:Xst:1895 - Due to other FF/Latch trimming, FF/Latch <Mtridata_data_11> (without init value) has a constant value of 0 in block <flash_memory>. This FF/Latch will be trimmed during the optimization process.
WARNING:Xst:1895 - Due to other FF/Latch trimming, FF/Latch <Mtridata_data_12> (without init value) has a constant value of 0 in block <flash_memory>. This FF/Latch will be trimmed during the optimization process.
WARNING:Xst:1895 - Due to other FF/Latch trimming, FF/Latch <Mtridata_data_13> (without init value) has a constant value of 0 in block <flash_memory>. This FF/Latch will be trimmed during the optimization process.
WARNING:Xst:1895 - Due to other FF/Latch trimming, FF/Latch <Mtridata_data_14> (without init value) has a constant value of 0 in block <flash_memory>. This FF/Latch will be trimmed during the optimization process.
WARNING:Xst:1895 - Due to other FF/Latch trimming, FF/Latch <Mtridata_data_15> (without init value) has a constant value of 0 in block <flash_memory>. This FF/Latch will be trimmed during the optimization process.
WARNING:Xst:638 - in unit flash_memory Conflict on KEEP property on signal Mtridata_data<0> and Mtridata_data<1> Mtridata_data<1> signal will be lost.
WARNING:Xst:638 - in unit flash_memory Conflict on KEEP property on signal Mtridata_data<0> and Mtridata_data<2> Mtridata_data<2> signal will be lost.
WARNING:Xst:638 - in unit flash_memory Conflict on KEEP property on signal Mtridata_data<0> and Mtridata_data<3> Mtridata_data<3> signal will be lost.
WARNING:Xst:638 - in unit flash_memory Conflict on KEEP property on signal Mtridata_data<0> and Mtridata_data<5> Mtridata_data<5> signal will be lost.
WARNING:Xst:638 - in unit flash_memory Conflict on KEEP property on signal Mtridata_data<0> and Mtridata_data<6> Mtridata_data<6> signal will be lost.
WARNING:Xst:638 - in unit flash_memory Conflict on KEEP property on signal Mtridata_data<0> and Mtridata_data<8> Mtridata_data<8> signal will be lost.
WARNING:Xst:638 - in unit flash_memory Conflict on KEEP property on signal Mtridata_data<0> and Mtridata_data<9> Mtridata_data<9> signal will be lost.
WARNING:Xst:638 - in unit flash_memory Conflict on KEEP property on signal Mtridata_data<0> and Mtridata_data<10> Mtridata_data<10> signal will be lost.
WARNING:Xst:638 - in unit flash_memory Conflict on KEEP property on signal Mtridata_data<0> and Mtridata_data<11> Mtridata_data<11> signal will be lost.
WARNING:Xst:638 - in unit flash_memory Conflict on KEEP property on signal Mtridata_data<0> and Mtridata_data<12> Mtridata_data<12> signal will be lost.
WARNING:Xst:638 - in unit flash_memory Conflict on KEEP property on signal Mtridata_data<0> and Mtridata_data<13> Mtridata_data<13> signal will be lost.
WARNING:Xst:638 - in unit flash_memory Conflict on KEEP property on signal Mtridata_data<0> and Mtridata_data<14> Mtridata_data<14> signal will be lost.
WARNING:Xst:638 - in unit flash_memory Conflict on KEEP property on signal Mtridata_data<0> and Mtridata_data<15> Mtridata_data<15> signal will be lost.

Optimizing unit <flash_memory> ...

Mapping all equations...
Building and optimizing final netlist ...
Found area constraint ratio of 100 (+ 5) on block flash_memory, actual ratio is 2.

Final Macro Processing ...

=========================================================================
Final Register Report

Macro Statistics
# Registers                                            : 93
 Flip-Flops                                            : 93

=========================================================================

=========================================================================
*                           Partition Report                            *
=========================================================================

Partition Implementation Status
-------------------------------

  No Partitions were found in this design.

-------------------------------

=========================================================================
*                            Final Report                               *
=========================================================================
Final Results
RTL Top Level Output File Name     : flash_memory.ngr
Top Level Output File Name         : flash_memory
Output Format                      : NGC
Optimization Goal                  : Speed
Keep Hierarchy                     : No

Design Statistics
# IOs                              : 70

Cell Usage :
# BELS                             : 315
#      GND                         : 1
#      INV                         : 3
#      LUT1                        : 62
#      LUT2                        : 5
#      LUT2_D                      : 1
#      LUT2_L                      : 1
#      LUT3                        : 3
#      LUT3_D                      : 3
#      LUT4                        : 86
#      LUT4_D                      : 5
#      LUT4_L                      : 1
#      MUXCY                       : 78
#      MUXF5                       : 1
#      VCC                         : 1
#      XORCY                       : 64
# FlipFlops/Latches                : 93
#      FD                          : 68
#      FDE                         : 18
#      FDS                         : 5
#      FDSE                        : 2
# Clock Buffers                    : 1
#      BUFGP                       : 1
# IO Buffers                       : 69
#      IOBUF                       : 16
#      OBUF                        : 53
=========================================================================

Device utilization summary:
---------------------------

Selected Device : 3s400ft256-4 

 Number of Slices:                       92  out of   3584     2%  
 Number of Slice Flip Flops:             77  out of   7168     1%  
 Number of 4 input LUTs:                170  out of   7168     2%  
 Number of IOs:                          70
 Number of bonded IOBs:                  70  out of    173    40%  
    IOB Flip Flops:                      16
 Number of GCLKs:                         1  out of      8    12%  

---------------------------
Partition Resource Summary:
---------------------------

  No Partitions were found in this design.

---------------------------


=========================================================================
TIMING REPORT

NOTE: THESE TIMING NUMBERS ARE ONLY A SYNTHESIS ESTIMATE.
      FOR ACCURATE TIMING INFORMATION PLEASE REFER TO THE TRACE REPORT
      GENERATED AFTER PLACE-and-ROUTE.

Clock Information:
------------------
-----------------------------------+------------------------+-------+
Clock Signal                       | Clock buffer(FF name)  | Load  |
-----------------------------------+------------------------+-------+
clk                                | BUFGP                  | 93    |
-----------------------------------+------------------------+-------+

Asynchronous Control Signals Information:
----------------------------------------
No asynchronous control signals found in this design

Timing Summary:
---------------
Speed Grade: -4

   Minimum period: 8.015ns (Maximum Frequency: 124.766MHz)
   Minimum input arrival time before clock: 1.825ns
   Maximum output required time after clock: 7.844ns
   Maximum combinational path delay: No path found

Timing Detail:
--------------
All values displayed in nanoseconds (ns)

=========================================================================
Timing constraint: Default period analysis for Clock 'clk'
  Clock period: 8.015ns (frequency: 124.766MHz)
  Total number of paths / destination ports: 6662 / 101
-------------------------------------------------------------------------
Delay:               8.015ns (Levels of Logic = 10)
  Source:            delay_counter_8 (FF)
  Destination:       OE (FF)
  Source Clock:      clk rising
  Destination Clock: clk rising

  Data Path: delay_counter_8 to OE
                                Gate     Net
    Cell:in->out      fanout   Delay   Delay  Logical Name (Net Name)
    ----------------------------------------  ------------
     FD:C->Q               3   0.720   1.246  delay_counter_8 (delay_counter_8)
     LUT4:I0->O            1   0.551   0.000  current_state_cmp_eq0000_wg_lut<0> (current_state_cmp_eq0000_wg_lut<0>)
     MUXCY:S->O            1   0.500   0.000  current_state_cmp_eq0000_wg_cy<0> (current_state_cmp_eq0000_wg_cy<0>)
     MUXCY:CI->O           1   0.064   0.000  current_state_cmp_eq0000_wg_cy<1> (current_state_cmp_eq0000_wg_cy<1>)
     MUXCY:CI->O           1   0.064   0.000  current_state_cmp_eq0000_wg_cy<2> (current_state_cmp_eq0000_wg_cy<2>)
     MUXCY:CI->O           1   0.064   0.000  current_state_cmp_eq0000_wg_cy<3> (current_state_cmp_eq0000_wg_cy<3>)
     MUXCY:CI->O           1   0.064   0.000  current_state_cmp_eq0000_wg_cy<4> (current_state_cmp_eq0000_wg_cy<4>)
     MUXCY:CI->O           1   0.064   0.000  current_state_cmp_eq0000_wg_cy<5> (current_state_cmp_eq0000_wg_cy<5>)
     MUXCY:CI->O           1   0.064   0.000  current_state_cmp_eq0000_wg_cy<6> (current_state_cmp_eq0000_wg_cy<6>)
     MUXCY:CI->O          11   0.281   1.339  current_state_cmp_eq0000_wg_cy<7> (current_state_cmp_eq0000)
     LUT2:I1->O           18   0.551   1.417  OE_mux000021 (read_data_sig_not0001)
     FDS:S                     1.026          OE
    ----------------------------------------
    Total                      8.015ns (4.013ns logic, 4.002ns route)
                                       (50.1% logic, 49.9% route)

=========================================================================
Timing constraint: Default OFFSET IN BEFORE for Clock 'clk'
  Total number of paths / destination ports: 16 / 16
-------------------------------------------------------------------------
Offset:              1.825ns (Levels of Logic = 1)
  Source:            data<0> (PAD)
  Destination:       read_data_sig_0 (FF)
  Destination Clock: clk rising

  Data Path: data<0> to read_data_sig_0
                                Gate     Net
    Cell:in->out      fanout   Delay   Delay  Logical Name (Net Name)
    ----------------------------------------  ------------
     IOBUF:IO->O           1   0.821   0.801  data_0_IOBUF (N36)
     FDE:D                     0.203          read_data_sig_0
    ----------------------------------------
    Total                      1.825ns (1.024ns logic, 0.801ns route)
                                       (56.1% logic, 43.9% route)

=========================================================================
Timing constraint: Default OFFSET OUT AFTER for Clock 'clk'
  Total number of paths / destination ports: 45 / 43
-------------------------------------------------------------------------
Offset:              7.844ns (Levels of Logic = 1)
  Source:            Mtrien_data (FF)
  Destination:       data<15> (PAD)
  Source Clock:      clk rising

  Data Path: Mtrien_data to data<15>
                                Gate     Net
    Cell:in->out      fanout   Delay   Delay  Logical Name (Net Name)
    ----------------------------------------  ------------
     FDE:C->Q             16   0.720   1.237  Mtrien_data (Mtrien_data)
     IOBUF:T->IO               5.887          data_15_IOBUF (data<15>)
    ----------------------------------------
    Total                      7.844ns (6.607ns logic, 1.237ns route)
                                       (84.2% logic, 15.8% route)

=========================================================================


Total REAL time to Xst completion: 4.00 secs
Total CPU time to Xst completion: 3.90 secs
 
--> 

Total memory usage is 205400 kilobytes

Number of errors   :    0 (   0 filtered)
Number of warnings :   60 (   0 filtered)
Number of infos    :    8 (   0 filtered)

