Release 14.7 - xst P.20131013 (nt)
Copyright (c) 1995-2013 Xilinx, Inc.  All rights reserved.
--> Parameter TMPDIR set to xst/projnav.tmp


Total REAL time to Xst completion: 0.00 secs
Total CPU time to Xst completion: 0.22 secs
 
--> Parameter xsthdpdir set to xst


Total REAL time to Xst completion: 0.00 secs
Total CPU time to Xst completion: 0.22 secs
 
--> Reading design: beat_follower.prj

TABLE OF CONTENTS
  1) Synthesis Options Summary
  2) HDL Compilation
  3) Design Hierarchy Analysis
  4) HDL Analysis
  5) HDL Synthesis
     5.1) HDL Synthesis Report
  6) Advanced HDL Synthesis
     6.1) Advanced HDL Synthesis Report
  7) Low Level Synthesis
  8) Partition Report
  9) Final Report
	9.1) Device utilization summary
	9.2) Partition Resource Summary
	9.3) TIMING REPORT


=========================================================================
*                      Synthesis Options Summary                        *
=========================================================================
---- Source Parameters
Input File Name                    : "beat_follower.prj"
Input Format                       : mixed
Ignore Synthesis Constraint File   : NO

---- Target Parameters
Output File Name                   : "beat_follower"
Output Format                      : NGC
Target Device                      : xc3s400-4-ft256

---- Source Options
Top Module Name                    : beat_follower
Automatic FSM Extraction           : YES
FSM Encoding Algorithm             : Auto
Safe Implementation                : No
FSM Style                          : LUT
RAM Extraction                     : Yes
RAM Style                          : Auto
ROM Extraction                     : Yes
Mux Style                          : Auto
Decoder Extraction                 : YES
Priority Encoder Extraction        : Yes
Shift Register Extraction          : YES
Logical Shifter Extraction         : YES
XOR Collapsing                     : YES
ROM Style                          : Auto
Mux Extraction                     : Yes
Resource Sharing                   : YES
Asynchronous To Synchronous        : NO
Multiplier Style                   : Auto
Automatic Register Balancing       : No

---- Target Options
Add IO Buffers                     : YES
Global Maximum Fanout              : 100000
Add Generic Clock Buffer(BUFG)     : 8
Register Duplication               : YES
Slice Packing                      : YES
Optimize Instantiated Primitives   : NO
Use Clock Enable                   : Yes
Use Synchronous Set                : Yes
Use Synchronous Reset              : Yes
Pack IO Registers into IOBs        : Auto
Equivalent register Removal        : YES

---- General Options
Optimization Goal                  : Speed
Optimization Effort                : 1
Keep Hierarchy                     : No
Netlist Hierarchy                  : As_Optimized
RTL Output                         : Yes
Global Optimization                : AllClockNets
Read Cores                         : YES
Write Timing Constraints           : NO
Cross Clock Analysis               : NO
Hierarchy Separator                : /
Bus Delimiter                      : <>
Case Specifier                     : Maintain
Slice Utilization Ratio            : 100
BRAM Utilization Ratio             : 100
Verilog 2001                       : YES
Auto BRAM Packing                  : NO
Slice Utilization Ratio Delta      : 5

=========================================================================


=========================================================================
*                          HDL Compilation                              *
=========================================================================
Compiling vhdl file "C:/Users/Isabel/Documents/Music-Player/ISE Projects/beat_follower/bin_to_dec.vhd" in Library work.
Architecture behavioral of Entity bin_to_dec is up to date.
Compiling vhdl file "C:/Users/Isabel/Documents/Music-Player/ISE Projects/beat_follower/seven_seg_display.vhd" in Library work.
Architecture behavioral of Entity seven_seg_display is up to date.
Compiling vhdl file "C:/Users/Isabel/Documents/Music-Player/ISE Projects/beat_follower/large_number_7seg.vhd" in Library work.
Architecture behavioral of Entity large_number_7seg is up to date.
Compiling vhdl file "C:/Users/Isabel/Documents/Music-Player/ISE Projects/beat_follower/bpm_counter.vhd" in Library work.
Architecture behavioral of Entity bpm_counter is up to date.
Compiling vhdl file "C:/Users/Isabel/Documents/Music-Player/ISE Projects/beat_follower/beat_follower.vhd" in Library work.
Entity <beat_follower> compiled.
Entity <beat_follower> (Architecture <behavioral>) compiled.

=========================================================================
*                     Design Hierarchy Analysis                         *
=========================================================================
Analyzing hierarchy for entity <beat_follower> in library <work> (architecture <behavioral>).

Analyzing hierarchy for entity <bpm_counter> in library <work> (architecture <behavioral>).

Analyzing hierarchy for entity <large_number_7seg> in library <work> (architecture <behavioral>).

Analyzing hierarchy for entity <seven_seg_display> in library <work> (architecture <behavioral>).

Analyzing hierarchy for entity <bin_to_dec> in library <work> (architecture <behavioral>).


=========================================================================
*                            HDL Analysis                               *
=========================================================================
Analyzing Entity <beat_follower> in library <work> (Architecture <behavioral>).
INFO:Xst:1739 - HDL ADVISOR - "C:/Users/Isabel/Documents/Music-Player/ISE Projects/beat_follower/beat_follower.vhd" line 36: declaration of a buffer port will make it difficult for you to validate this design by simulation. It is preferable to declare it as output.
Entity <beat_follower> analyzed. Unit <beat_follower> generated.

Analyzing Entity <bpm_counter> in library <work> (Architecture <behavioral>).
WARNING:Xst:819 - "C:/Users/Isabel/Documents/Music-Player/ISE Projects/beat_follower/bpm_counter.vhd" line 61: One or more signals are missing in the process sensitivity list. To enable synthesis of FPGA/CPLD hardware, XST will assume that all necessary signals are present in the sensitivity list. Please note that the result of the synthesis may differ from the initial design specification. The missing signals are:
   <Default>
Entity <bpm_counter> analyzed. Unit <bpm_counter> generated.

Analyzing Entity <large_number_7seg> in library <work> (Architecture <behavioral>).
Entity <large_number_7seg> analyzed. Unit <large_number_7seg> generated.

Analyzing Entity <seven_seg_display> in library <work> (Architecture <behavioral>).
Entity <seven_seg_display> analyzed. Unit <seven_seg_display> generated.

Analyzing Entity <bin_to_dec> in library <work> (Architecture <behavioral>).
Entity <bin_to_dec> analyzed. Unit <bin_to_dec> generated.


=========================================================================
*                           HDL Synthesis                               *
=========================================================================

Performing bidirectional port resolution...

Synthesizing Unit <bin_to_dec>.
    Related source file is "C:/Users/Isabel/Documents/Music-Player/ISE Projects/beat_follower/bin_to_dec.vhd".
    Found 16x7-bit ROM for signal <inv_outseg>.
    Summary:
	inferred   1 ROM(s).
Unit <bin_to_dec> synthesized.


Synthesizing Unit <seven_seg_display>.
    Related source file is "C:/Users/Isabel/Documents/Music-Player/ISE Projects/beat_follower/seven_seg_display.vhd".
    Found 4-bit 4-to-1 multiplexer for signal <binary>.
    Found 32-bit up counter for signal <counter>.
    Found 2-bit up counter for signal <digit>.
    Summary:
	inferred   2 Counter(s).
	inferred   4 Multiplexer(s).
Unit <seven_seg_display> synthesized.


Synthesizing Unit <large_number_7seg>.
    Related source file is "C:/Users/Isabel/Documents/Music-Player/ISE Projects/beat_follower/large_number_7seg.vhd".
    Found 18-bit comparator greatequal for signal <decimal_part$cmp_ge0000> created at line 150.
    Found 18-bit comparator greatequal for signal <decimal_part$cmp_ge0001> created at line 152.
    Found 18-bit comparator greatequal for signal <decimal_part$cmp_ge0002> created at line 155.
    Found 18-bit comparator greatequal for signal <decimal_part$cmp_ge0003> created at line 158.
    Found 18-bit comparator greatequal for signal <decimal_part$cmp_ge0004> created at line 161.
    Found 18-bit comparator greatequal for signal <decimal_part$cmp_ge0005> created at line 164.
    Found 18-bit comparator greatequal for signal <decimal_part$cmp_ge0006> created at line 167.
    Found 18-bit comparator greatequal for signal <decimal_part$cmp_ge0007> created at line 170.
    Found 18-bit comparator greatequal for signal <decimal_part$cmp_ge0008> created at line 173.
    Found 19-bit subtractor for signal <decimal_part$share0000> created at line 150.
    Found 17-bit subtractor for signal <hundred_part$share0000> created at line 73.
    Found 17-bit comparator greatequal for signal <ten_part$cmp_ge0000> created at line 110.
    Found 17-bit comparator greatequal for signal <ten_part$cmp_ge0001> created at line 112.
    Found 17-bit comparator greatequal for signal <ten_part$cmp_ge0002> created at line 115.
    Found 17-bit comparator greatequal for signal <ten_part$cmp_ge0003> created at line 118.
    Found 17-bit comparator greatequal for signal <ten_part$cmp_ge0004> created at line 121.
    Found 17-bit comparator greatequal for signal <ten_part$cmp_ge0005> created at line 124.
    Found 17-bit comparator greatequal for signal <ten_part$cmp_ge0006> created at line 127.
    Found 17-bit comparator greatequal for signal <ten_part$cmp_ge0007> created at line 130.
    Found 17-bit comparator greatequal for signal <ten_part$cmp_ge0008> created at line 133.
    Found 18-bit subtractor for signal <ten_part$share0000> created at line 110.
    Found 16-bit comparator greatequal for signal <thousand_bit$cmp_ge0000> created at line 73.
    Found 16-bit comparator greatequal for signal <thousand_bit$cmp_ge0001> created at line 75.
    Found 16-bit comparator greatequal for signal <thousand_bit$cmp_ge0002> created at line 78.
    Found 16-bit comparator greatequal for signal <thousand_bit$cmp_ge0003> created at line 81.
    Found 16-bit comparator greatequal for signal <thousand_bit$cmp_ge0004> created at line 84.
    Found 16-bit comparator greatequal for signal <thousand_bit$cmp_ge0005> created at line 87.
    Found 16-bit comparator greatequal for signal <thousand_bit$cmp_ge0006> created at line 90.
    Found 16-bit comparator greatequal for signal <thousand_bit$cmp_ge0007> created at line 93.
    Found 16-bit comparator greatequal for signal <thousand_bit$cmp_ge0008> created at line 96.
    Summary:
	inferred   3 Adder/Subtractor(s).
	inferred  27 Comparator(s).
Unit <large_number_7seg> synthesized.


Synthesizing Unit <bpm_counter>.
    Related source file is "C:/Users/Isabel/Documents/Music-Player/ISE Projects/beat_follower/bpm_counter.vhd".
    Found 9-bit register for signal <bpm>.
    Found 31-bit comparator less for signal <bpm$cmp_lt0000> created at line 66.
    Found 31-bit comparator less for signal <bpm$cmp_lt0001> created at line 67.
    Found 31-bit comparator less for signal <bpm$cmp_lt0002> created at line 69.
    Found 31-bit comparator less for signal <bpm$cmp_lt0003> created at line 71.
    Found 31-bit comparator less for signal <bpm$cmp_lt0004> created at line 73.
    Found 31-bit comparator less for signal <bpm$cmp_lt0005> created at line 75.
    Found 31-bit comparator less for signal <bpm$cmp_lt0006> created at line 77.
    Found 31-bit comparator less for signal <bpm$cmp_lt0007> created at line 79.
    Found 31-bit comparator less for signal <bpm$cmp_lt0008> created at line 81.
    Found 31-bit comparator less for signal <bpm$cmp_lt0009> created at line 83.
    Found 31-bit comparator less for signal <bpm$cmp_lt0010> created at line 85.
    Found 31-bit comparator less for signal <bpm$cmp_lt0011> created at line 87.
    Found 31-bit comparator less for signal <bpm$cmp_lt0012> created at line 89.
    Found 31-bit comparator less for signal <bpm$cmp_lt0013> created at line 91.
    Found 31-bit comparator less for signal <bpm$cmp_lt0014> created at line 93.
    Found 31-bit comparator less for signal <bpm$cmp_lt0015> created at line 95.
    Found 31-bit comparator less for signal <bpm$cmp_lt0016> created at line 97.
    Found 31-bit comparator less for signal <bpm$cmp_lt0017> created at line 99.
    Found 31-bit comparator less for signal <bpm$cmp_lt0018> created at line 101.
    Found 31-bit comparator less for signal <bpm$cmp_lt0019> created at line 103.
    Found 31-bit comparator less for signal <bpm$cmp_lt0020> created at line 105.
    Found 31-bit comparator less for signal <bpm$cmp_lt0021> created at line 107.
    Found 31-bit comparator less for signal <bpm$cmp_lt0022> created at line 109.
    Summary:
	inferred  23 Comparator(s).
Unit <bpm_counter> synthesized.


Synthesizing Unit <beat_follower>.
    Related source file is "C:/Users/Isabel/Documents/Music-Player/ISE Projects/beat_follower/beat_follower.vhd".
WARNING:Xst:646 - Signal <sum<59:46>> is assigned but never used. This unconnected signal will be trimmed during the optimization process.
WARNING:Xst:646 - Signal <sum<15:0>> is assigned but never used. This unconnected signal will be trimmed during the optimization process.
    Found finite state machine <FSM_0> for signal <y>.
    -----------------------------------------------------------------------
    | States             | 4                                              |
    | Transitions        | 12                                             |
    | Inputs             | 5                                              |
    | Outputs            | 4                                              |
    | Clock              | clk                       (rising_edge)        |
    | Reset              | Resetn                    (positive)           |
    | Reset type         | asynchronous                                   |
    | Reset State        | send_trigger                                   |
    | Power Up State     | send_trigger                                   |
    | Encoding           | automatic                                      |
    | Implementation     | LUT                                            |
    -----------------------------------------------------------------------
    Found 1-bit register for signal <trigger>.
    Found 1-bit register for signal <led>.
    Found 120-bit register for signal <beat_array0>.
    Found 31-bit comparator greatequal for signal <beat_array0_0$cmp_ge0000> created at line 185.
    Found 31-bit comparator lessequal for signal <beat_array0_0$cmp_le0000> created at line 185.
    Found 30-bit register for signal <beat_counter>.
    Found 30-bit adder for signal <beat_counter$addsub0000>.
    Found 1-bit register for signal <beat_seen>.
    Found 1-bit register for signal <beat_store>.
    Found 1-bit register for signal <brtemp>.
    Found 30-bit register for signal <count>.
    Found 30-bit adder for signal <count$add0000> created at line 121.
    Found 30-bit register for signal <distance>.
    Found 30-bit adder for signal <distance$addsub0000> created at line 127.
    Found 1-bit register for signal <ledtemp>.
    Found 1-bit register for signal <retemp>.
    Found 1-bit register for signal <sttemp>.
    Found 30x30-bit multiplier for signal <sum>.
    Found 30-bit adder for signal <sum$addsub0000> created at line 193.
    Found 30-bit adder for signal <sum$addsub0001> created at line 193.
    Found 30-bit adder for signal <sum$addsub0002> created at line 193.
    Found 31-bit comparator greater for signal <y$cmp_gt0000> created at line 112.
    Found 31-bit comparator greater for signal <y$cmp_gt0001> created at line 149.
    Found 31-bit comparator less for signal <y$cmp_lt0000> created at line 130.
    Summary:
	inferred   1 Finite State Machine(s).
	inferred  98 D-type flip-flop(s).
	inferred   6 Adder/Subtractor(s).
	inferred   1 Multiplier(s).
	inferred   5 Comparator(s).
Unit <beat_follower> synthesized.

INFO:Xst:1767 - HDL ADVISOR - Resource sharing has identified that some arithmetic operations in this design can share the same physical resources for reduced device utilization. For improved clock frequency you may try to disable resource sharing.

=========================================================================
HDL Synthesis Report

Macro Statistics
# ROMs                                                 : 1
 16x7-bit ROM                                          : 1
# Multipliers                                          : 1
 30x30-bit multiplier                                  : 1
# Adders/Subtractors                                   : 9
 17-bit subtractor                                     : 1
 18-bit subtractor                                     : 1
 19-bit subtractor                                     : 1
 30-bit adder                                          : 6
# Counters                                             : 2
 2-bit up counter                                      : 1
 32-bit up counter                                     : 1
# Registers                                            : 16
 1-bit register                                        : 8
 30-bit register                                       : 7
 9-bit register                                        : 1
# Comparators                                          : 55
 16-bit comparator greatequal                          : 9
 17-bit comparator greatequal                          : 9
 18-bit comparator greatequal                          : 9
 31-bit comparator greatequal                          : 1
 31-bit comparator greater                             : 2
 31-bit comparator less                                : 24
 31-bit comparator lessequal                           : 1
# Multiplexers                                         : 1
 4-bit 4-to-1 multiplexer                              : 1

=========================================================================

=========================================================================
*                       Advanced HDL Synthesis                          *
=========================================================================

Analyzing FSM <FSM_0> for best encoding.
Optimizing FSM <y/FSM> on signal <y[1:2]> with gray encoding.
-----------------------------
 State           | Encoding
-----------------------------
 send_trigger    | 00
 wait_for_echo   | 01
 echo_count      | 11
 beat_registered | 10
-----------------------------
WARNING:Xst:1293 - FF/Latch <0> has a constant value of 0 in block <bpm>. This FF/Latch will be trimmed during the optimization process.
WARNING:Xst:1293 - FF/Latch <8> has a constant value of 0 in block <bpm>. This FF/Latch will be trimmed during the optimization process.

=========================================================================
Advanced HDL Synthesis Report

Macro Statistics
# FSMs                                                 : 1
# ROMs                                                 : 1
 16x7-bit ROM                                          : 1
# Multipliers                                          : 1
 30x30-bit multiplier                                  : 1
# Adders/Subtractors                                   : 9
 17-bit subtractor                                     : 1
 18-bit subtractor                                     : 1
 19-bit subtractor                                     : 1
 30-bit adder                                          : 6
# Counters                                             : 2
 2-bit up counter                                      : 1
 32-bit up counter                                     : 1
# Registers                                            : 227
 Flip-Flops                                            : 227
# Comparators                                          : 55
 16-bit comparator greatequal                          : 9
 17-bit comparator greatequal                          : 9
 18-bit comparator greatequal                          : 9
 31-bit comparator greatequal                          : 1
 31-bit comparator greater                             : 2
 31-bit comparator less                                : 24
 31-bit comparator lessequal                           : 1
# Multiplexers                                         : 1
 4-bit 4-to-1 multiplexer                              : 1

=========================================================================

=========================================================================
*                         Low Level Synthesis                           *
=========================================================================
INFO:Xst:2261 - The FF/Latch <sttemp> in Unit <beat_follower> is equivalent to the following FF/Latch, which will be removed : <trigger> 
INFO:Xst:2261 - The FF/Latch <0> in Unit <LPM_DFF_1> is equivalent to the following FF/Latch, which will be removed : <8> 
WARNING:Xst:1293 - FF/Latch <0> has a constant value of 0 in block <LPM_DFF_1>. This FF/Latch will be trimmed during the optimization process.

Optimizing unit <beat_follower> ...

Optimizing unit <seven_seg_display> ...

Optimizing unit <large_number_7seg> ...

Optimizing unit <bpm_counter> ...

Mapping all equations...
Building and optimizing final netlist ...
Found area constraint ratio of 100 (+ 5) on block beat_follower, actual ratio is 15.

Final Macro Processing ...

=========================================================================
Final Register Report

Macro Statistics
# Registers                                            : 260
 Flip-Flops                                            : 260

=========================================================================

=========================================================================
*                           Partition Report                            *
=========================================================================

Partition Implementation Status
-------------------------------

  No Partitions were found in this design.

-------------------------------

=========================================================================
*                            Final Report                               *
=========================================================================
Final Results
RTL Top Level Output File Name     : beat_follower.ngr
Top Level Output File Name         : beat_follower
Output Format                      : NGC
Optimization Goal                  : Speed
Keep Hierarchy                     : No

Design Statistics
# IOs                              : 49

Cell Usage :
# BELS                             : 1933
#      GND                         : 1
#      INV                         : 112
#      LUT1                        : 223
#      LUT2                        : 156
#      LUT2_L                      : 4
#      LUT3                        : 138
#      LUT3_L                      : 4
#      LUT4                        : 316
#      LUT4_D                      : 1
#      LUT4_L                      : 15
#      MUXCY                       : 713
#      MUXF5                       : 9
#      VCC                         : 1
#      XORCY                       : 240
# FlipFlops/Latches                : 260
#      FDC                         : 67
#      FDCE                        : 75
#      FDE                         : 33
#      FDP                         : 4
#      FDPE                        : 48
#      FDR                         : 32
#      FDRE                        : 1
# Clock Buffers                    : 1
#      BUFGP                       : 1
# IO Buffers                       : 48
#      IBUF                        : 2
#      OBUF                        : 46
# MULTs                            : 2
#      MULT18X18                   : 2
=========================================================================

Device utilization summary:
---------------------------

Selected Device : 3s400ft256-4 

 Number of Slices:                      536  out of   3584    14%  
 Number of Slice Flip Flops:            260  out of   7168     3%  
 Number of 4 input LUTs:                969  out of   7168    13%  
 Number of IOs:                          49
 Number of bonded IOBs:                  49  out of    173    28%  
 Number of MULT18X18s:                    2  out of     16    12%  
 Number of GCLKs:                         1  out of      8    12%  

---------------------------
Partition Resource Summary:
---------------------------

  No Partitions were found in this design.

---------------------------


=========================================================================
TIMING REPORT

NOTE: THESE TIMING NUMBERS ARE ONLY A SYNTHESIS ESTIMATE.
      FOR ACCURATE TIMING INFORMATION PLEASE REFER TO THE TRACE REPORT
      GENERATED AFTER PLACE-and-ROUTE.

Clock Information:
------------------
-----------------------------------+------------------------+-------+
Clock Signal                       | Clock buffer(FF name)  | Load  |
-----------------------------------+------------------------+-------+
clk                                | BUFGP                  | 260   |
-----------------------------------+------------------------+-------+

Asynchronous Control Signals Information:
----------------------------------------
-----------------------------------+------------------------+-------+
Control Signal                     | Buffer(FF name)        | Load  |
-----------------------------------+------------------------+-------+
Resetn                             | IBUF                   | 194   |
-----------------------------------+------------------------+-------+

Timing Summary:
---------------
Speed Grade: -4

   Minimum period: 27.174ns (Maximum Frequency: 36.800MHz)
   Minimum input arrival time before clock: 6.614ns
   Maximum output required time after clock: 34.561ns
   Maximum combinational path delay: No path found

Timing Detail:
--------------
All values displayed in nanoseconds (ns)

=========================================================================
Timing constraint: Default period analysis for Clock 'clk'
  Clock period: 27.174ns (frequency: 36.800MHz)
  Total number of paths / destination ports: 3258909057 / 418
-------------------------------------------------------------------------
Delay:               27.174ns (Levels of Logic = 40)
  Source:            beat_array0_3_1 (FF)
  Destination:       display_bpm/bpm_1 (FF)
  Source Clock:      clk rising
  Destination Clock: clk rising

  Data Path: beat_array0_3_1 to display_bpm/bpm_1
                                Gate     Net
    Cell:in->out      fanout   Delay   Delay  Logical Name (Net Name)
    ----------------------------------------  ------------
     FDCE:C->Q             2   0.720   1.216  beat_array0_3_1 (beat_array0_3_1)
     LUT3:I0->O            1   0.551   0.827  Madd_sum_addsub0001C281 (Madd_sum_addsub0001C)
     LUT4:I3->O            1   0.551   0.000  Madd_sum_addsub0001_Madd_lut<2> (Madd_sum_addsub0001_Madd_lut<2>)
     MUXCY:S->O            1   0.500   0.000  Madd_sum_addsub0001_Madd_cy<2> (Madd_sum_addsub0001_Madd_cy<2>)
     MUXCY:CI->O           1   0.064   0.000  Madd_sum_addsub0001_Madd_cy<3> (Madd_sum_addsub0001_Madd_cy<3>)
     MUXCY:CI->O           1   0.064   0.000  Madd_sum_addsub0001_Madd_cy<4> (Madd_sum_addsub0001_Madd_cy<4>)
     MUXCY:CI->O           1   0.064   0.000  Madd_sum_addsub0001_Madd_cy<5> (Madd_sum_addsub0001_Madd_cy<5>)
     MUXCY:CI->O           1   0.064   0.000  Madd_sum_addsub0001_Madd_cy<6> (Madd_sum_addsub0001_Madd_cy<6>)
     MUXCY:CI->O           1   0.064   0.000  Madd_sum_addsub0001_Madd_cy<7> (Madd_sum_addsub0001_Madd_cy<7>)
     MUXCY:CI->O           1   0.064   0.000  Madd_sum_addsub0001_Madd_cy<8> (Madd_sum_addsub0001_Madd_cy<8>)
     MUXCY:CI->O           1   0.064   0.000  Madd_sum_addsub0001_Madd_cy<9> (Madd_sum_addsub0001_Madd_cy<9>)
     MUXCY:CI->O           1   0.064   0.000  Madd_sum_addsub0001_Madd_cy<10> (Madd_sum_addsub0001_Madd_cy<10>)
     MUXCY:CI->O           1   0.064   0.000  Madd_sum_addsub0001_Madd_cy<11> (Madd_sum_addsub0001_Madd_cy<11>)
     MUXCY:CI->O           1   0.064   0.000  Madd_sum_addsub0001_Madd_cy<12> (Madd_sum_addsub0001_Madd_cy<12>)
     MUXCY:CI->O           1   0.064   0.000  Madd_sum_addsub0001_Madd_cy<13> (Madd_sum_addsub0001_Madd_cy<13>)
     MUXCY:CI->O           1   0.064   0.000  Madd_sum_addsub0001_Madd_cy<14> (Madd_sum_addsub0001_Madd_cy<14>)
     XORCY:CI->O           1   0.904   0.996  Madd_sum_addsub0001_Madd_xor<15> (sum_addsub0001<15>)
     LUT2:I1->O            1   0.551   0.000  Madd_sum_addsub0002_lut<15> (Madd_sum_addsub0002_lut<15>)
     MUXCY:S->O            1   0.500   0.000  Madd_sum_addsub0002_cy<15> (Madd_sum_addsub0002_cy<15>)
     XORCY:CI->O           1   0.904   0.801  Madd_sum_addsub0002_xor<16> (sum_addsub0002<16>)
     MULT18X18:A16->P27    1   4.568   0.996  Mmult_sum_submult_0 (Mmult_sum_submult_0_27)
     LUT2:I1->O            1   0.551   0.000  Mmult_sum_Madd_lut<27> (Mmult_sum_Madd_lut<27>)
     MUXCY:S->O            1   0.500   0.000  Mmult_sum_Madd_cy<27> (Mmult_sum_Madd_cy<27>)
     MUXCY:CI->O           1   0.064   0.000  Mmult_sum_Madd_cy<28> (Mmult_sum_Madd_cy<28>)
     MUXCY:CI->O           1   0.064   0.000  Mmult_sum_Madd_cy<29> (Mmult_sum_Madd_cy<29>)
     MUXCY:CI->O           1   0.064   0.000  Mmult_sum_Madd_cy<30> (Mmult_sum_Madd_cy<30>)
     MUXCY:CI->O           1   0.064   0.000  Mmult_sum_Madd_cy<31> (Mmult_sum_Madd_cy<31>)
     MUXCY:CI->O           1   0.064   0.000  Mmult_sum_Madd_cy<32> (Mmult_sum_Madd_cy<32>)
     MUXCY:CI->O           1   0.064   0.000  Mmult_sum_Madd_cy<33> (Mmult_sum_Madd_cy<33>)
     MUXCY:CI->O           1   0.064   0.000  Mmult_sum_Madd_cy<34> (Mmult_sum_Madd_cy<34>)
     MUXCY:CI->O           1   0.064   0.000  Mmult_sum_Madd_cy<35> (Mmult_sum_Madd_cy<35>)
     MUXCY:CI->O           1   0.064   0.000  Mmult_sum_Madd_cy<36> (Mmult_sum_Madd_cy<36>)
     XORCY:CI->O          24   0.904   2.136  Mmult_sum_Madd_xor<37> (twelfth_of_beat_21_OBUF)
     LUT4:I0->O            1   0.551   0.000  display_bpm/Mcompar_bpm_cmp_lt0000_lut<10> (display_bpm/Mcompar_bpm_cmp_lt0000_lut<10>)
     MUXCY:S->O            1   0.500   0.000  display_bpm/Mcompar_bpm_cmp_lt0000_cy<10> (display_bpm/Mcompar_bpm_cmp_lt0000_cy<10>)
     MUXCY:CI->O           1   0.064   0.000  display_bpm/Mcompar_bpm_cmp_lt0000_cy<11> (display_bpm/Mcompar_bpm_cmp_lt0000_cy<11>)
     MUXCY:CI->O          10   0.303   1.473  display_bpm/Mcompar_bpm_cmp_lt0000_cy<12> (display_bpm/Mcompar_bpm_cmp_lt0000_cy<12>)
     LUT2_L:I0->LO         1   0.551   0.126  display_bpm/bpm_mux0023<7>213_SW1_SW0 (N76)
     LUT4:I3->O            2   0.551   0.903  display_bpm/bpm_mux0023<7>213_SW1 (N53)
     LUT4:I3->O            1   0.551   0.827  display_bpm/bpm_mux0023<7>265_SW2 (N99)
     LUT4:I3->O            1   0.551   0.000  display_bpm/bpm_mux0023<7>265 (display_bpm/bpm_mux0023<7>)
     FDC:D                     0.203          display_bpm/bpm_1
    ----------------------------------------
    Total                     27.174ns (16.873ns logic, 10.301ns route)
                                       (62.1% logic, 37.9% route)

=========================================================================
Timing constraint: Default OFFSET IN BEFORE for Clock 'clk'
  Total number of paths / destination ports: 128 / 97
-------------------------------------------------------------------------
Offset:              6.614ns (Levels of Logic = 2)
  Source:            Resetn (PAD)
  Destination:       beat_counter_0 (FF)
  Destination Clock: clk rising

  Data Path: Resetn to beat_counter_0
                                Gate     Net
    Cell:in->out      fanout   Delay   Delay  Logical Name (Net Name)
    ----------------------------------------  ------------
     IBUF:I->O           197   0.821   2.798  Resetn_IBUF (Resetn_IBUF)
     INV:I->O             30   0.551   1.842  Resetn_inv1_INV_0 (Resetn_inv)
     FDE:CE                    0.602          beat_counter_0
    ----------------------------------------
    Total                      6.614ns (1.974ns logic, 4.640ns route)
                                       (29.8% logic, 70.2% route)

=========================================================================
Timing constraint: Default OFFSET OUT AFTER for Clock 'clk'
  Total number of paths / destination ports: 31167021 / 46
-------------------------------------------------------------------------
Offset:              34.561ns (Levels of Logic = 50)
  Source:            display_bpm/bpm_3 (FF)
  Destination:       hex<6> (PAD)
  Source Clock:      clk rising

  Data Path: display_bpm/bpm_3 to hex<6>
                                Gate     Net
    Cell:in->out      fanout   Delay   Delay  Logical Name (Net Name)
    ----------------------------------------  ------------
     FDP:C->Q              8   0.720   1.422  display_bpm/bpm_3 (display_bpm/bpm_3)
     LUT1:I0->O            1   0.551   0.000  display_bpm/displayvalue/Mcompar_ten_part_cmp_ge0000_cy<0>_6_rt (display_bpm/displayvalue/Mcompar_ten_part_cmp_ge0000_cy<0>_6_rt)
     MUXCY:S->O            1   0.500   0.000  display_bpm/displayvalue/Mcompar_ten_part_cmp_ge0000_cy<0>_6 (display_bpm/displayvalue/Mcompar_ten_part_cmp_ge0000_cy<0>7)
     MUXCY:CI->O           1   0.064   0.000  display_bpm/displayvalue/Mcompar_ten_part_cmp_ge0000_cy<1>_6 (display_bpm/displayvalue/Mcompar_ten_part_cmp_ge0000_cy<1>7)
     MUXCY:CI->O           1   0.064   0.000  display_bpm/displayvalue/Mcompar_ten_part_cmp_ge0000_cy<2>_6 (display_bpm/displayvalue/Mcompar_ten_part_cmp_ge0000_cy<2>7)
     MUXCY:CI->O           1   0.064   0.000  display_bpm/displayvalue/Mcompar_ten_part_cmp_ge0000_cy<3>_6 (display_bpm/displayvalue/Mcompar_ten_part_cmp_ge0000_cy<3>7)
     MUXCY:CI->O           1   0.064   0.000  display_bpm/displayvalue/Mcompar_ten_part_cmp_ge0000_cy<4>_6 (display_bpm/displayvalue/Mcompar_ten_part_cmp_ge0000_cy<4>7)
     MUXCY:CI->O          57   0.303   2.191  display_bpm/displayvalue/Mcompar_ten_part_cmp_ge0000_cy<5>_6 (display_bpm/displayvalue/hundred_bit<1>)
     LUT2:I1->O            1   0.551   0.000  display_bpm/displayvalue/Msub_ten_part_share0000_lut<2> (display_bpm/displayvalue/Msub_ten_part_share0000_lut<2>)
     MUXCY:S->O            1   0.500   0.000  display_bpm/displayvalue/Msub_ten_part_share0000_cy<2> (display_bpm/displayvalue/Msub_ten_part_share0000_cy<2>)
     MUXCY:CI->O           1   0.064   0.000  display_bpm/displayvalue/Msub_ten_part_share0000_cy<3> (display_bpm/displayvalue/Msub_ten_part_share0000_cy<3>)
     MUXCY:CI->O           1   0.064   0.000  display_bpm/displayvalue/Msub_ten_part_share0000_cy<4> (display_bpm/displayvalue/Msub_ten_part_share0000_cy<4>)
     MUXCY:CI->O           1   0.064   0.000  display_bpm/displayvalue/Msub_ten_part_share0000_cy<5> (display_bpm/displayvalue/Msub_ten_part_share0000_cy<5>)
     MUXCY:CI->O           1   0.064   0.000  display_bpm/displayvalue/Msub_ten_part_share0000_cy<6> (display_bpm/displayvalue/Msub_ten_part_share0000_cy<6>)
     MUXCY:CI->O           1   0.064   0.000  display_bpm/displayvalue/Msub_ten_part_share0000_cy<7> (display_bpm/displayvalue/Msub_ten_part_share0000_cy<7>)
     MUXCY:CI->O           1   0.064   0.000  display_bpm/displayvalue/Msub_ten_part_share0000_cy<8> (display_bpm/displayvalue/Msub_ten_part_share0000_cy<8>)
     MUXCY:CI->O           1   0.064   0.000  display_bpm/displayvalue/Msub_ten_part_share0000_cy<9> (display_bpm/displayvalue/Msub_ten_part_share0000_cy<9>)
     MUXCY:CI->O           1   0.064   0.000  display_bpm/displayvalue/Msub_ten_part_share0000_cy<10> (display_bpm/displayvalue/Msub_ten_part_share0000_cy<10>)
     XORCY:CI->O           3   0.904   1.102  display_bpm/displayvalue/Msub_ten_part_share0000_xor<11> (display_bpm/displayvalue/ten_part_share0000<11>)
     LUT3:I1->O            9   0.551   1.463  display_bpm/displayvalue/ten_part<11>1 (display_bpm/displayvalue/ten_part<11>)
     LUT4:I0->O            1   0.551   0.000  display_bpm/displayvalue/Mcompar_decimal_part_cmp_ge0000_lut<6> (display_bpm/displayvalue/Mcompar_decimal_part_cmp_ge0000_lut<6>)
     MUXCY:S->O            1   0.500   0.000  display_bpm/displayvalue/Mcompar_decimal_part_cmp_ge0000_cy<6> (display_bpm/displayvalue/Mcompar_decimal_part_cmp_ge0000_cy<6>)
     MUXCY:CI->O           1   0.064   0.000  display_bpm/displayvalue/Mcompar_decimal_part_cmp_ge0000_cy<7> (display_bpm/displayvalue/Mcompar_decimal_part_cmp_ge0000_cy<7>)
     MUXCY:CI->O           9   0.303   1.463  display_bpm/displayvalue/Mcompar_decimal_part_cmp_ge0000_cy<8> (display_bpm/displayvalue/decimal_part_cmp_ge0000)
     LUT2:I0->O            2   0.551   1.072  display_bpm/displayvalue/ten_bit<3>1 (display_bpm/displayvalue/ten_bit<3>)
     LUT4:I1->O            2   0.551   0.945  display_bpm/displayvalue/ten_bit<1> (display_bpm/displayvalue/ten_bit<1>)
     LUT4:I2->O            1   0.551   0.000  display_bpm/displayvalue/Msub_decimal_part_share0000_lut<2> (display_bpm/displayvalue/Msub_decimal_part_share0000_lut<2>)
     MUXCY:S->O            1   0.500   0.000  display_bpm/displayvalue/Msub_decimal_part_share0000_cy<2> (display_bpm/displayvalue/Msub_decimal_part_share0000_cy<2>)
     MUXCY:CI->O           1   0.064   0.000  display_bpm/displayvalue/Msub_decimal_part_share0000_cy<3> (display_bpm/displayvalue/Msub_decimal_part_share0000_cy<3>)
     MUXCY:CI->O           1   0.064   0.000  display_bpm/displayvalue/Msub_decimal_part_share0000_cy<4> (display_bpm/displayvalue/Msub_decimal_part_share0000_cy<4>)
     MUXCY:CI->O           1   0.064   0.000  display_bpm/displayvalue/Msub_decimal_part_share0000_cy<5> (display_bpm/displayvalue/Msub_decimal_part_share0000_cy<5>)
     MUXCY:CI->O           1   0.064   0.000  display_bpm/displayvalue/Msub_decimal_part_share0000_cy<6> (display_bpm/displayvalue/Msub_decimal_part_share0000_cy<6>)
     MUXCY:CI->O           1   0.064   0.000  display_bpm/displayvalue/Msub_decimal_part_share0000_cy<7> (display_bpm/displayvalue/Msub_decimal_part_share0000_cy<7>)
     MUXCY:CI->O           1   0.064   0.000  display_bpm/displayvalue/Msub_decimal_part_share0000_cy<8> (display_bpm/displayvalue/Msub_decimal_part_share0000_cy<8>)
     MUXCY:CI->O           1   0.064   0.000  display_bpm/displayvalue/Msub_decimal_part_share0000_cy<9> (display_bpm/displayvalue/Msub_decimal_part_share0000_cy<9>)
     MUXCY:CI->O           1   0.064   0.000  display_bpm/displayvalue/Msub_decimal_part_share0000_cy<10> (display_bpm/displayvalue/Msub_decimal_part_share0000_cy<10>)
     MUXCY:CI->O           1   0.064   0.000  display_bpm/displayvalue/Msub_decimal_part_share0000_cy<11> (display_bpm/displayvalue/Msub_decimal_part_share0000_cy<11>)
     MUXCY:CI->O           1   0.064   0.000  display_bpm/displayvalue/Msub_decimal_part_share0000_cy<12> (display_bpm/displayvalue/Msub_decimal_part_share0000_cy<12>)
     MUXCY:CI->O           1   0.064   0.000  display_bpm/displayvalue/Msub_decimal_part_share0000_cy<13> (display_bpm/displayvalue/Msub_decimal_part_share0000_cy<13>)
     MUXCY:CI->O           1   0.064   0.000  display_bpm/displayvalue/Msub_decimal_part_share0000_cy<14> (display_bpm/displayvalue/Msub_decimal_part_share0000_cy<14>)
     MUXCY:CI->O           1   0.064   0.000  display_bpm/displayvalue/Msub_decimal_part_share0000_cy<15> (display_bpm/displayvalue/Msub_decimal_part_share0000_cy<15>)
     MUXCY:CI->O           1   0.064   0.000  display_bpm/displayvalue/Msub_decimal_part_share0000_cy<16> (display_bpm/displayvalue/Msub_decimal_part_share0000_cy<16>)
     MUXCY:CI->O           0   0.064   0.000  display_bpm/displayvalue/Msub_decimal_part_share0000_cy<17> (display_bpm/displayvalue/Msub_decimal_part_share0000_cy<17>)
     XORCY:CI->O           1   0.904   0.996  display_bpm/displayvalue/Msub_decimal_part_share0000_xor<18> (display_bpm/displayvalue/decimal_part_share0000<18>)
     LUT3:I1->O            1   0.551   0.000  display_bpm/displayvalue/digit_bit<0>1_wg_lut<14> (display_bpm/displayvalue/digit_bit<0>1_wg_lut<14>)
     MUXCY:S->O            3   0.739   0.975  display_bpm/displayvalue/digit_bit<0>1_wg_cy<14> (display_bpm/displayvalue/digit_bit<0>1_wg_cy<14>)
     LUT3:I2->O            1   0.551   0.996  display_bpm/displayvalue/digit_bit<1>1 (display_bpm/displayvalue/digit_bit<1>)
     LUT3:I1->O            1   0.551   0.000  display_bpm/displayvalue/display/Mmux_binary_41 (display_bpm/displayvalue/display/Mmux_binary_41)
     MUXF5:I0->O           7   0.360   1.405  display_bpm/displayvalue/display/Mmux_binary_2_f5_0 (display_bpm/displayvalue/display/binary<1>)
     LUT4:I0->O            1   0.551   0.801  display_bpm/displayvalue/display/binary_to_decimal/out_seg<2>1 (hex_2_OBUF)
     OBUF:I->O                 5.644          hex_2_OBUF (hex<2>)
    ----------------------------------------
    Total                     34.561ns (19.730ns logic, 14.831ns route)
                                       (57.1% logic, 42.9% route)

=========================================================================


Total REAL time to Xst completion: 15.00 secs
Total CPU time to Xst completion: 14.72 secs
 
--> 

Total memory usage is 255220 kilobytes

Number of errors   :    0 (   0 filtered)
Number of warnings :    6 (   0 filtered)
Number of infos    :    4 (   0 filtered)

