Release 14.7 Map P.20131013 (nt)
Xilinx Mapping Report File for Design 'beat_follower'

Design Information
------------------
Command Line   : map -intstyle ise -p xc3s400-ft256-4 -cm area -ir off -pr off
-c 100 -o beat_follower_map.ncd beat_follower.ngd beat_follower.pcf 
Target Device  : xc3s400
Target Package : ft256
Target Speed   : -4
Mapper Version : spartan3 -- $Revision: 1.55 $
Mapped Date    : Mon Oct 09 08:38:37 2017

Design Summary
--------------
Number of errors:      0
Number of warnings:    0
Logic Utilization:
  Number of Slice Flip Flops:           260 out of   7,168    3%
  Number of 4 input LUTs:               756 out of   7,168   10%
Logic Distribution:
  Number of occupied Slices:            582 out of   3,584   16%
    Number of Slices containing only related logic:     582 out of     582 100%
    Number of Slices containing unrelated logic:          0 out of     582   0%
      *See NOTES below for an explanation of the effects of unrelated logic.
  Total Number of 4 input LUTs:         980 out of   7,168   13%
    Number used as logic:               756
    Number used as a route-thru:        224

  The Slice Logic Distribution report is not meaningful if the design is
  over-mapped for a non-slice resource or if Placement fails.

  Number of bonded IOBs:                 49 out of     173   28%
  Number of MULT18X18s:                   2 out of      16   12%
  Number of BUFGMUXs:                     1 out of       8   12%

Average Fanout of Non-Clock Nets:                3.24

Peak Memory Usage:  215 MB
Total REAL time to MAP completion:  3 secs 
Total CPU time to MAP completion:   3 secs 

NOTES:

   Related logic is defined as being logic that shares connectivity - e.g. two
   LUTs are "related" if they share common inputs.  When assembling slices,
   Map gives priority to combine logic that is related.  Doing so results in
   the best timing performance.

   Unrelated logic shares no connectivity.  Map will only begin packing
   unrelated logic into a slice once 99% of the slices are occupied through
   related logic packing.

   Note that once logic distribution reaches the 99% level through related
   logic packing, this does not mean the device is completely utilized.
   Unrelated logic packing will then begin, continuing until all usable LUTs
   and FFs are occupied.  Depending on your timing budget, increased levels of
   unrelated logic packing may adversely affect the overall timing performance
   of your design.

Table of Contents
-----------------
Section 1 - Errors
Section 2 - Warnings
Section 3 - Informational
Section 4 - Removed Logic Summary
Section 5 - Removed Logic
Section 6 - IOB Properties
Section 7 - RPMs
Section 8 - Guide Report
Section 9 - Area Group and Partition Summary
Section 10 - Timing Report
Section 11 - Configuration String Information
Section 12 - Control Set Information
Section 13 - Utilization by Hierarchy

Section 1 - Errors
------------------

Section 2 - Warnings
--------------------

Section 3 - Informational
-------------------------
INFO:MapLib:562 - No environment variables are currently set.
INFO:LIT:244 - All of the single ended outputs in this design are using slew
   rate limited output drivers. The delay on speed critical single ended outputs
   can be dramatically reduced by designating them as fast outputs.

Section 4 - Removed Logic Summary
---------------------------------
   2 block(s) optimized away

Section 5 - Removed Logic
-------------------------

Optimized Block(s):
TYPE 		BLOCK
GND 		XST_GND
VCC 		XST_VCC

To enable printing of redundant blocks removed and signals merged, set the
detailed map report option and rerun map.

Section 6 - IOB Properties
--------------------------

+---------------------------------------------------------------------------------------------------------------------------------------------------------+
| IOB Name                           | Type             | Direction | IO Standard          | Diff  | Drive    | Slew | Reg (s)      | Resistor | IOB      |
|                                    |                  |           |                      | Term  | Strength | Rate |              |          | Delay    |
+---------------------------------------------------------------------------------------------------------------------------------------------------------+
| BR                                 | IOB              | OUTPUT    | LVCMOS25             |       | 12       | SLOW |              |          |          |
| RE                                 | IOB              | OUTPUT    | LVCMOS25             |       | 12       | SLOW |              |          |          |
| Resetn                             | IOB              | INPUT     | LVCMOS25             |       |          |      |              |          |          |
| ST                                 | IOB              | OUTPUT    | LVCMOS25             |       | 12       | SLOW |              |          |          |
| an<0>                              | IOB              | OUTPUT    | LVCMOS25             |       | 12       | SLOW |              |          |          |
| an<1>                              | IOB              | OUTPUT    | LVCMOS25             |       | 12       | SLOW |              |          |          |
| an<2>                              | IOB              | OUTPUT    | LVCMOS25             |       | 12       | SLOW |              |          |          |
| an<3>                              | IOB              | OUTPUT    | LVCMOS25             |       | 12       | SLOW |              |          |          |
| clk                                | IOB              | INPUT     | LVCMOS25             |       |          |      |              |          |          |
| echo                               | IOB              | INPUT     | LVCMOS25             |       |          |      |              |          |          |
| hex<0>                             | IOB              | OUTPUT    | LVCMOS25             |       | 12       | SLOW |              |          |          |
| hex<1>                             | IOB              | OUTPUT    | LVCMOS25             |       | 12       | SLOW |              |          |          |
| hex<2>                             | IOB              | OUTPUT    | LVCMOS25             |       | 12       | SLOW |              |          |          |
| hex<3>                             | IOB              | OUTPUT    | LVCMOS25             |       | 12       | SLOW |              |          |          |
| hex<4>                             | IOB              | OUTPUT    | LVCMOS25             |       | 12       | SLOW |              |          |          |
| hex<5>                             | IOB              | OUTPUT    | LVCMOS25             |       | 12       | SLOW |              |          |          |
| hex<6>                             | IOB              | OUTPUT    | LVCMOS25             |       | 12       | SLOW |              |          |          |
| led                                | IOB              | OUTPUT    | LVCMOS25             |       | 12       | SLOW |              |          |          |
| trigger                            | IOB              | OUTPUT    | LVCMOS25             |       | 12       | SLOW |              |          |          |
| twelfth_of_beat<0>                 | IOB              | OUTPUT    | LVCMOS25             |       | 12       | SLOW |              |          |          |
| twelfth_of_beat<1>                 | IOB              | OUTPUT    | LVCMOS25             |       | 12       | SLOW |              |          |          |
| twelfth_of_beat<2>                 | IOB              | OUTPUT    | LVCMOS25             |       | 12       | SLOW |              |          |          |
| twelfth_of_beat<3>                 | IOB              | OUTPUT    | LVCMOS25             |       | 12       | SLOW |              |          |          |
| twelfth_of_beat<4>                 | IOB              | OUTPUT    | LVCMOS25             |       | 12       | SLOW |              |          |          |
| twelfth_of_beat<5>                 | IOB              | OUTPUT    | LVCMOS25             |       | 12       | SLOW |              |          |          |
| twelfth_of_beat<6>                 | IOB              | OUTPUT    | LVCMOS25             |       | 12       | SLOW |              |          |          |
| twelfth_of_beat<7>                 | IOB              | OUTPUT    | LVCMOS25             |       | 12       | SLOW |              |          |          |
| twelfth_of_beat<8>                 | IOB              | OUTPUT    | LVCMOS25             |       | 12       | SLOW |              |          |          |
| twelfth_of_beat<9>                 | IOB              | OUTPUT    | LVCMOS25             |       | 12       | SLOW |              |          |          |
| twelfth_of_beat<10>                | IOB              | OUTPUT    | LVCMOS25             |       | 12       | SLOW |              |          |          |
| twelfth_of_beat<11>                | IOB              | OUTPUT    | LVCMOS25             |       | 12       | SLOW |              |          |          |
| twelfth_of_beat<12>                | IOB              | OUTPUT    | LVCMOS25             |       | 12       | SLOW |              |          |          |
| twelfth_of_beat<13>                | IOB              | OUTPUT    | LVCMOS25             |       | 12       | SLOW |              |          |          |
| twelfth_of_beat<14>                | IOB              | OUTPUT    | LVCMOS25             |       | 12       | SLOW |              |          |          |
| twelfth_of_beat<15>                | IOB              | OUTPUT    | LVCMOS25             |       | 12       | SLOW |              |          |          |
| twelfth_of_beat<16>                | IOB              | OUTPUT    | LVCMOS25             |       | 12       | SLOW |              |          |          |
| twelfth_of_beat<17>                | IOB              | OUTPUT    | LVCMOS25             |       | 12       | SLOW |              |          |          |
| twelfth_of_beat<18>                | IOB              | OUTPUT    | LVCMOS25             |       | 12       | SLOW |              |          |          |
| twelfth_of_beat<19>                | IOB              | OUTPUT    | LVCMOS25             |       | 12       | SLOW |              |          |          |
| twelfth_of_beat<20>                | IOB              | OUTPUT    | LVCMOS25             |       | 12       | SLOW |              |          |          |
| twelfth_of_beat<21>                | IOB              | OUTPUT    | LVCMOS25             |       | 12       | SLOW |              |          |          |
| twelfth_of_beat<22>                | IOB              | OUTPUT    | LVCMOS25             |       | 12       | SLOW |              |          |          |
| twelfth_of_beat<23>                | IOB              | OUTPUT    | LVCMOS25             |       | 12       | SLOW |              |          |          |
| twelfth_of_beat<24>                | IOB              | OUTPUT    | LVCMOS25             |       | 12       | SLOW |              |          |          |
| twelfth_of_beat<25>                | IOB              | OUTPUT    | LVCMOS25             |       | 12       | SLOW |              |          |          |
| twelfth_of_beat<26>                | IOB              | OUTPUT    | LVCMOS25             |       | 12       | SLOW |              |          |          |
| twelfth_of_beat<27>                | IOB              | OUTPUT    | LVCMOS25             |       | 12       | SLOW |              |          |          |
| twelfth_of_beat<28>                | IOB              | OUTPUT    | LVCMOS25             |       | 12       | SLOW |              |          |          |
| twelfth_of_beat<29>                | IOB              | OUTPUT    | LVCMOS25             |       | 12       | SLOW |              |          |          |
+---------------------------------------------------------------------------------------------------------------------------------------------------------+

Section 7 - RPMs
----------------

Section 8 - Guide Report
------------------------
Guide not run on this design.

Section 9 - Area Group and Partition Summary
--------------------------------------------

Partition Implementation Status
-------------------------------

  No Partitions were found in this design.

-------------------------------

Area Group Information
----------------------

  No area groups were found in this design.

----------------------

Section 10 - Timing Report
--------------------------
This design was not run using timing mode.

Section 11 - Configuration String Details
-----------------------------------------
Use the "-detail" map option to print out Configuration Strings

Section 12 - Control Set Information
------------------------------------
No control set information for this architecture.

Section 13 - Utilization by Hierarchy
-------------------------------------
Use the "-detail" map option to print out the Utilization by Hierarchy section.
