Release 14.7 - xst P.20131013 (nt)
Copyright (c) 1995-2013 Xilinx, Inc.  All rights reserved.
--> Parameter TMPDIR set to xst/projnav.tmp


Total REAL time to Xst completion: 1.00 secs
Total CPU time to Xst completion: 0.16 secs
 
--> Parameter xsthdpdir set to xst


Total REAL time to Xst completion: 1.00 secs
Total CPU time to Xst completion: 0.16 secs
 
--> Reading design: downloader.prj

TABLE OF CONTENTS
  1) Synthesis Options Summary
  2) HDL Compilation
  3) Design Hierarchy Analysis
  4) HDL Analysis
  5) HDL Synthesis
     5.1) HDL Synthesis Report
  6) Advanced HDL Synthesis
     6.1) Advanced HDL Synthesis Report
  7) Low Level Synthesis
  8) Partition Report
  9) Final Report
	9.1) Device utilization summary
	9.2) Partition Resource Summary
	9.3) TIMING REPORT


=========================================================================
*                      Synthesis Options Summary                        *
=========================================================================
---- Source Parameters
Input File Name                    : "downloader.prj"
Input Format                       : mixed
Ignore Synthesis Constraint File   : NO

---- Target Parameters
Output File Name                   : "downloader"
Output Format                      : NGC
Target Device                      : xc3s400-4-ft256

---- Source Options
Top Module Name                    : downloader
Automatic FSM Extraction           : YES
FSM Encoding Algorithm             : Auto
Safe Implementation                : No
FSM Style                          : LUT
RAM Extraction                     : Yes
RAM Style                          : Auto
ROM Extraction                     : Yes
Mux Style                          : Auto
Decoder Extraction                 : YES
Priority Encoder Extraction        : Yes
Shift Register Extraction          : YES
Logical Shifter Extraction         : YES
XOR Collapsing                     : YES
ROM Style                          : Auto
Mux Extraction                     : Yes
Resource Sharing                   : YES
Asynchronous To Synchronous        : NO
Multiplier Style                   : Auto
Automatic Register Balancing       : No

---- Target Options
Add IO Buffers                     : YES
Global Maximum Fanout              : 500
Add Generic Clock Buffer(BUFG)     : 8
Register Duplication               : YES
Slice Packing                      : YES
Optimize Instantiated Primitives   : NO
Use Clock Enable                   : Yes
Use Synchronous Set                : Yes
Use Synchronous Reset              : Yes
Pack IO Registers into IOBs        : Auto
Equivalent register Removal        : YES

---- General Options
Optimization Goal                  : Speed
Optimization Effort                : 1
Keep Hierarchy                     : No
Netlist Hierarchy                  : As_Optimized
RTL Output                         : Yes
Global Optimization                : AllClockNets
Read Cores                         : YES
Write Timing Constraints           : NO
Cross Clock Analysis               : NO
Hierarchy Separator                : /
Bus Delimiter                      : <>
Case Specifier                     : Maintain
Slice Utilization Ratio            : 100
BRAM Utilization Ratio             : 100
Verilog 2001                       : YES
Auto BRAM Packing                  : NO
Slice Utilization Ratio Delta      : 5

=========================================================================


=========================================================================
*                          HDL Compilation                              *
=========================================================================
Compiling vhdl file "//vmware-host/shared folders/Desktop/fpga_connection/dpimref/dpimref.vhd" in Library work.
Architecture behavioral of Entity dpimref is up to date.
Compiling vhdl file "//vmware-host/shared folders/Desktop/fpga_connection/dpimref/downloader.vhd" in Library work.
Entity <downloader> compiled.
Entity <downloader> (Architecture <behavioral>) compiled.

=========================================================================
*                     Design Hierarchy Analysis                         *
=========================================================================
Analyzing hierarchy for entity <downloader> in library <work> (architecture <behavioral>).

Analyzing hierarchy for entity <dpimref> in library <work> (architecture <behavioral>).


=========================================================================
*                            HDL Analysis                               *
=========================================================================
Analyzing Entity <downloader> in library <work> (Architecture <behavioral>).
Entity <downloader> analyzed. Unit <downloader> generated.

Analyzing Entity <dpimref> in library <work> (Architecture <behavioral>).
Entity <dpimref> analyzed. Unit <dpimref> generated.


=========================================================================
*                           HDL Synthesis                               *
=========================================================================

Performing bidirectional port resolution...

Synthesizing Unit <dpimref>.
    Related source file is "//vmware-host/shared folders/Desktop/fpga_connection/dpimref/dpimref.vhd".
    Register <regData1> equivalent to <data_output> has been removed
    Found finite state machine <FSM_0> for signal <stEppCur>.
    -----------------------------------------------------------------------
    | States             | 9                                              |
    | Transitions        | 17                                             |
    | Inputs             | 3                                              |
    | Outputs            | 8                                              |
    | Clock              | clkMain                   (rising_edge)        |
    | Power Up State     | 00000000                                       |
    | Encoding           | automatic                                      |
    | Implementation     | LUT                                            |
    -----------------------------------------------------------------------
    Found 8-bit tristate buffer for signal <DB>.
    Found 1-bit register for signal <ready>.
    Found 8-bit register for signal <data_output>.
    Found 8-bit register for signal <regData0>.
    Found 8-bit register for signal <regData2>.
    Found 8-bit register for signal <regData3>.
    Found 8-bit register for signal <regData4>.
    Found 8-bit register for signal <regData5>.
    Found 8-bit register for signal <regData6>.
    Found 8-bit register for signal <regData7>.
    Found 4-bit register for signal <regEppAdr>.
    Summary:
	inferred   1 Finite State Machine(s).
	inferred  69 D-type flip-flop(s).
	inferred   8 Tristate(s).
Unit <dpimref> synthesized.


Synthesizing Unit <downloader>.
    Related source file is "//vmware-host/shared folders/Desktop/fpga_connection/dpimref/downloader.vhd".
WARNING:Xst:1306 - Output <ram_data> is never assigned.
WARNING:Xst:1306 - Output <LED<7:4>> is never assigned.
WARNING:Xst:646 - Signal <epp_data_input<7:4>> is assigned but never used. This unconnected signal will be trimmed during the optimization process.
WARNING:Xst:653 - Signal <EppWaitSig> is used but never assigned. This sourceless signal will be automatically connected to value 0.
Unit <downloader> synthesized.


=========================================================================
HDL Synthesis Report

Macro Statistics
# Registers                                            : 10
 1-bit register                                        : 1
 4-bit register                                        : 1
 8-bit register                                        : 8
# Tristates                                            : 1
 8-bit tristate buffer                                 : 1

=========================================================================

=========================================================================
*                       Advanced HDL Synthesis                          *
=========================================================================

Analyzing FSM <FSM_0> for best encoding.
Optimizing FSM <EPP/stEppCur/FSM> on signal <stEppCur[1:4]> with gray encoding.
----------------------
 State    | Encoding
----------------------
 00000000 | 0000
 00010100 | 0001
 00110010 | 0011
 01011000 | 0010
 01110010 | 0110
 00100001 | 0111
 01000011 | 0101
 01100001 | 0100
 10000011 | 1100
----------------------

=========================================================================
Advanced HDL Synthesis Report

Macro Statistics
# FSMs                                                 : 1
# Registers                                            : 69
 Flip-Flops                                            : 69

=========================================================================

=========================================================================
*                         Low Level Synthesis                           *
=========================================================================
WARNING:Xst:2677 - Node <EPP/ready> of sequential type is unconnected in block <downloader>.

Optimizing unit <downloader> ...

Mapping all equations...
Building and optimizing final netlist ...
Found area constraint ratio of 100 (+ 5) on block downloader, actual ratio is 1.
FlipFlop EPP/regEppAdr_0 has been replicated 1 time(s)
FlipFlop EPP/regEppAdr_1 has been replicated 1 time(s)

Final Macro Processing ...

=========================================================================
Final Register Report

Macro Statistics
# Registers                                            : 74
 Flip-Flops                                            : 74

=========================================================================

=========================================================================
*                           Partition Report                            *
=========================================================================

Partition Implementation Status
-------------------------------

  No Partitions were found in this design.

-------------------------------

=========================================================================
*                            Final Report                               *
=========================================================================
Final Results
RTL Top Level Output File Name     : downloader.ngr
Top Level Output File Name         : downloader
Output Format                      : NGC
Optimization Goal                  : Speed
Keep Hierarchy                     : No

Design Statistics
# IOs                              : 38

Cell Usage :
# BELS                             : 86
#      GND                         : 1
#      LUT2                        : 6
#      LUT2_L                      : 1
#      LUT3                        : 6
#      LUT4                        : 57
#      LUT4_L                      : 10
#      MUXF5                       : 4
#      VCC                         : 1
# FlipFlops/Latches                : 74
#      FD                          : 3
#      FDE                         : 70
#      FDS                         : 1
# Clock Buffers                    : 1
#      BUFGP                       : 1
# IO Buffers                       : 17
#      IBUF                        : 3
#      IOBUF                       : 8
#      OBUF                        : 6
=========================================================================

Device utilization summary:
---------------------------

Selected Device : 3s400ft256-4 

 Number of Slices:                       56  out of   3584     1%  
 Number of Slice Flip Flops:             74  out of   7168     1%  
 Number of 4 input LUTs:                 80  out of   7168     1%  
 Number of IOs:                          38
 Number of bonded IOBs:                  18  out of    173    10%  
 Number of GCLKs:                         1  out of      8    12%  

---------------------------
Partition Resource Summary:
---------------------------

  No Partitions were found in this design.

---------------------------


=========================================================================
TIMING REPORT

NOTE: THESE TIMING NUMBERS ARE ONLY A SYNTHESIS ESTIMATE.
      FOR ACCURATE TIMING INFORMATION PLEASE REFER TO THE TRACE REPORT
      GENERATED AFTER PLACE-and-ROUTE.

Clock Information:
------------------
-----------------------------------+------------------------+-------+
Clock Signal                       | Clock buffer(FF name)  | Load  |
-----------------------------------+------------------------+-------+
clk                                | BUFGP                  | 74    |
-----------------------------------+------------------------+-------+

Asynchronous Control Signals Information:
----------------------------------------
No asynchronous control signals found in this design

Timing Summary:
---------------
Speed Grade: -4

   Minimum period: 5.109ns (Maximum Frequency: 195.733MHz)
   Minimum input arrival time before clock: 5.079ns
   Maximum output required time after clock: 14.509ns
   Maximum combinational path delay: 9.326ns

Timing Detail:
--------------
All values displayed in nanoseconds (ns)

=========================================================================
Timing constraint: Default period analysis for Clock 'clk'
  Clock period: 5.109ns (frequency: 195.733MHz)
  Total number of paths / destination ports: 484 / 75
-------------------------------------------------------------------------
Delay:               5.109ns (Levels of Logic = 2)
  Source:            EPP/regEppAdr_2 (FF)
  Destination:       EPP/data_output_7 (FF)
  Source Clock:      clk rising
  Destination Clock: clk rising

  Data Path: EPP/regEppAdr_2 to EPP/data_output_7
                                Gate     Net
    Cell:in->out      fanout   Delay   Delay  Logical Name (Net Name)
    ----------------------------------------  ------------
     FDE:C->Q             19   0.720   1.476  EPP/regEppAdr_2 (EPP/regEppAdr_2)
     LUT4_L:I3->LO         1   0.551   0.126  EPP/regData7_and00001_SW0 (N60)
     LUT4:I3->O            8   0.551   1.083  EPP/regData7_and00001 (EPP/regData7_and0000)
     FDE:CE                    0.602          EPP/regData7_0
    ----------------------------------------
    Total                      5.109ns (2.424ns logic, 2.685ns route)
                                       (47.4% logic, 52.6% route)

=========================================================================
Timing constraint: Default OFFSET IN BEFORE for Clock 'clk'
  Total number of paths / destination ports: 80 / 75
-------------------------------------------------------------------------
Offset:              5.079ns (Levels of Logic = 4)
  Source:            EppASTB (PAD)
  Destination:       EPP/stEppCur_FSM_FFd2 (FF)
  Destination Clock: clk rising

  Data Path: EppASTB to EPP/stEppCur_FSM_FFd2
                                Gate     Net
    Cell:in->out      fanout   Delay   Delay  Logical Name (Net Name)
    ----------------------------------------  ------------
     IBUF:I->O            13   0.821   1.365  EppASTB_IBUF (EppASTB_IBUF)
     LUT2:I1->O            1   0.551   0.869  EPP/stEppCur_FSM_FFd2-In19 (EPP/stEppCur_FSM_FFd2-In19)
     LUT4_L:I2->LO         1   0.551   0.168  EPP/stEppCur_FSM_FFd2-In29 (EPP/stEppCur_FSM_FFd2-In29)
     LUT4:I2->O            1   0.551   0.000  EPP/stEppCur_FSM_FFd2-In451 (EPP/stEppCur_FSM_FFd2-In45)
     FDS:D                     0.203          EPP/stEppCur_FSM_FFd2
    ----------------------------------------
    Total                      5.079ns (2.677ns logic, 2.402ns route)
                                       (52.7% logic, 47.3% route)

=========================================================================
Timing constraint: Default OFFSET OUT AFTER for Clock 'clk'
  Total number of paths / destination ports: 207 / 13
-------------------------------------------------------------------------
Offset:              14.509ns (Levels of Logic = 5)
  Source:            EPP/regEppAdr_2 (FF)
  Destination:       PDB<2> (PAD)
  Source Clock:      clk rising

  Data Path: EPP/regEppAdr_2 to PDB<2>
                                Gate     Net
    Cell:in->out      fanout   Delay   Delay  Logical Name (Net Name)
    ----------------------------------------  ------------
     FDE:C->Q             19   0.720   1.789  EPP/regEppAdr_2 (EPP/regEppAdr_2)
     LUT2:I0->O            6   0.551   1.342  EPP/busEppData_cmp_eq000411 (N20)
     LUT4:I0->O            1   0.551   1.140  EPP/busEppOut<2>21 (EPP/busEppOut<2>21)
     LUT4:I0->O            1   0.551   0.869  EPP/busEppOut<2>60_SW0 (N80)
     LUT4:I2->O            1   0.551   0.801  EPP/busEppOut<2>60 (EPP/busEppOut<2>)
     IOBUF:I->IO               5.644          PDB_2_IOBUF (PDB<2>)
    ----------------------------------------
    Total                     14.509ns (8.568ns logic, 5.941ns route)
                                       (59.1% logic, 40.9% route)

=========================================================================
Timing constraint: Default path analysis
  Total number of paths / destination ports: 16 / 8
-------------------------------------------------------------------------
Delay:               9.326ns (Levels of Logic = 3)
  Source:            EppASTB (PAD)
  Destination:       PDB<2> (PAD)

  Data Path: EppASTB to PDB<2>
                                Gate     Net
    Cell:in->out      fanout   Delay   Delay  Logical Name (Net Name)
    ----------------------------------------  ------------
     IBUF:I->O            13   0.821   1.509  EppASTB_IBUF (EppASTB_IBUF)
     LUT4:I0->O            1   0.551   0.801  EPP/busEppOut<0>81 (EPP/busEppOut<0>)
     IOBUF:I->IO               5.644          PDB_0_IOBUF (PDB<0>)
    ----------------------------------------
    Total                      9.326ns (7.016ns logic, 2.310ns route)
                                       (75.2% logic, 24.8% route)

=========================================================================


Total REAL time to Xst completion: 4.00 secs
Total CPU time to Xst completion: 3.82 secs
 
--> 

Total memory usage is 204052 kilobytes

Number of errors   :    0 (   0 filtered)
Number of warnings :    5 (   0 filtered)
Number of infos    :    0 (   0 filtered)

