Release 14.7 - xst P.20131013 (nt)
Copyright (c) 1995-2013 Xilinx, Inc.  All rights reserved.
--> Parameter TMPDIR set to xst/projnav.tmp


Total REAL time to Xst completion: 0.00 secs
Total CPU time to Xst completion: 0.11 secs
 
--> Parameter xsthdpdir set to xst


Total REAL time to Xst completion: 0.00 secs
Total CPU time to Xst completion: 0.11 secs
 
--> Reading design: dpimref.prj

TABLE OF CONTENTS
  1) Synthesis Options Summary
  2) HDL Compilation
  3) Design Hierarchy Analysis
  4) HDL Analysis
  5) HDL Synthesis
     5.1) HDL Synthesis Report
  6) Advanced HDL Synthesis
     6.1) Advanced HDL Synthesis Report
  7) Low Level Synthesis
  8) Partition Report
  9) Final Report
	9.1) Device utilization summary
	9.2) Partition Resource Summary
	9.3) TIMING REPORT


=========================================================================
*                      Synthesis Options Summary                        *
=========================================================================
---- Source Parameters
Input File Name                    : "dpimref.prj"
Input Format                       : mixed
Ignore Synthesis Constraint File   : NO

---- Target Parameters
Output File Name                   : "dpimref"
Output Format                      : NGC
Target Device                      : xc3s400-4-ft256

---- Source Options
Top Module Name                    : dpimref
Automatic FSM Extraction           : YES
FSM Encoding Algorithm             : Auto
Safe Implementation                : No
FSM Style                          : LUT
RAM Extraction                     : Yes
RAM Style                          : Auto
ROM Extraction                     : Yes
Mux Style                          : Auto
Decoder Extraction                 : YES
Priority Encoder Extraction        : Yes
Shift Register Extraction          : YES
Logical Shifter Extraction         : YES
XOR Collapsing                     : YES
ROM Style                          : Auto
Mux Extraction                     : Yes
Resource Sharing                   : YES
Asynchronous To Synchronous        : NO
Multiplier Style                   : Auto
Automatic Register Balancing       : No

---- Target Options
Add IO Buffers                     : YES
Global Maximum Fanout              : 500
Add Generic Clock Buffer(BUFG)     : 8
Register Duplication               : YES
Slice Packing                      : YES
Optimize Instantiated Primitives   : NO
Use Clock Enable                   : Yes
Use Synchronous Set                : Yes
Use Synchronous Reset              : Yes
Pack IO Registers into IOBs        : Auto
Equivalent register Removal        : YES

---- General Options
Optimization Goal                  : Speed
Optimization Effort                : 1
Keep Hierarchy                     : No
Netlist Hierarchy                  : As_Optimized
RTL Output                         : Yes
Global Optimization                : AllClockNets
Read Cores                         : YES
Write Timing Constraints           : NO
Cross Clock Analysis               : NO
Hierarchy Separator                : /
Bus Delimiter                      : <>
Case Specifier                     : Maintain
Slice Utilization Ratio            : 100
BRAM Utilization Ratio             : 100
Verilog 2001                       : YES
Auto BRAM Packing                  : NO
Slice Utilization Ratio Delta      : 5

=========================================================================


=========================================================================
*                          HDL Compilation                              *
=========================================================================
Compiling vhdl file "//vmware-host/shared folders/Desktop/fpga_connection/dpimref/dpimref.vhd" in Library work.
Entity <dpimref> compiled.
Entity <dpimref> (Architecture <Behavioral>) compiled.

=========================================================================
*                     Design Hierarchy Analysis                         *
=========================================================================
Analyzing hierarchy for entity <dpimref> in library <work> (architecture <Behavioral>).


=========================================================================
*                            HDL Analysis                               *
=========================================================================
Analyzing Entity <dpimref> in library <work> (Architecture <Behavioral>).
Entity <dpimref> analyzed. Unit <dpimref> generated.


=========================================================================
*                           HDL Synthesis                               *
=========================================================================

Performing bidirectional port resolution...

Synthesizing Unit <dpimref>.
    Related source file is "//vmware-host/shared folders/Desktop/fpga_connection/dpimref/dpimref.vhd".
    Register <regData1> equivalent to <data_output> has been removed
    Found finite state machine <FSM_0> for signal <stEppCur>.
    -----------------------------------------------------------------------
    | States             | 9                                              |
    | Transitions        | 17                                             |
    | Inputs             | 3                                              |
    | Outputs            | 8                                              |
    | Clock              | clkMain                   (rising_edge)        |
    | Power Up State     | 00000000                                       |
    | Encoding           | automatic                                      |
    | Implementation     | LUT                                            |
    -----------------------------------------------------------------------
    Found 8-bit tristate buffer for signal <DB>.
    Found 1-bit register for signal <ready>.
    Found 8-bit register for signal <data_output>.
    Found 8-bit register for signal <regData0>.
    Found 8-bit register for signal <regData2>.
    Found 8-bit register for signal <regData3>.
    Found 8-bit register for signal <regData4>.
    Found 8-bit register for signal <regData5>.
    Found 8-bit register for signal <regData6>.
    Found 8-bit register for signal <regData7>.
    Found 4-bit register for signal <regEppAdr>.
    Summary:
	inferred   1 Finite State Machine(s).
	inferred  69 D-type flip-flop(s).
	inferred   8 Tristate(s).
Unit <dpimref> synthesized.


=========================================================================
HDL Synthesis Report

Macro Statistics
# Registers                                            : 10
 1-bit register                                        : 1
 4-bit register                                        : 1
 8-bit register                                        : 8
# Tristates                                            : 1
 8-bit tristate buffer                                 : 1

=========================================================================

=========================================================================
*                       Advanced HDL Synthesis                          *
=========================================================================

Analyzing FSM <FSM_0> for best encoding.
Optimizing FSM <stEppCur/FSM> on signal <stEppCur[1:4]> with gray encoding.
----------------------
 State    | Encoding
----------------------
 00000000 | 0000
 00010100 | 0001
 00110010 | 0011
 01011000 | 0010
 01110010 | 0110
 00100001 | 0111
 01000011 | 0101
 01100001 | 0100
 10000011 | 1100
----------------------

=========================================================================
Advanced HDL Synthesis Report

Macro Statistics
# FSMs                                                 : 1
# Registers                                            : 69
 Flip-Flops                                            : 69

=========================================================================

=========================================================================
*                         Low Level Synthesis                           *
=========================================================================

Optimizing unit <dpimref> ...

Mapping all equations...
Building and optimizing final netlist ...
Found area constraint ratio of 100 (+ 5) on block dpimref, actual ratio is 1.
FlipFlop regEppAdr_1 has been replicated 1 time(s)
FlipFlop regEppAdr_2 has been replicated 1 time(s)

Final Macro Processing ...

=========================================================================
Final Register Report

Macro Statistics
# Registers                                            : 75
 Flip-Flops                                            : 75

=========================================================================

=========================================================================
*                           Partition Report                            *
=========================================================================

Partition Implementation Status
-------------------------------

  No Partitions were found in this design.

-------------------------------

=========================================================================
*                            Final Report                               *
=========================================================================
Final Results
RTL Top Level Output File Name     : dpimref.ngr
Top Level Output File Name         : dpimref
Output Format                      : NGC
Optimization Goal                  : Speed
Keep Hierarchy                     : No

Design Statistics
# IOs                              : 22

Cell Usage :
# BELS                             : 86
#      LUT2                        : 1
#      LUT2_L                      : 1
#      LUT3                        : 14
#      LUT4                        : 60
#      LUT4_D                      : 2
#      LUT4_L                      : 2
#      MUXF5                       : 5
#      VCC                         : 1
# FlipFlops/Latches                : 75
#      FD                          : 3
#      FDE                         : 70
#      FDR                         : 1
#      FDS                         : 1
# Clock Buffers                    : 1
#      BUFGP                       : 1
# IO Buffers                       : 21
#      IBUF                        : 3
#      IOBUF                       : 8
#      OBUF                        : 10
=========================================================================

Device utilization summary:
---------------------------

Selected Device : 3s400ft256-4 

 Number of Slices:                       54  out of   3584     1%  
 Number of Slice Flip Flops:             75  out of   7168     1%  
 Number of 4 input LUTs:                 80  out of   7168     1%  
 Number of IOs:                          22
 Number of bonded IOBs:                  22  out of    173    12%  
 Number of GCLKs:                         1  out of      8    12%  

---------------------------
Partition Resource Summary:
---------------------------

  No Partitions were found in this design.

---------------------------


=========================================================================
TIMING REPORT

NOTE: THESE TIMING NUMBERS ARE ONLY A SYNTHESIS ESTIMATE.
      FOR ACCURATE TIMING INFORMATION PLEASE REFER TO THE TRACE REPORT
      GENERATED AFTER PLACE-and-ROUTE.

Clock Information:
------------------
-----------------------------------+------------------------+-------+
Clock Signal                       | Clock buffer(FF name)  | Load  |
-----------------------------------+------------------------+-------+
clk                                | BUFGP                  | 75    |
-----------------------------------+------------------------+-------+

Asynchronous Control Signals Information:
----------------------------------------
No asynchronous control signals found in this design

Timing Summary:
---------------
Speed Grade: -4

   Minimum period: 5.897ns (Maximum Frequency: 169.578MHz)
   Minimum input arrival time before clock: 5.256ns
   Maximum output required time after clock: 14.830ns
   Maximum combinational path delay: 9.687ns

Timing Detail:
--------------
All values displayed in nanoseconds (ns)

=========================================================================
Timing constraint: Default period analysis for Clock 'clk'
  Clock period: 5.897ns (frequency: 169.578MHz)
  Total number of paths / destination ports: 493 / 76
-------------------------------------------------------------------------
Delay:               5.897ns (Levels of Logic = 2)
  Source:            stEppCur_FSM_FFd3 (FF)
  Destination:       regData3_0 (FF)
  Source Clock:      clk rising
  Destination Clock: clk rising

  Data Path: stEppCur_FSM_FFd3 to regData3_0
                                Gate     Net
    Cell:in->out      fanout   Delay   Delay  Logical Name (Net Name)
    ----------------------------------------  ------------
     FD:C->Q              12   0.720   1.457  stEppCur_FSM_FFd3 (stEppCur_FSM_FFd3)
     LUT4_D:I0->O          3   0.551   0.933  regData5_and00001_SW0 (N64)
     LUT4:I3->O            8   0.551   1.083  data_output_and00002 (data_output_and0000)
     FDE:CE                    0.602          data_output_0
    ----------------------------------------
    Total                      5.897ns (2.424ns logic, 3.473ns route)
                                       (41.1% logic, 58.9% route)

=========================================================================
Timing constraint: Default OFFSET IN BEFORE for Clock 'clk'
  Total number of paths / destination ports: 79 / 75
-------------------------------------------------------------------------
Offset:              5.256ns (Levels of Logic = 4)
  Source:            EppASTB (PAD)
  Destination:       stEppCur_FSM_FFd2 (FF)
  Destination Clock: clk rising

  Data Path: EppASTB to stEppCur_FSM_FFd2
                                Gate     Net
    Cell:in->out      fanout   Delay   Delay  Logical Name (Net Name)
    ----------------------------------------  ------------
     IBUF:I->O            12   0.821   1.313  EppASTB_IBUF (EppASTB_IBUF)
     LUT2:I1->O            1   0.551   1.140  stEppCur_FSM_FFd2-In19 (stEppCur_FSM_FFd2-In19)
     LUT4_L:I0->LO         1   0.551   0.126  stEppCur_FSM_FFd2-In29 (stEppCur_FSM_FFd2-In29)
     LUT4:I3->O            1   0.551   0.000  stEppCur_FSM_FFd2-In451 (stEppCur_FSM_FFd2-In45)
     FDS:D                     0.203          stEppCur_FSM_FFd2
    ----------------------------------------
    Total                      5.256ns (2.677ns logic, 2.579ns route)
                                       (50.9% logic, 49.1% route)

=========================================================================
Timing constraint: Default OFFSET OUT AFTER for Clock 'clk'
  Total number of paths / destination ports: 308 / 18
-------------------------------------------------------------------------
Offset:              14.830ns (Levels of Logic = 5)
  Source:            regEppAdr_2 (FF)
  Destination:       DB<7> (PAD)
  Source Clock:      clk rising

  Data Path: regEppAdr_2 to DB<7>
                                Gate     Net
    Cell:in->out      fanout   Delay   Delay  Logical Name (Net Name)
    ----------------------------------------  ------------
     FDE:C->Q             25   0.720   2.152  regEppAdr_2 (regEppAdr_2)
     LUT3:I0->O            6   0.551   1.342  busEppData_cmp_eq00051 (busEppData_cmp_eq0005)
     LUT4:I0->O            1   0.551   1.140  busEppOut<7>26 (busEppOut<7>26)
     LUT3:I0->O            1   0.551   0.827  busEppOut<7>47_SW0 (N92)
     LUT4:I3->O            1   0.551   0.801  busEppOut<7>47 (busEppOut<7>)
     IOBUF:I->IO               5.644          DB_7_IOBUF (DB<7>)
    ----------------------------------------
    Total                     14.830ns (8.568ns logic, 6.262ns route)
                                       (57.8% logic, 42.2% route)

=========================================================================
Timing constraint: Default path analysis
  Total number of paths / destination ports: 24 / 8
-------------------------------------------------------------------------
Delay:               9.687ns (Levels of Logic = 4)
  Source:            EppWRITE (PAD)
  Destination:       DB<7> (PAD)

  Data Path: EppWRITE to DB<7>
                                Gate     Net
    Cell:in->out      fanout   Delay   Delay  Logical Name (Net Name)
    ----------------------------------------  ------------
     IBUF:I->O             4   0.821   0.985  EppWRITE_IBUF (EppWRITE_IBUF)
     LUT4:I2->O            1   0.551   0.000  DB_and0000_inv2 (DB_and0000_inv2)
     MUXF5:I0->O           8   0.360   1.083  DB_and0000_inv_f5 (DB_and0000_inv)
     IOBUF:T->IO               5.887          DB_7_IOBUF (DB<7>)
    ----------------------------------------
    Total                      9.687ns (7.619ns logic, 2.068ns route)
                                       (78.7% logic, 21.3% route)

=========================================================================


Total REAL time to Xst completion: 3.00 secs
Total CPU time to Xst completion: 3.73 secs
 
--> 

Total memory usage is 204180 kilobytes

Number of errors   :    0 (   0 filtered)
Number of warnings :    0 (   0 filtered)
Number of infos    :    0 (   0 filtered)

