Release 14.7 - xst P.20131013 (nt64)
Copyright (c) 1995-2013 Xilinx, Inc.  All rights reserved.
--> Parameter TMPDIR set to xst/projnav.tmp


Total REAL time to Xst completion: 1.00 secs
Total CPU time to Xst completion: 0.10 secs
 
--> Parameter xsthdpdir set to xst


Total REAL time to Xst completion: 1.00 secs
Total CPU time to Xst completion: 0.10 secs
 
--> Reading design: triangle_wave_notes.prj

TABLE OF CONTENTS
  1) Synthesis Options Summary
  2) HDL Compilation
  3) Design Hierarchy Analysis
  4) HDL Analysis
  5) HDL Synthesis
     5.1) HDL Synthesis Report
  6) Advanced HDL Synthesis
     6.1) Advanced HDL Synthesis Report
  7) Low Level Synthesis
  8) Partition Report
  9) Final Report
	9.1) Device utilization summary
	9.2) Partition Resource Summary
	9.3) TIMING REPORT


=========================================================================
*                      Synthesis Options Summary                        *
=========================================================================
---- Source Parameters
Input File Name                    : "triangle_wave_notes.prj"
Input Format                       : mixed
Ignore Synthesis Constraint File   : NO

---- Target Parameters
Output File Name                   : "triangle_wave_notes"
Output Format                      : NGC
Target Device                      : xc3s400-4-ft256

---- Source Options
Top Module Name                    : triangle_wave_notes
Automatic FSM Extraction           : YES
FSM Encoding Algorithm             : Auto
Safe Implementation                : No
FSM Style                          : LUT
RAM Extraction                     : Yes
RAM Style                          : Auto
ROM Extraction                     : Yes
Mux Style                          : Auto
Decoder Extraction                 : YES
Priority Encoder Extraction        : Yes
Shift Register Extraction          : YES
Logical Shifter Extraction         : YES
XOR Collapsing                     : YES
ROM Style                          : Auto
Mux Extraction                     : Yes
Resource Sharing                   : YES
Asynchronous To Synchronous        : NO
Multiplier Style                   : Auto
Automatic Register Balancing       : No

---- Target Options
Add IO Buffers                     : YES
Global Maximum Fanout              : 100000
Add Generic Clock Buffer(BUFG)     : 8
Register Duplication               : YES
Slice Packing                      : YES
Optimize Instantiated Primitives   : NO
Use Clock Enable                   : Yes
Use Synchronous Set                : Yes
Use Synchronous Reset              : Yes
Pack IO Registers into IOBs        : Auto
Equivalent register Removal        : YES

---- General Options
Optimization Goal                  : Speed
Optimization Effort                : 1
Keep Hierarchy                     : No
Netlist Hierarchy                  : As_Optimized
RTL Output                         : Yes
Global Optimization                : AllClockNets
Read Cores                         : YES
Write Timing Constraints           : NO
Cross Clock Analysis               : NO
Hierarchy Separator                : /
Bus Delimiter                      : <>
Case Specifier                     : Maintain
Slice Utilization Ratio            : 100
BRAM Utilization Ratio             : 100
Verilog 2001                       : YES
Auto BRAM Packing                  : NO
Slice Utilization Ratio Delta      : 5

---- Other Options
Cores Search Directories           : {"ipcore_dir"  }

=========================================================================


=========================================================================
*                          HDL Compilation                              *
=========================================================================
Compiling vhdl file "C:/Users/Ryan/OneDrive - UNSW/Documents/2017 Semester 2/COMP3601 - Desgin Project A/Git Repositry/ISE Projects/triangle_wave_notes/triangle_wave_notes.vhd" in Library work.
Entity <triangle_wave_notes> compiled.
Entity <triangle_wave_notes> (Architecture <behavioral>) compiled.

=========================================================================
*                     Design Hierarchy Analysis                         *
=========================================================================
Analyzing hierarchy for entity <triangle_wave_notes> in library <work> (architecture <behavioral>).


=========================================================================
*                            HDL Analysis                               *
=========================================================================
Analyzing Entity <triangle_wave_notes> in library <work> (Architecture <behavioral>).
Entity <triangle_wave_notes> analyzed. Unit <triangle_wave_notes> generated.


=========================================================================
*                           HDL Synthesis                               *
=========================================================================

Performing bidirectional port resolution...

Synthesizing Unit <triangle_wave_notes>.
    Related source file is "C:/Users/Ryan/OneDrive - UNSW/Documents/2017 Semester 2/COMP3601 - Desgin Project A/Git Repositry/ISE Projects/triangle_wave_notes/triangle_wave_notes.vhd".
    Found 32-bit register for signal <note_cc>.
    Found 18-bit up counter for signal <note_partial>.
    Found 1-bit register for signal <pulse>.
    Found 10-bit comparator equal for signal <pulse$cmp_eq0000> created at line 74.
    Found 10-bit up counter for signal <pwm_block_partial>.
    Found 10-bit register for signal <pwm_cc>.
    Found 32-bit adder for signal <pwm_cc$add0000>.
    Found 10-bit adder for signal <pwm_cc$addsub0000>.
    Found 4-bit up counter for signal <second_count>.
    Found 27-bit up counter for signal <second_partial>.
    Found 2-bit register for signal <square_wave>.
    Found 32-bit subtractor for signal <square_wave$addsub0000> created at line 61.
    Found 32-bit comparator equal for signal <square_wave$cmp_eq0000> created at line 61.
    Found 2-bit adder for signal <square_wave$sub0000> created at line 63.
    Summary:
	inferred   4 Counter(s).
	inferred  45 D-type flip-flop(s).
	inferred   4 Adder/Subtractor(s).
	inferred   2 Comparator(s).
Unit <triangle_wave_notes> synthesized.


=========================================================================
HDL Synthesis Report

Macro Statistics
# Adders/Subtractors                                   : 3
 10-bit adder                                          : 1
 32-bit adder                                          : 1
 32-bit subtractor                                     : 1
# Counters                                             : 4
 10-bit up counter                                     : 1
 18-bit up counter                                     : 1
 27-bit up counter                                     : 1
 4-bit up counter                                      : 1
# Registers                                            : 34
 1-bit register                                        : 33
 10-bit register                                       : 1
# Comparators                                          : 2
 10-bit comparator equal                               : 1
 32-bit comparator equal                               : 1

=========================================================================

=========================================================================
*                       Advanced HDL Synthesis                          *
=========================================================================

WARNING:Xst:1293 - FF/Latch <note_cc_29> has a constant value of 0 in block <triangle_wave_notes>. This FF/Latch will be trimmed during the optimization process.
WARNING:Xst:1896 - Due to other FF/Latch trimming, FF/Latch <note_cc_31> has a constant value of 0 in block <triangle_wave_notes>. This FF/Latch will be trimmed during the optimization process.
WARNING:Xst:1896 - Due to other FF/Latch trimming, FF/Latch <note_cc_30> has a constant value of 0 in block <triangle_wave_notes>. This FF/Latch will be trimmed during the optimization process.
WARNING:Xst:1896 - Due to other FF/Latch trimming, FF/Latch <note_cc_28> has a constant value of 0 in block <triangle_wave_notes>. This FF/Latch will be trimmed during the optimization process.
WARNING:Xst:1896 - Due to other FF/Latch trimming, FF/Latch <note_cc_27> has a constant value of 0 in block <triangle_wave_notes>. This FF/Latch will be trimmed during the optimization process.
WARNING:Xst:1896 - Due to other FF/Latch trimming, FF/Latch <note_cc_24> has a constant value of 0 in block <triangle_wave_notes>. This FF/Latch will be trimmed during the optimization process.
WARNING:Xst:1896 - Due to other FF/Latch trimming, FF/Latch <note_cc_26> has a constant value of 0 in block <triangle_wave_notes>. This FF/Latch will be trimmed during the optimization process.
WARNING:Xst:1896 - Due to other FF/Latch trimming, FF/Latch <note_cc_25> has a constant value of 0 in block <triangle_wave_notes>. This FF/Latch will be trimmed during the optimization process.
WARNING:Xst:1896 - Due to other FF/Latch trimming, FF/Latch <note_cc_23> has a constant value of 0 in block <triangle_wave_notes>. This FF/Latch will be trimmed during the optimization process.
WARNING:Xst:1896 - Due to other FF/Latch trimming, FF/Latch <note_cc_22> has a constant value of 0 in block <triangle_wave_notes>. This FF/Latch will be trimmed during the optimization process.
WARNING:Xst:1896 - Due to other FF/Latch trimming, FF/Latch <note_cc_19> has a constant value of 0 in block <triangle_wave_notes>. This FF/Latch will be trimmed during the optimization process.
WARNING:Xst:1896 - Due to other FF/Latch trimming, FF/Latch <note_cc_21> has a constant value of 0 in block <triangle_wave_notes>. This FF/Latch will be trimmed during the optimization process.
WARNING:Xst:1896 - Due to other FF/Latch trimming, FF/Latch <note_cc_20> has a constant value of 0 in block <triangle_wave_notes>. This FF/Latch will be trimmed during the optimization process.
WARNING:Xst:1896 - Due to other FF/Latch trimming, FF/Latch <note_cc_18> has a constant value of 0 in block <triangle_wave_notes>. This FF/Latch will be trimmed during the optimization process.
WARNING:Xst:1896 - Due to other FF/Latch trimming, FF/Latch <pwm_cc_8> has a constant value of 0 in block <triangle_wave_notes>. This FF/Latch will be trimmed during the optimization process.
WARNING:Xst:1896 - Due to other FF/Latch trimming, FF/Latch <pwm_cc_9> has a constant value of 0 in block <triangle_wave_notes>. This FF/Latch will be trimmed during the optimization process.
WARNING:Xst:1898 - Due to constant pushing, FF/Latch <note_cc_0> is unconnected in block <triangle_wave_notes>.
WARNING:Xst:1898 - Due to constant pushing, FF/Latch <note_cc_1> is unconnected in block <triangle_wave_notes>.
WARNING:Xst:1898 - Due to constant pushing, FF/Latch <note_cc_2> is unconnected in block <triangle_wave_notes>.
WARNING:Xst:1898 - Due to constant pushing, FF/Latch <note_cc_3> is unconnected in block <triangle_wave_notes>.
WARNING:Xst:1898 - Due to constant pushing, FF/Latch <note_cc_4> is unconnected in block <triangle_wave_notes>.
WARNING:Xst:1898 - Due to constant pushing, FF/Latch <note_cc_5> is unconnected in block <triangle_wave_notes>.
WARNING:Xst:1898 - Due to constant pushing, FF/Latch <note_cc_6> is unconnected in block <triangle_wave_notes>.
WARNING:Xst:1898 - Due to constant pushing, FF/Latch <note_cc_7> is unconnected in block <triangle_wave_notes>.
WARNING:Xst:1898 - Due to constant pushing, FF/Latch <note_cc_8> is unconnected in block <triangle_wave_notes>.
WARNING:Xst:1898 - Due to constant pushing, FF/Latch <note_cc_9> is unconnected in block <triangle_wave_notes>.

=========================================================================
Advanced HDL Synthesis Report

Macro Statistics
# Adders/Subtractors                                   : 2
 10-bit adder                                          : 1
 20-bit adder                                          : 1
# Counters                                             : 3
 10-bit up counter                                     : 1
 27-bit up counter                                     : 1
 4-bit up counter                                      : 1
# Registers                                            : 32
 Flip-Flops                                            : 32
# Comparators                                          : 1
 10-bit comparator equal                               : 1

=========================================================================

=========================================================================
*                         Low Level Synthesis                           *
=========================================================================
WARNING:Xst:1293 - FF/Latch <note_cc_31> has a constant value of 0 in block <triangle_wave_notes>. This FF/Latch will be trimmed during the optimization process.
WARNING:Xst:1896 - Due to other FF/Latch trimming, FF/Latch <note_cc_19> has a constant value of 0 in block <triangle_wave_notes>. This FF/Latch will be trimmed during the optimization process.
WARNING:Xst:1896 - Due to other FF/Latch trimming, FF/Latch <note_cc_18> has a constant value of 0 in block <triangle_wave_notes>. This FF/Latch will be trimmed during the optimization process.
WARNING:Xst:1896 - Due to other FF/Latch trimming, FF/Latch <pwm_cc_8> has a constant value of 0 in block <triangle_wave_notes>. This FF/Latch will be trimmed during the optimization process.
WARNING:Xst:1896 - Due to other FF/Latch trimming, FF/Latch <pwm_cc_9> has a constant value of 0 in block <triangle_wave_notes>. This FF/Latch will be trimmed during the optimization process.
WARNING:Xst:1898 - Due to constant pushing, FF/Latch <note_cc_0> is unconnected in block <triangle_wave_notes>.
WARNING:Xst:1898 - Due to constant pushing, FF/Latch <note_cc_1> is unconnected in block <triangle_wave_notes>.
WARNING:Xst:1898 - Due to constant pushing, FF/Latch <note_cc_2> is unconnected in block <triangle_wave_notes>.
WARNING:Xst:1898 - Due to constant pushing, FF/Latch <note_cc_3> is unconnected in block <triangle_wave_notes>.
WARNING:Xst:1898 - Due to constant pushing, FF/Latch <note_cc_4> is unconnected in block <triangle_wave_notes>.
WARNING:Xst:1898 - Due to constant pushing, FF/Latch <note_cc_5> is unconnected in block <triangle_wave_notes>.
WARNING:Xst:1898 - Due to constant pushing, FF/Latch <note_cc_6> is unconnected in block <triangle_wave_notes>.
WARNING:Xst:1898 - Due to constant pushing, FF/Latch <note_cc_7> is unconnected in block <triangle_wave_notes>.
WARNING:Xst:1898 - Due to constant pushing, FF/Latch <note_cc_8> is unconnected in block <triangle_wave_notes>.
WARNING:Xst:1898 - Due to constant pushing, FF/Latch <note_cc_9> is unconnected in block <triangle_wave_notes>.

Optimizing unit <triangle_wave_notes> ...

Mapping all equations...
Building and optimizing final netlist ...
Found area constraint ratio of 100 (+ 5) on block triangle_wave_notes, actual ratio is 1.

Final Macro Processing ...

=========================================================================
Final Register Report

Macro Statistics
# Registers                                            : 58
 Flip-Flops                                            : 58

=========================================================================

=========================================================================
*                           Partition Report                            *
=========================================================================

Partition Implementation Status
-------------------------------

  No Partitions were found in this design.

-------------------------------

=========================================================================
*                            Final Report                               *
=========================================================================
Final Results
RTL Top Level Output File Name     : triangle_wave_notes.ngr
Top Level Output File Name         : triangle_wave_notes
Output Format                      : NGC
Optimization Goal                  : Speed
Keep Hierarchy                     : No

Design Statistics
# IOs                              : 2

Cell Usage :
# BELS                             : 150
#      GND                         : 1
#      INV                         : 3
#      LUT1                        : 35
#      LUT2                        : 2
#      LUT3                        : 2
#      LUT4                        : 21
#      LUT4_L                      : 1
#      MUXCY                       : 47
#      VCC                         : 1
#      XORCY                       : 37
# FlipFlops/Latches                : 58
#      FDE                         : 20
#      FDR                         : 37
#      FDRE                        : 1
# Clock Buffers                    : 1
#      BUFGP                       : 1
# IO Buffers                       : 1
#      OBUF                        : 1
=========================================================================

Device utilization summary:
---------------------------

Selected Device : 3s400ft256-4 

 Number of Slices:                       40  out of   3584     1%  
 Number of Slice Flip Flops:             58  out of   7168     0%  
 Number of 4 input LUTs:                 64  out of   7168     0%  
 Number of IOs:                           2
 Number of bonded IOBs:                   2  out of    173     1%  
 Number of GCLKs:                         1  out of      8    12%  

---------------------------
Partition Resource Summary:
---------------------------

  No Partitions were found in this design.

---------------------------


=========================================================================
TIMING REPORT

NOTE: THESE TIMING NUMBERS ARE ONLY A SYNTHESIS ESTIMATE.
      FOR ACCURATE TIMING INFORMATION PLEASE REFER TO THE TRACE REPORT
      GENERATED AFTER PLACE-and-ROUTE.

Clock Information:
------------------
-----------------------------------+------------------------+-------+
Clock Signal                       | Clock buffer(FF name)  | Load  |
-----------------------------------+------------------------+-------+
clk                                | BUFGP                  | 58    |
-----------------------------------+------------------------+-------+

Asynchronous Control Signals Information:
----------------------------------------
No asynchronous control signals found in this design

Timing Summary:
---------------
Speed Grade: -4

   Minimum period: 6.507ns (Maximum Frequency: 153.676MHz)
   Minimum input arrival time before clock: No path found
   Maximum output required time after clock: 7.165ns
   Maximum combinational path delay: No path found

Timing Detail:
--------------
All values displayed in nanoseconds (ns)

=========================================================================
Timing constraint: Default period analysis for Clock 'clk'
  Clock period: 6.507ns (frequency: 153.676MHz)
  Total number of paths / destination ports: 1744 / 116
-------------------------------------------------------------------------
Delay:               6.507ns (Levels of Logic = 8)
  Source:            second_partial_7 (FF)
  Destination:       second_partial_0 (FF)
  Source Clock:      clk rising
  Destination Clock: clk rising

  Data Path: second_partial_7 to second_partial_0
                                Gate     Net
    Cell:in->out      fanout   Delay   Delay  Logical Name (Net Name)
    ----------------------------------------  ------------
     FDR:C->Q              2   0.720   1.216  second_partial_7 (second_partial_7)
     LUT3:I0->O            1   0.551   0.000  note_cc_31_cmp_eq0000_wg_lut<0> (note_cc_31_cmp_eq0000_wg_lut<0>)
     MUXCY:S->O            1   0.500   0.000  note_cc_31_cmp_eq0000_wg_cy<0> (note_cc_31_cmp_eq0000_wg_cy<0>)
     MUXCY:CI->O           1   0.064   0.000  note_cc_31_cmp_eq0000_wg_cy<1> (note_cc_31_cmp_eq0000_wg_cy<1>)
     MUXCY:CI->O           1   0.064   0.000  note_cc_31_cmp_eq0000_wg_cy<2> (note_cc_31_cmp_eq0000_wg_cy<2>)
     MUXCY:CI->O           1   0.064   0.000  note_cc_31_cmp_eq0000_wg_cy<3> (note_cc_31_cmp_eq0000_wg_cy<3>)
     MUXCY:CI->O           1   0.064   0.000  note_cc_31_cmp_eq0000_wg_cy<4> (note_cc_31_cmp_eq0000_wg_cy<4>)
     MUXCY:CI->O           1   0.064   0.000  note_cc_31_cmp_eq0000_wg_cy<5> (note_cc_31_cmp_eq0000_wg_cy<5>)
     MUXCY:CI->O          39   0.281   1.893  note_cc_31_cmp_eq0000_wg_cy<6> (note_cc_31_cmp_eq0000)
     FDR:R                     1.026          second_partial_0
    ----------------------------------------
    Total                      6.507ns (3.398ns logic, 3.109ns route)
                                       (52.2% logic, 47.8% route)

=========================================================================
Timing constraint: Default OFFSET OUT AFTER for Clock 'clk'
  Total number of paths / destination ports: 1 / 1
-------------------------------------------------------------------------
Offset:              7.165ns (Levels of Logic = 1)
  Source:            pulse (FF)
  Destination:       s (PAD)
  Source Clock:      clk rising

  Data Path: pulse to s
                                Gate     Net
    Cell:in->out      fanout   Delay   Delay  Logical Name (Net Name)
    ----------------------------------------  ------------
     FDRE:C->Q             1   0.720   0.801  pulse (pulse)
     OBUF:I->O                 5.644          s_OBUF (s)
    ----------------------------------------
    Total                      7.165ns (6.364ns logic, 0.801ns route)
                                       (88.8% logic, 11.2% route)

=========================================================================


Total REAL time to Xst completion: 6.00 secs
Total CPU time to Xst completion: 5.06 secs
 
--> 

Total memory usage is 309336 kilobytes

Number of errors   :    0 (   0 filtered)
Number of warnings :   41 (   0 filtered)
Number of infos    :    0 (   0 filtered)

