INFO:sim:172 - Generating IP...
Applying current project options...
Finished applying current project options.
Customizing IP...
Qt: Untested Windows version 6.2 detected!
Release 14.7 - Xilinx CORE Generator IP GUI Launcher P.20131013 (nt64)
Copyright (c) 1995-2013 Xilinx, Inc.  All rights reserved.
Finished Customizing.
Generating IP...
WARNING:sim:471 - The chosen IP does not support a VHDL behavioral model,
   generating a VHDL structural model instead.
WARNING:sim:89 - A core named <division> already exists in the output directory.
   Output products for this core may be overwritten.
XST: HDL Parsing
XST: HDL Elaboration
XST: HDL Synthesis
XST: Advanced HDL Synthesis
XST: Low Level Synthesis
XST: Partition Report
XST: Design Summary
Generating Implementation files.
Generating NGC file.
Generating VHDL structural model.
Finished Generation.
Generating IP instantiation template...
Generating ASY schematic symbol...
INFO:sim:949 - Finished generation of ASY schematic symbol.
Generating SYM schematic symbol for 'division'...
Generating metadata file...
Generating ISE project...
XCO file found: division.xco
XMDF file found: division_xmdf.tcl
Adding C:/Users/Ryan/OneDrive - UNSW/Documents/2017 Semester 2/COMP3601 - Desgin
Project A/Git Repositry/ISE
Projects/triangle_wave_notes/ipcore_dir/tmp/_cg/division.asy -view all
-origin_type imported
Adding C:/Users/Ryan/OneDrive - UNSW/Documents/2017 Semester 2/COMP3601 - Desgin
Project A/Git Repositry/ISE
Projects/triangle_wave_notes/ipcore_dir/tmp/_cg/division.ngc -view all
-origin_type created
Checking file "C:/Users/Ryan/OneDrive - UNSW/Documents/2017 Semester 2/COMP3601
- Desgin Project A/Git Repositry/ISE
Projects/triangle_wave_notes/ipcore_dir/tmp/_cg/division.ngc" for project device
match ...
File "C:/Users/Ryan/OneDrive - UNSW/Documents/2017 Semester 2/COMP3601 - Desgin
Project A/Git Repositry/ISE
Projects/triangle_wave_notes/ipcore_dir/tmp/_cg/division.ngc" device information
matches project device.
Adding C:/Users/Ryan/OneDrive - UNSW/Documents/2017 Semester 2/COMP3601 - Desgin
Project A/Git Repositry/ISE
Projects/triangle_wave_notes/ipcore_dir/tmp/_cg/division.sym -view all
-origin_type imported
Adding C:/Users/Ryan/OneDrive - UNSW/Documents/2017 Semester 2/COMP3601 - Desgin
Project A/Git Repositry/ISE
Projects/triangle_wave_notes/ipcore_dir/tmp/_cg/division.vhd -view all
-origin_type created
INFO:HDLCompiler:1061 - Parsing VHDL file "C:/Users/Ryan/OneDrive -
   UNSW/Documents/2017 Semester 2/COMP3601 - Desgin Project A/Git Repositry/ISE
   Projects/triangle_wave_notes/ipcore_dir/tmp/_cg/division.vhd" into library
   work
INFO:ProjectMgmt - Parsing design hierarchy completed successfully.
Adding C:/Users/Ryan/OneDrive - UNSW/Documents/2017 Semester 2/COMP3601 - Desgin
Project A/Git Repositry/ISE
Projects/triangle_wave_notes/ipcore_dir/tmp/_cg/division.vho -view all
-origin_type imported
INFO:TclTasksC:2116 - The automatic calculation of top has been turned-off.
   Please set the new top explicitly by running the "project set top" command.
   To re-calculate the new top automatically, set the "Auto Implementation Top"
   property to true.
Top level has been set to "/division"
Generating README file...
Generating FLIST file...
INFO:sim:948 - Finished FLIST file generation.
Launching README viewer...
Moving files to output directory...
Finished moving files to output directory
Wrote CGP file for project 'division'.
