--------------------------------------------------------------------------------
Release 14.7 Trace  (nt)
Copyright (c) 1995-2013 Xilinx, Inc.  All rights reserved.

C:\Xilinx\14.7\ISE_DS\ISE\bin\nt\unwrapped\trce.exe -intstyle ise -v 3 -s 4 -n
3 -fastpaths -xml music_player_v2.twx music_player_v2.ncd -o
music_player_v2.twr music_player_v2.pcf -ucf nexys.ucf

Design file:              music_player_v2.ncd
Physical constraint file: music_player_v2.pcf
Device,package,speed:     xc3s400,ft256,-4 (PRODUCTION 1.39 2013-10-13)
Report level:             verbose report

Environment Variable      Effect 
--------------------      ------ 
NONE                      No environment variables were set
--------------------------------------------------------------------------------

INFO:Timing:3412 - To improve timing, see the Timing Closure User Guide (UG612).
INFO:Timing:2752 - To get complete path coverage, use the unconstrained paths 
   option. All paths that are not constrained will be reported in the 
   unconstrained paths section(s) of the report.
INFO:Timing:3339 - The clock-to-out numbers in this timing report are based on 
   a 50 Ohm transmission line loading model.  For the details of this model, 
   and for more information on accounting for different loading conditions, 
   please see the device datasheet.
INFO:Timing:3390 - This architecture does not support a default System Jitter 
   value, please add SYSTEM_JITTER constraint to the UCF to modify the Clock 
   Uncertainty calculation.
INFO:Timing:3389 - This architecture does not support 'Discrete Jitter' and 
   'Phase Error' calculations, these terms will be zero in the Clock 
   Uncertainty calculation.  Please make appropriate modification to 
   SYSTEM_JITTER to account for the unsupported Discrete Jitter and Phase 
   Error.

================================================================================
Timing constraint: ts_clk = PERIOD TIMEGRP "tnm_clk" 25 MHz HIGH 50%;
For more information, see Period Analysis in the Timing Closure User Guide (UG612).

 30216456 paths analyzed, 383 endpoints analyzed, 0 failing endpoints
 0 timing errors detected. (0 setup errors, 0 hold errors, 0 component switching limit errors)
 Minimum period is  33.019ns.
--------------------------------------------------------------------------------

Paths for end point x_note_player/note_pulse (SLICE_X25Y39.BY), 3959295 paths
--------------------------------------------------------------------------------
Slack (setup path):     6.981ns (requirement - (data path - clock path skew + uncertainty))
  Source:               octave_0 (FF)
  Destination:          x_note_player/note_pulse (FF)
  Requirement:          40.000ns
  Data Path Delay:      33.019ns (Levels of Logic = 16)
  Clock Path Skew:      0.000ns
  Source Clock:         clk_BUFGP rising at 0.000ns
  Destination Clock:    clk_BUFGP rising at 40.000ns
  Clock Uncertainty:    0.000ns

  Maximum Data Path: octave_0 to x_note_player/note_pulse
    Location             Delay type         Delay(ns)  Physical Resource
                                                       Logical Resource(s)
    -------------------------------------------------  -------------------
    SLICE_X13Y33.XQ      Tcko                  0.720   octave<0>
                                                       octave_0
    SLICE_X7Y37.G1       net (fanout=4)        1.739   octave<0>
    SLICE_X7Y37.Y        Tilo                  0.551   x_note_player/index_mult<3>
                                                       x_note_player/_n2211<1>1
    MULT18X18_X0Y5.B2    net (fanout=1)        0.769   x_note_player/index_mult<2>
    MULT18X18_X0Y5.P3    Tmult                 2.146   x_note_player/Mmult_n0091
                                                       x_note_player/Mmult_n0091
    SLICE_X8Y35.G2       net (fanout=1)        1.776   x_note_player/n0091<3>
    SLICE_X8Y35.COUT     Topcyg                1.096   x_note_player/n0059<2>
                                                       x_note_player/Madd_n0059_Madd_lut<3>
                                                       x_note_player/Madd_n0059_Madd_cy<3>
    SLICE_X8Y36.CIN      net (fanout=1)        0.000   x_note_player/Madd_n0059_Madd_cy<3>
    SLICE_X8Y36.X        Tcinx                 0.904   x_note_player/n0059<4>
                                                       x_note_player/Madd_n0059_Madd_xor<4>
    SLICE_X34Y57.G2      net (fanout=281)     10.187   x_note_player/n0059<4>
    SLICE_X34Y57.F5      Tif5                  0.796   x_note_player/Mram__n21878661_11_f51
                                                       x_note_player/Mram__n21878661_11_f5_01
                                                       x_note_player/Mram__n21878661_11_f5_0
    SLICE_X34Y56.FXINB   net (fanout=1)        0.000   x_note_player/Mram__n21878661_11_f51
    SLICE_X34Y56.FX      Tinbfx                0.200   x_note_player/Mram__n21878661_10_f52
                                                       x_note_player/Mram__n21878661_9_f6_0
    SLICE_X34Y57.FXINA   net (fanout=1)        0.000   x_note_player/Mram__n21878661_9_f61
    SLICE_X34Y57.FX      Tinafx                0.200   x_note_player/Mram__n21878661_11_f51
                                                       x_note_player/Mram__n21878661_8_f7
    SLICE_X35Y55.FXINB   net (fanout=1)        0.000   x_note_player/Mram__n21878661_8_f7
    SLICE_X35Y55.Y       Tif6y                 0.342   x_note_player/Mram__n21878661_6_f8
                                                       x_note_player/Mram__n21878661_6_f8
    SLICE_X30Y53.F1      net (fanout=1)        0.917   x_note_player/Mram__n21878661_6_f8
    SLICE_X30Y53.X       Tif5x                 0.968   x_note_player/N121
                                                       x_note_player/Mram__n21878661_2_f5_G
                                                       x_note_player/Mram__n21878661_2_f5
    SLICE_X24Y27.F1      net (fanout=2)        1.984   x_note_player/N121
    SLICE_X24Y27.COUT    Topcyf                1.084   x_note_player/Mcompar_GND_8_o_prev_duty_cc[8]_LessThan_7_o_cy<3>
                                                       x_note_player/Mcompar_GND_8_o_prev_duty_cc[8]_LessThan_7_o_lut<2>
                                                       x_note_player/Mcompar_GND_8_o_prev_duty_cc[8]_LessThan_7_o_cy<2>
                                                       x_note_player/Mcompar_GND_8_o_prev_duty_cc[8]_LessThan_7_o_cy<3>
    SLICE_X24Y28.CIN     net (fanout=1)        0.000   x_note_player/Mcompar_GND_8_o_prev_duty_cc[8]_LessThan_7_o_cy<3>
    SLICE_X24Y28.COUT    Tbyp                  0.120   x_note_player/Mcompar_GND_8_o_prev_duty_cc[8]_LessThan_7_o_cy<5>
                                                       x_note_player/Mcompar_GND_8_o_prev_duty_cc[8]_LessThan_7_o_cy<4>
                                                       x_note_player/Mcompar_GND_8_o_prev_duty_cc[8]_LessThan_7_o_cy<5>
    SLICE_X24Y29.CIN     net (fanout=1)        0.000   x_note_player/Mcompar_GND_8_o_prev_duty_cc[8]_LessThan_7_o_cy<5>
    SLICE_X24Y29.COUT    Tbyp                  0.120   x_note_player/Mcompar_GND_8_o_prev_duty_cc[8]_LessThan_7_o_cy<7>
                                                       x_note_player/Mcompar_GND_8_o_prev_duty_cc[8]_LessThan_7_o_cy<6>
                                                       x_note_player/Mcompar_GND_8_o_prev_duty_cc[8]_LessThan_7_o_cy<7>
    SLICE_X24Y30.CIN     net (fanout=1)        0.000   x_note_player/Mcompar_GND_8_o_prev_duty_cc[8]_LessThan_7_o_cy<7>
    SLICE_X24Y30.XB      Tcinxb                0.440   x_note_player/_n2266
                                                       x_note_player/Mcompar_GND_8_o_prev_duty_cc[8]_LessThan_7_o_cy<8>
    SLICE_X24Y34.G3      net (fanout=32)       1.001   x_note_player/Mcompar_GND_8_o_prev_duty_cc[8]_LessThan_7_o_cy<8>
    SLICE_X24Y34.Y       Tilo                  0.608   x_note_player/down
                                                       x_note_player/Mmux_GND_8_o_GND_8_o_mux_14_OUT1101
    SLICE_X24Y34.F4      net (fanout=6)        0.071   x_note_player/down_down_MUX_2212_o
    SLICE_X24Y34.X       Tilo                  0.608   x_note_player/down
                                                       x_note_player/_n01041
    SLICE_X25Y36.G1      net (fanout=2)        0.997   x_note_player/_n01041
    SLICE_X25Y36.X       Tif5x                 0.911   x_note_player/_n010465
                                                       x_note_player/_n010465_F
                                                       x_note_player/_n010465
    SLICE_X25Y39.BY      net (fanout=1)        0.595   x_note_player/_n010465
    SLICE_X25Y39.CLK     Tsrck                 1.169   x_note_player/note_pulse
                                                       x_note_player/note_pulse
    -------------------------------------------------  ---------------------------
    Total                                     33.019ns (12.983ns logic, 20.036ns route)
                                                       (39.3% logic, 60.7% route)

--------------------------------------------------------------------------------
Slack (setup path):     6.981ns (requirement - (data path - clock path skew + uncertainty))
  Source:               octave_0 (FF)
  Destination:          x_note_player/note_pulse (FF)
  Requirement:          40.000ns
  Data Path Delay:      33.019ns (Levels of Logic = 16)
  Clock Path Skew:      0.000ns
  Source Clock:         clk_BUFGP rising at 0.000ns
  Destination Clock:    clk_BUFGP rising at 40.000ns
  Clock Uncertainty:    0.000ns

  Maximum Data Path: octave_0 to x_note_player/note_pulse
    Location             Delay type         Delay(ns)  Physical Resource
                                                       Logical Resource(s)
    -------------------------------------------------  -------------------
    SLICE_X13Y33.XQ      Tcko                  0.720   octave<0>
                                                       octave_0
    SLICE_X7Y37.G1       net (fanout=4)        1.739   octave<0>
    SLICE_X7Y37.Y        Tilo                  0.551   x_note_player/index_mult<3>
                                                       x_note_player/_n2211<1>1
    MULT18X18_X0Y5.B2    net (fanout=1)        0.769   x_note_player/index_mult<2>
    MULT18X18_X0Y5.P3    Tmult                 2.146   x_note_player/Mmult_n0091
                                                       x_note_player/Mmult_n0091
    SLICE_X8Y35.G2       net (fanout=1)        1.776   x_note_player/n0091<3>
    SLICE_X8Y35.COUT     Topcyg                1.096   x_note_player/n0059<2>
                                                       x_note_player/Madd_n0059_Madd_lut<3>
                                                       x_note_player/Madd_n0059_Madd_cy<3>
    SLICE_X8Y36.CIN      net (fanout=1)        0.000   x_note_player/Madd_n0059_Madd_cy<3>
    SLICE_X8Y36.X        Tcinx                 0.904   x_note_player/n0059<4>
                                                       x_note_player/Madd_n0059_Madd_xor<4>
    SLICE_X34Y56.G2      net (fanout=281)     10.187   x_note_player/n0059<4>
    SLICE_X34Y56.F5      Tif5                  0.796   x_note_player/Mram__n21878661_10_f52
                                                       x_note_player/Mram__n21878661_10_f5_11
                                                       x_note_player/Mram__n21878661_10_f5_1
    SLICE_X34Y56.FXINA   net (fanout=1)        0.000   x_note_player/Mram__n21878661_10_f52
    SLICE_X34Y56.FX      Tinafx                0.200   x_note_player/Mram__n21878661_10_f52
                                                       x_note_player/Mram__n21878661_9_f6_0
    SLICE_X34Y57.FXINA   net (fanout=1)        0.000   x_note_player/Mram__n21878661_9_f61
    SLICE_X34Y57.FX      Tinafx                0.200   x_note_player/Mram__n21878661_11_f51
                                                       x_note_player/Mram__n21878661_8_f7
    SLICE_X35Y55.FXINB   net (fanout=1)        0.000   x_note_player/Mram__n21878661_8_f7
    SLICE_X35Y55.Y       Tif6y                 0.342   x_note_player/Mram__n21878661_6_f8
                                                       x_note_player/Mram__n21878661_6_f8
    SLICE_X30Y53.F1      net (fanout=1)        0.917   x_note_player/Mram__n21878661_6_f8
    SLICE_X30Y53.X       Tif5x                 0.968   x_note_player/N121
                                                       x_note_player/Mram__n21878661_2_f5_G
                                                       x_note_player/Mram__n21878661_2_f5
    SLICE_X24Y27.F1      net (fanout=2)        1.984   x_note_player/N121
    SLICE_X24Y27.COUT    Topcyf                1.084   x_note_player/Mcompar_GND_8_o_prev_duty_cc[8]_LessThan_7_o_cy<3>
                                                       x_note_player/Mcompar_GND_8_o_prev_duty_cc[8]_LessThan_7_o_lut<2>
                                                       x_note_player/Mcompar_GND_8_o_prev_duty_cc[8]_LessThan_7_o_cy<2>
                                                       x_note_player/Mcompar_GND_8_o_prev_duty_cc[8]_LessThan_7_o_cy<3>
    SLICE_X24Y28.CIN     net (fanout=1)        0.000   x_note_player/Mcompar_GND_8_o_prev_duty_cc[8]_LessThan_7_o_cy<3>
    SLICE_X24Y28.COUT    Tbyp                  0.120   x_note_player/Mcompar_GND_8_o_prev_duty_cc[8]_LessThan_7_o_cy<5>
                                                       x_note_player/Mcompar_GND_8_o_prev_duty_cc[8]_LessThan_7_o_cy<4>
                                                       x_note_player/Mcompar_GND_8_o_prev_duty_cc[8]_LessThan_7_o_cy<5>
    SLICE_X24Y29.CIN     net (fanout=1)        0.000   x_note_player/Mcompar_GND_8_o_prev_duty_cc[8]_LessThan_7_o_cy<5>
    SLICE_X24Y29.COUT    Tbyp                  0.120   x_note_player/Mcompar_GND_8_o_prev_duty_cc[8]_LessThan_7_o_cy<7>
                                                       x_note_player/Mcompar_GND_8_o_prev_duty_cc[8]_LessThan_7_o_cy<6>
                                                       x_note_player/Mcompar_GND_8_o_prev_duty_cc[8]_LessThan_7_o_cy<7>
    SLICE_X24Y30.CIN     net (fanout=1)        0.000   x_note_player/Mcompar_GND_8_o_prev_duty_cc[8]_LessThan_7_o_cy<7>
    SLICE_X24Y30.XB      Tcinxb                0.440   x_note_player/_n2266
                                                       x_note_player/Mcompar_GND_8_o_prev_duty_cc[8]_LessThan_7_o_cy<8>
    SLICE_X24Y34.G3      net (fanout=32)       1.001   x_note_player/Mcompar_GND_8_o_prev_duty_cc[8]_LessThan_7_o_cy<8>
    SLICE_X24Y34.Y       Tilo                  0.608   x_note_player/down
                                                       x_note_player/Mmux_GND_8_o_GND_8_o_mux_14_OUT1101
    SLICE_X24Y34.F4      net (fanout=6)        0.071   x_note_player/down_down_MUX_2212_o
    SLICE_X24Y34.X       Tilo                  0.608   x_note_player/down
                                                       x_note_player/_n01041
    SLICE_X25Y36.G1      net (fanout=2)        0.997   x_note_player/_n01041
    SLICE_X25Y36.X       Tif5x                 0.911   x_note_player/_n010465
                                                       x_note_player/_n010465_F
                                                       x_note_player/_n010465
    SLICE_X25Y39.BY      net (fanout=1)        0.595   x_note_player/_n010465
    SLICE_X25Y39.CLK     Tsrck                 1.169   x_note_player/note_pulse
                                                       x_note_player/note_pulse
    -------------------------------------------------  ---------------------------
    Total                                     33.019ns (12.983ns logic, 20.036ns route)
                                                       (39.3% logic, 60.7% route)

--------------------------------------------------------------------------------
Slack (setup path):     7.087ns (requirement - (data path - clock path skew + uncertainty))
  Source:               octave_0 (FF)
  Destination:          x_note_player/note_pulse (FF)
  Requirement:          40.000ns
  Data Path Delay:      32.913ns (Levels of Logic = 16)
  Clock Path Skew:      0.000ns
  Source Clock:         clk_BUFGP rising at 0.000ns
  Destination Clock:    clk_BUFGP rising at 40.000ns
  Clock Uncertainty:    0.000ns

  Maximum Data Path: octave_0 to x_note_player/note_pulse
    Location             Delay type         Delay(ns)  Physical Resource
                                                       Logical Resource(s)
    -------------------------------------------------  -------------------
    SLICE_X13Y33.XQ      Tcko                  0.720   octave<0>
                                                       octave_0
    SLICE_X7Y37.G1       net (fanout=4)        1.739   octave<0>
    SLICE_X7Y37.Y        Tilo                  0.551   x_note_player/index_mult<3>
                                                       x_note_player/_n2211<1>1
    MULT18X18_X0Y5.B2    net (fanout=1)        0.769   x_note_player/index_mult<2>
    MULT18X18_X0Y5.P3    Tmult                 2.146   x_note_player/Mmult_n0091
                                                       x_note_player/Mmult_n0091
    SLICE_X8Y35.G2       net (fanout=1)        1.776   x_note_player/n0091<3>
    SLICE_X8Y35.COUT     Topcyg                1.096   x_note_player/n0059<2>
                                                       x_note_player/Madd_n0059_Madd_lut<3>
                                                       x_note_player/Madd_n0059_Madd_cy<3>
    SLICE_X8Y36.CIN      net (fanout=1)        0.000   x_note_player/Madd_n0059_Madd_cy<3>
    SLICE_X8Y36.X        Tcinx                 0.904   x_note_player/n0059<4>
                                                       x_note_player/Madd_n0059_Madd_xor<4>
    SLICE_X34Y56.F2      net (fanout=281)     10.081   x_note_player/n0059<4>
    SLICE_X34Y56.F5      Tif5                  0.796   x_note_player/Mram__n21878661_10_f52
                                                       x_note_player/Mram__n21878661_10_f5_12
                                                       x_note_player/Mram__n21878661_10_f5_1
    SLICE_X34Y56.FXINA   net (fanout=1)        0.000   x_note_player/Mram__n21878661_10_f52
    SLICE_X34Y56.FX      Tinafx                0.200   x_note_player/Mram__n21878661_10_f52
                                                       x_note_player/Mram__n21878661_9_f6_0
    SLICE_X34Y57.FXINA   net (fanout=1)        0.000   x_note_player/Mram__n21878661_9_f61
    SLICE_X34Y57.FX      Tinafx                0.200   x_note_player/Mram__n21878661_11_f51
                                                       x_note_player/Mram__n21878661_8_f7
    SLICE_X35Y55.FXINB   net (fanout=1)        0.000   x_note_player/Mram__n21878661_8_f7
    SLICE_X35Y55.Y       Tif6y                 0.342   x_note_player/Mram__n21878661_6_f8
                                                       x_note_player/Mram__n21878661_6_f8
    SLICE_X30Y53.F1      net (fanout=1)        0.917   x_note_player/Mram__n21878661_6_f8
    SLICE_X30Y53.X       Tif5x                 0.968   x_note_player/N121
                                                       x_note_player/Mram__n21878661_2_f5_G
                                                       x_note_player/Mram__n21878661_2_f5
    SLICE_X24Y27.F1      net (fanout=2)        1.984   x_note_player/N121
    SLICE_X24Y27.COUT    Topcyf                1.084   x_note_player/Mcompar_GND_8_o_prev_duty_cc[8]_LessThan_7_o_cy<3>
                                                       x_note_player/Mcompar_GND_8_o_prev_duty_cc[8]_LessThan_7_o_lut<2>
                                                       x_note_player/Mcompar_GND_8_o_prev_duty_cc[8]_LessThan_7_o_cy<2>
                                                       x_note_player/Mcompar_GND_8_o_prev_duty_cc[8]_LessThan_7_o_cy<3>
    SLICE_X24Y28.CIN     net (fanout=1)        0.000   x_note_player/Mcompar_GND_8_o_prev_duty_cc[8]_LessThan_7_o_cy<3>
    SLICE_X24Y28.COUT    Tbyp                  0.120   x_note_player/Mcompar_GND_8_o_prev_duty_cc[8]_LessThan_7_o_cy<5>
                                                       x_note_player/Mcompar_GND_8_o_prev_duty_cc[8]_LessThan_7_o_cy<4>
                                                       x_note_player/Mcompar_GND_8_o_prev_duty_cc[8]_LessThan_7_o_cy<5>
    SLICE_X24Y29.CIN     net (fanout=1)        0.000   x_note_player/Mcompar_GND_8_o_prev_duty_cc[8]_LessThan_7_o_cy<5>
    SLICE_X24Y29.COUT    Tbyp                  0.120   x_note_player/Mcompar_GND_8_o_prev_duty_cc[8]_LessThan_7_o_cy<7>
                                                       x_note_player/Mcompar_GND_8_o_prev_duty_cc[8]_LessThan_7_o_cy<6>
                                                       x_note_player/Mcompar_GND_8_o_prev_duty_cc[8]_LessThan_7_o_cy<7>
    SLICE_X24Y30.CIN     net (fanout=1)        0.000   x_note_player/Mcompar_GND_8_o_prev_duty_cc[8]_LessThan_7_o_cy<7>
    SLICE_X24Y30.XB      Tcinxb                0.440   x_note_player/_n2266
                                                       x_note_player/Mcompar_GND_8_o_prev_duty_cc[8]_LessThan_7_o_cy<8>
    SLICE_X24Y34.G3      net (fanout=32)       1.001   x_note_player/Mcompar_GND_8_o_prev_duty_cc[8]_LessThan_7_o_cy<8>
    SLICE_X24Y34.Y       Tilo                  0.608   x_note_player/down
                                                       x_note_player/Mmux_GND_8_o_GND_8_o_mux_14_OUT1101
    SLICE_X24Y34.F4      net (fanout=6)        0.071   x_note_player/down_down_MUX_2212_o
    SLICE_X24Y34.X       Tilo                  0.608   x_note_player/down
                                                       x_note_player/_n01041
    SLICE_X25Y36.G1      net (fanout=2)        0.997   x_note_player/_n01041
    SLICE_X25Y36.X       Tif5x                 0.911   x_note_player/_n010465
                                                       x_note_player/_n010465_F
                                                       x_note_player/_n010465
    SLICE_X25Y39.BY      net (fanout=1)        0.595   x_note_player/_n010465
    SLICE_X25Y39.CLK     Tsrck                 1.169   x_note_player/note_pulse
                                                       x_note_player/note_pulse
    -------------------------------------------------  ---------------------------
    Total                                     32.913ns (12.983ns logic, 19.930ns route)
                                                       (39.4% logic, 60.6% route)

--------------------------------------------------------------------------------

Paths for end point x_note_player/base_index_5 (SLICE_X9Y37.CE), 380292 paths
--------------------------------------------------------------------------------
Slack (setup path):     7.834ns (requirement - (data path - clock path skew + uncertainty))
  Source:               octave_0 (FF)
  Destination:          x_note_player/base_index_5 (FF)
  Requirement:          40.000ns
  Data Path Delay:      32.166ns (Levels of Logic = 14)
  Clock Path Skew:      0.000ns
  Source Clock:         clk_BUFGP rising at 0.000ns
  Destination Clock:    clk_BUFGP rising at 40.000ns
  Clock Uncertainty:    0.000ns

  Maximum Data Path: octave_0 to x_note_player/base_index_5
    Location             Delay type         Delay(ns)  Physical Resource
                                                       Logical Resource(s)
    -------------------------------------------------  -------------------
    SLICE_X13Y33.XQ      Tcko                  0.720   octave<0>
                                                       octave_0
    SLICE_X7Y37.G1       net (fanout=4)        1.739   octave<0>
    SLICE_X7Y37.Y        Tilo                  0.551   x_note_player/index_mult<3>
                                                       x_note_player/_n2211<1>1
    MULT18X18_X0Y5.B2    net (fanout=1)        0.769   x_note_player/index_mult<2>
    MULT18X18_X0Y5.P3    Tmult                 2.146   x_note_player/Mmult_n0091
                                                       x_note_player/Mmult_n0091
    SLICE_X8Y35.G2       net (fanout=1)        1.776   x_note_player/n0091<3>
    SLICE_X8Y35.COUT     Topcyg                1.096   x_note_player/n0059<2>
                                                       x_note_player/Madd_n0059_Madd_lut<3>
                                                       x_note_player/Madd_n0059_Madd_cy<3>
    SLICE_X8Y36.CIN      net (fanout=1)        0.000   x_note_player/Madd_n0059_Madd_cy<3>
    SLICE_X8Y36.X        Tcinx                 0.904   x_note_player/n0059<4>
                                                       x_note_player/Madd_n0059_Madd_xor<4>
    SLICE_X34Y57.G2      net (fanout=281)     10.187   x_note_player/n0059<4>
    SLICE_X34Y57.F5      Tif5                  0.796   x_note_player/Mram__n21878661_11_f51
                                                       x_note_player/Mram__n21878661_11_f5_01
                                                       x_note_player/Mram__n21878661_11_f5_0
    SLICE_X34Y56.FXINB   net (fanout=1)        0.000   x_note_player/Mram__n21878661_11_f51
    SLICE_X34Y56.FX      Tinbfx                0.200   x_note_player/Mram__n21878661_10_f52
                                                       x_note_player/Mram__n21878661_9_f6_0
    SLICE_X34Y57.FXINA   net (fanout=1)        0.000   x_note_player/Mram__n21878661_9_f61
    SLICE_X34Y57.FX      Tinafx                0.200   x_note_player/Mram__n21878661_11_f51
                                                       x_note_player/Mram__n21878661_8_f7
    SLICE_X35Y55.FXINB   net (fanout=1)        0.000   x_note_player/Mram__n21878661_8_f7
    SLICE_X35Y55.Y       Tif6y                 0.342   x_note_player/Mram__n21878661_6_f8
                                                       x_note_player/Mram__n21878661_6_f8
    SLICE_X30Y53.F1      net (fanout=1)        0.917   x_note_player/Mram__n21878661_6_f8
    SLICE_X30Y53.X       Tif5x                 0.968   x_note_player/N121
                                                       x_note_player/Mram__n21878661_2_f5_G
                                                       x_note_player/Mram__n21878661_2_f5
    SLICE_X24Y27.F1      net (fanout=2)        1.984   x_note_player/N121
    SLICE_X24Y27.COUT    Topcyf                1.084   x_note_player/Mcompar_GND_8_o_prev_duty_cc[8]_LessThan_7_o_cy<3>
                                                       x_note_player/Mcompar_GND_8_o_prev_duty_cc[8]_LessThan_7_o_lut<2>
                                                       x_note_player/Mcompar_GND_8_o_prev_duty_cc[8]_LessThan_7_o_cy<2>
                                                       x_note_player/Mcompar_GND_8_o_prev_duty_cc[8]_LessThan_7_o_cy<3>
    SLICE_X24Y28.CIN     net (fanout=1)        0.000   x_note_player/Mcompar_GND_8_o_prev_duty_cc[8]_LessThan_7_o_cy<3>
    SLICE_X24Y28.COUT    Tbyp                  0.120   x_note_player/Mcompar_GND_8_o_prev_duty_cc[8]_LessThan_7_o_cy<5>
                                                       x_note_player/Mcompar_GND_8_o_prev_duty_cc[8]_LessThan_7_o_cy<4>
                                                       x_note_player/Mcompar_GND_8_o_prev_duty_cc[8]_LessThan_7_o_cy<5>
    SLICE_X24Y29.CIN     net (fanout=1)        0.000   x_note_player/Mcompar_GND_8_o_prev_duty_cc[8]_LessThan_7_o_cy<5>
    SLICE_X24Y29.COUT    Tbyp                  0.120   x_note_player/Mcompar_GND_8_o_prev_duty_cc[8]_LessThan_7_o_cy<7>
                                                       x_note_player/Mcompar_GND_8_o_prev_duty_cc[8]_LessThan_7_o_cy<6>
                                                       x_note_player/Mcompar_GND_8_o_prev_duty_cc[8]_LessThan_7_o_cy<7>
    SLICE_X24Y30.CIN     net (fanout=1)        0.000   x_note_player/Mcompar_GND_8_o_prev_duty_cc[8]_LessThan_7_o_cy<7>
    SLICE_X24Y30.XB      Tcinxb                0.440   x_note_player/_n2266
                                                       x_note_player/Mcompar_GND_8_o_prev_duty_cc[8]_LessThan_7_o_cy<8>
    SLICE_X24Y36.G1      net (fanout=32)       1.682   x_note_player/Mcompar_GND_8_o_prev_duty_cc[8]_LessThan_7_o_cy<8>
    SLICE_X24Y36.Y       Tilo                  0.608   x_note_player/_n010436
                                                       x_note_player/_n0134_inv1
    SLICE_X9Y37.CE       net (fanout=6)        2.215   x_note_player/_n0134_inv
    SLICE_X9Y37.CLK      Tceck                 0.602   x_note_player/base_index<5>
                                                       x_note_player/base_index_5
    -------------------------------------------------  ---------------------------
    Total                                     32.166ns (10.897ns logic, 21.269ns route)
                                                       (33.9% logic, 66.1% route)

--------------------------------------------------------------------------------
Slack (setup path):     7.834ns (requirement - (data path - clock path skew + uncertainty))
  Source:               octave_0 (FF)
  Destination:          x_note_player/base_index_5 (FF)
  Requirement:          40.000ns
  Data Path Delay:      32.166ns (Levels of Logic = 14)
  Clock Path Skew:      0.000ns
  Source Clock:         clk_BUFGP rising at 0.000ns
  Destination Clock:    clk_BUFGP rising at 40.000ns
  Clock Uncertainty:    0.000ns

  Maximum Data Path: octave_0 to x_note_player/base_index_5
    Location             Delay type         Delay(ns)  Physical Resource
                                                       Logical Resource(s)
    -------------------------------------------------  -------------------
    SLICE_X13Y33.XQ      Tcko                  0.720   octave<0>
                                                       octave_0
    SLICE_X7Y37.G1       net (fanout=4)        1.739   octave<0>
    SLICE_X7Y37.Y        Tilo                  0.551   x_note_player/index_mult<3>
                                                       x_note_player/_n2211<1>1
    MULT18X18_X0Y5.B2    net (fanout=1)        0.769   x_note_player/index_mult<2>
    MULT18X18_X0Y5.P3    Tmult                 2.146   x_note_player/Mmult_n0091
                                                       x_note_player/Mmult_n0091
    SLICE_X8Y35.G2       net (fanout=1)        1.776   x_note_player/n0091<3>
    SLICE_X8Y35.COUT     Topcyg                1.096   x_note_player/n0059<2>
                                                       x_note_player/Madd_n0059_Madd_lut<3>
                                                       x_note_player/Madd_n0059_Madd_cy<3>
    SLICE_X8Y36.CIN      net (fanout=1)        0.000   x_note_player/Madd_n0059_Madd_cy<3>
    SLICE_X8Y36.X        Tcinx                 0.904   x_note_player/n0059<4>
                                                       x_note_player/Madd_n0059_Madd_xor<4>
    SLICE_X34Y56.G2      net (fanout=281)     10.187   x_note_player/n0059<4>
    SLICE_X34Y56.F5      Tif5                  0.796   x_note_player/Mram__n21878661_10_f52
                                                       x_note_player/Mram__n21878661_10_f5_11
                                                       x_note_player/Mram__n21878661_10_f5_1
    SLICE_X34Y56.FXINA   net (fanout=1)        0.000   x_note_player/Mram__n21878661_10_f52
    SLICE_X34Y56.FX      Tinafx                0.200   x_note_player/Mram__n21878661_10_f52
                                                       x_note_player/Mram__n21878661_9_f6_0
    SLICE_X34Y57.FXINA   net (fanout=1)        0.000   x_note_player/Mram__n21878661_9_f61
    SLICE_X34Y57.FX      Tinafx                0.200   x_note_player/Mram__n21878661_11_f51
                                                       x_note_player/Mram__n21878661_8_f7
    SLICE_X35Y55.FXINB   net (fanout=1)        0.000   x_note_player/Mram__n21878661_8_f7
    SLICE_X35Y55.Y       Tif6y                 0.342   x_note_player/Mram__n21878661_6_f8
                                                       x_note_player/Mram__n21878661_6_f8
    SLICE_X30Y53.F1      net (fanout=1)        0.917   x_note_player/Mram__n21878661_6_f8
    SLICE_X30Y53.X       Tif5x                 0.968   x_note_player/N121
                                                       x_note_player/Mram__n21878661_2_f5_G
                                                       x_note_player/Mram__n21878661_2_f5
    SLICE_X24Y27.F1      net (fanout=2)        1.984   x_note_player/N121
    SLICE_X24Y27.COUT    Topcyf                1.084   x_note_player/Mcompar_GND_8_o_prev_duty_cc[8]_LessThan_7_o_cy<3>
                                                       x_note_player/Mcompar_GND_8_o_prev_duty_cc[8]_LessThan_7_o_lut<2>
                                                       x_note_player/Mcompar_GND_8_o_prev_duty_cc[8]_LessThan_7_o_cy<2>
                                                       x_note_player/Mcompar_GND_8_o_prev_duty_cc[8]_LessThan_7_o_cy<3>
    SLICE_X24Y28.CIN     net (fanout=1)        0.000   x_note_player/Mcompar_GND_8_o_prev_duty_cc[8]_LessThan_7_o_cy<3>
    SLICE_X24Y28.COUT    Tbyp                  0.120   x_note_player/Mcompar_GND_8_o_prev_duty_cc[8]_LessThan_7_o_cy<5>
                                                       x_note_player/Mcompar_GND_8_o_prev_duty_cc[8]_LessThan_7_o_cy<4>
                                                       x_note_player/Mcompar_GND_8_o_prev_duty_cc[8]_LessThan_7_o_cy<5>
    SLICE_X24Y29.CIN     net (fanout=1)        0.000   x_note_player/Mcompar_GND_8_o_prev_duty_cc[8]_LessThan_7_o_cy<5>
    SLICE_X24Y29.COUT    Tbyp                  0.120   x_note_player/Mcompar_GND_8_o_prev_duty_cc[8]_LessThan_7_o_cy<7>
                                                       x_note_player/Mcompar_GND_8_o_prev_duty_cc[8]_LessThan_7_o_cy<6>
                                                       x_note_player/Mcompar_GND_8_o_prev_duty_cc[8]_LessThan_7_o_cy<7>
    SLICE_X24Y30.CIN     net (fanout=1)        0.000   x_note_player/Mcompar_GND_8_o_prev_duty_cc[8]_LessThan_7_o_cy<7>
    SLICE_X24Y30.XB      Tcinxb                0.440   x_note_player/_n2266
                                                       x_note_player/Mcompar_GND_8_o_prev_duty_cc[8]_LessThan_7_o_cy<8>
    SLICE_X24Y36.G1      net (fanout=32)       1.682   x_note_player/Mcompar_GND_8_o_prev_duty_cc[8]_LessThan_7_o_cy<8>
    SLICE_X24Y36.Y       Tilo                  0.608   x_note_player/_n010436
                                                       x_note_player/_n0134_inv1
    SLICE_X9Y37.CE       net (fanout=6)        2.215   x_note_player/_n0134_inv
    SLICE_X9Y37.CLK      Tceck                 0.602   x_note_player/base_index<5>
                                                       x_note_player/base_index_5
    -------------------------------------------------  ---------------------------
    Total                                     32.166ns (10.897ns logic, 21.269ns route)
                                                       (33.9% logic, 66.1% route)

--------------------------------------------------------------------------------
Slack (setup path):     7.940ns (requirement - (data path - clock path skew + uncertainty))
  Source:               octave_0 (FF)
  Destination:          x_note_player/base_index_5 (FF)
  Requirement:          40.000ns
  Data Path Delay:      32.060ns (Levels of Logic = 14)
  Clock Path Skew:      0.000ns
  Source Clock:         clk_BUFGP rising at 0.000ns
  Destination Clock:    clk_BUFGP rising at 40.000ns
  Clock Uncertainty:    0.000ns

  Maximum Data Path: octave_0 to x_note_player/base_index_5
    Location             Delay type         Delay(ns)  Physical Resource
                                                       Logical Resource(s)
    -------------------------------------------------  -------------------
    SLICE_X13Y33.XQ      Tcko                  0.720   octave<0>
                                                       octave_0
    SLICE_X7Y37.G1       net (fanout=4)        1.739   octave<0>
    SLICE_X7Y37.Y        Tilo                  0.551   x_note_player/index_mult<3>
                                                       x_note_player/_n2211<1>1
    MULT18X18_X0Y5.B2    net (fanout=1)        0.769   x_note_player/index_mult<2>
    MULT18X18_X0Y5.P3    Tmult                 2.146   x_note_player/Mmult_n0091
                                                       x_note_player/Mmult_n0091
    SLICE_X8Y35.G2       net (fanout=1)        1.776   x_note_player/n0091<3>
    SLICE_X8Y35.COUT     Topcyg                1.096   x_note_player/n0059<2>
                                                       x_note_player/Madd_n0059_Madd_lut<3>
                                                       x_note_player/Madd_n0059_Madd_cy<3>
    SLICE_X8Y36.CIN      net (fanout=1)        0.000   x_note_player/Madd_n0059_Madd_cy<3>
    SLICE_X8Y36.X        Tcinx                 0.904   x_note_player/n0059<4>
                                                       x_note_player/Madd_n0059_Madd_xor<4>
    SLICE_X34Y56.F2      net (fanout=281)     10.081   x_note_player/n0059<4>
    SLICE_X34Y56.F5      Tif5                  0.796   x_note_player/Mram__n21878661_10_f52
                                                       x_note_player/Mram__n21878661_10_f5_12
                                                       x_note_player/Mram__n21878661_10_f5_1
    SLICE_X34Y56.FXINA   net (fanout=1)        0.000   x_note_player/Mram__n21878661_10_f52
    SLICE_X34Y56.FX      Tinafx                0.200   x_note_player/Mram__n21878661_10_f52
                                                       x_note_player/Mram__n21878661_9_f6_0
    SLICE_X34Y57.FXINA   net (fanout=1)        0.000   x_note_player/Mram__n21878661_9_f61
    SLICE_X34Y57.FX      Tinafx                0.200   x_note_player/Mram__n21878661_11_f51
                                                       x_note_player/Mram__n21878661_8_f7
    SLICE_X35Y55.FXINB   net (fanout=1)        0.000   x_note_player/Mram__n21878661_8_f7
    SLICE_X35Y55.Y       Tif6y                 0.342   x_note_player/Mram__n21878661_6_f8
                                                       x_note_player/Mram__n21878661_6_f8
    SLICE_X30Y53.F1      net (fanout=1)        0.917   x_note_player/Mram__n21878661_6_f8
    SLICE_X30Y53.X       Tif5x                 0.968   x_note_player/N121
                                                       x_note_player/Mram__n21878661_2_f5_G
                                                       x_note_player/Mram__n21878661_2_f5
    SLICE_X24Y27.F1      net (fanout=2)        1.984   x_note_player/N121
    SLICE_X24Y27.COUT    Topcyf                1.084   x_note_player/Mcompar_GND_8_o_prev_duty_cc[8]_LessThan_7_o_cy<3>
                                                       x_note_player/Mcompar_GND_8_o_prev_duty_cc[8]_LessThan_7_o_lut<2>
                                                       x_note_player/Mcompar_GND_8_o_prev_duty_cc[8]_LessThan_7_o_cy<2>
                                                       x_note_player/Mcompar_GND_8_o_prev_duty_cc[8]_LessThan_7_o_cy<3>
    SLICE_X24Y28.CIN     net (fanout=1)        0.000   x_note_player/Mcompar_GND_8_o_prev_duty_cc[8]_LessThan_7_o_cy<3>
    SLICE_X24Y28.COUT    Tbyp                  0.120   x_note_player/Mcompar_GND_8_o_prev_duty_cc[8]_LessThan_7_o_cy<5>
                                                       x_note_player/Mcompar_GND_8_o_prev_duty_cc[8]_LessThan_7_o_cy<4>
                                                       x_note_player/Mcompar_GND_8_o_prev_duty_cc[8]_LessThan_7_o_cy<5>
    SLICE_X24Y29.CIN     net (fanout=1)        0.000   x_note_player/Mcompar_GND_8_o_prev_duty_cc[8]_LessThan_7_o_cy<5>
    SLICE_X24Y29.COUT    Tbyp                  0.120   x_note_player/Mcompar_GND_8_o_prev_duty_cc[8]_LessThan_7_o_cy<7>
                                                       x_note_player/Mcompar_GND_8_o_prev_duty_cc[8]_LessThan_7_o_cy<6>
                                                       x_note_player/Mcompar_GND_8_o_prev_duty_cc[8]_LessThan_7_o_cy<7>
    SLICE_X24Y30.CIN     net (fanout=1)        0.000   x_note_player/Mcompar_GND_8_o_prev_duty_cc[8]_LessThan_7_o_cy<7>
    SLICE_X24Y30.XB      Tcinxb                0.440   x_note_player/_n2266
                                                       x_note_player/Mcompar_GND_8_o_prev_duty_cc[8]_LessThan_7_o_cy<8>
    SLICE_X24Y36.G1      net (fanout=32)       1.682   x_note_player/Mcompar_GND_8_o_prev_duty_cc[8]_LessThan_7_o_cy<8>
    SLICE_X24Y36.Y       Tilo                  0.608   x_note_player/_n010436
                                                       x_note_player/_n0134_inv1
    SLICE_X9Y37.CE       net (fanout=6)        2.215   x_note_player/_n0134_inv
    SLICE_X9Y37.CLK      Tceck                 0.602   x_note_player/base_index<5>
                                                       x_note_player/base_index_5
    -------------------------------------------------  ---------------------------
    Total                                     32.060ns (10.897ns logic, 21.163ns route)
                                                       (34.0% logic, 66.0% route)

--------------------------------------------------------------------------------

Paths for end point x_note_player/base_index_4 (SLICE_X9Y37.CE), 380292 paths
--------------------------------------------------------------------------------
Slack (setup path):     7.834ns (requirement - (data path - clock path skew + uncertainty))
  Source:               octave_0 (FF)
  Destination:          x_note_player/base_index_4 (FF)
  Requirement:          40.000ns
  Data Path Delay:      32.166ns (Levels of Logic = 14)
  Clock Path Skew:      0.000ns
  Source Clock:         clk_BUFGP rising at 0.000ns
  Destination Clock:    clk_BUFGP rising at 40.000ns
  Clock Uncertainty:    0.000ns

  Maximum Data Path: octave_0 to x_note_player/base_index_4
    Location             Delay type         Delay(ns)  Physical Resource
                                                       Logical Resource(s)
    -------------------------------------------------  -------------------
    SLICE_X13Y33.XQ      Tcko                  0.720   octave<0>
                                                       octave_0
    SLICE_X7Y37.G1       net (fanout=4)        1.739   octave<0>
    SLICE_X7Y37.Y        Tilo                  0.551   x_note_player/index_mult<3>
                                                       x_note_player/_n2211<1>1
    MULT18X18_X0Y5.B2    net (fanout=1)        0.769   x_note_player/index_mult<2>
    MULT18X18_X0Y5.P3    Tmult                 2.146   x_note_player/Mmult_n0091
                                                       x_note_player/Mmult_n0091
    SLICE_X8Y35.G2       net (fanout=1)        1.776   x_note_player/n0091<3>
    SLICE_X8Y35.COUT     Topcyg                1.096   x_note_player/n0059<2>
                                                       x_note_player/Madd_n0059_Madd_lut<3>
                                                       x_note_player/Madd_n0059_Madd_cy<3>
    SLICE_X8Y36.CIN      net (fanout=1)        0.000   x_note_player/Madd_n0059_Madd_cy<3>
    SLICE_X8Y36.X        Tcinx                 0.904   x_note_player/n0059<4>
                                                       x_note_player/Madd_n0059_Madd_xor<4>
    SLICE_X34Y57.G2      net (fanout=281)     10.187   x_note_player/n0059<4>
    SLICE_X34Y57.F5      Tif5                  0.796   x_note_player/Mram__n21878661_11_f51
                                                       x_note_player/Mram__n21878661_11_f5_01
                                                       x_note_player/Mram__n21878661_11_f5_0
    SLICE_X34Y56.FXINB   net (fanout=1)        0.000   x_note_player/Mram__n21878661_11_f51
    SLICE_X34Y56.FX      Tinbfx                0.200   x_note_player/Mram__n21878661_10_f52
                                                       x_note_player/Mram__n21878661_9_f6_0
    SLICE_X34Y57.FXINA   net (fanout=1)        0.000   x_note_player/Mram__n21878661_9_f61
    SLICE_X34Y57.FX      Tinafx                0.200   x_note_player/Mram__n21878661_11_f51
                                                       x_note_player/Mram__n21878661_8_f7
    SLICE_X35Y55.FXINB   net (fanout=1)        0.000   x_note_player/Mram__n21878661_8_f7
    SLICE_X35Y55.Y       Tif6y                 0.342   x_note_player/Mram__n21878661_6_f8
                                                       x_note_player/Mram__n21878661_6_f8
    SLICE_X30Y53.F1      net (fanout=1)        0.917   x_note_player/Mram__n21878661_6_f8
    SLICE_X30Y53.X       Tif5x                 0.968   x_note_player/N121
                                                       x_note_player/Mram__n21878661_2_f5_G
                                                       x_note_player/Mram__n21878661_2_f5
    SLICE_X24Y27.F1      net (fanout=2)        1.984   x_note_player/N121
    SLICE_X24Y27.COUT    Topcyf                1.084   x_note_player/Mcompar_GND_8_o_prev_duty_cc[8]_LessThan_7_o_cy<3>
                                                       x_note_player/Mcompar_GND_8_o_prev_duty_cc[8]_LessThan_7_o_lut<2>
                                                       x_note_player/Mcompar_GND_8_o_prev_duty_cc[8]_LessThan_7_o_cy<2>
                                                       x_note_player/Mcompar_GND_8_o_prev_duty_cc[8]_LessThan_7_o_cy<3>
    SLICE_X24Y28.CIN     net (fanout=1)        0.000   x_note_player/Mcompar_GND_8_o_prev_duty_cc[8]_LessThan_7_o_cy<3>
    SLICE_X24Y28.COUT    Tbyp                  0.120   x_note_player/Mcompar_GND_8_o_prev_duty_cc[8]_LessThan_7_o_cy<5>
                                                       x_note_player/Mcompar_GND_8_o_prev_duty_cc[8]_LessThan_7_o_cy<4>
                                                       x_note_player/Mcompar_GND_8_o_prev_duty_cc[8]_LessThan_7_o_cy<5>
    SLICE_X24Y29.CIN     net (fanout=1)        0.000   x_note_player/Mcompar_GND_8_o_prev_duty_cc[8]_LessThan_7_o_cy<5>
    SLICE_X24Y29.COUT    Tbyp                  0.120   x_note_player/Mcompar_GND_8_o_prev_duty_cc[8]_LessThan_7_o_cy<7>
                                                       x_note_player/Mcompar_GND_8_o_prev_duty_cc[8]_LessThan_7_o_cy<6>
                                                       x_note_player/Mcompar_GND_8_o_prev_duty_cc[8]_LessThan_7_o_cy<7>
    SLICE_X24Y30.CIN     net (fanout=1)        0.000   x_note_player/Mcompar_GND_8_o_prev_duty_cc[8]_LessThan_7_o_cy<7>
    SLICE_X24Y30.XB      Tcinxb                0.440   x_note_player/_n2266
                                                       x_note_player/Mcompar_GND_8_o_prev_duty_cc[8]_LessThan_7_o_cy<8>
    SLICE_X24Y36.G1      net (fanout=32)       1.682   x_note_player/Mcompar_GND_8_o_prev_duty_cc[8]_LessThan_7_o_cy<8>
    SLICE_X24Y36.Y       Tilo                  0.608   x_note_player/_n010436
                                                       x_note_player/_n0134_inv1
    SLICE_X9Y37.CE       net (fanout=6)        2.215   x_note_player/_n0134_inv
    SLICE_X9Y37.CLK      Tceck                 0.602   x_note_player/base_index<5>
                                                       x_note_player/base_index_4
    -------------------------------------------------  ---------------------------
    Total                                     32.166ns (10.897ns logic, 21.269ns route)
                                                       (33.9% logic, 66.1% route)

--------------------------------------------------------------------------------
Slack (setup path):     7.834ns (requirement - (data path - clock path skew + uncertainty))
  Source:               octave_0 (FF)
  Destination:          x_note_player/base_index_4 (FF)
  Requirement:          40.000ns
  Data Path Delay:      32.166ns (Levels of Logic = 14)
  Clock Path Skew:      0.000ns
  Source Clock:         clk_BUFGP rising at 0.000ns
  Destination Clock:    clk_BUFGP rising at 40.000ns
  Clock Uncertainty:    0.000ns

  Maximum Data Path: octave_0 to x_note_player/base_index_4
    Location             Delay type         Delay(ns)  Physical Resource
                                                       Logical Resource(s)
    -------------------------------------------------  -------------------
    SLICE_X13Y33.XQ      Tcko                  0.720   octave<0>
                                                       octave_0
    SLICE_X7Y37.G1       net (fanout=4)        1.739   octave<0>
    SLICE_X7Y37.Y        Tilo                  0.551   x_note_player/index_mult<3>
                                                       x_note_player/_n2211<1>1
    MULT18X18_X0Y5.B2    net (fanout=1)        0.769   x_note_player/index_mult<2>
    MULT18X18_X0Y5.P3    Tmult                 2.146   x_note_player/Mmult_n0091
                                                       x_note_player/Mmult_n0091
    SLICE_X8Y35.G2       net (fanout=1)        1.776   x_note_player/n0091<3>
    SLICE_X8Y35.COUT     Topcyg                1.096   x_note_player/n0059<2>
                                                       x_note_player/Madd_n0059_Madd_lut<3>
                                                       x_note_player/Madd_n0059_Madd_cy<3>
    SLICE_X8Y36.CIN      net (fanout=1)        0.000   x_note_player/Madd_n0059_Madd_cy<3>
    SLICE_X8Y36.X        Tcinx                 0.904   x_note_player/n0059<4>
                                                       x_note_player/Madd_n0059_Madd_xor<4>
    SLICE_X34Y56.G2      net (fanout=281)     10.187   x_note_player/n0059<4>
    SLICE_X34Y56.F5      Tif5                  0.796   x_note_player/Mram__n21878661_10_f52
                                                       x_note_player/Mram__n21878661_10_f5_11
                                                       x_note_player/Mram__n21878661_10_f5_1
    SLICE_X34Y56.FXINA   net (fanout=1)        0.000   x_note_player/Mram__n21878661_10_f52
    SLICE_X34Y56.FX      Tinafx                0.200   x_note_player/Mram__n21878661_10_f52
                                                       x_note_player/Mram__n21878661_9_f6_0
    SLICE_X34Y57.FXINA   net (fanout=1)        0.000   x_note_player/Mram__n21878661_9_f61
    SLICE_X34Y57.FX      Tinafx                0.200   x_note_player/Mram__n21878661_11_f51
                                                       x_note_player/Mram__n21878661_8_f7
    SLICE_X35Y55.FXINB   net (fanout=1)        0.000   x_note_player/Mram__n21878661_8_f7
    SLICE_X35Y55.Y       Tif6y                 0.342   x_note_player/Mram__n21878661_6_f8
                                                       x_note_player/Mram__n21878661_6_f8
    SLICE_X30Y53.F1      net (fanout=1)        0.917   x_note_player/Mram__n21878661_6_f8
    SLICE_X30Y53.X       Tif5x                 0.968   x_note_player/N121
                                                       x_note_player/Mram__n21878661_2_f5_G
                                                       x_note_player/Mram__n21878661_2_f5
    SLICE_X24Y27.F1      net (fanout=2)        1.984   x_note_player/N121
    SLICE_X24Y27.COUT    Topcyf                1.084   x_note_player/Mcompar_GND_8_o_prev_duty_cc[8]_LessThan_7_o_cy<3>
                                                       x_note_player/Mcompar_GND_8_o_prev_duty_cc[8]_LessThan_7_o_lut<2>
                                                       x_note_player/Mcompar_GND_8_o_prev_duty_cc[8]_LessThan_7_o_cy<2>
                                                       x_note_player/Mcompar_GND_8_o_prev_duty_cc[8]_LessThan_7_o_cy<3>
    SLICE_X24Y28.CIN     net (fanout=1)        0.000   x_note_player/Mcompar_GND_8_o_prev_duty_cc[8]_LessThan_7_o_cy<3>
    SLICE_X24Y28.COUT    Tbyp                  0.120   x_note_player/Mcompar_GND_8_o_prev_duty_cc[8]_LessThan_7_o_cy<5>
                                                       x_note_player/Mcompar_GND_8_o_prev_duty_cc[8]_LessThan_7_o_cy<4>
                                                       x_note_player/Mcompar_GND_8_o_prev_duty_cc[8]_LessThan_7_o_cy<5>
    SLICE_X24Y29.CIN     net (fanout=1)        0.000   x_note_player/Mcompar_GND_8_o_prev_duty_cc[8]_LessThan_7_o_cy<5>
    SLICE_X24Y29.COUT    Tbyp                  0.120   x_note_player/Mcompar_GND_8_o_prev_duty_cc[8]_LessThan_7_o_cy<7>
                                                       x_note_player/Mcompar_GND_8_o_prev_duty_cc[8]_LessThan_7_o_cy<6>
                                                       x_note_player/Mcompar_GND_8_o_prev_duty_cc[8]_LessThan_7_o_cy<7>
    SLICE_X24Y30.CIN     net (fanout=1)        0.000   x_note_player/Mcompar_GND_8_o_prev_duty_cc[8]_LessThan_7_o_cy<7>
    SLICE_X24Y30.XB      Tcinxb                0.440   x_note_player/_n2266
                                                       x_note_player/Mcompar_GND_8_o_prev_duty_cc[8]_LessThan_7_o_cy<8>
    SLICE_X24Y36.G1      net (fanout=32)       1.682   x_note_player/Mcompar_GND_8_o_prev_duty_cc[8]_LessThan_7_o_cy<8>
    SLICE_X24Y36.Y       Tilo                  0.608   x_note_player/_n010436
                                                       x_note_player/_n0134_inv1
    SLICE_X9Y37.CE       net (fanout=6)        2.215   x_note_player/_n0134_inv
    SLICE_X9Y37.CLK      Tceck                 0.602   x_note_player/base_index<5>
                                                       x_note_player/base_index_4
    -------------------------------------------------  ---------------------------
    Total                                     32.166ns (10.897ns logic, 21.269ns route)
                                                       (33.9% logic, 66.1% route)

--------------------------------------------------------------------------------
Slack (setup path):     7.940ns (requirement - (data path - clock path skew + uncertainty))
  Source:               octave_0 (FF)
  Destination:          x_note_player/base_index_4 (FF)
  Requirement:          40.000ns
  Data Path Delay:      32.060ns (Levels of Logic = 14)
  Clock Path Skew:      0.000ns
  Source Clock:         clk_BUFGP rising at 0.000ns
  Destination Clock:    clk_BUFGP rising at 40.000ns
  Clock Uncertainty:    0.000ns

  Maximum Data Path: octave_0 to x_note_player/base_index_4
    Location             Delay type         Delay(ns)  Physical Resource
                                                       Logical Resource(s)
    -------------------------------------------------  -------------------
    SLICE_X13Y33.XQ      Tcko                  0.720   octave<0>
                                                       octave_0
    SLICE_X7Y37.G1       net (fanout=4)        1.739   octave<0>
    SLICE_X7Y37.Y        Tilo                  0.551   x_note_player/index_mult<3>
                                                       x_note_player/_n2211<1>1
    MULT18X18_X0Y5.B2    net (fanout=1)        0.769   x_note_player/index_mult<2>
    MULT18X18_X0Y5.P3    Tmult                 2.146   x_note_player/Mmult_n0091
                                                       x_note_player/Mmult_n0091
    SLICE_X8Y35.G2       net (fanout=1)        1.776   x_note_player/n0091<3>
    SLICE_X8Y35.COUT     Topcyg                1.096   x_note_player/n0059<2>
                                                       x_note_player/Madd_n0059_Madd_lut<3>
                                                       x_note_player/Madd_n0059_Madd_cy<3>
    SLICE_X8Y36.CIN      net (fanout=1)        0.000   x_note_player/Madd_n0059_Madd_cy<3>
    SLICE_X8Y36.X        Tcinx                 0.904   x_note_player/n0059<4>
                                                       x_note_player/Madd_n0059_Madd_xor<4>
    SLICE_X34Y56.F2      net (fanout=281)     10.081   x_note_player/n0059<4>
    SLICE_X34Y56.F5      Tif5                  0.796   x_note_player/Mram__n21878661_10_f52
                                                       x_note_player/Mram__n21878661_10_f5_12
                                                       x_note_player/Mram__n21878661_10_f5_1
    SLICE_X34Y56.FXINA   net (fanout=1)        0.000   x_note_player/Mram__n21878661_10_f52
    SLICE_X34Y56.FX      Tinafx                0.200   x_note_player/Mram__n21878661_10_f52
                                                       x_note_player/Mram__n21878661_9_f6_0
    SLICE_X34Y57.FXINA   net (fanout=1)        0.000   x_note_player/Mram__n21878661_9_f61
    SLICE_X34Y57.FX      Tinafx                0.200   x_note_player/Mram__n21878661_11_f51
                                                       x_note_player/Mram__n21878661_8_f7
    SLICE_X35Y55.FXINB   net (fanout=1)        0.000   x_note_player/Mram__n21878661_8_f7
    SLICE_X35Y55.Y       Tif6y                 0.342   x_note_player/Mram__n21878661_6_f8
                                                       x_note_player/Mram__n21878661_6_f8
    SLICE_X30Y53.F1      net (fanout=1)        0.917   x_note_player/Mram__n21878661_6_f8
    SLICE_X30Y53.X       Tif5x                 0.968   x_note_player/N121
                                                       x_note_player/Mram__n21878661_2_f5_G
                                                       x_note_player/Mram__n21878661_2_f5
    SLICE_X24Y27.F1      net (fanout=2)        1.984   x_note_player/N121
    SLICE_X24Y27.COUT    Topcyf                1.084   x_note_player/Mcompar_GND_8_o_prev_duty_cc[8]_LessThan_7_o_cy<3>
                                                       x_note_player/Mcompar_GND_8_o_prev_duty_cc[8]_LessThan_7_o_lut<2>
                                                       x_note_player/Mcompar_GND_8_o_prev_duty_cc[8]_LessThan_7_o_cy<2>
                                                       x_note_player/Mcompar_GND_8_o_prev_duty_cc[8]_LessThan_7_o_cy<3>
    SLICE_X24Y28.CIN     net (fanout=1)        0.000   x_note_player/Mcompar_GND_8_o_prev_duty_cc[8]_LessThan_7_o_cy<3>
    SLICE_X24Y28.COUT    Tbyp                  0.120   x_note_player/Mcompar_GND_8_o_prev_duty_cc[8]_LessThan_7_o_cy<5>
                                                       x_note_player/Mcompar_GND_8_o_prev_duty_cc[8]_LessThan_7_o_cy<4>
                                                       x_note_player/Mcompar_GND_8_o_prev_duty_cc[8]_LessThan_7_o_cy<5>
    SLICE_X24Y29.CIN     net (fanout=1)        0.000   x_note_player/Mcompar_GND_8_o_prev_duty_cc[8]_LessThan_7_o_cy<5>
    SLICE_X24Y29.COUT    Tbyp                  0.120   x_note_player/Mcompar_GND_8_o_prev_duty_cc[8]_LessThan_7_o_cy<7>
                                                       x_note_player/Mcompar_GND_8_o_prev_duty_cc[8]_LessThan_7_o_cy<6>
                                                       x_note_player/Mcompar_GND_8_o_prev_duty_cc[8]_LessThan_7_o_cy<7>
    SLICE_X24Y30.CIN     net (fanout=1)        0.000   x_note_player/Mcompar_GND_8_o_prev_duty_cc[8]_LessThan_7_o_cy<7>
    SLICE_X24Y30.XB      Tcinxb                0.440   x_note_player/_n2266
                                                       x_note_player/Mcompar_GND_8_o_prev_duty_cc[8]_LessThan_7_o_cy<8>
    SLICE_X24Y36.G1      net (fanout=32)       1.682   x_note_player/Mcompar_GND_8_o_prev_duty_cc[8]_LessThan_7_o_cy<8>
    SLICE_X24Y36.Y       Tilo                  0.608   x_note_player/_n010436
                                                       x_note_player/_n0134_inv1
    SLICE_X9Y37.CE       net (fanout=6)        2.215   x_note_player/_n0134_inv
    SLICE_X9Y37.CLK      Tceck                 0.602   x_note_player/base_index<5>
                                                       x_note_player/base_index_4
    -------------------------------------------------  ---------------------------
    Total                                     32.060ns (10.897ns logic, 21.163ns route)
                                                       (34.0% logic, 66.0% route)

--------------------------------------------------------------------------------

Hold Paths: ts_clk = PERIOD TIMEGRP "tnm_clk" 25 MHz HIGH 50%;
--------------------------------------------------------------------------------

Paths for end point second_pulse (SLICE_X50Y1.BY), 1 path
--------------------------------------------------------------------------------
Slack (hold path):      0.891ns (requirement - (clock path skew + uncertainty - data path))
  Source:               second_pulse (FF)
  Destination:          second_pulse (FF)
  Requirement:          0.000ns
  Data Path Delay:      0.891ns (Levels of Logic = 0)
  Clock Path Skew:      0.000ns
  Source Clock:         clk_BUFGP rising at 40.000ns
  Destination Clock:    clk_BUFGP rising at 40.000ns
  Clock Uncertainty:    0.000ns

  Minimum Data Path: second_pulse to second_pulse
    Location             Delay type         Delay(ns)  Physical Resource
                                                       Logical Resource(s)
    -------------------------------------------------  -------------------
    SLICE_X50Y1.YQ       Tcko                  0.576   second_pulse
                                                       second_pulse
    SLICE_X50Y1.BY       net (fanout=2)        0.552   second_pulse
    SLICE_X50Y1.CLK      Tckdi       (-Th)     0.237   second_pulse
                                                       second_pulse
    -------------------------------------------------  ---------------------------
    Total                                      0.891ns (0.339ns logic, 0.552ns route)
                                                       (38.0% logic, 62.0% route)

--------------------------------------------------------------------------------

Paths for end point x_note_player/index_2 (SLICE_X7Y41.G4), 1 path
--------------------------------------------------------------------------------
Slack (hold path):      0.992ns (requirement - (clock path skew + uncertainty - data path))
  Source:               x_note_player/index_0 (FF)
  Destination:          x_note_player/index_2 (FF)
  Requirement:          0.000ns
  Data Path Delay:      0.992ns (Levels of Logic = 1)
  Clock Path Skew:      0.000ns
  Source Clock:         clk_BUFGP rising at 40.000ns
  Destination Clock:    clk_BUFGP rising at 40.000ns
  Clock Uncertainty:    0.000ns

  Minimum Data Path: x_note_player/index_0 to x_note_player/index_2
    Location             Delay type         Delay(ns)  Physical Resource
                                                       Logical Resource(s)
    -------------------------------------------------  -------------------
    SLICE_X6Y41.YQ       Tcko                  0.576   x_note_player/index<1>
                                                       x_note_player/index_0
    SLICE_X7Y41.G4       net (fanout=8)        0.355   x_note_player/index<0>
    SLICE_X7Y41.CLK      Tckg        (-Th)    -0.061   x_note_player/index<2>
                                                       x_note_player/Mmux_index[7]_GND_8_o_mux_13_OUT31
                                                       x_note_player/index_2
    -------------------------------------------------  ---------------------------
    Total                                      0.992ns (0.637ns logic, 0.355ns route)
                                                       (64.2% logic, 35.8% route)

--------------------------------------------------------------------------------

Paths for end point x_note_player/index_5 (SLICE_X11Y40.F4), 1 path
--------------------------------------------------------------------------------
Slack (hold path):      1.002ns (requirement - (clock path skew + uncertainty - data path))
  Source:               x_note_player/index_4 (FF)
  Destination:          x_note_player/index_5 (FF)
  Requirement:          0.000ns
  Data Path Delay:      1.002ns (Levels of Logic = 1)
  Clock Path Skew:      0.000ns
  Source Clock:         clk_BUFGP rising at 40.000ns
  Destination Clock:    clk_BUFGP rising at 40.000ns
  Clock Uncertainty:    0.000ns

  Minimum Data Path: x_note_player/index_4 to x_note_player/index_5
    Location             Delay type         Delay(ns)  Physical Resource
                                                       Logical Resource(s)
    -------------------------------------------------  -------------------
    SLICE_X11Y40.YQ      Tcko                  0.576   x_note_player/index<5>
                                                       x_note_player/index_4
    SLICE_X11Y40.F4      net (fanout=7)        0.365   x_note_player/index<4>
    SLICE_X11Y40.CLK     Tckf        (-Th)    -0.061   x_note_player/index<5>
                                                       x_note_player/Mmux_index[7]_GND_8_o_mux_13_OUT61
                                                       x_note_player/index_5
    -------------------------------------------------  ---------------------------
    Total                                      1.002ns (0.637ns logic, 0.365ns route)
                                                       (63.6% logic, 36.4% route)

--------------------------------------------------------------------------------

Component Switching Limit Checks: ts_clk = PERIOD TIMEGRP "tnm_clk" 25 MHz HIGH 50%;
--------------------------------------------------------------------------------
Slack: 38.428ns (period - (min low pulse limit / (low pulse / period)))
  Period: 40.000ns
  Low pulse: 20.000ns
  Low pulse limit: 0.786ns (Tcl)
  Physical resource: x_note_length_counter/note_length_partial<0>/CLK
  Logical resource: x_note_length_counter/note_length_partial_0/CK
  Location pin: SLICE_X46Y6.CLK
  Clock network: clk_BUFGP
--------------------------------------------------------------------------------
Slack: 38.428ns (period - (min high pulse limit / (high pulse / period)))
  Period: 40.000ns
  High pulse: 20.000ns
  High pulse limit: 0.786ns (Tch)
  Physical resource: x_note_length_counter/note_length_partial<0>/CLK
  Logical resource: x_note_length_counter/note_length_partial_0/CK
  Location pin: SLICE_X46Y6.CLK
  Clock network: clk_BUFGP
--------------------------------------------------------------------------------
Slack: 38.428ns (period - (min low pulse limit / (low pulse / period)))
  Period: 40.000ns
  Low pulse: 20.000ns
  Low pulse limit: 0.786ns (Tcl)
  Physical resource: x_note_length_counter/note_length_partial<0>/CLK
  Logical resource: x_note_length_counter/note_length_partial_1/CK
  Location pin: SLICE_X46Y6.CLK
  Clock network: clk_BUFGP
--------------------------------------------------------------------------------


All constraints were met.


Data Sheet report:
-----------------
All values displayed in nanoseconds (ns)

Clock to Setup on destination clock clk
---------------+---------+---------+---------+---------+
               | Src:Rise| Src:Fall| Src:Rise| Src:Fall|
Source Clock   |Dest:Rise|Dest:Rise|Dest:Fall|Dest:Fall|
---------------+---------+---------+---------+---------+
clk            |   33.019|         |         |         |
---------------+---------+---------+---------+---------+


Timing summary:
---------------

Timing errors: 0  Score: 0  (Setup/Max: 0, Hold: 0)

Constraints cover 30216456 paths, 0 nets, and 7644 connections

Design statistics:
   Minimum period:  33.019ns{1}   (Maximum frequency:  30.286MHz)


------------------------------------Footnotes-----------------------------------
1)  The minimum period statistic assumes all single cycle delays.

Analysis completed Tue Sep 26 14:00:07 2017 
--------------------------------------------------------------------------------

Trace Settings:
-------------------------
Trace Settings 

Peak Memory Usage: 141 MB



