Release 14.7 Map P.20131013 (nt)
Xilinx Mapping Report File for Design 'music_player_v3'

Design Information
------------------
Command Line   : map -intstyle ise -p xc3s400-ft256-4 -cm area -detail -ir off
-pr off -c 100 -o music_player_v3_map.ncd music_player_v3.ngd
music_player_v3.pcf 
Target Device  : xc3s400
Target Package : ft256
Target Speed   : -4
Mapper Version : spartan3 -- $Revision: 1.55 $
Mapped Date    : Tue Sep 26 14:20:15 2017

Design Summary
--------------
Number of errors:      0
Number of warnings:    2
Logic Utilization:
  Number of Slice Flip Flops:            84 out of   7,168    1%
  Number of 4 input LUTs:               351 out of   7,168    4%
Logic Distribution:
  Number of occupied Slices:            201 out of   3,584    5%
    Number of Slices containing only related logic:     201 out of     201 100%
    Number of Slices containing unrelated logic:          0 out of     201   0%
      *See NOTES below for an explanation of the effects of unrelated logic.
  Total Number of 4 input LUTs:         363 out of   7,168    5%
    Number used as logic:               351
    Number used as a route-thru:         12

  The Slice Logic Distribution report is not meaningful if the design is
  over-mapped for a non-slice resource or if Placement fails.

  Number of bonded IOBs:                 22 out of     173   12%
  Number of MULT18X18s:                   4 out of      16   25%
  Number of BUFGMUXs:                     1 out of       8   12%

Average Fanout of Non-Clock Nets:                2.37

Peak Memory Usage:  231 MB
Total REAL time to MAP completion:  1 secs 
Total CPU time to MAP completion:   1 secs 

NOTES:

   Related logic is defined as being logic that shares connectivity - e.g. two
   LUTs are "related" if they share common inputs.  When assembling slices,
   Map gives priority to combine logic that is related.  Doing so results in
   the best timing performance.

   Unrelated logic shares no connectivity.  Map will only begin packing
   unrelated logic into a slice once 99% of the slices are occupied through
   related logic packing.

   Note that once logic distribution reaches the 99% level through related
   logic packing, this does not mean the device is completely utilized.
   Unrelated logic packing will then begin, continuing until all usable LUTs
   and FFs are occupied.  Depending on your timing budget, increased levels of
   unrelated logic packing may adversely affect the overall timing performance
   of your design.

Table of Contents
-----------------
Section 1 - Errors
Section 2 - Warnings
Section 3 - Informational
Section 4 - Removed Logic Summary
Section 5 - Removed Logic
Section 6 - IOB Properties
Section 7 - RPMs
Section 8 - Guide Report
Section 9 - Area Group and Partition Summary
Section 10 - Timing Report
Section 11 - Configuration String Information
Section 12 - Control Set Information
Section 13 - Utilization by Hierarchy

Section 1 - Errors
------------------

Section 2 - Warnings
--------------------
WARNING:Pack:249 - The following adjacent carry multiplexers occupy different
   slice components.  The resulting carry chain will have suboptimal timing.
   	x_note_length_counter/Mcompar_GND_6_o_GND_6_o_LessThan_8_o_cy<28>
   	x_note_length_counter/Mcount_note_length_partial_cy<0>
WARNING:Pack:249 - The following adjacent carry multiplexers occupy different
   slice components.  The resulting carry chain will have suboptimal timing.
   	x_note_player/Mcompar_n0007_cy<18>
   	x_note_player/Mcount_note_pitch_partial_cy<0>

Section 3 - Informational
-------------------------
INFO:MapLib:562 - No environment variables are currently set.
INFO:LIT:244 - All of the single ended outputs in this design are using slew
   rate limited output drivers. The delay on speed critical single ended outputs
   can be dramatically reduced by designating them as fast outputs.

Section 4 - Removed Logic Summary
---------------------------------
   2 block(s) optimized away
  27 Block(s) redundant

Section 5 - Removed Logic
-------------------------

Optimized Block(s):
TYPE 		BLOCK
GND 		XST_GND
VCC 		XST_VCC

Redundant Block(s):
TYPE 		BLOCK
LOCALBUF 		x_note_length_counter/Mmux_n00257_SW0/LUT4_D_BUF
LOCALBUF 		x_note_length_counter/Mmux_n00258_SW1/LUT4_D_BUF
LOCALBUF 		x_note_length_counter/Mmux_n00259_SW1/LUT4_D_BUF
LOCALBUF 		x_note_length_counter/Mmux_n002510_SW0/LUT4_D_BUF
LOCALBUF 		x_note_length_counter/Mmux_n002511_SW1/LUT4_D_BUF
LOCALBUF 		x_note_length_counter/Mmux_n002513_SW1/LUT4_D_BUF
LOCALBUF 		x_note_length_counter/Mmux_n002514_SW1/LUT4_D_BUF
LOCALBUF 		x_note_length_counter/Mmux_n002518_SW1/LUT4_D_BUF
LOCALBUF 		x_note_length_counter/Mmux_n002517_SW1/LUT4_D_BUF
LOCALBUF 		x_note_length_counter/Mmux_n002516_SW0/LUT4_D_BUF
LOCALBUF 		x_note_length_counter/Mmux_n002515_SW1/LUT4_D_BUF
LUT1 		x_note_length_counter/Madd_n0036_cy<26>_rt
LUT1 		x_note_length_counter/Madd_n0036_cy<25>_rt
LUT1 		x_note_length_counter/Msub_GND_6_o_GND_6_o_sub_7_OUT_cy<0>_rt
LUT1 		x_note_length_counter/Madd_n0045[27:0]_cy<26>_rt
LUT1 		x_note_length_counter/Mmult_n0023_Madd_cy<25>_rt
LUT1 		x_note_length_counter/Mmult_n0023_Madd_cy<24>_rt
LUT1 		x_note_length_counter/Mmult_n0023_Madd_cy<23>_rt
LUT1 		x_note_length_counter/Mmult_n0023_Madd_cy<22>_rt
LUT1 		x_note_length_counter/Mmult_n0023_Madd_cy<21>_rt
LUT1 		x_note_player/Msub_GND_8_o_GND_8_o_sub_5_OUT_cy<0>_rt
INV 		x_note_player/Mcompar_n0007_cy<18>_inv_INV_0
INV 		second_pulse_INV_62_o1_INV_0
INV 		btn<0>_inv1_INV_0
INV 		x_note_length_counter/GND_6_o_GND_6_o_LessThan_8_o_inv1_INV_0
INV 		x_note_player/square_wave_INV_56_o1_INV_0
MUXCY
		x_note_length_counter/Mcompar_articulation_cc[27]_note_length_partial[27]_Less
Than_6_o_cy<27>_inv_cy

Section 6 - IOB Properties
--------------------------

+---------------------------------------------------------------------------------------------------------------------------------------------------------+
| IOB Name                           | Type             | Direction | IO Standard          | Diff  | Drive    | Slew | Reg (s)      | Resistor | IOB      |
|                                    |                  |           |                      | Term  | Strength | Rate |              |          | Delay    |
+---------------------------------------------------------------------------------------------------------------------------------------------------------+
| btn<0>                             | IOB              | INPUT     | LVCMOS25             |       |          |      |              |          |          |
| btn<1>                             | IOB              | INPUT     | LVCMOS25             |       |          |      |              |          |          |
| btn<2>                             | IOB              | INPUT     | LVCMOS25             |       |          |      |              |          |          |
| btn<3>                             | IOB              | INPUT     | LVCMOS25             |       |          |      |              |          |          |
| clk                                | IOB              | INPUT     | LVCMOS25             |       |          |      |              |          |          |
| led<0>                             | IOB              | OUTPUT    | LVCMOS25             |       | 12       | SLOW |              |          |          |
| led<1>                             | IOB              | OUTPUT    | LVCMOS25             |       | 12       | SLOW |              |          |          |
| led<2>                             | IOB              | OUTPUT    | LVCMOS25             |       | 12       | SLOW |              |          |          |
| led<3>                             | IOB              | OUTPUT    | LVCMOS25             |       | 12       | SLOW |              |          |          |
| led<4>                             | IOB              | OUTPUT    | LVCMOS25             |       | 12       | SLOW |              |          |          |
| led<5>                             | IOB              | OUTPUT    | LVCMOS25             |       | 12       | SLOW |              |          |          |
| led<6>                             | IOB              | OUTPUT    | LVCMOS25             |       | 12       | SLOW |              |          |          |
| led<7>                             | IOB              | OUTPUT    | LVCMOS25             |       | 12       | SLOW |              |          |          |
| s                                  | IOB              | OUTPUT    | LVCMOS25             |       | 12       | SLOW |              |          |          |
| sw<0>                              | IOB              | INPUT     | LVCMOS25             |       |          |      |              |          |          |
| sw<1>                              | IOB              | INPUT     | LVCMOS25             |       |          |      |              |          |          |
| sw<2>                              | IOB              | INPUT     | LVCMOS25             |       |          |      |              |          |          |
| sw<3>                              | IOB              | INPUT     | LVCMOS25             |       |          |      |              |          |          |
| sw<4>                              | IOB              | INPUT     | LVCMOS25             |       |          |      |              |          |          |
| sw<5>                              | IOB              | INPUT     | LVCMOS25             |       |          |      |              |          |          |
| sw<6>                              | IOB              | INPUT     | LVCMOS25             |       |          |      |              |          |          |
| sw<7>                              | IOB              | INPUT     | LVCMOS25             |       |          |      |              |          |          |
+---------------------------------------------------------------------------------------------------------------------------------------------------------+

Section 7 - RPMs
----------------

Section 8 - Guide Report
------------------------
Guide not run on this design.

Section 9 - Area Group and Partition Summary
--------------------------------------------

Partition Implementation Status
-------------------------------

  No Partitions were found in this design.

-------------------------------

Area Group Information
----------------------

  No area groups were found in this design.

----------------------

Section 10 - Timing Report
--------------------------
This design was not run using timing mode.

Section 11 - Configuration String Details
-----------------------------------------
BUFGMUX "clk_BUFGP/BUFG":
DISABLE_ATTR:LOW




Section 12 - Control Set Information
------------------------------------
No control set information for this architecture.

Section 13 - Utilization by Hierarchy
-------------------------------------
+-------------------------------------------------------------------------------------------------------------------------------------------------------------------------------------+
| Module                 | Partition | Slices        | Slice Reg     | LUTs          | LUTRAM        | BRAM      | MULT18X18 | BUFG  | DCM   | Full Hierarchical Name                 |
+-------------------------------------------------------------------------------------------------------------------------------------------------------------------------------------+
| music_player_v3/       |           | 26/201        | 36/84         | 27/359        | 0/0           | 0/0       | 1/4       | 1/1   | 0/0   | music_player_v3                        |
| +x_note_length_counter |           | 135/135       | 30/30         | 258/258       | 0/0           | 0/0       | 2/2       | 0/0   | 0/0   | music_player_v3/x_note_length_counter  |
| +x_note_player         |           | 40/40         | 18/18         | 74/74         | 0/0           | 0/0       | 1/1       | 0/0   | 0/0   | music_player_v3/x_note_player          |
+-------------------------------------------------------------------------------------------------------------------------------------------------------------------------------------+

* Slices can be packed with basic elements from multiple hierarchies.
  Therefore, a slice will be counted in every hierarchical module
  that each of its packed basic elements belong to.
** For each column, there are two numbers reported <A>/<B>.
   <A> is the number of elements that belong to that specific hierarchical module.
   <B> is the total number of elements from that hierarchical module and any lower level
   hierarchical modules below.
*** The LUTRAM column counts all LUTs used as memory including RAM, ROM, and shift registers.
