Release 14.7 - xst P.20131013 (nt)
Copyright (c) 1995-2013 Xilinx, Inc.  All rights reserved.
--> Parameter TMPDIR set to xst/projnav.tmp


Total REAL time to Xst completion: 0.00 secs
Total CPU time to Xst completion: 0.13 secs
 
--> Parameter xsthdpdir set to xst


Total REAL time to Xst completion: 0.00 secs
Total CPU time to Xst completion: 0.13 secs
 
--> WARNING:Xst:1583 - You are using an internal switch '-use_new_parser'.
WARNING:Xst:3152 - You have chosen to run a version of XST which is not the default solution
   for the specified device family. You are free to use it in order to take
   advantage of its enhanced HDL parsing/elaboration capabilities. However,
   please be aware that you may be impacted by  language support differences.
   This version may also result in circuit performance and device utilization
   differences for your particular design. You can always revert back to the
   default XST solution by setting the "use_new_parser" option to value "no" 
   on the XST command line or in the XST process properties panel.
Reading design: music_player_v3.prj

TABLE OF CONTENTS
  1) Synthesis Options Summary
  2) HDL Parsing
  3) HDL Elaboration
  4) HDL Synthesis
       4.1) HDL Synthesis Report
  5) Advanced HDL Synthesis
       5.1) Advanced HDL Synthesis Report
  6) Low Level Synthesis
  7) Partition Report
  8) Design Summary
       8.1) Primitive and Black Box Usage
       8.2) Device utilization summary
       8.3) Partition Resource Summary
       8.4) Timing Report
            8.4.1) Clock Information
            8.4.2) Asynchronous Control Signals Information
            8.4.3) Timing Summary
            8.4.4) Timing Details
            8.4.5) Cross Clock Domains Report


=========================================================================
*                      Synthesis Options Summary                        *
=========================================================================
---- Source Parameters
Input File Name                    : "music_player_v3.prj"
Input Format                       : mixed
Ignore Synthesis Constraint File   : NO

---- Target Parameters
Output File Name                   : "music_player_v3"
Output Format                      : NGC
Target Device                      : xc3s400-4-ft256

---- Source Options
Use New Parser                     : yes
Top Module Name                    : music_player_v3
Automatic FSM Extraction           : YES
FSM Encoding Algorithm             : Auto
Safe Implementation                : No
FSM Style                          : LUT
RAM Extraction                     : Yes
RAM Style                          : Auto
ROM Extraction                     : Yes
Mux Style                          : Auto
Decoder Extraction                 : YES
Priority Encoder Extraction        : Yes
Shift Register Extraction          : YES
Logical Shifter Extraction         : YES
XOR Collapsing                     : YES
ROM Style                          : Auto
Mux Extraction                     : Yes
Resource Sharing                   : YES
Asynchronous To Synchronous        : NO
Multiplier Style                   : Auto
Automatic Register Balancing       : No

---- Target Options
Add IO Buffers                     : YES
Global Maximum Fanout              : 100000
Add Generic Clock Buffer(BUFG)     : 8
Register Duplication               : YES
Slice Packing                      : YES
Optimize Instantiated Primitives   : NO
Use Clock Enable                   : Yes
Use Synchronous Set                : Yes
Use Synchronous Reset              : Yes
Pack IO Registers into IOBs        : Auto
Equivalent register Removal        : YES

---- General Options
Optimization Goal                  : Speed
Optimization Effort                : 1
Keep Hierarchy                     : No
Netlist Hierarchy                  : As_Optimized
RTL Output                         : Yes
Global Optimization                : AllClockNets
Read Cores                         : YES
Write Timing Constraints           : NO
Cross Clock Analysis               : NO
Hierarchy Separator                : /
Bus Delimiter                      : <>
Case Specifier                     : Maintain
Slice Utilization Ratio            : 100
BRAM Utilization Ratio             : 100
Verilog 2001                       : YES
Auto BRAM Packing                  : NO
Slice Utilization Ratio Delta      : 5

=========================================================================


=========================================================================
*                          HDL Parsing                                  *
=========================================================================
Parsing VHDL file "C:\Users\Ryan\OneDrive - UNSW\Documents\2017 Semester 2\COMP3601 - Desgin Project A\Git Repositry\ISE Projects\music_player_v3\constants.vhd" into library work
Parsing package <constants>.
Parsing VHDL file "C:\Users\Ryan\OneDrive - UNSW\Documents\2017 Semester 2\COMP3601 - Desgin Project A\Git Repositry\ISE Projects\music_player_v3\note_player.vhd" into library work
Parsing entity <note_player>.
Parsing architecture <Behavioral> of entity <note_player>.
Parsing VHDL file "C:\Users\Ryan\OneDrive - UNSW\Documents\2017 Semester 2\COMP3601 - Desgin Project A\Git Repositry\ISE Projects\music_player_v3\note_length_counter.vhd" into library work
Parsing entity <note_length_counter>.
Parsing architecture <Behavioral> of entity <note_length_counter>.
Parsing VHDL file "C:\Users\Ryan\OneDrive - UNSW\Documents\2017 Semester 2\COMP3601 - Desgin Project A\Git Repositry\ISE Projects\music_player_v3\sine_wave_notes.vhd" into library work
Parsing entity <music_player_v3>.
Parsing architecture <behavioral> of entity <music_player_v3>.

=========================================================================
*                            HDL Elaboration                            *
=========================================================================

Elaborating entity <music_player_v3> (architecture <behavioral>) from library <work>.

Elaborating entity <note_length_counter> (architecture <Behavioral>) from library <work>.

Elaborating entity <note_player> (architecture <Behavioral>) from library <work>.

=========================================================================
*                           HDL Synthesis                               *
=========================================================================

Synthesizing Unit <music_player_v3>.
    Related source file is "C:\Users\Ryan\OneDrive - UNSW\Documents\2017 Semester 2\COMP3601 - Desgin Project A\Git Repositry\ISE Projects\music_player_v3\sine_wave_notes.vhd".
WARNING:Xst:37 - Detected unknown constraint/property " package_net". This constraint/property is not supported by the current software release and will be ignored.
WARNING:Xst:37 - Detected unknown constraint/property " package_net". This constraint/property is not supported by the current software release and will be ignored.
WARNING:Xst:37 - Detected unknown constraint/property " package_net". This constraint/property is not supported by the current software release and will be ignored.
WARNING:Xst:2999 - Signal 'music_array', unconnected in block 'music_player_v3', is tied to its initial value.
WARNING:Xst:2999 - Signal 'music_octave_array', unconnected in block 'music_player_v3', is tied to its initial value.
WARNING:Xst:2999 - Signal 'music_length_array', unconnected in block 'music_player_v3', is tied to its initial value.
    Found 64x4-bit single-port Read Only RAM <Mram_music_array> for signal <music_array>.
    Found 64x2-bit single-port Read Only RAM <Mram_music_octave_array> for signal <music_octave_array>.
    Found 64x7-bit single-port Read Only RAM <Mram_music_length_array> for signal <music_length_array>.
    Found 6-bit register for signal <music_index>.
    Found 1-bit register for signal <second_pulse>.
    Found 4-bit register for signal <note>.
    Found 2-bit register for signal <octave>.
    Found 7-bit register for signal <note_length_in_twelfths>.
    Found 22-bit register for signal <twelfth_cc>.
    Found 3-bit adder for signal <n0050> created at line 62.
    Found 6-bit adder for signal <music_index[5]_GND_5_o_add_6_OUT> created at line 79.
    Found 20x3-bit multiplier for signal <n0037> created at line 63.
    Summary:
	inferred   3 RAM(s).
	inferred   1 Multiplier(s).
	inferred   2 Adder/Subtractor(s).
	inferred  42 D-type flip-flop(s).
	inferred   2 Multiplexer(s).
Unit <music_player_v3> synthesized.

Synthesizing Unit <note_length_counter>.
    Related source file is "C:\Users\Ryan\OneDrive - UNSW\Documents\2017 Semester 2\COMP3601 - Desgin Project A\Git Repositry\ISE Projects\music_player_v3\note_length_counter.vhd".
    Found 1-bit register for signal <is_new_note>.
    Found 1-bit register for signal <is_mute>.
    Found 28-bit register for signal <note_length_partial>.
    Found 29-bit subtractor for signal <GND_6_o_GND_6_o_sub_7_OUT> created at line 48.
    Found 28-bit adder for signal <n0045[27:0]> created at line 33.
    Found 29-bit adder for signal <n0036> created at line 33.
    Found 28-bit adder for signal <note_length_partial[27]_GND_6_o_add_8_OUT> created at line 52.
    Found 22x7-bit multiplier for signal <n0023> created at line 29.
    Found 28-bit comparator greater for signal <articulation_cc[27]_note_length_partial[27]_LessThan_6_o> created at line 43
    Found 29-bit comparator greater for signal <n0011> created at line 48
    Summary:
	inferred   1 Multiplier(s).
	inferred   4 Adder/Subtractor(s).
	inferred  30 D-type flip-flop(s).
	inferred   2 Comparator(s).
	inferred   2 Multiplexer(s).
Unit <note_length_counter> synthesized.

Synthesizing Unit <note_player>.
    Related source file is "C:\Users\Ryan\OneDrive - UNSW\Documents\2017 Semester 2\COMP3601 - Desgin Project A\Git Repositry\ISE Projects\music_player_v3\note_player.vhd".
    Found 1-bit register for signal <square_wave>.
    Found 17-bit register for signal <note_pitch_partial>.
    Found 19-bit subtractor for signal <GND_8_o_GND_8_o_sub_5_OUT> created at line 34.
    Found 17-bit adder for signal <note_pitch_partial[16]_GND_8_o_add_6_OUT> created at line 38.
    Found 14x4-bit multiplier for signal <note[3]_octave_mult[3]_MuLt_3_OUT> created at line 34.
    Found 19-bit comparator greater for signal <n0007> created at line 34
    Summary:
	inferred   1 Multiplier(s).
	inferred   2 Adder/Subtractor(s).
	inferred  18 D-type flip-flop(s).
	inferred   1 Comparator(s).
Unit <note_player> synthesized.

=========================================================================
HDL Synthesis Report

Macro Statistics
# RAMs                                                 : 3
 64x2-bit single-port Read Only RAM                    : 1
 64x4-bit single-port Read Only RAM                    : 1
 64x7-bit single-port Read Only RAM                    : 1
# Multipliers                                          : 3
 14x4-bit multiplier                                   : 1
 20x3-bit multiplier                                   : 1
 22x7-bit multiplier                                   : 1
# Adders/Subtractors                                   : 8
 17-bit adder                                          : 1
 19-bit subtractor                                     : 1
 28-bit adder                                          : 2
 29-bit adder                                          : 1
 29-bit subtractor                                     : 1
 3-bit adder                                           : 1
 6-bit adder                                           : 1
# Registers                                            : 11
 1-bit register                                        : 4
 17-bit register                                       : 1
 2-bit register                                        : 1
 22-bit register                                       : 1
 28-bit register                                       : 1
 4-bit register                                        : 1
 6-bit register                                        : 1
 7-bit register                                        : 1
# Comparators                                          : 3
 19-bit comparator greater                             : 1
 28-bit comparator greater                             : 1
 29-bit comparator greater                             : 1
# Multiplexers                                         : 4
 29-bit 2-to-1 multiplexer                             : 2
 6-bit 2-to-1 multiplexer                              : 2

=========================================================================

=========================================================================
*                       Advanced HDL Synthesis                          *
=========================================================================


Synthesizing (advanced) Unit <music_player_v3>.
	Found pipelined multiplier on signal <n0037>:
		- 1 pipeline level(s) found in a register connected to the multiplier macro output.
		Pushing register(s) into the multiplier macro.
INFO:Xst:3231 - The small RAM <Mram_music_array> will be implemented on LUTs in order to maximize performance and save block RAM resources. If you want to force its implementation on block, use option/constraint ram_style.
    -----------------------------------------------------------------------
    | ram_type           | Distributed                         |          |
    -----------------------------------------------------------------------
    | Port A                                                              |
    |     aspect ratio   | 64-word x 4-bit                     |          |
    |     weA            | connected to signal <GND>           | high     |
    |     addrA          | connected to signal <music_index[5]_music_index[5]_mux_8_OUT> |          |
    |     diA            | connected to signal <GND>           |          |
    |     doA            | connected to internal node          |          |
    -----------------------------------------------------------------------
INFO:Xst:3231 - The small RAM <Mram_music_octave_array> will be implemented on LUTs in order to maximize performance and save block RAM resources. If you want to force its implementation on block, use option/constraint ram_style.
    -----------------------------------------------------------------------
    | ram_type           | Distributed                         |          |
    -----------------------------------------------------------------------
    | Port A                                                              |
    |     aspect ratio   | 64-word x 2-bit                     |          |
    |     weA            | connected to signal <GND>           | high     |
    |     addrA          | connected to signal <music_index[5]_music_index[5]_mux_8_OUT> |          |
    |     diA            | connected to signal <GND>           |          |
    |     doA            | connected to internal node          |          |
    -----------------------------------------------------------------------
INFO:Xst:3231 - The small RAM <Mram_music_length_array> will be implemented on LUTs in order to maximize performance and save block RAM resources. If you want to force its implementation on block, use option/constraint ram_style.
    -----------------------------------------------------------------------
    | ram_type           | Distributed                         |          |
    -----------------------------------------------------------------------
    | Port A                                                              |
    |     aspect ratio   | 64-word x 7-bit                     |          |
    |     weA            | connected to signal <GND>           | high     |
    |     addrA          | connected to signal <music_index[5]_music_index[5]_mux_8_OUT> |          |
    |     diA            | connected to signal <GND>           |          |
    |     doA            | connected to internal node          |          |
    -----------------------------------------------------------------------
INFO:Xst:2385 - HDL ADVISOR - You can improve the performance of the multiplier Mmult_n0037 by adding 1 register level(s).
Unit <music_player_v3> synthesized (advanced).

Synthesizing (advanced) Unit <note_length_counter>.
The following registers are absorbed into counter <note_length_partial>: 1 register on signal <note_length_partial>.
Unit <note_length_counter> synthesized (advanced).

Synthesizing (advanced) Unit <note_player>.
The following registers are absorbed into counter <note_pitch_partial>: 1 register on signal <note_pitch_partial>.
Unit <note_player> synthesized (advanced).

=========================================================================
Advanced HDL Synthesis Report

Macro Statistics
# RAMs                                                 : 3
 64x2-bit single-port distributed Read Only RAM        : 1
 64x4-bit single-port distributed Read Only RAM        : 1
 64x7-bit single-port distributed Read Only RAM        : 1
# Multipliers                                          : 3
 14x4-bit multiplier                                   : 1
 20x3-bit registered multiplier                        : 1
 22x7-bit multiplier                                   : 1
# Adders/Subtractors                                   : 6
 19-bit subtractor                                     : 1
 28-bit adder                                          : 1
 29-bit adder                                          : 1
 29-bit subtractor                                     : 1
 3-bit adder                                           : 1
 6-bit adder                                           : 1
# Counters                                             : 2
 17-bit up counter                                     : 1
 28-bit up counter                                     : 1
# Registers                                            : 23
 Flip-Flops                                            : 23
# Comparators                                          : 3
 19-bit comparator greater                             : 1
 28-bit comparator greater                             : 1
 29-bit comparator greater                             : 1
# Multiplexers                                         : 4
 29-bit 2-to-1 multiplexer                             : 2
 6-bit 2-to-1 multiplexer                              : 2

=========================================================================

=========================================================================
*                         Low Level Synthesis                           *
=========================================================================
WARNING:Xst:1710 - FF/Latch <octave_1> (without init value) has a constant value of 0 in block <music_player_v3>. This FF/Latch will be trimmed during the optimization process.
WARNING:Xst:1895 - Due to other FF/Latch trimming, FF/Latch <note_length_in_twelfths_0> (without init value) has a constant value of 0 in block <music_player_v3>. This FF/Latch will be trimmed during the optimization process.
WARNING:Xst:1895 - Due to other FF/Latch trimming, FF/Latch <note_length_in_twelfths_6> (without init value) has a constant value of 0 in block <music_player_v3>. This FF/Latch will be trimmed during the optimization process.

Optimizing unit <music_player_v3> ...

Optimizing unit <note_length_counter> ...

Optimizing unit <note_player> ...

Mapping all equations...
Building and optimizing final netlist ...
Found area constraint ratio of 100 (+ 5) on block music_player_v3, actual ratio is 6.

Final Macro Processing ...

=========================================================================
Final Register Report

Macro Statistics
# Registers                                            : 87
 Flip-Flops                                            : 87

=========================================================================

=========================================================================
*                           Partition Report                            *
=========================================================================

Partition Implementation Status
-------------------------------

  No Partitions were found in this design.

-------------------------------

=========================================================================
*                            Design Summary                             *
=========================================================================

Top Level Output File Name         : music_player_v3.ngc

Primitive and Black Box Usage:
------------------------------
# BELS                             : 809
#      GND                         : 1
#      INV                         : 56
#      LUT1                        : 51
#      LUT2                        : 110
#      LUT3                        : 34
#      LUT4                        : 125
#      LUT4_D                      : 14
#      MUXCY                       : 232
#      MUXF5                       : 17
#      MUXF6                       : 9
#      VCC                         : 1
#      XORCY                       : 159
# FlipFlops/Latches                : 87
#      FD                          : 22
#      FDE                         : 6
#      FDR                         : 53
#      FDRE                        : 4
#      FDSE                        : 2
# Clock Buffers                    : 1
#      BUFGP                       : 1
# IO Buffers                       : 21
#      IBUF                        : 12
#      OBUF                        : 9
# MULTs                            : 4
#      MULT18X18                   : 4

Device utilization summary:
---------------------------

Selected Device : 3s400ft256-4 

 Number of Slices:                      221  out of   3584     6%  
 Number of Slice Flip Flops:             87  out of   7168     1%  
 Number of 4 input LUTs:                390  out of   7168     5%  
 Number of IOs:                          22
 Number of bonded IOBs:                  22  out of    173    12%  
 Number of MULT18X18s:                    4  out of     16    25%  
 Number of GCLKs:                         1  out of      8    12%  

---------------------------
Partition Resource Summary:
---------------------------

  No Partitions were found in this design.

---------------------------


=========================================================================
Timing Report

NOTE: THESE TIMING NUMBERS ARE ONLY A SYNTHESIS ESTIMATE.
      FOR ACCURATE TIMING INFORMATION PLEASE REFER TO THE TRACE REPORT
      GENERATED AFTER PLACE-and-ROUTE.

Clock Information:
------------------
-----------------------------------+------------------------+-------+
Clock Signal                       | Clock buffer(FF name)  | Load  |
-----------------------------------+------------------------+-------+
clk                                | BUFGP                  | 87    |
-----------------------------------+------------------------+-------+

Asynchronous Control Signals Information:
----------------------------------------
No asynchronous control signals found in this design

Timing Summary:
---------------
Speed Grade: -4

   Minimum period: 18.301ns (Maximum Frequency: 54.642MHz)
   Minimum input arrival time before clock: 9.372ns
   Maximum output required time after clock: 7.241ns
   Maximum combinational path delay: 7.266ns

Timing Details:
---------------
All values displayed in nanoseconds (ns)

=========================================================================
Timing constraint: Default period analysis for Clock 'clk'
  Clock period: 18.301ns (frequency: 54.642MHz)
  Total number of paths / destination ports: 1749832 / 117
-------------------------------------------------------------------------
Delay:               18.301ns (Levels of Logic = 15)
  Source:            note_length_in_twelfths_5 (FF)
  Destination:       x_note_length_counter/is_mute (FF)
  Source Clock:      clk rising
  Destination Clock: clk rising

  Data Path: note_length_in_twelfths_5 to x_note_length_counter/is_mute
                                Gate     Net
    Cell:in->out      fanout   Delay   Delay  Logical Name (Net Name)
    ----------------------------------------  ------------
     FDE:C->Q              2   0.720   0.877  note_length_in_twelfths_5 (note_length_in_twelfths_5)
     MULT18X18:B5->P23     1   4.285   0.996  x_note_length_counter/Mmult_n0023_submult_0 (x_note_length_counter/Mmult_n0023_submult_0_23)
     LUT2:I1->O            1   0.551   0.000  x_note_length_counter/Mmult_n0023_Madd_lut<23> (x_note_length_counter/Mmult_n0023_Madd_lut<23>)
     MUXCY:S->O            1   0.500   0.000  x_note_length_counter/Mmult_n0023_Madd_cy<23> (x_note_length_counter/Mmult_n0023_Madd_cy<23>)
     MUXCY:CI->O           1   0.064   0.000  x_note_length_counter/Mmult_n0023_Madd_cy<24> (x_note_length_counter/Mmult_n0023_Madd_cy<24>)
     MUXCY:CI->O           1   0.064   0.000  x_note_length_counter/Mmult_n0023_Madd_cy<25> (x_note_length_counter/Mmult_n0023_Madd_cy<25>)
     XORCY:CI->O           9   0.904   1.463  x_note_length_counter/Mmult_n0023_Madd_xor<26> (x_note_length_counter/n0023<26>)
     LUT2:I0->O            1   0.551   0.000  x_note_length_counter/Madd_n0045[27:0]_lut<25> (x_note_length_counter/Madd_n0045[27:0]_lut<25>)
     MUXCY:S->O            1   0.500   0.000  x_note_length_counter/Madd_n0045[27:0]_cy<25> (x_note_length_counter/Madd_n0045[27:0]_cy<25>)
     XORCY:CI->O           1   0.904   1.140  x_note_length_counter/Madd_n0045[27:0]_xor<26> (x_note_length_counter/n0045[27:0]<26>)
     LUT1:I0->O            1   0.551   0.000  x_note_length_counter/Madd_n0036_cy<26>_rt (x_note_length_counter/Madd_n0036_cy<26>_rt)
     MUXCY:S->O            0   0.500   0.000  x_note_length_counter/Madd_n0036_cy<26> (x_note_length_counter/Madd_n0036_cy<26>)
     XORCY:CI->O           2   0.904   0.903  x_note_length_counter/Madd_n0036_xor<27> (x_note_length_counter/n0036<27>)
     LUT4:I3->O            0   0.551   0.000  x_note_length_counter/Mmux_n0025201 (x_note_length_counter/n0025<27>)
     MUXCY:DI->O           1   0.889   0.000  x_note_length_counter/Mcompar_articulation_cc[27]_note_length_partial[27]_LessThan_6_o_cy<27> (x_note_length_counter/Mcompar_articulation_cc[27]_note_length_partial[27]_LessThan_6_o_cy<27>)
     MUXCY:CI->O           1   0.281   0.000  x_note_length_counter/Mcompar_articulation_cc[27]_note_length_partial[27]_LessThan_6_o_cy<27>_inv_cy (x_note_length_counter/articulation_cc[27]_note_length_partial[27]_LessThan_6_o)
     FDR:D                     0.203          x_note_length_counter/is_mute
    ----------------------------------------
    Total                     18.301ns (12.922ns logic, 5.379ns route)
                                       (70.6% logic, 29.4% route)

=========================================================================
Timing constraint: Default OFFSET IN BEFORE for Clock 'clk'
  Total number of paths / destination ports: 398 / 92
-------------------------------------------------------------------------
Offset:              9.372ns (Levels of Logic = 4)
  Source:            sw<0> (PAD)
  Destination:       Mmult_n0037_2 (FF)
  Destination Clock: clk rising

  Data Path: sw<0> to Mmult_n0037_2
                                Gate     Net
    Cell:in->out      fanout   Delay   Delay  Logical Name (Net Name)
    ----------------------------------------  ------------
     IBUF:I->O             6   0.821   1.342  sw_0_IBUF (Madd_n0050_cy<0>)
     LUT2:I0->O            1   0.551   0.801  Mmult_n0037_Madd_lut<20>1 (Mmult_n0037_Madd_lut<20>)
     MULT18X18:B1->P19     3   4.001   1.102  Mmult_n0037_submult_0 (Mmult_n0037_submult_0_19)
     LUT2:I1->O            1   0.551   0.000  Mmult_n0037_Madd_191 (Mmult_n0037_Madd_19)
     FD:D                      0.203          Mmult_n0037_2
    ----------------------------------------
    Total                      9.372ns (6.127ns logic, 3.245ns route)
                                       (65.4% logic, 34.6% route)

=========================================================================
Timing constraint: Default OFFSET OUT AFTER for Clock 'clk'
  Total number of paths / destination ports: 2 / 2
-------------------------------------------------------------------------
Offset:              7.241ns (Levels of Logic = 1)
  Source:            second_pulse (FF)
  Destination:       led<7> (PAD)
  Source Clock:      clk rising

  Data Path: second_pulse to led<7>
                                Gate     Net
    Cell:in->out      fanout   Delay   Delay  Logical Name (Net Name)
    ----------------------------------------  ------------
     FDRE:C->Q             2   0.720   0.877  second_pulse (second_pulse)
     OBUF:I->O                 5.644          led_7_OBUF (led<7>)
    ----------------------------------------
    Total                      7.241ns (6.364ns logic, 0.877ns route)
                                       (87.9% logic, 12.1% route)

=========================================================================
Timing constraint: Default path analysis
  Total number of paths / destination ports: 7 / 7
-------------------------------------------------------------------------
Delay:               7.266ns (Levels of Logic = 2)
  Source:            sw<5> (PAD)
  Destination:       led<6> (PAD)

  Data Path: sw<5> to led<6>
                                Gate     Net
    Cell:in->out      fanout   Delay   Delay  Logical Name (Net Name)
    ----------------------------------------  ------------
     IBUF:I->O             1   0.821   0.801  sw_5_IBUF (led_6_OBUF)
     OBUF:I->O                 5.644          led_6_OBUF (led<6>)
    ----------------------------------------
    Total                      7.266ns (6.465ns logic, 0.801ns route)
                                       (89.0% logic, 11.0% route)

=========================================================================

Cross Clock Domains Report:
--------------------------

Clock to Setup on destination clock clk
---------------+---------+---------+---------+---------+
               | Src:Rise| Src:Fall| Src:Rise| Src:Fall|
Source Clock   |Dest:Rise|Dest:Rise|Dest:Fall|Dest:Fall|
---------------+---------+---------+---------+---------+
clk            |   18.301|         |         |         |
---------------+---------+---------+---------+---------+

=========================================================================


Total REAL time to Xst completion: 6.00 secs
Total CPU time to Xst completion: 6.44 secs
 
WARNING:Xst:3152 - You have chosen to run a version of XST which is not the default solution
   for the specified device family. You are free to use it in order to take
   advantage of its enhanced HDL parsing/elaboration capabilities. However,
   please be aware that you may be impacted by  language support differences.
   This version may also result in circuit performance and device utilization
   differences for your particular design. You can always revert back to the
   default XST solution by setting the "use_new_parser" option to value "no" 
   on the XST command line or in the XST process properties panel.
--> 

Total memory usage is 221528 kilobytes

Number of errors   :    0 (   0 filtered)
Number of warnings :   12 (   0 filtered)
Number of infos    :    4 (   0 filtered)

