--------------------------------------------------------------------------------
Release 14.7 Trace  (nt)
Copyright (c) 1995-2013 Xilinx, Inc.  All rights reserved.

C:\Xilinx\14.7\ISE_DS\ISE\bin\nt\unwrapped\trce.exe -intstyle ise -v 3 -s 4 -n
3 -fastpaths -xml flash_memory.twx flash_memory.ncd -o flash_memory.twr
flash_memory.pcf -ucf flash_memory.ucf

Design file:              flash_memory.ncd
Physical constraint file: flash_memory.pcf
Device,package,speed:     xc3s400,ft256,-4 (PRODUCTION 1.39 2013-10-13)
Report level:             verbose report

Environment Variable      Effect 
--------------------      ------ 
NONE                      No environment variables were set
--------------------------------------------------------------------------------

INFO:Timing:2698 - No timing constraints found, doing default enumeration.
INFO:Timing:3412 - To improve timing, see the Timing Closure User Guide (UG612).
INFO:Timing:2752 - To get complete path coverage, use the unconstrained paths 
   option. All paths that are not constrained will be reported in the 
   unconstrained paths section(s) of the report.
INFO:Timing:3339 - The clock-to-out numbers in this timing report are based on 
   a 50 Ohm transmission line loading model.  For the details of this model, 
   and for more information on accounting for different loading conditions, 
   please see the device datasheet.
INFO:Timing:3390 - This architecture does not support a default System Jitter 
   value, please add SYSTEM_JITTER constraint to the UCF to modify the Clock 
   Uncertainty calculation.
INFO:Timing:3389 - This architecture does not support 'Discrete Jitter' and 
   'Phase Error' calculations, these terms will be zero in the Clock 
   Uncertainty calculation.  Please make appropriate modification to 
   SYSTEM_JITTER to account for the unsupported Discrete Jitter and Phase 
   Error.



Data Sheet report:
-----------------
All values displayed in nanoseconds (ns)

Setup/Hold to clock clk
------------+------------+------------+------------------+--------+
            |Max Setup to|Max Hold to |                  | Clock  |
Source      | clk (edge) | clk (edge) |Internal Clock(s) | Phase  |
------------+------------+------------+------------------+--------+
data<0>     |    3.005(R)|   -0.959(R)|clk_BUFGP         |   0.000|
data<1>     |    2.938(R)|   -0.906(R)|clk_BUFGP         |   0.000|
data<2>     |    3.015(R)|   -0.967(R)|clk_BUFGP         |   0.000|
data<3>     |    3.518(R)|   -1.376(R)|clk_BUFGP         |   0.000|
data<4>     |    3.006(R)|   -0.960(R)|clk_BUFGP         |   0.000|
data<5>     |    3.508(R)|   -1.362(R)|clk_BUFGP         |   0.000|
data<6>     |    2.927(R)|   -0.897(R)|clk_BUFGP         |   0.000|
data<7>     |    2.674(R)|   -0.695(R)|clk_BUFGP         |   0.000|
------------+------------+------------+------------------+--------+

Clock clk to Pad
------------+------------+------------------+--------+
            | clk (edge) |                  | Clock  |
Destination |   to PAD   |Internal Clock(s) | Phase  |
------------+------------+------------------+--------+
CE          |   11.252(R)|clk_BUFGP         |   0.000|
OE          |   10.726(R)|clk_BUFGP         |   0.000|
WE          |   11.541(R)|clk_BUFGP         |   0.000|
an<0>       |    9.714(R)|clk_BUFGP         |   0.000|
an<1>       |    9.608(R)|clk_BUFGP         |   0.000|
an<2>       |    9.640(R)|clk_BUFGP         |   0.000|
an<3>       |    9.640(R)|clk_BUFGP         |   0.000|
data<0>     |   11.385(R)|clk_BUFGP         |   0.000|
data<1>     |   11.734(R)|clk_BUFGP         |   0.000|
data<2>     |   11.743(R)|clk_BUFGP         |   0.000|
data<3>     |   12.075(R)|clk_BUFGP         |   0.000|
data<4>     |   12.079(R)|clk_BUFGP         |   0.000|
data<5>     |   12.746(R)|clk_BUFGP         |   0.000|
data<6>     |   12.424(R)|clk_BUFGP         |   0.000|
data<7>     |   13.111(R)|clk_BUFGP         |   0.000|
data<8>     |   11.838(R)|clk_BUFGP         |   0.000|
data<9>     |   11.756(R)|clk_BUFGP         |   0.000|
data<10>    |   11.840(R)|clk_BUFGP         |   0.000|
data<11>    |   12.859(R)|clk_BUFGP         |   0.000|
data<12>    |   13.208(R)|clk_BUFGP         |   0.000|
data<13>    |   13.550(R)|clk_BUFGP         |   0.000|
data<14>    |   13.221(R)|clk_BUFGP         |   0.000|
data<15>    |   13.571(R)|clk_BUFGP         |   0.000|
hex<0>      |   16.742(R)|clk_BUFGP         |   0.000|
hex<1>      |   16.851(R)|clk_BUFGP         |   0.000|
hex<2>      |   15.960(R)|clk_BUFGP         |   0.000|
hex<3>      |   15.031(R)|clk_BUFGP         |   0.000|
hex<4>      |   16.137(R)|clk_BUFGP         |   0.000|
hex<5>      |   16.750(R)|clk_BUFGP         |   0.000|
hex<6>      |   15.387(R)|clk_BUFGP         |   0.000|
led<0>      |    7.383(R)|clk_BUFGP         |   0.000|
led<1>      |    7.382(R)|clk_BUFGP         |   0.000|
led<2>      |    7.382(R)|clk_BUFGP         |   0.000|
led<3>      |    7.363(R)|clk_BUFGP         |   0.000|
led<4>      |    7.382(R)|clk_BUFGP         |   0.000|
led<5>      |    7.382(R)|clk_BUFGP         |   0.000|
led<6>      |    7.382(R)|clk_BUFGP         |   0.000|
led<7>      |    7.382(R)|clk_BUFGP         |   0.000|
st          |   11.157(R)|clk_BUFGP         |   0.000|
------------+------------+------------------+--------+

Clock to Setup on destination clock clk
---------------+---------+---------+---------+---------+
               | Src:Rise| Src:Fall| Src:Rise| Src:Fall|
Source Clock   |Dest:Rise|Dest:Rise|Dest:Fall|Dest:Fall|
---------------+---------+---------+---------+---------+
clk            |    8.180|         |         |         |
---------------+---------+---------+---------+---------+


Analysis completed Wed Sep 13 21:00:36 2017 
--------------------------------------------------------------------------------

Trace Settings:
-------------------------
Trace Settings 

Peak Memory Usage: 106 MB



