Release 14.7 - xst P.20131013 (nt)
Copyright (c) 1995-2013 Xilinx, Inc.  All rights reserved.
--> Parameter TMPDIR set to xst/projnav.tmp


Total REAL time to Xst completion: 0.00 secs
Total CPU time to Xst completion: 0.16 secs
 
--> Parameter xsthdpdir set to xst


Total REAL time to Xst completion: 0.00 secs
Total CPU time to Xst completion: 0.16 secs
 
--> Reading design: seven_seg_display.prj

TABLE OF CONTENTS
  1) Synthesis Options Summary
  2) HDL Compilation
  3) Design Hierarchy Analysis
  4) HDL Analysis
  5) HDL Synthesis
     5.1) HDL Synthesis Report
  6) Advanced HDL Synthesis
     6.1) Advanced HDL Synthesis Report
  7) Low Level Synthesis
  8) Partition Report
  9) Final Report
	9.1) Device utilization summary
	9.2) Partition Resource Summary
	9.3) TIMING REPORT


=========================================================================
*                      Synthesis Options Summary                        *
=========================================================================
---- Source Parameters
Input File Name                    : "seven_seg_display.prj"
Input Format                       : mixed
Ignore Synthesis Constraint File   : NO

---- Target Parameters
Output File Name                   : "seven_seg_display"
Output Format                      : NGC
Target Device                      : xc3s400-4-ft256

---- Source Options
Top Module Name                    : seven_seg_display
Automatic FSM Extraction           : YES
FSM Encoding Algorithm             : Auto
Safe Implementation                : No
FSM Style                          : LUT
RAM Extraction                     : Yes
RAM Style                          : Auto
ROM Extraction                     : Yes
Mux Style                          : Auto
Decoder Extraction                 : YES
Priority Encoder Extraction        : Yes
Shift Register Extraction          : YES
Logical Shifter Extraction         : YES
XOR Collapsing                     : YES
ROM Style                          : Auto
Mux Extraction                     : Yes
Resource Sharing                   : YES
Asynchronous To Synchronous        : NO
Multiplier Style                   : Auto
Automatic Register Balancing       : No

---- Target Options
Add IO Buffers                     : YES
Global Maximum Fanout              : 500
Add Generic Clock Buffer(BUFG)     : 8
Register Duplication               : YES
Slice Packing                      : YES
Optimize Instantiated Primitives   : NO
Use Clock Enable                   : Yes
Use Synchronous Set                : Yes
Use Synchronous Reset              : Yes
Pack IO Registers into IOBs        : Auto
Equivalent register Removal        : YES

---- General Options
Optimization Goal                  : Speed
Optimization Effort                : 1
Keep Hierarchy                     : No
Netlist Hierarchy                  : As_Optimized
RTL Output                         : Yes
Global Optimization                : AllClockNets
Read Cores                         : YES
Write Timing Constraints           : NO
Cross Clock Analysis               : NO
Hierarchy Separator                : /
Bus Delimiter                      : <>
Case Specifier                     : Maintain
Slice Utilization Ratio            : 100
BRAM Utilization Ratio             : 100
Verilog 2001                       : YES
Auto BRAM Packing                  : NO
Slice Utilization Ratio Delta      : 5

=========================================================================


=========================================================================
*                          HDL Compilation                              *
=========================================================================
Compiling vhdl file "//vmware-host/shared folders/Desktop/fpga_connection/flash_memory/bin_to_dec.vhd" in Library work.
Entity <bin_to_dec> compiled.
Entity <bin_to_dec> (Architecture <Behavioral>) compiled.
Compiling vhdl file "//vmware-host/shared folders/Desktop/fpga_connection/flash_memory/seven_seg_display.vhd" in Library work.
Entity <seven_seg_display> compiled.
Entity <seven_seg_display> (Architecture <Behavioral>) compiled.

=========================================================================
*                     Design Hierarchy Analysis                         *
=========================================================================
Analyzing hierarchy for entity <seven_seg_display> in library <work> (architecture <Behavioral>).

Analyzing hierarchy for entity <bin_to_dec> in library <work> (architecture <Behavioral>).


=========================================================================
*                            HDL Analysis                               *
=========================================================================
Analyzing Entity <seven_seg_display> in library <work> (Architecture <Behavioral>).
Entity <seven_seg_display> analyzed. Unit <seven_seg_display> generated.

Analyzing Entity <bin_to_dec> in library <work> (Architecture <Behavioral>).
Entity <bin_to_dec> analyzed. Unit <bin_to_dec> generated.


=========================================================================
*                           HDL Synthesis                               *
=========================================================================

Performing bidirectional port resolution...

Synthesizing Unit <bin_to_dec>.
    Related source file is "//vmware-host/shared folders/Desktop/fpga_connection/flash_memory/bin_to_dec.vhd".
    Found 16x7-bit ROM for signal <inv_outseg>.
    Summary:
	inferred   1 ROM(s).
Unit <bin_to_dec> synthesized.


Synthesizing Unit <seven_seg_display>.
    Related source file is "//vmware-host/shared folders/Desktop/fpga_connection/flash_memory/seven_seg_display.vhd".
    Found 4-bit 4-to-1 multiplexer for signal <binary>.
    Found 32-bit up counter for signal <counter>.
    Found 2-bit up counter for signal <digit>.
    Summary:
	inferred   2 Counter(s).
	inferred   4 Multiplexer(s).
Unit <seven_seg_display> synthesized.


=========================================================================
HDL Synthesis Report

Macro Statistics
# ROMs                                                 : 1
 16x7-bit ROM                                          : 1
# Counters                                             : 2
 2-bit up counter                                      : 1
 32-bit up counter                                     : 1
# Multiplexers                                         : 1
 4-bit 4-to-1 multiplexer                              : 1

=========================================================================

=========================================================================
*                       Advanced HDL Synthesis                          *
=========================================================================


=========================================================================
Advanced HDL Synthesis Report

Macro Statistics
# ROMs                                                 : 1
 16x7-bit ROM                                          : 1
# Counters                                             : 2
 2-bit up counter                                      : 1
 32-bit up counter                                     : 1
# Multiplexers                                         : 1
 4-bit 4-to-1 multiplexer                              : 1

=========================================================================

=========================================================================
*                         Low Level Synthesis                           *
=========================================================================

Optimizing unit <seven_seg_display> ...

Mapping all equations...
Building and optimizing final netlist ...
Found area constraint ratio of 100 (+ 5) on block seven_seg_display, actual ratio is 0.

Final Macro Processing ...

=========================================================================
Final Register Report

Macro Statistics
# Registers                                            : 34
 Flip-Flops                                            : 34

=========================================================================

=========================================================================
*                           Partition Report                            *
=========================================================================

Partition Implementation Status
-------------------------------

  No Partitions were found in this design.

-------------------------------

=========================================================================
*                            Final Report                               *
=========================================================================
Final Results
RTL Top Level Output File Name     : seven_seg_display.ngr
Top Level Output File Name         : seven_seg_display
Output Format                      : NGC
Optimization Goal                  : Speed
Keep Hierarchy                     : No

Design Statistics
# IOs                              : 28

Cell Usage :
# BELS                             : 138
#      GND                         : 1
#      INV                         : 2
#      LUT1                        : 31
#      LUT2                        : 5
#      LUT3                        : 8
#      LUT4                        : 15
#      MUXCY                       : 39
#      MUXF5                       : 4
#      VCC                         : 1
#      XORCY                       : 32
# FlipFlops/Latches                : 34
#      FDE                         : 2
#      FDR                         : 32
# Clock Buffers                    : 1
#      BUFGP                       : 1
# IO Buffers                       : 27
#      IBUF                        : 16
#      OBUF                        : 11
=========================================================================

Device utilization summary:
---------------------------

Selected Device : 3s400ft256-4 

 Number of Slices:                       31  out of   3584     0%  
 Number of Slice Flip Flops:             34  out of   7168     0%  
 Number of 4 input LUTs:                 61  out of   7168     0%  
 Number of IOs:                          28
 Number of bonded IOBs:                  28  out of    173    16%  
 Number of GCLKs:                         1  out of      8    12%  

---------------------------
Partition Resource Summary:
---------------------------

  No Partitions were found in this design.

---------------------------


=========================================================================
TIMING REPORT

NOTE: THESE TIMING NUMBERS ARE ONLY A SYNTHESIS ESTIMATE.
      FOR ACCURATE TIMING INFORMATION PLEASE REFER TO THE TRACE REPORT
      GENERATED AFTER PLACE-and-ROUTE.

Clock Information:
------------------
-----------------------------------+------------------------+-------+
Clock Signal                       | Clock buffer(FF name)  | Load  |
-----------------------------------+------------------------+-------+
clk                                | BUFGP                  | 34    |
-----------------------------------+------------------------+-------+

Asynchronous Control Signals Information:
----------------------------------------
No asynchronous control signals found in this design

Timing Summary:
---------------
Speed Grade: -4

   Minimum period: 6.543ns (Maximum Frequency: 152.845MHz)
   Minimum input arrival time before clock: No path found
   Maximum output required time after clock: 11.558ns
   Maximum combinational path delay: 11.129ns

Timing Detail:
--------------
All values displayed in nanoseconds (ns)

=========================================================================
Timing constraint: Default period analysis for Clock 'clk'
  Clock period: 6.543ns (frequency: 152.845MHz)
  Total number of paths / destination ports: 1619 / 68
-------------------------------------------------------------------------
Delay:               6.543ns (Levels of Logic = 9)
  Source:            counter_8 (FF)
  Destination:       counter_0 (FF)
  Source Clock:      clk rising
  Destination Clock: clk rising

  Data Path: counter_8 to counter_0
                                Gate     Net
    Cell:in->out      fanout   Delay   Delay  Logical Name (Net Name)
    ----------------------------------------  ------------
     FDR:C->Q              2   0.720   1.216  counter_8 (counter_8)
     LUT4:I0->O            1   0.551   0.000  digit_cmp_eq0000_wg_lut<0> (digit_cmp_eq0000_wg_lut<0>)
     MUXCY:S->O            1   0.500   0.000  digit_cmp_eq0000_wg_cy<0> (digit_cmp_eq0000_wg_cy<0>)
     MUXCY:CI->O           1   0.064   0.000  digit_cmp_eq0000_wg_cy<1> (digit_cmp_eq0000_wg_cy<1>)
     MUXCY:CI->O           1   0.064   0.000  digit_cmp_eq0000_wg_cy<2> (digit_cmp_eq0000_wg_cy<2>)
     MUXCY:CI->O           1   0.064   0.000  digit_cmp_eq0000_wg_cy<3> (digit_cmp_eq0000_wg_cy<3>)
     MUXCY:CI->O           1   0.064   0.000  digit_cmp_eq0000_wg_cy<4> (digit_cmp_eq0000_wg_cy<4>)
     MUXCY:CI->O           1   0.064   0.000  digit_cmp_eq0000_wg_cy<5> (digit_cmp_eq0000_wg_cy<5>)
     MUXCY:CI->O           1   0.064   0.000  digit_cmp_eq0000_wg_cy<6> (digit_cmp_eq0000_wg_cy<6>)
     MUXCY:CI->O          34   0.281   1.865  digit_cmp_eq0000_wg_cy<7> (digit_cmp_eq0000)
     FDR:R                     1.026          counter_0
    ----------------------------------------
    Total                      6.543ns (3.462ns logic, 3.081ns route)
                                       (52.9% logic, 47.1% route)

=========================================================================
Timing constraint: Default OFFSET OUT AFTER for Clock 'clk'
  Total number of paths / destination ports: 92 / 11
-------------------------------------------------------------------------
Offset:              11.558ns (Levels of Logic = 4)
  Source:            digit_0 (FF)
  Destination:       output<6> (PAD)
  Source Clock:      clk rising

  Data Path: digit_0 to output<6>
                                Gate     Net
    Cell:in->out      fanout   Delay   Delay  Logical Name (Net Name)
    ----------------------------------------  ------------
     FDE:C->Q             14   0.720   1.526  digit_0 (digit_0)
     LUT3:I0->O            1   0.551   0.000  Mmux_binary_3 (Mmux_binary_3)
     MUXF5:I1->O           7   0.360   1.405  Mmux_binary_2_f5 (binary<0>)
     LUT4:I0->O            1   0.551   0.801  binary_to_decimal/out_seg<1>1 (output_1_OBUF)
     OBUF:I->O                 5.644          output_1_OBUF (output<1>)
    ----------------------------------------
    Total                     11.558ns (7.826ns logic, 3.732ns route)
                                       (67.7% logic, 32.3% route)

=========================================================================
Timing constraint: Default path analysis
  Total number of paths / destination ports: 112 / 7
-------------------------------------------------------------------------
Delay:               11.129ns (Levels of Logic = 5)
  Source:            input1<1> (PAD)
  Destination:       output<6> (PAD)

  Data Path: input1<1> to output<6>
                                Gate     Net
    Cell:in->out      fanout   Delay   Delay  Logical Name (Net Name)
    ----------------------------------------  ------------
     IBUF:I->O             1   0.821   0.996  input1_1_IBUF (input1_1_IBUF)
     LUT3:I1->O            1   0.551   0.000  Mmux_binary_41 (Mmux_binary_41)
     MUXF5:I0->O           7   0.360   1.405  Mmux_binary_2_f5_0 (binary<1>)
     LUT4:I0->O            1   0.551   0.801  binary_to_decimal/out_seg<2>1 (output_2_OBUF)
     OBUF:I->O                 5.644          output_2_OBUF (output<2>)
    ----------------------------------------
    Total                     11.129ns (7.927ns logic, 3.202ns route)
                                       (71.2% logic, 28.8% route)

=========================================================================


Total REAL time to Xst completion: 4.00 secs
Total CPU time to Xst completion: 3.43 secs
 
--> 

Total memory usage is 202836 kilobytes

Number of errors   :    0 (   0 filtered)
Number of warnings :    0 (   0 filtered)
Number of infos    :    0 (   0 filtered)

