Running: C:\Xilinx\14.7\ISE_DS\ISE\bin\nt\unwrapped\fuse.exe -intstyle ise -incremental -o C:/Users/Ryan/OneDrive - UNSW/Documents/2017 Semester 2/COMP3601 - Desgin Project A/Git Repositry/ISE Projects/music_player_v7/testbench_isim_beh.exe -prj C:/Users/Ryan/OneDrive - UNSW/Documents/2017 Semester 2/COMP3601 - Desgin Project A/Git Repositry/ISE Projects/music_player_v7/testbench_beh.prj work.testbench 
ISim P.20131013 (signature 0x8ef4fb42)
Number of CPUs detected in this system: 4
Turning on mult-threading, number of parallel sub-compilation jobs: 8 
Determining compilation order of HDL files
Parsing VHDL file "C:/Users/Ryan/OneDrive - UNSW/Documents/2017 Semester 2/COMP3601 - Desgin Project A/Git Repositry/ISE Projects/music_player_v7/constants.vhd" into library work
Parsing VHDL file "C:/Users/Ryan/OneDrive - UNSW/Documents/2017 Semester 2/COMP3601 - Desgin Project A/Git Repositry/ISE Projects/music_player_v7/note_player.vhd" into library work
Parsing VHDL file "C:/Users/Ryan/OneDrive - UNSW/Documents/2017 Semester 2/COMP3601 - Desgin Project A/Git Repositry/ISE Projects/music_player_v7/note_length_counter.vhd" into library work
Parsing VHDL file "C:/Users/Ryan/OneDrive - UNSW/Documents/2017 Semester 2/COMP3601 - Desgin Project A/Git Repositry/ISE Projects/music_player_v7/main.vhd" into library work
Parsing VHDL file "C:/Users/Ryan/OneDrive - UNSW/Documents/2017 Semester 2/COMP3601 - Desgin Project A/Git Repositry/ISE Projects/music_player_v7/testbench.vhw" into library work
Starting static elaboration
Completed static elaboration
Fuse Memory Usage: 163416 KB
Fuse CPU Usage: 280 ms
Compiling package standard
Compiling package std_logic_1164
Compiling package std_logic_arith
Compiling package textio
Compiling package std_logic_textio
Compiling package numeric_std
Compiling package constants
Compiling architecture behavioral of entity note_length_counter [note_length_counter_default]
Compiling architecture behavioral of entity note_player [note_player_default]
Compiling architecture behavioral of entity music_player_v7 [music_player_v7_default]
Compiling architecture testbench of entity testbench
Time Resolution for simulation is 1ps.
Waiting for 3 sub-compilation(s) to finish...
ERROR:Simulator:861 - Failed to link the design
