Release 14.7 - xst P.20131013 (nt64)
Copyright (c) 1995-2013 Xilinx, Inc.  All rights reserved.
--> Parameter TMPDIR set to xst/projnav.tmp


Total REAL time to Xst completion: 0.00 secs
Total CPU time to Xst completion: 0.17 secs
 
--> Parameter xsthdpdir set to xst


Total REAL time to Xst completion: 0.00 secs
Total CPU time to Xst completion: 0.17 secs
 
--> WARNING:Xst:1583 - You are using an internal switch '-use_new_parser'.
WARNING:Xst:3152 - You have chosen to run a version of XST which is not the default solution
   for the specified device family. You are free to use it in order to take
   advantage of its enhanced HDL parsing/elaboration capabilities. However,
   please be aware that you may be impacted by  language support differences.
   This version may also result in circuit performance and device utilization
   differences for your particular design. You can always revert back to the
   default XST solution by setting the "use_new_parser" option to value "no" 
   on the XST command line or in the XST process properties panel.
Reading design: music_player_v8.prj

TABLE OF CONTENTS
  1) Synthesis Options Summary
  2) HDL Parsing
  3) HDL Elaboration
  4) HDL Synthesis
       4.1) HDL Synthesis Report
  5) Advanced HDL Synthesis
       5.1) Advanced HDL Synthesis Report
  6) Low Level Synthesis
  7) Partition Report
  8) Design Summary
       8.1) Primitive and Black Box Usage
       8.2) Device utilization summary
       8.3) Partition Resource Summary
       8.4) Timing Report
            8.4.1) Clock Information
            8.4.2) Asynchronous Control Signals Information
            8.4.3) Timing Summary
            8.4.4) Timing Details
            8.4.5) Cross Clock Domains Report


=========================================================================
*                      Synthesis Options Summary                        *
=========================================================================
---- Source Parameters
Input File Name                    : "music_player_v8.prj"
Input Format                       : mixed
Ignore Synthesis Constraint File   : NO

---- Target Parameters
Output File Name                   : "music_player_v8"
Output Format                      : NGC
Target Device                      : xc3s400-4-ft256

---- Source Options
Use New Parser                     : yes
Top Module Name                    : music_player_v8
Automatic FSM Extraction           : YES
FSM Encoding Algorithm             : Auto
Safe Implementation                : No
FSM Style                          : LUT
RAM Extraction                     : Yes
RAM Style                          : Auto
ROM Extraction                     : Yes
Mux Style                          : Auto
Decoder Extraction                 : YES
Priority Encoder Extraction        : Yes
Shift Register Extraction          : YES
Logical Shifter Extraction         : YES
XOR Collapsing                     : YES
ROM Style                          : Auto
Mux Extraction                     : Yes
Resource Sharing                   : YES
Asynchronous To Synchronous        : NO
Multiplier Style                   : Auto
Automatic Register Balancing       : No

---- Target Options
Add IO Buffers                     : YES
Global Maximum Fanout              : 100000
Add Generic Clock Buffer(BUFG)     : 8
Register Duplication               : YES
Slice Packing                      : YES
Optimize Instantiated Primitives   : NO
Use Clock Enable                   : Yes
Use Synchronous Set                : Yes
Use Synchronous Reset              : Yes
Pack IO Registers into IOBs        : Auto
Equivalent register Removal        : YES

---- General Options
Optimization Goal                  : Speed
Optimization Effort                : 1
Keep Hierarchy                     : No
Netlist Hierarchy                  : As_Optimized
RTL Output                         : Yes
Global Optimization                : AllClockNets
Read Cores                         : YES
Write Timing Constraints           : NO
Cross Clock Analysis               : NO
Hierarchy Separator                : /
Bus Delimiter                      : <>
Case Specifier                     : Maintain
Slice Utilization Ratio            : 100
BRAM Utilization Ratio             : 100
Verilog 2001                       : YES
Auto BRAM Packing                  : NO
Slice Utilization Ratio Delta      : 5

=========================================================================


=========================================================================
*                          HDL Parsing                                  *
=========================================================================
Parsing VHDL file "C:\Users\Ryan\OneDrive - UNSW\Documents\2017 Semester 2\COMP3601 - Desgin Project A\Git Repositry\ISE Projects\music_player_v8\constants.vhd" into library work
Parsing package <constants>.
Parsing VHDL file "C:\Users\Ryan\OneDrive - UNSW\Documents\2017 Semester 2\COMP3601 - Desgin Project A\Git Repositry\ISE Projects\music_player_v8\note_player.vhd" into library work
Parsing entity <note_player>.
Parsing architecture <Behavioral> of entity <note_player>.
Parsing VHDL file "C:\Users\Ryan\OneDrive - UNSW\Documents\2017 Semester 2\COMP3601 - Desgin Project A\Git Repositry\ISE Projects\music_player_v8\note_length_counter.vhd" into library work
Parsing entity <note_length_counter>.
Parsing architecture <Behavioral> of entity <note_length_counter>.
Parsing VHDL file "C:\Users\Ryan\OneDrive - UNSW\Documents\2017 Semester 2\COMP3601 - Desgin Project A\Git Repositry\ISE Projects\music_player_v8\main.vhd" into library work
Parsing entity <music_player_v8>.
Parsing architecture <behavioral> of entity <music_player_v8>.

=========================================================================
*                            HDL Elaboration                            *
=========================================================================

Elaborating entity <music_player_v8> (architecture <behavioral>) from library <work>.

Elaborating entity <note_length_counter> (architecture <Behavioral>) from library <work>.

Elaborating entity <note_player> (architecture <Behavioral>) from library <work>.

=========================================================================
*                           HDL Synthesis                               *
=========================================================================

Synthesizing Unit <music_player_v8>.
    Related source file is "C:\Users\Ryan\OneDrive - UNSW\Documents\2017 Semester 2\COMP3601 - Desgin Project A\Git Repositry\ISE Projects\music_player_v8\main.vhd".
WARNING:Xst:37 - Detected unknown constraint/property " package_net". This constraint/property is not supported by the current software release and will be ignored.
WARNING:Xst:37 - Detected unknown constraint/property " package_net". This constraint/property is not supported by the current software release and will be ignored.
WARNING:Xst:2999 - Signal 'music_pitch_array', unconnected in block 'music_player_v8', is tied to its initial value.
WARNING:Xst:2999 - Signal 'music_length_array', unconnected in block 'music_player_v8', is tied to its initial value.
    Found 64x8-bit single-port Read Only RAM <Mram_music_pitch_array> for signal <music_pitch_array>.
    Found 64x8-bit single-port Read Only RAM <Mram_music_length_array> for signal <music_length_array>.
    Found 8-bit register for signal <music_pitch_array_value>.
    Found 8-bit register for signal <music_length_array_value>.
    Found 6-bit register for signal <main_loop.music_index>.
    Found 3-bit adder for signal <n0044> created at line 55.
    Found 6-bit adder for signal <main_loop.music_index[5]_GND_5_o_add_4_OUT> created at line 70.
    Found 20x3-bit multiplier for signal <n0028> created at line 55.
    Summary:
	inferred   2 RAM(s).
	inferred   1 Multiplier(s).
	inferred   2 Adder/Subtractor(s).
	inferred  22 D-type flip-flop(s).
	inferred   2 Multiplexer(s).
Unit <music_player_v8> synthesized.

Synthesizing Unit <note_length_counter>.
    Related source file is "C:\Users\Ryan\OneDrive - UNSW\Documents\2017 Semester 2\COMP3601 - Desgin Project A\Git Repositry\ISE Projects\music_player_v8\note_length_counter.vhd".
    Found 1-bit register for signal <is_new_note>.
    Found 1-bit register for signal <is_mute>.
    Found 28-bit register for signal <note_length_partial>.
    Found 29-bit subtractor for signal <GND_6_o_GND_6_o_sub_8_OUT> created at line 52.
    Found 28-bit adder for signal <n0048[27:0]> created at line 33.
    Found 29-bit adder for signal <n0039> created at line 33.
    Found 28-bit adder for signal <note_length_partial[27]_GND_6_o_add_9_OUT> created at line 55.
    Found 22x7-bit multiplier for signal <n0026> created at line 29.
    Found 28-bit comparator equal for signal <articulation_cc[27]_note_length_partial[27]_equal_7_o> created at line 46
    Found 29-bit comparator greater for signal <n0014> created at line 52
    Summary:
	inferred   1 Multiplier(s).
	inferred   4 Adder/Subtractor(s).
	inferred  30 D-type flip-flop(s).
	inferred   2 Comparator(s).
	inferred   2 Multiplexer(s).
Unit <note_length_counter> synthesized.

Synthesizing Unit <note_player>.
    Related source file is "C:\Users\Ryan\OneDrive - UNSW\Documents\2017 Semester 2\COMP3601 - Desgin Project A\Git Repositry\ISE Projects\music_player_v8\note_player.vhd".
    Found 9-bit register for signal <duty_cc>.
    Found 1-bit register for signal <pwm_pulse>.
    Found 3-bit register for signal <state>.
    Found 8-bit register for signal <index>.
    Found 4-bit register for signal <note_static>.
    Found 2-bit register for signal <octave_static>.
    Found 11-bit register for signal <base_index>.
    Found 11-bit register for signal <overflow_index>.
    Found 8-bit register for signal <sin_table_array_value_0>.
    Found 8-bit register for signal <sin_table_array_value_1>.
    Found 8-bit register for signal <sin_table_array_value_2>.
    Found 8-bit register for signal <sin_table_array_value_3>.
    Found 1-bit register for signal <note_pulse>.
    Found 9-bit register for signal <sample_rate_partial>.
    Found finite state machine <FSM_0> for signal <state>.
    -----------------------------------------------------------------------
    | States             | 5                                              |
    | Transitions        | 13                                             |
    | Inputs             | 3                                              |
    | Outputs            | 6                                              |
    | Clock              | clk (rising_edge)                              |
    | Reset              | rst (positive)                                 |
    | Reset type         | synchronous                                    |
    | Reset State        | up_0                                           |
    | Power Up State     | up_0                                           |
    | Encoding           | auto                                           |
    | Implementation     | LUT                                            |
    -----------------------------------------------------------------------
    Found 9-bit adder for signal <n0208[8:0]> created at line 38.
    Found 11-bit adder for signal <next_sin_table_array_index> created at line 38.
    Found 4-bit adder for signal <note[3]_GND_8_o_add_14_OUT> created at line 68.
    Found 9-bit adder for signal <sample_rate_partial[8]_GND_8_o_add_65_OUT> created at line 147.
    Found 8-bit subtractor for signal <GND_8_o_GND_8_o_sub_31_OUT<7:0>> created at line 114.
    Found 8-bit subtractor for signal <GND_8_o_GND_8_o_sub_32_OUT<7:0>> created at line 116.
    Found 8-bit subtractor for signal <GND_8_o_GND_8_o_sub_33_OUT<7:0>> created at line 118.
    Found 8-bit subtractor for signal <GND_8_o_GND_8_o_sub_34_OUT<7:0>> created at line 120.
    Found 4x2-bit Read Only RAM for signal <octave_static[1]_PWR_8_o_wide_mux_19_OUT>
    Found 2048x8-bit Read Only RAM for signal <next_sin_table_array_index[10]_X_7_o_wide_mux_59_OUT>
    Found 1024x8-bit Read Only RAM for signal <next_sin_table_array_index[9]_X_7_o_wide_mux_60_OUT>
    Found 512x8-bit Read Only RAM for signal <next_sin_table_array_index[8]_X_7_o_wide_mux_61_OUT>
    Found 256x8-bit Read Only RAM for signal <next_sin_table_array_index[7]_X_7_o_wide_mux_62_OUT>
    Found 11-bit 4-to-1 multiplexer for signal <octave[1]_GND_8_o_wide_mux_16_OUT> created at line 56.
    Found 11-bit 4-to-1 multiplexer for signal <octave[1]_GND_8_o_wide_mux_17_OUT> created at line 56.
    Found 8-bit 4-to-1 multiplexer for signal <octave_static[1]_sin_table_array_value_3[7]_wide_mux_23_OUT> created at line 91.
    Found 8-bit 4-to-1 multiplexer for signal <octave_static[1]_GND_8_o_wide_mux_34_OUT> created at line 112.
    Found 9-bit 7-to-1 multiplexer for signal <duty_cc[8]_GND_8_o_mux_47_OUT> created at line 53.
    Found 9-bit comparator greater for signal <n0002> created at line 52
    Found 11-bit comparator greater for signal <n0030> created at line 122
    Found 9-bit comparator equal for signal <duty_cc[8]_sample_rate_partial[8]_equal_64_o> created at line 141
    Summary:
	inferred   5 RAM(s).
	inferred   5 Adder/Subtractor(s).
	inferred  88 D-type flip-flop(s).
	inferred   3 Comparator(s).
	inferred  15 Multiplexer(s).
	inferred   1 Finite State Machine(s).
Unit <note_player> synthesized.

=========================================================================
HDL Synthesis Report

Macro Statistics
# RAMs                                                 : 7
 1024x8-bit single-port Read Only RAM                  : 1
 2048x8-bit single-port Read Only RAM                  : 1
 256x8-bit single-port Read Only RAM                   : 1
 4x2-bit single-port Read Only RAM                     : 1
 512x8-bit single-port Read Only RAM                   : 1
 64x8-bit single-port Read Only RAM                    : 2
# Multipliers                                          : 2
 20x3-bit multiplier                                   : 1
 22x7-bit multiplier                                   : 1
# Adders/Subtractors                                   : 11
 11-bit adder                                          : 1
 28-bit adder                                          : 2
 29-bit adder                                          : 1
 29-bit subtractor                                     : 1
 3-bit adder                                           : 1
 4-bit adder                                           : 1
 6-bit adder                                           : 1
 8-bit subtractor                                      : 1
 9-bit adder                                           : 2
# Registers                                            : 19
 1-bit register                                        : 4
 11-bit register                                       : 2
 2-bit register                                        : 1
 28-bit register                                       : 1
 4-bit register                                        : 1
 6-bit register                                        : 1
 8-bit register                                        : 7
 9-bit register                                        : 2
# Comparators                                          : 5
 11-bit comparator greater                             : 1
 28-bit comparator equal                               : 1
 29-bit comparator greater                             : 1
 9-bit comparator equal                                : 1
 9-bit comparator greater                              : 1
# Multiplexers                                         : 19
 1-bit 2-to-1 multiplexer                              : 2
 11-bit 4-to-1 multiplexer                             : 2
 29-bit 2-to-1 multiplexer                             : 2
 6-bit 2-to-1 multiplexer                              : 1
 8-bit 2-to-1 multiplexer                              : 8
 8-bit 4-to-1 multiplexer                              : 1
 9-bit 2-to-1 multiplexer                              : 2
 9-bit 7-to-1 multiplexer                              : 1
# FSMs                                                 : 1

=========================================================================
INFO:Xst:1767 - HDL ADVISOR - Resource sharing has identified that some arithmetic operations in this design can share the same physical resources for reduced device utilization. For improved clock frequency you may try to disable resource sharing.

=========================================================================
*                       Advanced HDL Synthesis                          *
=========================================================================

WARNING:Xst:1293 - FF/Latch <duty_cc_0> has a constant value of 0 in block <x_note_player>. This FF/Latch will be trimmed during the optimization process.
WARNING:Xst:2677 - Node <music_length_array_value_7> of sequential type is unconnected in block <music_player_v8>.
WARNING:Xst:2677 - Node <music_pitch_array_value_6> of sequential type is unconnected in block <music_player_v8>.
WARNING:Xst:2677 - Node <music_pitch_array_value_7> of sequential type is unconnected in block <music_player_v8>.

Synthesizing (advanced) Unit <music_player_v8>.
The following registers are absorbed into counter <main_loop.music_index>: 1 register on signal <main_loop.music_index>.
INFO:Xst:3231 - The small RAM <Mram_music_pitch_array> will be implemented on LUTs in order to maximize performance and save block RAM resources. If you want to force its implementation on block, use option/constraint ram_style.
    -----------------------------------------------------------------------
    | ram_type           | Distributed                         |          |
    -----------------------------------------------------------------------
    | Port A                                                              |
    |     aspect ratio   | 64-word x 8-bit                     |          |
    |     weA            | connected to signal <GND>           | high     |
    |     addrA          | connected to signal <main_loop.music_index[5]_GND_5_o_mux_5_OUT> |          |
    |     diA            | connected to signal <GND>           |          |
    |     doA            | connected to internal node          |          |
    -----------------------------------------------------------------------
INFO:Xst:3231 - The small RAM <Mram_music_length_array> will be implemented on LUTs in order to maximize performance and save block RAM resources. If you want to force its implementation on block, use option/constraint ram_style.
    -----------------------------------------------------------------------
    | ram_type           | Distributed                         |          |
    -----------------------------------------------------------------------
    | Port A                                                              |
    |     aspect ratio   | 64-word x 8-bit                     |          |
    |     weA            | connected to signal <GND>           | high     |
    |     addrA          | connected to signal <main_loop.music_index[5]_GND_5_o_mux_5_OUT> |          |
    |     diA            | connected to signal <GND>           |          |
    |     doA            | connected to internal node          |          |
    -----------------------------------------------------------------------
Unit <music_player_v8> synthesized (advanced).

Synthesizing (advanced) Unit <note_length_counter>.
The following registers are absorbed into counter <note_length_partial>: 1 register on signal <note_length_partial>.
Unit <note_length_counter> synthesized (advanced).

Synthesizing (advanced) Unit <note_player>.
INFO:Xst:3226 - The RAM <Mram_next_sin_table_array_index[10]_X_7_o_wide_mux_59_OUT> will be implemented as a BLOCK RAM, absorbing the following register(s): <sin_table_array_value_0>
    -----------------------------------------------------------------------
    | ram_type           | Block                               |          |
    -----------------------------------------------------------------------
    | Port A                                                              |
    |     aspect ratio   | 2048-word x 8-bit                   |          |
    |     mode           | write-first                         |          |
    |     clkA           | connected to signal <clk>           | rise     |
    |     enA            | connected to internal node          | low      |
    |     weA            | connected to signal <GND>           | high     |
    |     addrA          | connected to signal <next_sin_table_array_index> |          |
    |     diA            | connected to signal <GND>           |          |
    |     doA            | connected to signal <sin_table_array_value_0> |          |
    -----------------------------------------------------------------------
    | optimization       | speed                               |          |
    -----------------------------------------------------------------------
INFO:Xst:3226 - The RAM <Mram_next_sin_table_array_index[9]_X_7_o_wide_mux_60_OUT> will be implemented as a BLOCK RAM, absorbing the following register(s): <sin_table_array_value_1>
    -----------------------------------------------------------------------
    | ram_type           | Block                               |          |
    -----------------------------------------------------------------------
    | Port A                                                              |
    |     aspect ratio   | 1024-word x 8-bit                   |          |
    |     mode           | write-first                         |          |
    |     clkA           | connected to signal <clk>           | rise     |
    |     enA            | connected to internal node          | low      |
    |     weA            | connected to signal <GND>           | high     |
    |     addrA          | connected to signal <next_sin_table_array_index<9:0>> |          |
    |     diA            | connected to signal <GND>           |          |
    |     doA            | connected to signal <sin_table_array_value_1> |          |
    -----------------------------------------------------------------------
    | optimization       | speed                               |          |
    -----------------------------------------------------------------------
INFO:Xst:3226 - The RAM <Mram_next_sin_table_array_index[8]_X_7_o_wide_mux_61_OUT> will be implemented as a BLOCK RAM, absorbing the following register(s): <sin_table_array_value_2>
    -----------------------------------------------------------------------
    | ram_type           | Block                               |          |
    -----------------------------------------------------------------------
    | Port A                                                              |
    |     aspect ratio   | 512-word x 8-bit                    |          |
    |     mode           | write-first                         |          |
    |     clkA           | connected to signal <clk>           | rise     |
    |     enA            | connected to internal node          | low      |
    |     weA            | connected to signal <GND>           | high     |
    |     addrA          | connected to signal <next_sin_table_array_index<8:0>> |          |
    |     diA            | connected to signal <GND>           |          |
    |     doA            | connected to signal <sin_table_array_value_2> |          |
    -----------------------------------------------------------------------
    | optimization       | speed                               |          |
    -----------------------------------------------------------------------
INFO:Xst:3226 - The RAM <Mram_next_sin_table_array_index[7]_X_7_o_wide_mux_62_OUT> will be implemented as a BLOCK RAM, absorbing the following register(s): <sin_table_array_value_3>
    -----------------------------------------------------------------------
    | ram_type           | Block                               |          |
    -----------------------------------------------------------------------
    | Port A                                                              |
    |     aspect ratio   | 256-word x 8-bit                    |          |
    |     mode           | write-first                         |          |
    |     clkA           | connected to signal <clk>           | rise     |
    |     enA            | connected to internal node          | low      |
    |     weA            | connected to signal <GND>           | high     |
    |     addrA          | connected to signal <next_sin_table_array_index<7:0>> |          |
    |     diA            | connected to signal <GND>           |          |
    |     doA            | connected to signal <sin_table_array_value_3> |          |
    -----------------------------------------------------------------------
    | optimization       | speed                               |          |
    -----------------------------------------------------------------------
INFO:Xst:3231 - The small RAM <Mram_octave_static[1]_PWR_8_o_wide_mux_19_OUT> will be implemented on LUTs in order to maximize performance and save block RAM resources. If you want to force its implementation on block, use option/constraint ram_style.
    -----------------------------------------------------------------------
    | ram_type           | Distributed                         |          |
    -----------------------------------------------------------------------
    | Port A                                                              |
    |     aspect ratio   | 4-word x 2-bit                      |          |
    |     weA            | connected to signal <GND>           | high     |
    |     addrA          | connected to signal <octave_static> |          |
    |     diA            | connected to signal <GND>           |          |
    |     doA            | connected to internal node          |          |
    -----------------------------------------------------------------------
Unit <note_player> synthesized (advanced).
WARNING:Xst:2677 - Node <music_length_array_value_7> of sequential type is unconnected in block <music_player_v8>.
WARNING:Xst:2677 - Node <music_pitch_array_value_6> of sequential type is unconnected in block <music_player_v8>.
WARNING:Xst:2677 - Node <music_pitch_array_value_7> of sequential type is unconnected in block <music_player_v8>.

=========================================================================
Advanced HDL Synthesis Report

Macro Statistics
# RAMs                                                 : 7
 1024x8-bit single-port block Read Only RAM            : 1
 2048x8-bit single-port block Read Only RAM            : 1
 256x8-bit single-port block Read Only RAM             : 1
 4x2-bit single-port distributed Read Only RAM         : 1
 512x8-bit single-port block Read Only RAM             : 1
 64x8-bit single-port distributed Read Only RAM        : 2
# Multipliers                                          : 2
 20x3-bit multiplier                                   : 1
 22x7-bit multiplier                                   : 1
# Adders/Subtractors                                   : 10
 11-bit adder                                          : 1
 28-bit adder                                          : 1
 29-bit adder                                          : 1
 29-bit subtractor                                     : 1
 3-bit adder                                           : 1
 4-bit adder                                           : 1
 6-bit adder                                           : 1
 8-bit subtractor                                      : 1
 9-bit adder                                           : 2
# Counters                                             : 2
 28-bit up counter                                     : 1
 6-bit up counter                                      : 1
# Registers                                            : 71
 Flip-Flops                                            : 71
# Comparators                                          : 5
 11-bit comparator greater                             : 1
 28-bit comparator equal                               : 1
 29-bit comparator greater                             : 1
 9-bit comparator equal                                : 1
 9-bit comparator greater                              : 1
# Multiplexers                                         : 19
 1-bit 2-to-1 multiplexer                              : 2
 11-bit 4-to-1 multiplexer                             : 2
 29-bit 2-to-1 multiplexer                             : 2
 6-bit 2-to-1 multiplexer                              : 1
 8-bit 2-to-1 multiplexer                              : 8
 8-bit 4-to-1 multiplexer                              : 1
 9-bit 2-to-1 multiplexer                              : 2
 9-bit 7-to-1 multiplexer                              : 1
# FSMs                                                 : 1

=========================================================================

=========================================================================
*                         Low Level Synthesis                           *
=========================================================================
WARNING:Xst:1293 - FF/Latch <duty_cc_0> has a constant value of 0 in block <note_player>. This FF/Latch will be trimmed during the optimization process.
Analyzing FSM <MFsm> for best encoding.
Optimizing FSM <x_note_player/FSM_0> on signal <state[1:3]> with user encoding.
--------------------
 State  | Encoding
--------------------
 up_0   | 000
 up_1   | 001
 up_2   | 010
 down_0 | 011
 down_1 | 100
--------------------
WARNING:Xst:1710 - FF/Latch <music_length_array_value_0> (without init value) has a constant value of 0 in block <music_player_v8>. This FF/Latch will be trimmed during the optimization process.
WARNING:Xst:1895 - Due to other FF/Latch trimming, FF/Latch <music_length_array_value_1> (without init value) has a constant value of 0 in block <music_player_v8>. This FF/Latch will be trimmed during the optimization process.
WARNING:Xst:1895 - Due to other FF/Latch trimming, FF/Latch <music_length_array_value_4> (without init value) has a constant value of 0 in block <music_player_v8>. This FF/Latch will be trimmed during the optimization process.
INFO:Xst:2261 - The FF/Latch <music_length_array_value_2> in Unit <music_player_v8> is equivalent to the following FF/Latch, which will be removed : <music_length_array_value_3> 
INFO:Xst:2261 - The FF/Latch <music_length_array_value_5> in Unit <music_player_v8> is equivalent to the following FF/Latch, which will be removed : <music_length_array_value_6> 

Optimizing unit <music_player_v8> ...

Optimizing unit <note_length_counter> ...

Optimizing unit <note_player> ...

Mapping all equations...
Building and optimizing final netlist ...
Found area constraint ratio of 100 (+ 5) on block music_player_v8, actual ratio is 8.

Final Macro Processing ...

=========================================================================
Final Register Report

Macro Statistics
# Registers                                            : 102
 Flip-Flops                                            : 102

=========================================================================

=========================================================================
*                           Partition Report                            *
=========================================================================

Partition Implementation Status
-------------------------------

  No Partitions were found in this design.

-------------------------------

=========================================================================
*                            Design Summary                             *
=========================================================================

Top Level Output File Name         : music_player_v8.ngc

Primitive and Black Box Usage:
------------------------------
# BELS                             : 889
#      GND                         : 5
#      INV                         : 34
#      LUT1                        : 35
#      LUT2                        : 125
#      LUT3                        : 96
#      LUT3_L                      : 1
#      LUT4                        : 189
#      LUT4_D                      : 4
#      LUT4_L                      : 26
#      MUXCY                       : 197
#      MUXF5                       : 41
#      MUXF6                       : 1
#      VCC                         : 1
#      XORCY                       : 134
# FlipFlops/Latches                : 102
#      FDE                         : 29
#      FDR                         : 42
#      FDRE                        : 27
#      FDRSE                       : 1
#      FDSE                        : 3
# RAMS                             : 4
#      RAMB16                      : 4
# Clock Buffers                    : 1
#      BUFGP                       : 1
# IO Buffers                       : 18
#      IBUF                        : 9
#      OBUF                        : 9
# MULTs                            : 3
#      MULT18X18                   : 3

Device utilization summary:
---------------------------

Selected Device : 3s400ft256-4 

 Number of Slices:                      290  out of   3584     8%  
 Number of Slice Flip Flops:            102  out of   7168     1%  
 Number of 4 input LUTs:                510  out of   7168     7%  
 Number of IOs:                          19
 Number of bonded IOBs:                  19  out of    173    10%  
 Number of BRAMs:                         4  out of     16    25%  
 Number of MULT18X18s:                    3  out of     16    18%  
 Number of GCLKs:                         1  out of      8    12%  

---------------------------
Partition Resource Summary:
---------------------------

  No Partitions were found in this design.

---------------------------


=========================================================================
Timing Report

NOTE: THESE TIMING NUMBERS ARE ONLY A SYNTHESIS ESTIMATE.
      FOR ACCURATE TIMING INFORMATION PLEASE REFER TO THE TRACE REPORT
      GENERATED AFTER PLACE-and-ROUTE.

Clock Information:
------------------
-----------------------------------+------------------------+-------+
Clock Signal                       | Clock buffer(FF name)  | Load  |
-----------------------------------+------------------------+-------+
clk                                | BUFGP                  | 106   |
-----------------------------------+------------------------+-------+

Asynchronous Control Signals Information:
----------------------------------------
No asynchronous control signals found in this design

Timing Summary:
---------------
Speed Grade: -4

   Minimum period: 20.837ns (Maximum Frequency: 47.992MHz)
   Minimum input arrival time before clock: 27.705ns
   Maximum output required time after clock: 7.165ns
   Maximum combinational path delay: 8.450ns

Timing Details:
---------------
All values displayed in nanoseconds (ns)

=========================================================================
Timing constraint: Default period analysis for Clock 'clk'
  Clock period: 20.837ns (frequency: 47.992MHz)
  Total number of paths / destination ports: 237479 / 229
-------------------------------------------------------------------------
Delay:               20.837ns (Levels of Logic = 16)
  Source:            music_length_array_value_5 (FF)
  Destination:       x_note_length_counter/is_mute (FF)
  Source Clock:      clk rising
  Destination Clock: clk rising

  Data Path: music_length_array_value_5 to x_note_length_counter/is_mute
                                Gate     Net
    Cell:in->out      fanout   Delay   Delay  Logical Name (Net Name)
    ----------------------------------------  ------------
     FDRE:C->Q             4   0.720   0.917  music_length_array_value_5 (music_length_array_value_5)
     MULT18X18:B5->P23     1   4.285   0.996  x_note_length_counter/Mmult_n0026_submult_0 (x_note_length_counter/Mmult_n0026_submult_0_23)
     LUT2:I1->O            1   0.551   0.000  x_note_length_counter/Mmult_n0026_Madd_lut<23> (x_note_length_counter/Mmult_n0026_Madd_lut<23>)
     MUXCY:S->O            1   0.500   0.000  x_note_length_counter/Mmult_n0026_Madd_cy<23> (x_note_length_counter/Mmult_n0026_Madd_cy<23>)
     MUXCY:CI->O           1   0.064   0.000  x_note_length_counter/Mmult_n0026_Madd_cy<24> (x_note_length_counter/Mmult_n0026_Madd_cy<24>)
     XORCY:CI->O           8   0.904   1.422  x_note_length_counter/Mmult_n0026_Madd_xor<25> (x_note_length_counter/n0026<25>)
     LUT2:I0->O            1   0.551   0.000  x_note_length_counter/Madd_n0048[27:0]_lut<24> (x_note_length_counter/Madd_n0048[27:0]_lut<24>)
     MUXCY:S->O            1   0.500   0.000  x_note_length_counter/Madd_n0048[27:0]_cy<24> (x_note_length_counter/Madd_n0048[27:0]_cy<24>)
     MUXCY:CI->O           1   0.064   0.000  x_note_length_counter/Madd_n0048[27:0]_cy<25> (x_note_length_counter/Madd_n0048[27:0]_cy<25>)
     XORCY:CI->O           1   0.904   1.140  x_note_length_counter/Madd_n0048[27:0]_xor<26> (x_note_length_counter/n0048[27:0]<26>)
     LUT1:I0->O            1   0.551   0.000  x_note_length_counter/Madd_n0039_cy<26>_rt (x_note_length_counter/Madd_n0039_cy<26>_rt)
     MUXCY:S->O            0   0.500   0.000  x_note_length_counter/Madd_n0039_cy<26> (x_note_length_counter/Madd_n0039_cy<26>)
     XORCY:CI->O           1   0.904   0.827  x_note_length_counter/Madd_n0039_xor<27> (x_note_length_counter/n0039<27>)
     LUT4:I3->O            1   0.551   0.827  x_note_length_counter/Mmux_n0028201 (x_note_length_counter/n0028<27>)
     LUT4:I3->O            1   0.551   0.000  x_note_length_counter/Mcompar_articulation_cc[27]_note_length_partial[27]_equal_7_o_lut<13> (x_note_length_counter/Mcompar_articulation_cc[27]_note_length_partial[27]_equal_7_o_lut<13>)
     MUXCY:S->O            1   0.500   0.000  x_note_length_counter/Mcompar_articulation_cc[27]_note_length_partial[27]_equal_7_o_cy<13> (x_note_length_counter/Mcompar_articulation_cc[27]_note_length_partial[27]_equal_7_o_cy<13>1)
     MUXCY:CI->O           1   0.281   0.801  x_note_length_counter/_n00851_cy (x_note_length_counter/_n0085)
     FDRSE:S                   1.026          x_note_length_counter/is_mute
    ----------------------------------------
    Total                     20.837ns (13.907ns logic, 6.930ns route)
                                       (66.7% logic, 33.3% route)

=========================================================================
Timing constraint: Default OFFSET IN BEFORE for Clock 'clk'
  Total number of paths / destination ports: 3559375 / 107
-------------------------------------------------------------------------
Offset:              27.705ns (Levels of Logic = 18)
  Source:            sw<0> (PAD)
  Destination:       x_note_length_counter/is_mute (FF)
  Destination Clock: clk rising

  Data Path: sw<0> to x_note_length_counter/is_mute
                                Gate     Net
    Cell:in->out      fanout   Delay   Delay  Logical Name (Net Name)
    ----------------------------------------  ------------
     IBUF:I->O             7   0.821   1.405  sw_0_IBUF (Madd_n0044_cy<0>)
     LUT2:I0->O            1   0.551   0.801  Mmult_n0028_Madd_lut<20>1 (Mmult_n0028_Madd_lut<20>)
     MULT18X18:B1->P19     3   4.001   1.102  Mmult_n0028_submult_0 (Mmult_n0028_submult_0_19)
     LUT2:I1->O            1   0.551   0.801  Mmult_n0028_Madd_lut<19>11 (Mmult_n0028_Madd_lut<19>)
     MULT18X18:A2->P8      1   2.758   1.140  x_note_length_counter/Mmult_n0026_submult_1 (x_note_length_counter/Mmult_n0026_submult_1_8)
     LUT1:I0->O            1   0.551   0.000  x_note_length_counter/Mmult_n0026_Madd_cy<25>_rt (x_note_length_counter/Mmult_n0026_Madd_cy<25>_rt)
     MUXCY:S->O            1   0.500   0.000  x_note_length_counter/Mmult_n0026_Madd_cy<25> (x_note_length_counter/Mmult_n0026_Madd_cy<25>)
     XORCY:CI->O           7   0.904   1.405  x_note_length_counter/Mmult_n0026_Madd_xor<26> (x_note_length_counter/n0026<26>)
     LUT2:I0->O            1   0.551   0.000  x_note_length_counter/Madd_n0048[27:0]_lut<25> (x_note_length_counter/Madd_n0048[27:0]_lut<25>)
     MUXCY:S->O            1   0.500   0.000  x_note_length_counter/Madd_n0048[27:0]_cy<25> (x_note_length_counter/Madd_n0048[27:0]_cy<25>)
     XORCY:CI->O           1   0.904   1.140  x_note_length_counter/Madd_n0048[27:0]_xor<26> (x_note_length_counter/n0048[27:0]<26>)
     LUT1:I0->O            1   0.551   0.000  x_note_length_counter/Madd_n0039_cy<26>_rt (x_note_length_counter/Madd_n0039_cy<26>_rt)
     MUXCY:S->O            0   0.500   0.000  x_note_length_counter/Madd_n0039_cy<26> (x_note_length_counter/Madd_n0039_cy<26>)
     XORCY:CI->O           1   0.904   0.827  x_note_length_counter/Madd_n0039_xor<27> (x_note_length_counter/n0039<27>)
     LUT4:I3->O            1   0.551   0.827  x_note_length_counter/Mmux_n0028201 (x_note_length_counter/n0028<27>)
     LUT4:I3->O            1   0.551   0.000  x_note_length_counter/Mcompar_articulation_cc[27]_note_length_partial[27]_equal_7_o_lut<13> (x_note_length_counter/Mcompar_articulation_cc[27]_note_length_partial[27]_equal_7_o_lut<13>)
     MUXCY:S->O            1   0.500   0.000  x_note_length_counter/Mcompar_articulation_cc[27]_note_length_partial[27]_equal_7_o_cy<13> (x_note_length_counter/Mcompar_articulation_cc[27]_note_length_partial[27]_equal_7_o_cy<13>1)
     MUXCY:CI->O           1   0.281   0.801  x_note_length_counter/_n00851_cy (x_note_length_counter/_n0085)
     FDRSE:S                   1.026          x_note_length_counter/is_mute
    ----------------------------------------
    Total                     27.705ns (17.456ns logic, 10.249ns route)
                                       (63.0% logic, 37.0% route)

=========================================================================
Timing constraint: Default OFFSET OUT AFTER for Clock 'clk'
  Total number of paths / destination ports: 1 / 1
-------------------------------------------------------------------------
Offset:              7.165ns (Levels of Logic = 1)
  Source:            x_note_player/note_pulse (FF)
  Destination:       s (PAD)
  Source Clock:      clk rising

  Data Path: x_note_player/note_pulse to s
                                Gate     Net
    Cell:in->out      fanout   Delay   Delay  Logical Name (Net Name)
    ----------------------------------------  ------------
     FDE:C->Q              1   0.720   0.801  x_note_player/note_pulse (x_note_player/note_pulse)
     OBUF:I->O                 5.644          s_OBUF (s)
    ----------------------------------------
    Total                      7.165ns (6.364ns logic, 0.801ns route)
                                       (88.8% logic, 11.2% route)

=========================================================================
Timing constraint: Default path analysis
  Total number of paths / destination ports: 8 / 8
-------------------------------------------------------------------------
Delay:               8.450ns (Levels of Logic = 2)
  Source:            sw<7> (PAD)
  Destination:       led<7> (PAD)

  Data Path: sw<7> to led<7>
                                Gate     Net
    Cell:in->out      fanout   Delay   Delay  Logical Name (Net Name)
    ----------------------------------------  ------------
     IBUF:I->O            55   0.821   1.985  sw_7_IBUF (led_7_OBUF)
     OBUF:I->O                 5.644          led_7_OBUF (led<7>)
    ----------------------------------------
    Total                      8.450ns (6.465ns logic, 1.985ns route)
                                       (76.5% logic, 23.5% route)

=========================================================================

Cross Clock Domains Report:
--------------------------

Clock to Setup on destination clock clk
---------------+---------+---------+---------+---------+
               | Src:Rise| Src:Fall| Src:Rise| Src:Fall|
Source Clock   |Dest:Rise|Dest:Rise|Dest:Fall|Dest:Fall|
---------------+---------+---------+---------+---------+
clk            |   20.837|         |         |         |
---------------+---------+---------+---------+---------+

=========================================================================


Total REAL time to Xst completion: 19.00 secs
Total CPU time to Xst completion: 18.99 secs
 
WARNING:Xst:3152 - You have chosen to run a version of XST which is not the default solution
   for the specified device family. You are free to use it in order to take
   advantage of its enhanced HDL parsing/elaboration capabilities. However,
   please be aware that you may be impacted by  language support differences.
   This version may also result in circuit performance and device utilization
   differences for your particular design. You can always revert back to the
   default XST solution by setting the "use_new_parser" option to value "no" 
   on the XST command line or in the XST process properties panel.
--> 

Total memory usage is 297800 kilobytes

Number of errors   :    0 (   0 filtered)
Number of warnings :   18 (   0 filtered)
Number of infos    :   10 (   0 filtered)

