--------------------------------------------------------------------------------
Release 14.7 Trace  (nt64)
Copyright (c) 1995-2013 Xilinx, Inc.  All rights reserved.

C:\Xilinx\14.7\ISE_DS\ISE\bin\nt64\unwrapped\trce.exe -intstyle ise -v 3 -s 4
-n 3 -fastpaths -xml music_player_v8.twx music_player_v8.ncd -o
music_player_v8.twr music_player_v8.pcf -ucf nexys.ucf

Design file:              music_player_v8.ncd
Physical constraint file: music_player_v8.pcf
Device,package,speed:     xc3s400,ft256,-4 (PRODUCTION 1.39 2013-10-13)
Report level:             verbose report

Environment Variable      Effect 
--------------------      ------ 
NONE                      No environment variables were set
--------------------------------------------------------------------------------

INFO:Timing:3412 - To improve timing, see the Timing Closure User Guide (UG612).
INFO:Timing:2752 - To get complete path coverage, use the unconstrained paths 
   option. All paths that are not constrained will be reported in the 
   unconstrained paths section(s) of the report.
INFO:Timing:3339 - The clock-to-out numbers in this timing report are based on 
   a 50 Ohm transmission line loading model.  For the details of this model, 
   and for more information on accounting for different loading conditions, 
   please see the device datasheet.
INFO:Timing:3390 - This architecture does not support a default System Jitter 
   value, please add SYSTEM_JITTER constraint to the UCF to modify the Clock 
   Uncertainty calculation.
INFO:Timing:3389 - This architecture does not support 'Discrete Jitter' and 
   'Phase Error' calculations, these terms will be zero in the Clock 
   Uncertainty calculation.  Please make appropriate modification to 
   SYSTEM_JITTER to account for the unsupported Discrete Jitter and Phase 
   Error.

================================================================================
Timing constraint: ts_clk = PERIOD TIMEGRP "tnm_clk" 25 MHz HIGH 50%;
For more information, see Period Analysis in the Timing Closure User Guide (UG612).

 237479 paths analyzed, 518 endpoints analyzed, 0 failing endpoints
 0 timing errors detected. (0 setup errors, 0 hold errors, 0 component switching limit errors)
 Minimum period is  22.901ns.
--------------------------------------------------------------------------------

Paths for end point x_note_length_counter/is_mute (SLICE_X43Y22.BY), 117406 paths
--------------------------------------------------------------------------------
Slack (setup path):     17.099ns (requirement - (data path - clock path skew + uncertainty))
  Source:               music_length_array_value_2 (FF)
  Destination:          x_note_length_counter/is_mute (FF)
  Requirement:          40.000ns
  Data Path Delay:      22.901ns (Levels of Logic = 11)
  Clock Path Skew:      0.000ns
  Source Clock:         clk_BUFGP rising at 0.000ns
  Destination Clock:    clk_BUFGP rising at 40.000ns
  Clock Uncertainty:    0.000ns

  Maximum Data Path: music_length_array_value_2 to x_note_length_counter/is_mute
    Location             Delay type         Delay(ns)  Physical Resource
                                                       Logical Resource(s)
    -------------------------------------------------  -------------------
    SLICE_X51Y33.YQ      Tcko                  0.720   music_length_array_value<5>
                                                       music_length_array_value_2
    MULT18X18_X1Y4.B3    net (fanout=4)        1.969   music_length_array_value<2>
    MULT18X18_X1Y4.P18   Tmult                 3.931   x_note_length_counter/Mmult_n0026_submult_0
                                                       x_note_length_counter/Mmult_n0026_submult_0
    SLICE_X51Y24.G1      net (fanout=1)        2.192   x_note_length_counter/Mmult_n0026_submult_0_18
    SLICE_X51Y24.COUT    Topcyg                1.039   x_note_length_counter/n0026<17>
                                                       x_note_length_counter/Mmult_n0026_Madd_lut<18>
                                                       x_note_length_counter/Mmult_n0026_Madd_cy<18>
    SLICE_X51Y25.CIN     net (fanout=1)        0.000   x_note_length_counter/Mmult_n0026_Madd_cy<18>
    SLICE_X51Y25.Y       Tciny                 0.923   x_note_length_counter/n0026<19>
                                                       x_note_length_counter/Mmult_n0026_Madd_cy<19>
                                                       x_note_length_counter/Mmult_n0026_Madd_xor<20>
    SLICE_X49Y17.G1      net (fanout=8)        2.451   x_note_length_counter/n0026<20>
    SLICE_X49Y17.COUT    Topcyg                1.039   x_note_length_counter/n0048[27:0]<18>
                                                       x_note_length_counter/Madd_n0048[27:0]_lut<19>
                                                       x_note_length_counter/Madd_n0048[27:0]_cy<19>
    SLICE_X49Y18.CIN     net (fanout=1)        0.000   x_note_length_counter/Madd_n0048[27:0]_cy<19>
    SLICE_X49Y18.COUT    Tbyp                  0.128   x_note_length_counter/n0048[27:0]<20>
                                                       x_note_length_counter/Madd_n0048[27:0]_cy<20>
                                                       x_note_length_counter/Madd_n0048[27:0]_cy<21>
    SLICE_X49Y19.CIN     net (fanout=1)        0.000   x_note_length_counter/Madd_n0048[27:0]_cy<21>
    SLICE_X49Y19.X       Tcinx                 0.904   x_note_length_counter/n0048[27:0]<22>
                                                       x_note_length_counter/Madd_n0048[27:0]_xor<22>
    SLICE_X48Y19.F1      net (fanout=1)        0.587   x_note_length_counter/n0048[27:0]<22>
    SLICE_X48Y19.COUT    Topcyf                1.084   x_note_length_counter/n0039<22>
                                                       x_note_length_counter/Madd_n0039_lut<22>
                                                       x_note_length_counter/Madd_n0039_cy<22>
                                                       x_note_length_counter/Madd_n0039_cy<23>
    SLICE_X48Y20.CIN     net (fanout=1)        0.000   x_note_length_counter/Madd_n0039_cy<23>
    SLICE_X48Y20.COUT    Tbyp                  0.120   x_note_length_counter/n0039<24>
                                                       x_note_length_counter/Madd_n0039_cy<24>
                                                       x_note_length_counter/Madd_n0039_cy<25>
    SLICE_X48Y21.CIN     net (fanout=1)        0.000   x_note_length_counter/Madd_n0039_cy<25>
    SLICE_X48Y21.Y       Tciny                 0.923   x_note_length_counter/n0039<26>
                                                       x_note_length_counter/Madd_n0039_cy<26>
                                                       x_note_length_counter/Madd_n0039_xor<27>
    SLICE_X47Y20.G2      net (fanout=1)        0.491   x_note_length_counter/n0039<27>
    SLICE_X47Y20.Y       Tilo                  0.551   N94
                                                       x_note_length_counter/Mmux_n0028201
    SLICE_X42Y21.F2      net (fanout=1)        0.901   x_note_length_counter/n0028<27>
    SLICE_X42Y21.COUT    Topcyf                1.084   x_note_length_counter/_n0085
                                                       x_note_length_counter/Mcompar_articulation_cc[27]_note_length_partial[27]_equal_7_o_lut<13>
                                                       x_note_length_counter/Mcompar_articulation_cc[27]_note_length_partial[27]_equal_7_o_cy<13>
                                                       x_note_length_counter/_n00851_cy
    SLICE_X43Y22.BY      net (fanout=1)        0.695   x_note_length_counter/_n0085
    SLICE_X43Y22.CLK     Tsrck                 1.169   x_note_length_counter/is_mute
                                                       x_note_length_counter/is_mute
    -------------------------------------------------  ---------------------------
    Total                                     22.901ns (13.615ns logic, 9.286ns route)
                                                       (59.5% logic, 40.5% route)

--------------------------------------------------------------------------------
Slack (setup path):     17.150ns (requirement - (data path - clock path skew + uncertainty))
  Source:               music_length_array_value_2 (FF)
  Destination:          x_note_length_counter/is_mute (FF)
  Requirement:          40.000ns
  Data Path Delay:      22.850ns (Levels of Logic = 11)
  Clock Path Skew:      0.000ns
  Source Clock:         clk_BUFGP rising at 0.000ns
  Destination Clock:    clk_BUFGP rising at 40.000ns
  Clock Uncertainty:    0.000ns

  Maximum Data Path: music_length_array_value_2 to x_note_length_counter/is_mute
    Location             Delay type         Delay(ns)  Physical Resource
                                                       Logical Resource(s)
    -------------------------------------------------  -------------------
    SLICE_X51Y33.YQ      Tcko                  0.720   music_length_array_value<5>
                                                       music_length_array_value_2
    MULT18X18_X1Y4.B3    net (fanout=4)        1.969   music_length_array_value<2>
    MULT18X18_X1Y4.P18   Tmult                 3.931   x_note_length_counter/Mmult_n0026_submult_0
                                                       x_note_length_counter/Mmult_n0026_submult_0
    SLICE_X51Y24.G1      net (fanout=1)        2.192   x_note_length_counter/Mmult_n0026_submult_0_18
    SLICE_X51Y24.COUT    Topcyg                1.039   x_note_length_counter/n0026<17>
                                                       x_note_length_counter/Mmult_n0026_Madd_lut<18>
                                                       x_note_length_counter/Mmult_n0026_Madd_cy<18>
    SLICE_X51Y25.CIN     net (fanout=1)        0.000   x_note_length_counter/Mmult_n0026_Madd_cy<18>
    SLICE_X51Y25.Y       Tciny                 0.923   x_note_length_counter/n0026<19>
                                                       x_note_length_counter/Mmult_n0026_Madd_cy<19>
                                                       x_note_length_counter/Mmult_n0026_Madd_xor<20>
    SLICE_X49Y17.G1      net (fanout=8)        2.451   x_note_length_counter/n0026<20>
    SLICE_X49Y17.COUT    Topcyg                1.039   x_note_length_counter/n0048[27:0]<18>
                                                       x_note_length_counter/Madd_n0048[27:0]_lut<19>
                                                       x_note_length_counter/Madd_n0048[27:0]_cy<19>
    SLICE_X49Y18.CIN     net (fanout=1)        0.000   x_note_length_counter/Madd_n0048[27:0]_cy<19>
    SLICE_X49Y18.COUT    Tbyp                  0.128   x_note_length_counter/n0048[27:0]<20>
                                                       x_note_length_counter/Madd_n0048[27:0]_cy<20>
                                                       x_note_length_counter/Madd_n0048[27:0]_cy<21>
    SLICE_X49Y19.CIN     net (fanout=1)        0.000   x_note_length_counter/Madd_n0048[27:0]_cy<21>
    SLICE_X49Y19.COUT    Tbyp                  0.128   x_note_length_counter/n0048[27:0]<22>
                                                       x_note_length_counter/Madd_n0048[27:0]_cy<22>
                                                       x_note_length_counter/Madd_n0048[27:0]_cy<23>
    SLICE_X49Y20.CIN     net (fanout=1)        0.000   x_note_length_counter/Madd_n0048[27:0]_cy<23>
    SLICE_X49Y20.X       Tcinx                 0.904   x_note_length_counter/n0048[27:0]<24>
                                                       x_note_length_counter/Madd_n0048[27:0]_xor<24>
    SLICE_X48Y20.F2      net (fanout=1)        0.528   x_note_length_counter/n0048[27:0]<24>
    SLICE_X48Y20.COUT    Topcyf                1.084   x_note_length_counter/n0039<24>
                                                       x_note_length_counter/Madd_n0039_lut<24>
                                                       x_note_length_counter/Madd_n0039_cy<24>
                                                       x_note_length_counter/Madd_n0039_cy<25>
    SLICE_X48Y21.CIN     net (fanout=1)        0.000   x_note_length_counter/Madd_n0039_cy<25>
    SLICE_X48Y21.Y       Tciny                 0.923   x_note_length_counter/n0039<26>
                                                       x_note_length_counter/Madd_n0039_cy<26>
                                                       x_note_length_counter/Madd_n0039_xor<27>
    SLICE_X47Y20.G2      net (fanout=1)        0.491   x_note_length_counter/n0039<27>
    SLICE_X47Y20.Y       Tilo                  0.551   N94
                                                       x_note_length_counter/Mmux_n0028201
    SLICE_X42Y21.F2      net (fanout=1)        0.901   x_note_length_counter/n0028<27>
    SLICE_X42Y21.COUT    Topcyf                1.084   x_note_length_counter/_n0085
                                                       x_note_length_counter/Mcompar_articulation_cc[27]_note_length_partial[27]_equal_7_o_lut<13>
                                                       x_note_length_counter/Mcompar_articulation_cc[27]_note_length_partial[27]_equal_7_o_cy<13>
                                                       x_note_length_counter/_n00851_cy
    SLICE_X43Y22.BY      net (fanout=1)        0.695   x_note_length_counter/_n0085
    SLICE_X43Y22.CLK     Tsrck                 1.169   x_note_length_counter/is_mute
                                                       x_note_length_counter/is_mute
    -------------------------------------------------  ---------------------------
    Total                                     22.850ns (13.623ns logic, 9.227ns route)
                                                       (59.6% logic, 40.4% route)

--------------------------------------------------------------------------------
Slack (setup path):     17.150ns (requirement - (data path - clock path skew + uncertainty))
  Source:               music_length_array_value_2 (FF)
  Destination:          x_note_length_counter/is_mute (FF)
  Requirement:          40.000ns
  Data Path Delay:      22.850ns (Levels of Logic = 11)
  Clock Path Skew:      0.000ns
  Source Clock:         clk_BUFGP rising at 0.000ns
  Destination Clock:    clk_BUFGP rising at 40.000ns
  Clock Uncertainty:    0.000ns

  Maximum Data Path: music_length_array_value_2 to x_note_length_counter/is_mute
    Location             Delay type         Delay(ns)  Physical Resource
                                                       Logical Resource(s)
    -------------------------------------------------  -------------------
    SLICE_X51Y33.YQ      Tcko                  0.720   music_length_array_value<5>
                                                       music_length_array_value_2
    MULT18X18_X1Y4.B3    net (fanout=4)        1.969   music_length_array_value<2>
    MULT18X18_X1Y4.P18   Tmult                 3.931   x_note_length_counter/Mmult_n0026_submult_0
                                                       x_note_length_counter/Mmult_n0026_submult_0
    SLICE_X51Y24.G1      net (fanout=1)        2.192   x_note_length_counter/Mmult_n0026_submult_0_18
    SLICE_X51Y24.COUT    Topcyg                1.039   x_note_length_counter/n0026<17>
                                                       x_note_length_counter/Mmult_n0026_Madd_lut<18>
                                                       x_note_length_counter/Mmult_n0026_Madd_cy<18>
    SLICE_X51Y25.CIN     net (fanout=1)        0.000   x_note_length_counter/Mmult_n0026_Madd_cy<18>
    SLICE_X51Y25.COUT    Tbyp                  0.128   x_note_length_counter/n0026<19>
                                                       x_note_length_counter/Mmult_n0026_Madd_cy<19>
                                                       x_note_length_counter/Mmult_n0026_Madd_cy<20>
    SLICE_X51Y26.CIN     net (fanout=1)        0.000   x_note_length_counter/Mmult_n0026_Madd_cy<20>
    SLICE_X51Y26.COUT    Tbyp                  0.128   x_note_length_counter/n0026<21>
                                                       x_note_length_counter/Mmult_n0026_Madd_cy<21>
                                                       x_note_length_counter/Mmult_n0026_Madd_cy<22>
    SLICE_X51Y27.CIN     net (fanout=1)        0.000   x_note_length_counter/Mmult_n0026_Madd_cy<22>
    SLICE_X51Y27.Y       Tciny                 0.923   x_note_length_counter/n0026<23>
                                                       x_note_length_counter/Mmult_n0026_Madd_cy<23>
                                                       x_note_length_counter/Mmult_n0026_Madd_xor<24>
    SLICE_X49Y19.G1      net (fanout=8)        2.451   x_note_length_counter/n0026<24>
    SLICE_X49Y19.COUT    Topcyg                1.039   x_note_length_counter/n0048[27:0]<22>
                                                       x_note_length_counter/Madd_n0048[27:0]_lut<23>
                                                       x_note_length_counter/Madd_n0048[27:0]_cy<23>
    SLICE_X49Y20.CIN     net (fanout=1)        0.000   x_note_length_counter/Madd_n0048[27:0]_cy<23>
    SLICE_X49Y20.X       Tcinx                 0.904   x_note_length_counter/n0048[27:0]<24>
                                                       x_note_length_counter/Madd_n0048[27:0]_xor<24>
    SLICE_X48Y20.F2      net (fanout=1)        0.528   x_note_length_counter/n0048[27:0]<24>
    SLICE_X48Y20.COUT    Topcyf                1.084   x_note_length_counter/n0039<24>
                                                       x_note_length_counter/Madd_n0039_lut<24>
                                                       x_note_length_counter/Madd_n0039_cy<24>
                                                       x_note_length_counter/Madd_n0039_cy<25>
    SLICE_X48Y21.CIN     net (fanout=1)        0.000   x_note_length_counter/Madd_n0039_cy<25>
    SLICE_X48Y21.Y       Tciny                 0.923   x_note_length_counter/n0039<26>
                                                       x_note_length_counter/Madd_n0039_cy<26>
                                                       x_note_length_counter/Madd_n0039_xor<27>
    SLICE_X47Y20.G2      net (fanout=1)        0.491   x_note_length_counter/n0039<27>
    SLICE_X47Y20.Y       Tilo                  0.551   N94
                                                       x_note_length_counter/Mmux_n0028201
    SLICE_X42Y21.F2      net (fanout=1)        0.901   x_note_length_counter/n0028<27>
    SLICE_X42Y21.COUT    Topcyf                1.084   x_note_length_counter/_n0085
                                                       x_note_length_counter/Mcompar_articulation_cc[27]_note_length_partial[27]_equal_7_o_lut<13>
                                                       x_note_length_counter/Mcompar_articulation_cc[27]_note_length_partial[27]_equal_7_o_cy<13>
                                                       x_note_length_counter/_n00851_cy
    SLICE_X43Y22.BY      net (fanout=1)        0.695   x_note_length_counter/_n0085
    SLICE_X43Y22.CLK     Tsrck                 1.169   x_note_length_counter/is_mute
                                                       x_note_length_counter/is_mute
    -------------------------------------------------  ---------------------------
    Total                                     22.850ns (13.623ns logic, 9.227ns route)
                                                       (59.6% logic, 40.4% route)

--------------------------------------------------------------------------------

Paths for end point x_note_length_counter/note_length_partial_4 (SLICE_X36Y12.SR), 3866 paths
--------------------------------------------------------------------------------
Slack (setup path):     20.134ns (requirement - (data path - clock path skew + uncertainty))
  Source:               music_length_array_value_2 (FF)
  Destination:          x_note_length_counter/note_length_partial_4 (FF)
  Requirement:          40.000ns
  Data Path Delay:      19.866ns (Levels of Logic = 10)
  Clock Path Skew:      0.000ns
  Source Clock:         clk_BUFGP rising at 0.000ns
  Destination Clock:    clk_BUFGP rising at 40.000ns
  Clock Uncertainty:    0.000ns

  Maximum Data Path: music_length_array_value_2 to x_note_length_counter/note_length_partial_4
    Location             Delay type         Delay(ns)  Physical Resource
                                                       Logical Resource(s)
    -------------------------------------------------  -------------------
    SLICE_X51Y33.YQ      Tcko                  0.720   music_length_array_value<5>
                                                       music_length_array_value_2
    MULT18X18_X1Y4.B3    net (fanout=4)        1.969   music_length_array_value<2>
    MULT18X18_X1Y4.P18   Tmult                 3.931   x_note_length_counter/Mmult_n0026_submult_0
                                                       x_note_length_counter/Mmult_n0026_submult_0
    SLICE_X51Y24.G1      net (fanout=1)        2.192   x_note_length_counter/Mmult_n0026_submult_0_18
    SLICE_X51Y24.COUT    Topcyg                1.039   x_note_length_counter/n0026<17>
                                                       x_note_length_counter/Mmult_n0026_Madd_lut<18>
                                                       x_note_length_counter/Mmult_n0026_Madd_cy<18>
    SLICE_X51Y25.CIN     net (fanout=1)        0.000   x_note_length_counter/Mmult_n0026_Madd_cy<18>
    SLICE_X51Y25.X       Tcinx                 0.904   x_note_length_counter/n0026<19>
                                                       x_note_length_counter/Mmult_n0026_Madd_xor<19>
    SLICE_X38Y19.G3      net (fanout=8)        1.769   x_note_length_counter/n0026<19>
    SLICE_X38Y19.COUT    Topcyg                1.096   x_note_length_counter/GND_6_o_GND_6_o_sub_8_OUT<18>
                                                       x_note_length_counter/Msub_GND_6_o_GND_6_o_sub_8_OUT_lut<19>_INV_0
                                                       x_note_length_counter/Msub_GND_6_o_GND_6_o_sub_8_OUT_cy<19>
    SLICE_X38Y20.CIN     net (fanout=1)        0.000   x_note_length_counter/Msub_GND_6_o_GND_6_o_sub_8_OUT_cy<19>
    SLICE_X38Y20.Y       Tciny                 0.923   x_note_length_counter/GND_6_o_GND_6_o_sub_8_OUT<20>
                                                       x_note_length_counter/Msub_GND_6_o_GND_6_o_sub_8_OUT_cy<20>
                                                       x_note_length_counter/Msub_GND_6_o_GND_6_o_sub_8_OUT_xor<21>
    SLICE_X39Y20.G4      net (fanout=1)        0.360   x_note_length_counter/GND_6_o_GND_6_o_sub_8_OUT<21>
    SLICE_X39Y20.COUT    Topcyg                1.039   x_note_length_counter/Mcompar_n0014_cy<21>
                                                       x_note_length_counter/Mcompar_n0014_lut<21>
                                                       x_note_length_counter/Mcompar_n0014_cy<21>
    SLICE_X39Y21.CIN     net (fanout=1)        0.000   x_note_length_counter/Mcompar_n0014_cy<21>
    SLICE_X39Y21.COUT    Tbyp                  0.128   x_note_length_counter/Mcompar_n0014_cy<23>
                                                       x_note_length_counter/Mcompar_n0014_cy<22>
                                                       x_note_length_counter/Mcompar_n0014_cy<23>
    SLICE_X39Y22.CIN     net (fanout=1)        0.000   x_note_length_counter/Mcompar_n0014_cy<23>
    SLICE_X39Y22.COUT    Tbyp                  0.128   x_note_length_counter/Mcompar_n0014_cy<25>
                                                       x_note_length_counter/Mcompar_n0014_cy<24>
                                                       x_note_length_counter/Mcompar_n0014_cy<25>
    SLICE_X39Y23.CIN     net (fanout=1)        0.000   x_note_length_counter/Mcompar_n0014_cy<25>
    SLICE_X39Y23.COUT    Tbyp                  0.128   x_note_length_counter/Mcompar_n0014_cy<27>
                                                       x_note_length_counter/Mcompar_n0014_cy<26>
                                                       x_note_length_counter/Mcompar_n0014_cy<27>
    SLICE_X39Y24.CIN     net (fanout=1)        0.000   x_note_length_counter/Mcompar_n0014_cy<27>
    SLICE_X39Y24.COUT    Tbyp                  0.128   x_note_length_counter/Mcount_note_length_partial_val
                                                       x_note_length_counter/Mcompar_n0014_cy<28>
                                                       x_note_length_counter/Mcount_note_length_partial_val281_cy
    SLICE_X36Y12.SR      net (fanout=14)       2.386   x_note_length_counter/Mcount_note_length_partial_val
    SLICE_X36Y12.CLK     Tsrck                 1.026   x_note_length_counter/note_length_partial<4>
                                                       x_note_length_counter/note_length_partial_4
    -------------------------------------------------  ---------------------------
    Total                                     19.866ns (11.190ns logic, 8.676ns route)
                                                       (56.3% logic, 43.7% route)

--------------------------------------------------------------------------------
Slack (setup path):     20.154ns (requirement - (data path - clock path skew + uncertainty))
  Source:               music_length_array_value_2 (FF)
  Destination:          x_note_length_counter/note_length_partial_4 (FF)
  Requirement:          40.000ns
  Data Path Delay:      19.846ns (Levels of Logic = 10)
  Clock Path Skew:      0.000ns
  Source Clock:         clk_BUFGP rising at 0.000ns
  Destination Clock:    clk_BUFGP rising at 40.000ns
  Clock Uncertainty:    0.000ns

  Maximum Data Path: music_length_array_value_2 to x_note_length_counter/note_length_partial_4
    Location             Delay type         Delay(ns)  Physical Resource
                                                       Logical Resource(s)
    -------------------------------------------------  -------------------
    SLICE_X51Y33.YQ      Tcko                  0.720   music_length_array_value<5>
                                                       music_length_array_value_2
    MULT18X18_X1Y4.B3    net (fanout=4)        1.969   music_length_array_value<2>
    MULT18X18_X1Y4.P18   Tmult                 3.931   x_note_length_counter/Mmult_n0026_submult_0
                                                       x_note_length_counter/Mmult_n0026_submult_0
    SLICE_X51Y24.G1      net (fanout=1)        2.192   x_note_length_counter/Mmult_n0026_submult_0_18
    SLICE_X51Y24.COUT    Topcyg                1.039   x_note_length_counter/n0026<17>
                                                       x_note_length_counter/Mmult_n0026_Madd_lut<18>
                                                       x_note_length_counter/Mmult_n0026_Madd_cy<18>
    SLICE_X51Y25.CIN     net (fanout=1)        0.000   x_note_length_counter/Mmult_n0026_Madd_cy<18>
    SLICE_X51Y25.COUT    Tbyp                  0.128   x_note_length_counter/n0026<19>
                                                       x_note_length_counter/Mmult_n0026_Madd_cy<19>
                                                       x_note_length_counter/Mmult_n0026_Madd_cy<20>
    SLICE_X51Y26.CIN     net (fanout=1)        0.000   x_note_length_counter/Mmult_n0026_Madd_cy<20>
    SLICE_X51Y26.COUT    Tbyp                  0.128   x_note_length_counter/n0026<21>
                                                       x_note_length_counter/Mmult_n0026_Madd_cy<21>
                                                       x_note_length_counter/Mmult_n0026_Madd_cy<22>
    SLICE_X51Y27.CIN     net (fanout=1)        0.000   x_note_length_counter/Mmult_n0026_Madd_cy<22>
    SLICE_X51Y27.X       Tcinx                 0.904   x_note_length_counter/n0026<23>
                                                       x_note_length_counter/Mmult_n0026_Madd_xor<23>
    SLICE_X38Y21.G3      net (fanout=8)        1.769   x_note_length_counter/n0026<23>
    SLICE_X38Y21.COUT    Topcyg                1.096   x_note_length_counter/GND_6_o_GND_6_o_sub_8_OUT<22>
                                                       x_note_length_counter/Msub_GND_6_o_GND_6_o_sub_8_OUT_lut<23>_INV_0
                                                       x_note_length_counter/Msub_GND_6_o_GND_6_o_sub_8_OUT_cy<23>
    SLICE_X38Y22.CIN     net (fanout=1)        0.000   x_note_length_counter/Msub_GND_6_o_GND_6_o_sub_8_OUT_cy<23>
    SLICE_X38Y22.Y       Tciny                 0.923   x_note_length_counter/GND_6_o_GND_6_o_sub_8_OUT<24>
                                                       x_note_length_counter/Msub_GND_6_o_GND_6_o_sub_8_OUT_cy<24>
                                                       x_note_length_counter/Msub_GND_6_o_GND_6_o_sub_8_OUT_xor<25>
    SLICE_X39Y22.G1      net (fanout=1)        0.340   x_note_length_counter/GND_6_o_GND_6_o_sub_8_OUT<25>
    SLICE_X39Y22.COUT    Topcyg                1.039   x_note_length_counter/Mcompar_n0014_cy<25>
                                                       x_note_length_counter/Mcompar_n0014_lut<25>
                                                       x_note_length_counter/Mcompar_n0014_cy<25>
    SLICE_X39Y23.CIN     net (fanout=1)        0.000   x_note_length_counter/Mcompar_n0014_cy<25>
    SLICE_X39Y23.COUT    Tbyp                  0.128   x_note_length_counter/Mcompar_n0014_cy<27>
                                                       x_note_length_counter/Mcompar_n0014_cy<26>
                                                       x_note_length_counter/Mcompar_n0014_cy<27>
    SLICE_X39Y24.CIN     net (fanout=1)        0.000   x_note_length_counter/Mcompar_n0014_cy<27>
    SLICE_X39Y24.COUT    Tbyp                  0.128   x_note_length_counter/Mcount_note_length_partial_val
                                                       x_note_length_counter/Mcompar_n0014_cy<28>
                                                       x_note_length_counter/Mcount_note_length_partial_val281_cy
    SLICE_X36Y12.SR      net (fanout=14)       2.386   x_note_length_counter/Mcount_note_length_partial_val
    SLICE_X36Y12.CLK     Tsrck                 1.026   x_note_length_counter/note_length_partial<4>
                                                       x_note_length_counter/note_length_partial_4
    -------------------------------------------------  ---------------------------
    Total                                     19.846ns (11.190ns logic, 8.656ns route)
                                                       (56.4% logic, 43.6% route)

--------------------------------------------------------------------------------
Slack (setup path):     20.170ns (requirement - (data path - clock path skew + uncertainty))
  Source:               music_length_array_value_2 (FF)
  Destination:          x_note_length_counter/note_length_partial_4 (FF)
  Requirement:          40.000ns
  Data Path Delay:      19.830ns (Levels of Logic = 10)
  Clock Path Skew:      0.000ns
  Source Clock:         clk_BUFGP rising at 0.000ns
  Destination Clock:    clk_BUFGP rising at 40.000ns
  Clock Uncertainty:    0.000ns

  Maximum Data Path: music_length_array_value_2 to x_note_length_counter/note_length_partial_4
    Location             Delay type         Delay(ns)  Physical Resource
                                                       Logical Resource(s)
    -------------------------------------------------  -------------------
    SLICE_X51Y33.YQ      Tcko                  0.720   music_length_array_value<5>
                                                       music_length_array_value_2
    MULT18X18_X1Y4.B3    net (fanout=4)        1.969   music_length_array_value<2>
    MULT18X18_X1Y4.P18   Tmult                 3.931   x_note_length_counter/Mmult_n0026_submult_0
                                                       x_note_length_counter/Mmult_n0026_submult_0
    SLICE_X51Y24.G1      net (fanout=1)        2.192   x_note_length_counter/Mmult_n0026_submult_0_18
    SLICE_X51Y24.COUT    Topcyg                1.039   x_note_length_counter/n0026<17>
                                                       x_note_length_counter/Mmult_n0026_Madd_lut<18>
                                                       x_note_length_counter/Mmult_n0026_Madd_cy<18>
    SLICE_X51Y25.CIN     net (fanout=1)        0.000   x_note_length_counter/Mmult_n0026_Madd_cy<18>
    SLICE_X51Y25.X       Tcinx                 0.904   x_note_length_counter/n0026<19>
                                                       x_note_length_counter/Mmult_n0026_Madd_xor<19>
    SLICE_X38Y19.G3      net (fanout=8)        1.769   x_note_length_counter/n0026<19>
    SLICE_X38Y19.COUT    Topcyg                1.096   x_note_length_counter/GND_6_o_GND_6_o_sub_8_OUT<18>
                                                       x_note_length_counter/Msub_GND_6_o_GND_6_o_sub_8_OUT_lut<19>_INV_0
                                                       x_note_length_counter/Msub_GND_6_o_GND_6_o_sub_8_OUT_cy<19>
    SLICE_X38Y20.CIN     net (fanout=1)        0.000   x_note_length_counter/Msub_GND_6_o_GND_6_o_sub_8_OUT_cy<19>
    SLICE_X38Y20.COUT    Tbyp                  0.120   x_note_length_counter/GND_6_o_GND_6_o_sub_8_OUT<20>
                                                       x_note_length_counter/Msub_GND_6_o_GND_6_o_sub_8_OUT_cy<20>
                                                       x_note_length_counter/Msub_GND_6_o_GND_6_o_sub_8_OUT_cy<21>
    SLICE_X38Y21.CIN     net (fanout=1)        0.000   x_note_length_counter/Msub_GND_6_o_GND_6_o_sub_8_OUT_cy<21>
    SLICE_X38Y21.COUT    Tbyp                  0.120   x_note_length_counter/GND_6_o_GND_6_o_sub_8_OUT<22>
                                                       x_note_length_counter/Msub_GND_6_o_GND_6_o_sub_8_OUT_cy<22>
                                                       x_note_length_counter/Msub_GND_6_o_GND_6_o_sub_8_OUT_cy<23>
    SLICE_X38Y22.CIN     net (fanout=1)        0.000   x_note_length_counter/Msub_GND_6_o_GND_6_o_sub_8_OUT_cy<23>
    SLICE_X38Y22.Y       Tciny                 0.923   x_note_length_counter/GND_6_o_GND_6_o_sub_8_OUT<24>
                                                       x_note_length_counter/Msub_GND_6_o_GND_6_o_sub_8_OUT_cy<24>
                                                       x_note_length_counter/Msub_GND_6_o_GND_6_o_sub_8_OUT_xor<25>
    SLICE_X39Y22.G1      net (fanout=1)        0.340   x_note_length_counter/GND_6_o_GND_6_o_sub_8_OUT<25>
    SLICE_X39Y22.COUT    Topcyg                1.039   x_note_length_counter/Mcompar_n0014_cy<25>
                                                       x_note_length_counter/Mcompar_n0014_lut<25>
                                                       x_note_length_counter/Mcompar_n0014_cy<25>
    SLICE_X39Y23.CIN     net (fanout=1)        0.000   x_note_length_counter/Mcompar_n0014_cy<25>
    SLICE_X39Y23.COUT    Tbyp                  0.128   x_note_length_counter/Mcompar_n0014_cy<27>
                                                       x_note_length_counter/Mcompar_n0014_cy<26>
                                                       x_note_length_counter/Mcompar_n0014_cy<27>
    SLICE_X39Y24.CIN     net (fanout=1)        0.000   x_note_length_counter/Mcompar_n0014_cy<27>
    SLICE_X39Y24.COUT    Tbyp                  0.128   x_note_length_counter/Mcount_note_length_partial_val
                                                       x_note_length_counter/Mcompar_n0014_cy<28>
                                                       x_note_length_counter/Mcount_note_length_partial_val281_cy
    SLICE_X36Y12.SR      net (fanout=14)       2.386   x_note_length_counter/Mcount_note_length_partial_val
    SLICE_X36Y12.CLK     Tsrck                 1.026   x_note_length_counter/note_length_partial<4>
                                                       x_note_length_counter/note_length_partial_4
    -------------------------------------------------  ---------------------------
    Total                                     19.830ns (11.174ns logic, 8.656ns route)
                                                       (56.3% logic, 43.7% route)

--------------------------------------------------------------------------------

Paths for end point x_note_length_counter/note_length_partial_5 (SLICE_X36Y12.SR), 3866 paths
--------------------------------------------------------------------------------
Slack (setup path):     20.134ns (requirement - (data path - clock path skew + uncertainty))
  Source:               music_length_array_value_2 (FF)
  Destination:          x_note_length_counter/note_length_partial_5 (FF)
  Requirement:          40.000ns
  Data Path Delay:      19.866ns (Levels of Logic = 10)
  Clock Path Skew:      0.000ns
  Source Clock:         clk_BUFGP rising at 0.000ns
  Destination Clock:    clk_BUFGP rising at 40.000ns
  Clock Uncertainty:    0.000ns

  Maximum Data Path: music_length_array_value_2 to x_note_length_counter/note_length_partial_5
    Location             Delay type         Delay(ns)  Physical Resource
                                                       Logical Resource(s)
    -------------------------------------------------  -------------------
    SLICE_X51Y33.YQ      Tcko                  0.720   music_length_array_value<5>
                                                       music_length_array_value_2
    MULT18X18_X1Y4.B3    net (fanout=4)        1.969   music_length_array_value<2>
    MULT18X18_X1Y4.P18   Tmult                 3.931   x_note_length_counter/Mmult_n0026_submult_0
                                                       x_note_length_counter/Mmult_n0026_submult_0
    SLICE_X51Y24.G1      net (fanout=1)        2.192   x_note_length_counter/Mmult_n0026_submult_0_18
    SLICE_X51Y24.COUT    Topcyg                1.039   x_note_length_counter/n0026<17>
                                                       x_note_length_counter/Mmult_n0026_Madd_lut<18>
                                                       x_note_length_counter/Mmult_n0026_Madd_cy<18>
    SLICE_X51Y25.CIN     net (fanout=1)        0.000   x_note_length_counter/Mmult_n0026_Madd_cy<18>
    SLICE_X51Y25.X       Tcinx                 0.904   x_note_length_counter/n0026<19>
                                                       x_note_length_counter/Mmult_n0026_Madd_xor<19>
    SLICE_X38Y19.G3      net (fanout=8)        1.769   x_note_length_counter/n0026<19>
    SLICE_X38Y19.COUT    Topcyg                1.096   x_note_length_counter/GND_6_o_GND_6_o_sub_8_OUT<18>
                                                       x_note_length_counter/Msub_GND_6_o_GND_6_o_sub_8_OUT_lut<19>_INV_0
                                                       x_note_length_counter/Msub_GND_6_o_GND_6_o_sub_8_OUT_cy<19>
    SLICE_X38Y20.CIN     net (fanout=1)        0.000   x_note_length_counter/Msub_GND_6_o_GND_6_o_sub_8_OUT_cy<19>
    SLICE_X38Y20.Y       Tciny                 0.923   x_note_length_counter/GND_6_o_GND_6_o_sub_8_OUT<20>
                                                       x_note_length_counter/Msub_GND_6_o_GND_6_o_sub_8_OUT_cy<20>
                                                       x_note_length_counter/Msub_GND_6_o_GND_6_o_sub_8_OUT_xor<21>
    SLICE_X39Y20.G4      net (fanout=1)        0.360   x_note_length_counter/GND_6_o_GND_6_o_sub_8_OUT<21>
    SLICE_X39Y20.COUT    Topcyg                1.039   x_note_length_counter/Mcompar_n0014_cy<21>
                                                       x_note_length_counter/Mcompar_n0014_lut<21>
                                                       x_note_length_counter/Mcompar_n0014_cy<21>
    SLICE_X39Y21.CIN     net (fanout=1)        0.000   x_note_length_counter/Mcompar_n0014_cy<21>
    SLICE_X39Y21.COUT    Tbyp                  0.128   x_note_length_counter/Mcompar_n0014_cy<23>
                                                       x_note_length_counter/Mcompar_n0014_cy<22>
                                                       x_note_length_counter/Mcompar_n0014_cy<23>
    SLICE_X39Y22.CIN     net (fanout=1)        0.000   x_note_length_counter/Mcompar_n0014_cy<23>
    SLICE_X39Y22.COUT    Tbyp                  0.128   x_note_length_counter/Mcompar_n0014_cy<25>
                                                       x_note_length_counter/Mcompar_n0014_cy<24>
                                                       x_note_length_counter/Mcompar_n0014_cy<25>
    SLICE_X39Y23.CIN     net (fanout=1)        0.000   x_note_length_counter/Mcompar_n0014_cy<25>
    SLICE_X39Y23.COUT    Tbyp                  0.128   x_note_length_counter/Mcompar_n0014_cy<27>
                                                       x_note_length_counter/Mcompar_n0014_cy<26>
                                                       x_note_length_counter/Mcompar_n0014_cy<27>
    SLICE_X39Y24.CIN     net (fanout=1)        0.000   x_note_length_counter/Mcompar_n0014_cy<27>
    SLICE_X39Y24.COUT    Tbyp                  0.128   x_note_length_counter/Mcount_note_length_partial_val
                                                       x_note_length_counter/Mcompar_n0014_cy<28>
                                                       x_note_length_counter/Mcount_note_length_partial_val281_cy
    SLICE_X36Y12.SR      net (fanout=14)       2.386   x_note_length_counter/Mcount_note_length_partial_val
    SLICE_X36Y12.CLK     Tsrck                 1.026   x_note_length_counter/note_length_partial<4>
                                                       x_note_length_counter/note_length_partial_5
    -------------------------------------------------  ---------------------------
    Total                                     19.866ns (11.190ns logic, 8.676ns route)
                                                       (56.3% logic, 43.7% route)

--------------------------------------------------------------------------------
Slack (setup path):     20.154ns (requirement - (data path - clock path skew + uncertainty))
  Source:               music_length_array_value_2 (FF)
  Destination:          x_note_length_counter/note_length_partial_5 (FF)
  Requirement:          40.000ns
  Data Path Delay:      19.846ns (Levels of Logic = 10)
  Clock Path Skew:      0.000ns
  Source Clock:         clk_BUFGP rising at 0.000ns
  Destination Clock:    clk_BUFGP rising at 40.000ns
  Clock Uncertainty:    0.000ns

  Maximum Data Path: music_length_array_value_2 to x_note_length_counter/note_length_partial_5
    Location             Delay type         Delay(ns)  Physical Resource
                                                       Logical Resource(s)
    -------------------------------------------------  -------------------
    SLICE_X51Y33.YQ      Tcko                  0.720   music_length_array_value<5>
                                                       music_length_array_value_2
    MULT18X18_X1Y4.B3    net (fanout=4)        1.969   music_length_array_value<2>
    MULT18X18_X1Y4.P18   Tmult                 3.931   x_note_length_counter/Mmult_n0026_submult_0
                                                       x_note_length_counter/Mmult_n0026_submult_0
    SLICE_X51Y24.G1      net (fanout=1)        2.192   x_note_length_counter/Mmult_n0026_submult_0_18
    SLICE_X51Y24.COUT    Topcyg                1.039   x_note_length_counter/n0026<17>
                                                       x_note_length_counter/Mmult_n0026_Madd_lut<18>
                                                       x_note_length_counter/Mmult_n0026_Madd_cy<18>
    SLICE_X51Y25.CIN     net (fanout=1)        0.000   x_note_length_counter/Mmult_n0026_Madd_cy<18>
    SLICE_X51Y25.COUT    Tbyp                  0.128   x_note_length_counter/n0026<19>
                                                       x_note_length_counter/Mmult_n0026_Madd_cy<19>
                                                       x_note_length_counter/Mmult_n0026_Madd_cy<20>
    SLICE_X51Y26.CIN     net (fanout=1)        0.000   x_note_length_counter/Mmult_n0026_Madd_cy<20>
    SLICE_X51Y26.COUT    Tbyp                  0.128   x_note_length_counter/n0026<21>
                                                       x_note_length_counter/Mmult_n0026_Madd_cy<21>
                                                       x_note_length_counter/Mmult_n0026_Madd_cy<22>
    SLICE_X51Y27.CIN     net (fanout=1)        0.000   x_note_length_counter/Mmult_n0026_Madd_cy<22>
    SLICE_X51Y27.X       Tcinx                 0.904   x_note_length_counter/n0026<23>
                                                       x_note_length_counter/Mmult_n0026_Madd_xor<23>
    SLICE_X38Y21.G3      net (fanout=8)        1.769   x_note_length_counter/n0026<23>
    SLICE_X38Y21.COUT    Topcyg                1.096   x_note_length_counter/GND_6_o_GND_6_o_sub_8_OUT<22>
                                                       x_note_length_counter/Msub_GND_6_o_GND_6_o_sub_8_OUT_lut<23>_INV_0
                                                       x_note_length_counter/Msub_GND_6_o_GND_6_o_sub_8_OUT_cy<23>
    SLICE_X38Y22.CIN     net (fanout=1)        0.000   x_note_length_counter/Msub_GND_6_o_GND_6_o_sub_8_OUT_cy<23>
    SLICE_X38Y22.Y       Tciny                 0.923   x_note_length_counter/GND_6_o_GND_6_o_sub_8_OUT<24>
                                                       x_note_length_counter/Msub_GND_6_o_GND_6_o_sub_8_OUT_cy<24>
                                                       x_note_length_counter/Msub_GND_6_o_GND_6_o_sub_8_OUT_xor<25>
    SLICE_X39Y22.G1      net (fanout=1)        0.340   x_note_length_counter/GND_6_o_GND_6_o_sub_8_OUT<25>
    SLICE_X39Y22.COUT    Topcyg                1.039   x_note_length_counter/Mcompar_n0014_cy<25>
                                                       x_note_length_counter/Mcompar_n0014_lut<25>
                                                       x_note_length_counter/Mcompar_n0014_cy<25>
    SLICE_X39Y23.CIN     net (fanout=1)        0.000   x_note_length_counter/Mcompar_n0014_cy<25>
    SLICE_X39Y23.COUT    Tbyp                  0.128   x_note_length_counter/Mcompar_n0014_cy<27>
                                                       x_note_length_counter/Mcompar_n0014_cy<26>
                                                       x_note_length_counter/Mcompar_n0014_cy<27>
    SLICE_X39Y24.CIN     net (fanout=1)        0.000   x_note_length_counter/Mcompar_n0014_cy<27>
    SLICE_X39Y24.COUT    Tbyp                  0.128   x_note_length_counter/Mcount_note_length_partial_val
                                                       x_note_length_counter/Mcompar_n0014_cy<28>
                                                       x_note_length_counter/Mcount_note_length_partial_val281_cy
    SLICE_X36Y12.SR      net (fanout=14)       2.386   x_note_length_counter/Mcount_note_length_partial_val
    SLICE_X36Y12.CLK     Tsrck                 1.026   x_note_length_counter/note_length_partial<4>
                                                       x_note_length_counter/note_length_partial_5
    -------------------------------------------------  ---------------------------
    Total                                     19.846ns (11.190ns logic, 8.656ns route)
                                                       (56.4% logic, 43.6% route)

--------------------------------------------------------------------------------
Slack (setup path):     20.170ns (requirement - (data path - clock path skew + uncertainty))
  Source:               music_length_array_value_2 (FF)
  Destination:          x_note_length_counter/note_length_partial_5 (FF)
  Requirement:          40.000ns
  Data Path Delay:      19.830ns (Levels of Logic = 10)
  Clock Path Skew:      0.000ns
  Source Clock:         clk_BUFGP rising at 0.000ns
  Destination Clock:    clk_BUFGP rising at 40.000ns
  Clock Uncertainty:    0.000ns

  Maximum Data Path: music_length_array_value_2 to x_note_length_counter/note_length_partial_5
    Location             Delay type         Delay(ns)  Physical Resource
                                                       Logical Resource(s)
    -------------------------------------------------  -------------------
    SLICE_X51Y33.YQ      Tcko                  0.720   music_length_array_value<5>
                                                       music_length_array_value_2
    MULT18X18_X1Y4.B3    net (fanout=4)        1.969   music_length_array_value<2>
    MULT18X18_X1Y4.P18   Tmult                 3.931   x_note_length_counter/Mmult_n0026_submult_0
                                                       x_note_length_counter/Mmult_n0026_submult_0
    SLICE_X51Y24.G1      net (fanout=1)        2.192   x_note_length_counter/Mmult_n0026_submult_0_18
    SLICE_X51Y24.COUT    Topcyg                1.039   x_note_length_counter/n0026<17>
                                                       x_note_length_counter/Mmult_n0026_Madd_lut<18>
                                                       x_note_length_counter/Mmult_n0026_Madd_cy<18>
    SLICE_X51Y25.CIN     net (fanout=1)        0.000   x_note_length_counter/Mmult_n0026_Madd_cy<18>
    SLICE_X51Y25.X       Tcinx                 0.904   x_note_length_counter/n0026<19>
                                                       x_note_length_counter/Mmult_n0026_Madd_xor<19>
    SLICE_X38Y19.G3      net (fanout=8)        1.769   x_note_length_counter/n0026<19>
    SLICE_X38Y19.COUT    Topcyg                1.096   x_note_length_counter/GND_6_o_GND_6_o_sub_8_OUT<18>
                                                       x_note_length_counter/Msub_GND_6_o_GND_6_o_sub_8_OUT_lut<19>_INV_0
                                                       x_note_length_counter/Msub_GND_6_o_GND_6_o_sub_8_OUT_cy<19>
    SLICE_X38Y20.CIN     net (fanout=1)        0.000   x_note_length_counter/Msub_GND_6_o_GND_6_o_sub_8_OUT_cy<19>
    SLICE_X38Y20.COUT    Tbyp                  0.120   x_note_length_counter/GND_6_o_GND_6_o_sub_8_OUT<20>
                                                       x_note_length_counter/Msub_GND_6_o_GND_6_o_sub_8_OUT_cy<20>
                                                       x_note_length_counter/Msub_GND_6_o_GND_6_o_sub_8_OUT_cy<21>
    SLICE_X38Y21.CIN     net (fanout=1)        0.000   x_note_length_counter/Msub_GND_6_o_GND_6_o_sub_8_OUT_cy<21>
    SLICE_X38Y21.COUT    Tbyp                  0.120   x_note_length_counter/GND_6_o_GND_6_o_sub_8_OUT<22>
                                                       x_note_length_counter/Msub_GND_6_o_GND_6_o_sub_8_OUT_cy<22>
                                                       x_note_length_counter/Msub_GND_6_o_GND_6_o_sub_8_OUT_cy<23>
    SLICE_X38Y22.CIN     net (fanout=1)        0.000   x_note_length_counter/Msub_GND_6_o_GND_6_o_sub_8_OUT_cy<23>
    SLICE_X38Y22.Y       Tciny                 0.923   x_note_length_counter/GND_6_o_GND_6_o_sub_8_OUT<24>
                                                       x_note_length_counter/Msub_GND_6_o_GND_6_o_sub_8_OUT_cy<24>
                                                       x_note_length_counter/Msub_GND_6_o_GND_6_o_sub_8_OUT_xor<25>
    SLICE_X39Y22.G1      net (fanout=1)        0.340   x_note_length_counter/GND_6_o_GND_6_o_sub_8_OUT<25>
    SLICE_X39Y22.COUT    Topcyg                1.039   x_note_length_counter/Mcompar_n0014_cy<25>
                                                       x_note_length_counter/Mcompar_n0014_lut<25>
                                                       x_note_length_counter/Mcompar_n0014_cy<25>
    SLICE_X39Y23.CIN     net (fanout=1)        0.000   x_note_length_counter/Mcompar_n0014_cy<25>
    SLICE_X39Y23.COUT    Tbyp                  0.128   x_note_length_counter/Mcompar_n0014_cy<27>
                                                       x_note_length_counter/Mcompar_n0014_cy<26>
                                                       x_note_length_counter/Mcompar_n0014_cy<27>
    SLICE_X39Y24.CIN     net (fanout=1)        0.000   x_note_length_counter/Mcompar_n0014_cy<27>
    SLICE_X39Y24.COUT    Tbyp                  0.128   x_note_length_counter/Mcount_note_length_partial_val
                                                       x_note_length_counter/Mcompar_n0014_cy<28>
                                                       x_note_length_counter/Mcount_note_length_partial_val281_cy
    SLICE_X36Y12.SR      net (fanout=14)       2.386   x_note_length_counter/Mcount_note_length_partial_val
    SLICE_X36Y12.CLK     Tsrck                 1.026   x_note_length_counter/note_length_partial<4>
                                                       x_note_length_counter/note_length_partial_5
    -------------------------------------------------  ---------------------------
    Total                                     19.830ns (11.174ns logic, 8.656ns route)
                                                       (56.3% logic, 43.7% route)

--------------------------------------------------------------------------------

Hold Paths: ts_clk = PERIOD TIMEGRP "tnm_clk" 25 MHz HIGH 50%;
--------------------------------------------------------------------------------

Paths for end point main_loop.music_index_0 (SLICE_X46Y40.BX), 1 path
--------------------------------------------------------------------------------
Slack (hold path):      0.866ns (requirement - (clock path skew + uncertainty - data path))
  Source:               main_loop.music_index_0 (FF)
  Destination:          main_loop.music_index_0 (FF)
  Requirement:          0.000ns
  Data Path Delay:      0.866ns (Levels of Logic = 0)
  Clock Path Skew:      0.000ns
  Source Clock:         clk_BUFGP rising at 40.000ns
  Destination Clock:    clk_BUFGP rising at 40.000ns
  Clock Uncertainty:    0.000ns

  Minimum Data Path: main_loop.music_index_0 to main_loop.music_index_0
    Location             Delay type         Delay(ns)  Physical Resource
                                                       Logical Resource(s)
    -------------------------------------------------  -------------------
    SLICE_X46Y40.XQ      Tcko                  0.576   main_loop.music_index<0>
                                                       main_loop.music_index_0
    SLICE_X46Y40.BX      net (fanout=18)       0.573   main_loop.music_index<0>
    SLICE_X46Y40.CLK     Tckdi       (-Th)     0.283   main_loop.music_index<0>
                                                       main_loop.music_index_0
    -------------------------------------------------  ---------------------------
    Total                                      0.866ns (0.293ns logic, 0.573ns route)
                                                       (33.8% logic, 66.2% route)

--------------------------------------------------------------------------------

Paths for end point x_note_player/sample_rate_partial_0 (SLICE_X21Y46.BX), 1 path
--------------------------------------------------------------------------------
Slack (hold path):      0.935ns (requirement - (clock path skew + uncertainty - data path))
  Source:               x_note_player/sample_rate_partial_0 (FF)
  Destination:          x_note_player/sample_rate_partial_0 (FF)
  Requirement:          0.000ns
  Data Path Delay:      0.935ns (Levels of Logic = 0)
  Clock Path Skew:      0.000ns
  Source Clock:         clk_BUFGP rising at 40.000ns
  Destination Clock:    clk_BUFGP rising at 40.000ns
  Clock Uncertainty:    0.000ns

  Minimum Data Path: x_note_player/sample_rate_partial_0 to x_note_player/sample_rate_partial_0
    Location             Delay type         Delay(ns)  Physical Resource
                                                       Logical Resource(s)
    -------------------------------------------------  -------------------
    SLICE_X21Y46.XQ      Tcko                  0.576   x_note_player/sample_rate_partial<0>
                                                       x_note_player/sample_rate_partial_0
    SLICE_X21Y46.BX      net (fanout=9)        0.642   x_note_player/sample_rate_partial<0>
    SLICE_X21Y46.CLK     Tckdi       (-Th)     0.283   x_note_player/sample_rate_partial<0>
                                                       x_note_player/sample_rate_partial_0
    -------------------------------------------------  ---------------------------
    Total                                      0.935ns (0.293ns logic, 0.642ns route)
                                                       (31.3% logic, 68.7% route)

--------------------------------------------------------------------------------

Paths for end point main_loop.music_index_3 (SLICE_X45Y40.F4), 1 path
--------------------------------------------------------------------------------
Slack (hold path):      0.990ns (requirement - (clock path skew + uncertainty - data path))
  Source:               main_loop.music_index_3 (FF)
  Destination:          main_loop.music_index_3 (FF)
  Requirement:          0.000ns
  Data Path Delay:      0.990ns (Levels of Logic = 1)
  Clock Path Skew:      0.000ns
  Source Clock:         clk_BUFGP rising at 40.000ns
  Destination Clock:    clk_BUFGP rising at 40.000ns
  Clock Uncertainty:    0.000ns

  Minimum Data Path: main_loop.music_index_3 to main_loop.music_index_3
    Location             Delay type         Delay(ns)  Physical Resource
                                                       Logical Resource(s)
    -------------------------------------------------  -------------------
    SLICE_X45Y40.XQ      Tcko                  0.576   main_loop.music_index<3>
                                                       main_loop.music_index_3
    SLICE_X45Y40.F4      net (fanout=9)        0.353   main_loop.music_index<3>
    SLICE_X45Y40.CLK     Tckf        (-Th)    -0.061   main_loop.music_index<3>
                                                       Mcount_main_loop.music_index31
                                                       main_loop.music_index_3
    -------------------------------------------------  ---------------------------
    Total                                      0.990ns (0.637ns logic, 0.353ns route)
                                                       (64.3% logic, 35.7% route)

--------------------------------------------------------------------------------

Component Switching Limit Checks: ts_clk = PERIOD TIMEGRP "tnm_clk" 25 MHz HIGH 50%;
--------------------------------------------------------------------------------
Slack: 37.268ns (period - (min low pulse limit / (low pulse / period)))
  Period: 40.000ns
  Low pulse: 20.000ns
  Low pulse limit: 1.366ns (Tbpwl)
  Physical resource: x_note_player/Mram_next_sin_table_array_index[8]_X_7_o_wide_mux_61_OUT/CLKA
  Logical resource: x_note_player/Mram_next_sin_table_array_index[8]_X_7_o_wide_mux_61_OUT.A/CLKA
  Location pin: RAMB16_X1Y6.CLKA
  Clock network: clk_BUFGP
--------------------------------------------------------------------------------
Slack: 37.268ns (period - (min high pulse limit / (high pulse / period)))
  Period: 40.000ns
  High pulse: 20.000ns
  High pulse limit: 1.366ns (Tbpwh)
  Physical resource: x_note_player/Mram_next_sin_table_array_index[8]_X_7_o_wide_mux_61_OUT/CLKA
  Logical resource: x_note_player/Mram_next_sin_table_array_index[8]_X_7_o_wide_mux_61_OUT.A/CLKA
  Location pin: RAMB16_X1Y6.CLKA
  Clock network: clk_BUFGP
--------------------------------------------------------------------------------
Slack: 37.268ns (period - min period limit)
  Period: 40.000ns
  Min period limit: 2.732ns (366.032MHz) (Tbp)
  Physical resource: x_note_player/Mram_next_sin_table_array_index[8]_X_7_o_wide_mux_61_OUT/CLKA
  Logical resource: x_note_player/Mram_next_sin_table_array_index[8]_X_7_o_wide_mux_61_OUT.A/CLKA
  Location pin: RAMB16_X1Y6.CLKA
  Clock network: clk_BUFGP
--------------------------------------------------------------------------------


All constraints were met.


Data Sheet report:
-----------------
All values displayed in nanoseconds (ns)

Clock to Setup on destination clock clk
---------------+---------+---------+---------+---------+
               | Src:Rise| Src:Fall| Src:Rise| Src:Fall|
Source Clock   |Dest:Rise|Dest:Rise|Dest:Fall|Dest:Fall|
---------------+---------+---------+---------+---------+
clk            |   22.901|         |         |         |
---------------+---------+---------+---------+---------+


Timing summary:
---------------

Timing errors: 0  Score: 0  (Setup/Max: 0, Hold: 0)

Constraints cover 237479 paths, 0 nets, and 1692 connections

Design statistics:
   Minimum period:  22.901ns{1}   (Maximum frequency:  43.666MHz)


------------------------------------Footnotes-----------------------------------
1)  The minimum period statistic assumes all single cycle delays.

Analysis completed Thu Oct 26 19:49:34 2017 
--------------------------------------------------------------------------------

Trace Settings:
-------------------------
Trace Settings 

Peak Memory Usage: 164 MB



