Release 14.7 - xst P.20131013 (nt)
Copyright (c) 1995-2013 Xilinx, Inc.  All rights reserved.
--> Parameter TMPDIR set to xst/projnav.tmp


Total REAL time to Xst completion: 1.00 secs
Total CPU time to Xst completion: 0.14 secs
 
--> Parameter xsthdpdir set to xst


Total REAL time to Xst completion: 1.00 secs
Total CPU time to Xst completion: 0.14 secs
 
--> Reading design: ultrasonic_sensor.prj

TABLE OF CONTENTS
  1) Synthesis Options Summary
  2) HDL Compilation
  3) Design Hierarchy Analysis
  4) HDL Analysis
  5) HDL Synthesis
     5.1) HDL Synthesis Report
  6) Advanced HDL Synthesis
     6.1) Advanced HDL Synthesis Report
  7) Low Level Synthesis
  8) Partition Report
  9) Final Report
	9.1) Device utilization summary
	9.2) Partition Resource Summary
	9.3) TIMING REPORT


=========================================================================
*                      Synthesis Options Summary                        *
=========================================================================
---- Source Parameters
Input File Name                    : "ultrasonic_sensor.prj"
Input Format                       : mixed
Ignore Synthesis Constraint File   : NO

---- Target Parameters
Output File Name                   : "ultrasonic_sensor"
Output Format                      : NGC
Target Device                      : xc3s400-4-ft256

---- Source Options
Top Module Name                    : ultrasonic_sensor
Automatic FSM Extraction           : YES
FSM Encoding Algorithm             : Auto
Safe Implementation                : No
FSM Style                          : LUT
RAM Extraction                     : Yes
RAM Style                          : Auto
ROM Extraction                     : Yes
Mux Style                          : Auto
Decoder Extraction                 : YES
Priority Encoder Extraction        : Yes
Shift Register Extraction          : YES
Logical Shifter Extraction         : YES
XOR Collapsing                     : YES
ROM Style                          : Auto
Mux Extraction                     : Yes
Resource Sharing                   : YES
Asynchronous To Synchronous        : NO
Multiplier Style                   : Auto
Automatic Register Balancing       : No

---- Target Options
Add IO Buffers                     : YES
Global Maximum Fanout              : 100000
Add Generic Clock Buffer(BUFG)     : 8
Register Duplication               : YES
Slice Packing                      : YES
Optimize Instantiated Primitives   : NO
Use Clock Enable                   : Yes
Use Synchronous Set                : Yes
Use Synchronous Reset              : Yes
Pack IO Registers into IOBs        : Auto
Equivalent register Removal        : YES

---- General Options
Optimization Goal                  : Speed
Optimization Effort                : 1
Keep Hierarchy                     : No
Netlist Hierarchy                  : As_Optimized
RTL Output                         : Yes
Global Optimization                : AllClockNets
Read Cores                         : YES
Write Timing Constraints           : NO
Cross Clock Analysis               : NO
Hierarchy Separator                : /
Bus Delimiter                      : <>
Case Specifier                     : Maintain
Slice Utilization Ratio            : 100
BRAM Utilization Ratio             : 100
Verilog 2001                       : YES
Auto BRAM Packing                  : NO
Slice Utilization Ratio Delta      : 5

=========================================================================


=========================================================================
*                          HDL Compilation                              *
=========================================================================
Compiling vhdl file "//vmware-host/shared folders/Desktop/fpga_connection/ultrasonic_sensor/bin_to_dec.vhd" in Library work.
Architecture behavioral of Entity bin_to_dec is up to date.
Compiling vhdl file "//vmware-host/shared folders/Desktop/fpga_connection/ultrasonic_sensor/seven_seg_display.vhd" in Library work.
Architecture behavioral of Entity seven_seg_display is up to date.
Compiling vhdl file "//vmware-host/shared folders/Desktop/fpga_connection/ultrasonic_sensor/ultrasonic_sensor.vhd" in Library work.
WARNING:HDLParsers:3530 - Time stamp of file "//vmware-host/shared folders/Desktop/fpga_connection/ultrasonic_sensor/ultrasonic_sensor.vhd" is newer than current system time.
Entity <ultrasonic_sensor> compiled.
Entity <ultrasonic_sensor> (Architecture <behavioral>) compiled.

=========================================================================
*                     Design Hierarchy Analysis                         *
=========================================================================
Analyzing hierarchy for entity <ultrasonic_sensor> in library <work> (architecture <behavioral>).

Analyzing hierarchy for entity <seven_seg_display> in library <work> (architecture <behavioral>).

Analyzing hierarchy for entity <bin_to_dec> in library <work> (architecture <behavioral>).


=========================================================================
*                            HDL Analysis                               *
=========================================================================
Analyzing Entity <ultrasonic_sensor> in library <work> (Architecture <behavioral>).
Entity <ultrasonic_sensor> analyzed. Unit <ultrasonic_sensor> generated.

Analyzing Entity <seven_seg_display> in library <work> (Architecture <behavioral>).
Entity <seven_seg_display> analyzed. Unit <seven_seg_display> generated.

Analyzing Entity <bin_to_dec> in library <work> (Architecture <behavioral>).
Entity <bin_to_dec> analyzed. Unit <bin_to_dec> generated.


=========================================================================
*                           HDL Synthesis                               *
=========================================================================

Performing bidirectional port resolution...

Synthesizing Unit <bin_to_dec>.
    Related source file is "//vmware-host/shared folders/Desktop/fpga_connection/ultrasonic_sensor/bin_to_dec.vhd".
    Found 16x7-bit ROM for signal <inv_outseg>.
    Summary:
	inferred   1 ROM(s).
Unit <bin_to_dec> synthesized.


Synthesizing Unit <seven_seg_display>.
    Related source file is "//vmware-host/shared folders/Desktop/fpga_connection/ultrasonic_sensor/seven_seg_display.vhd".
    Found 4-bit 4-to-1 multiplexer for signal <binary>.
    Found 32-bit up counter for signal <counter>.
    Found 2-bit up counter for signal <digit>.
    Summary:
	inferred   2 Counter(s).
	inferred   4 Multiplexer(s).
Unit <seven_seg_display> synthesized.


Synthesizing Unit <ultrasonic_sensor>.
    Related source file is "//vmware-host/shared folders/Desktop/fpga_connection/ultrasonic_sensor/ultrasonic_sensor.vhd".
    Found 1-bit register for signal <trigger>.
    Found 1-bit register for signal <led>.
    Found 16-bit up counter for signal <centimeters>.
    Found 32-bit up counter for signal <count>.
    Found 1-bit register for signal <echo_last>.
    Found 1-bit register for signal <echo_synced>.
    Found 1-bit register for signal <echo_unsynced>.
    Found 16-bit register for signal <number>.
    Found 1-bit register for signal <waiting>.
    Summary:
	inferred   2 Counter(s).
	inferred  22 D-type flip-flop(s).
Unit <ultrasonic_sensor> synthesized.


=========================================================================
HDL Synthesis Report

Macro Statistics
# ROMs                                                 : 1
 16x7-bit ROM                                          : 1
# Counters                                             : 3
 2-bit up counter                                      : 1
 32-bit up counter                                     : 2
# Registers                                            : 7
 1-bit register                                        : 6
 16-bit register                                       : 1
# Multiplexers                                         : 1
 4-bit 4-to-1 multiplexer                              : 1

=========================================================================

=========================================================================
*                       Advanced HDL Synthesis                          *
=========================================================================


=========================================================================
Advanced HDL Synthesis Report

Macro Statistics
# ROMs                                                 : 1
 16x7-bit ROM                                          : 1
# Counters                                             : 3
 2-bit up counter                                      : 1
 32-bit up counter                                     : 2
# Registers                                            : 22
 Flip-Flops                                            : 22
# Multiplexers                                         : 1
 4-bit 4-to-1 multiplexer                              : 1

=========================================================================

=========================================================================
*                         Low Level Synthesis                           *
=========================================================================
INFO:Xst:2261 - The FF/Latch <echo_unsynced> in Unit <ultrasonic_sensor> is equivalent to the following FF/Latch, which will be removed : <led> 

Optimizing unit <ultrasonic_sensor> ...

Optimizing unit <seven_seg_display> ...

Mapping all equations...
Building and optimizing final netlist ...
Found area constraint ratio of 100 (+ 5) on block ultrasonic_sensor, actual ratio is 1.
FlipFlop echo_unsynced has been replicated 1 time(s) to handle iob=true attribute.

Final Macro Processing ...

Processing Unit <ultrasonic_sensor> :
	Found 2-bit shift register for signal <echo_synced>.
Unit <ultrasonic_sensor> processed.

=========================================================================
Final Register Report

Macro Statistics
# Registers                                            : 86
 Flip-Flops                                            : 86
# Shift Registers                                      : 1
 2-bit shift register                                  : 1

=========================================================================

=========================================================================
*                           Partition Report                            *
=========================================================================

Partition Implementation Status
-------------------------------

  No Partitions were found in this design.

-------------------------------

=========================================================================
*                            Final Report                               *
=========================================================================
Final Results
RTL Top Level Output File Name     : ultrasonic_sensor.ngr
Top Level Output File Name         : ultrasonic_sensor
Output Format                      : NGC
Optimization Goal                  : Speed
Keep Hierarchy                     : No

Design Statistics
# IOs                              : 15

Cell Usage :
# BELS                             : 260
#      GND                         : 1
#      INV                         : 4
#      LUT1                        : 62
#      LUT2                        : 5
#      LUT2_D                      : 1
#      LUT3                        : 10
#      LUT3_L                      : 1
#      LUT4                        : 28
#      MUXCY                       : 77
#      MUXF5                       : 6
#      VCC                         : 1
#      XORCY                       : 64
# FlipFlops/Latches                : 87
#      FD                          : 3
#      FDE                         : 20
#      FDR                         : 64
# Shift Registers                  : 1
#      SRL16                       : 1
# Clock Buffers                    : 1
#      BUFGP                       : 1
# IO Buffers                       : 14
#      IBUF                        : 1
#      OBUF                        : 13
=========================================================================

Device utilization summary:
---------------------------

Selected Device : 3s400ft256-4 

 Number of Slices:                       63  out of   3584     1%  
 Number of Slice Flip Flops:             86  out of   7168     1%  
 Number of 4 input LUTs:                112  out of   7168     1%  
    Number used as logic:               111
    Number used as Shift registers:       1
 Number of IOs:                          15
 Number of bonded IOBs:                  15  out of    173     8%  
    IOB Flip Flops:                       1
 Number of GCLKs:                         1  out of      8    12%  

---------------------------
Partition Resource Summary:
---------------------------

  No Partitions were found in this design.

---------------------------


=========================================================================
TIMING REPORT

NOTE: THESE TIMING NUMBERS ARE ONLY A SYNTHESIS ESTIMATE.
      FOR ACCURATE TIMING INFORMATION PLEASE REFER TO THE TRACE REPORT
      GENERATED AFTER PLACE-and-ROUTE.

Clock Information:
------------------
-----------------------------------+------------------------+-------+
Clock Signal                       | Clock buffer(FF name)  | Load  |
-----------------------------------+------------------------+-------+
clk                                | BUFGP                  | 88    |
-----------------------------------+------------------------+-------+

Asynchronous Control Signals Information:
----------------------------------------
No asynchronous control signals found in this design

Timing Summary:
---------------
Speed Grade: -4

   Minimum period: 8.373ns (Maximum Frequency: 119.430MHz)
   Minimum input arrival time before clock: 2.137ns
   Maximum output required time after clock: 11.558ns
   Maximum combinational path delay: No path found

Timing Detail:
--------------
All values displayed in nanoseconds (ns)

=========================================================================
Timing constraint: Default period analysis for Clock 'clk'
  Clock period: 8.373ns (frequency: 119.430MHz)
  Total number of paths / destination ports: 4432 / 170
-------------------------------------------------------------------------
Delay:               8.373ns (Levels of Logic = 10)
  Source:            count_7 (FF)
  Destination:       count_0 (FF)
  Source Clock:      clk rising
  Destination Clock: clk rising

  Data Path: count_7 to count_0
                                Gate     Net
    Cell:in->out      fanout   Delay   Delay  Logical Name (Net Name)
    ----------------------------------------  ------------
     FDR:C->Q              3   0.720   1.246  count_7 (count_7)
     LUT4:I0->O            1   0.551   0.000  count_or00001_wg_lut<0> (count_or00001_wg_lut<0>)
     MUXCY:S->O            1   0.500   0.000  count_or00001_wg_cy<0> (count_or00001_wg_cy<0>)
     MUXCY:CI->O           1   0.064   0.000  count_or00001_wg_cy<1> (count_or00001_wg_cy<1>)
     MUXCY:CI->O           1   0.064   0.000  count_or00001_wg_cy<2> (count_or00001_wg_cy<2>)
     MUXCY:CI->O           1   0.064   0.000  count_or00001_wg_cy<3> (count_or00001_wg_cy<3>)
     MUXCY:CI->O           1   0.064   0.000  count_or00001_wg_cy<4> (count_or00001_wg_cy<4>)
     MUXCY:CI->O           1   0.064   0.000  count_or00001_wg_cy<5> (count_or00001_wg_cy<5>)
     MUXCY:CI->O           4   0.303   0.943  count_or00001_wg_cy<6> (count_or00001_wg_cy<6>)
     LUT4:I3->O            1   0.551   0.000  count_or000054_F (N5)
     MUXF5:I0->O          32   0.360   1.853  count_or000054 (count_or0000)
     FDR:R                     1.026          count_0
    ----------------------------------------
    Total                      8.373ns (4.331ns logic, 4.042ns route)
                                       (51.7% logic, 48.3% route)

=========================================================================
Timing constraint: Default OFFSET IN BEFORE for Clock 'clk'
  Total number of paths / destination ports: 2 / 2
-------------------------------------------------------------------------
Offset:              2.137ns (Levels of Logic = 1)
  Source:            echo (PAD)
  Destination:       Mshreg_echo_synced (FF)
  Destination Clock: clk rising

  Data Path: echo to Mshreg_echo_synced
                                Gate     Net
    Cell:in->out      fanout   Delay   Delay  Logical Name (Net Name)
    ----------------------------------------  ------------
     IBUF:I->O             2   0.821   0.877  echo_IBUF (echo_IBUF)
     SRL16:D                   0.439          Mshreg_echo_synced
    ----------------------------------------
    Total                      2.137ns (1.260ns logic, 0.877ns route)
                                       (59.0% logic, 41.0% route)

=========================================================================
Timing constraint: Default OFFSET OUT AFTER for Clock 'clk'
  Total number of paths / destination ports: 206 / 13
-------------------------------------------------------------------------
Offset:              11.558ns (Levels of Logic = 4)
  Source:            displayvalue/digit_0 (FF)
  Destination:       hex<6> (PAD)
  Source Clock:      clk rising

  Data Path: displayvalue/digit_0 to hex<6>
                                Gate     Net
    Cell:in->out      fanout   Delay   Delay  Logical Name (Net Name)
    ----------------------------------------  ------------
     FDE:C->Q             14   0.720   1.526  displayvalue/digit_0 (displayvalue/digit_0)
     LUT3:I0->O            1   0.551   0.000  displayvalue/Mmux_binary_3 (displayvalue/Mmux_binary_3)
     MUXF5:I1->O           7   0.360   1.405  displayvalue/Mmux_binary_2_f5 (displayvalue/binary<0>)
     LUT4:I0->O            1   0.551   0.801  displayvalue/binary_to_decimal/out_seg<1>1 (hex_1_OBUF)
     OBUF:I->O                 5.644          hex_1_OBUF (hex<1>)
    ----------------------------------------
    Total                     11.558ns (7.826ns logic, 3.732ns route)
                                       (67.7% logic, 32.3% route)

=========================================================================


Total REAL time to Xst completion: 4.00 secs
Total CPU time to Xst completion: 3.79 secs
 
--> 

Total memory usage is 203480 kilobytes

Number of errors   :    0 (   0 filtered)
Number of warnings :    1 (   0 filtered)
Number of infos    :    1 (   0 filtered)

