--------------------------------------------------------------------------------
Release 14.7 Trace  (nt)
Copyright (c) 1995-2013 Xilinx, Inc.  All rights reserved.

C:\Xilinx\14.7\ISE_DS\ISE\bin\nt\unwrapped\trce.exe -intstyle ise -v 3 -s 4 -n
3 -fastpaths -xml ultrasonic_sensor.twx ultrasonic_sensor.ncd -o
ultrasonic_sensor.twr ultrasonic_sensor.pcf -ucf us_constraints.ucf

Design file:              ultrasonic_sensor.ncd
Physical constraint file: ultrasonic_sensor.pcf
Device,package,speed:     xc3s400,ft256,-4 (PRODUCTION 1.39 2013-10-13)
Report level:             verbose report

Environment Variable      Effect 
--------------------      ------ 
NONE                      No environment variables were set
--------------------------------------------------------------------------------

INFO:Timing:2698 - No timing constraints found, doing default enumeration.
INFO:Timing:3412 - To improve timing, see the Timing Closure User Guide (UG612).
INFO:Timing:2752 - To get complete path coverage, use the unconstrained paths 
   option. All paths that are not constrained will be reported in the 
   unconstrained paths section(s) of the report.
INFO:Timing:3339 - The clock-to-out numbers in this timing report are based on 
   a 50 Ohm transmission line loading model.  For the details of this model, 
   and for more information on accounting for different loading conditions, 
   please see the device datasheet.
INFO:Timing:3390 - This architecture does not support a default System Jitter 
   value, please add SYSTEM_JITTER constraint to the UCF to modify the Clock 
   Uncertainty calculation.
INFO:Timing:3389 - This architecture does not support 'Discrete Jitter' and 
   'Phase Error' calculations, these terms will be zero in the Clock 
   Uncertainty calculation.  Please make appropriate modification to 
   SYSTEM_JITTER to account for the unsupported Discrete Jitter and Phase 
   Error.



Data Sheet report:
-----------------
All values displayed in nanoseconds (ns)

Setup/Hold to clock clk
------------+------------+------------+------------------+--------+
            |Max Setup to|Max Hold to |                  | Clock  |
Source      | clk (edge) | clk (edge) |Internal Clock(s) | Phase  |
------------+------------+------------+------------------+--------+
echo        |    2.852(R)|   -0.323(R)|clk_BUFGP         |   0.000|
------------+------------+------------+------------------+--------+

Clock clk to Pad
------------+------------+------------------+--------+
            | clk (edge) |                  | Clock  |
Destination |   to PAD   |Internal Clock(s) | Phase  |
------------+------------+------------------+--------+
an<0>       |   10.889(R)|clk_BUFGP         |   0.000|
an<1>       |   10.399(R)|clk_BUFGP         |   0.000|
an<2>       |   10.574(R)|clk_BUFGP         |   0.000|
an<3>       |   10.896(R)|clk_BUFGP         |   0.000|
hex<0>      |   14.089(R)|clk_BUFGP         |   0.000|
hex<1>      |   13.815(R)|clk_BUFGP         |   0.000|
hex<2>      |   13.638(R)|clk_BUFGP         |   0.000|
hex<3>      |   13.953(R)|clk_BUFGP         |   0.000|
hex<4>      |   14.189(R)|clk_BUFGP         |   0.000|
hex<5>      |   13.788(R)|clk_BUFGP         |   0.000|
hex<6>      |   13.623(R)|clk_BUFGP         |   0.000|
led         |    9.128(R)|clk_BUFGP         |   0.000|
trigger     |   10.835(R)|clk_BUFGP         |   0.000|
------------+------------+------------------+--------+

Clock to Setup on destination clock clk
---------------+---------+---------+---------+---------+
               | Src:Rise| Src:Fall| Src:Rise| Src:Fall|
Source Clock   |Dest:Rise|Dest:Rise|Dest:Fall|Dest:Fall|
---------------+---------+---------+---------+---------+
clk            |    7.549|         |         |         |
---------------+---------+---------+---------+---------+


Analysis completed Fri Oct 06 22:50:53 2017 
--------------------------------------------------------------------------------

Trace Settings:
-------------------------
Trace Settings 

Peak Memory Usage: 106 MB



