Release 14.7 - xst P.20131013 (nt64)
Copyright (c) 1995-2013 Xilinx, Inc.  All rights reserved.
--> Parameter TMPDIR set to xst/projnav.tmp


Total REAL time to Xst completion: 0.00 secs
Total CPU time to Xst completion: 0.13 secs
 
--> Parameter xsthdpdir set to xst


Total REAL time to Xst completion: 0.00 secs
Total CPU time to Xst completion: 0.13 secs
 
--> Reading design: Nexysdemo.prj

TABLE OF CONTENTS
  1) Synthesis Options Summary
  2) HDL Compilation
  3) Design Hierarchy Analysis
  4) HDL Analysis
  5) HDL Synthesis
     5.1) HDL Synthesis Report
  6) Advanced HDL Synthesis
     6.1) Advanced HDL Synthesis Report
  7) Low Level Synthesis
  8) Partition Report
  9) Final Report
	9.1) Device utilization summary
	9.2) Partition Resource Summary
	9.3) TIMING REPORT


=========================================================================
*                      Synthesis Options Summary                        *
=========================================================================
---- Source Parameters
Input File Name                    : "Nexysdemo.prj"
Input Format                       : mixed
Ignore Synthesis Constraint File   : NO

---- Target Parameters
Output File Name                   : "Nexysdemo"
Output Format                      : NGC
Target Device                      : xc3s400-4-ft256

---- Source Options
Top Module Name                    : Nexysdemo
Automatic FSM Extraction           : YES
FSM Encoding Algorithm             : Auto
Safe Implementation                : No
FSM Style                          : LUT
RAM Extraction                     : Yes
RAM Style                          : Auto
ROM Extraction                     : Yes
Mux Style                          : Auto
Decoder Extraction                 : YES
Priority Encoder Extraction        : Yes
Shift Register Extraction          : YES
Logical Shifter Extraction         : YES
XOR Collapsing                     : YES
ROM Style                          : Auto
Mux Extraction                     : Yes
Resource Sharing                   : YES
Asynchronous To Synchronous        : NO
Multiplier Style                   : Auto
Automatic Register Balancing       : No

---- Target Options
Add IO Buffers                     : YES
Global Maximum Fanout              : 100000
Add Generic Clock Buffer(BUFG)     : 8
Register Duplication               : YES
Slice Packing                      : YES
Optimize Instantiated Primitives   : NO
Use Clock Enable                   : Yes
Use Synchronous Set                : Yes
Use Synchronous Reset              : Yes
Pack IO Registers into IOBs        : Auto
Equivalent register Removal        : YES

---- General Options
Optimization Goal                  : Speed
Optimization Effort                : 1
Keep Hierarchy                     : No
Netlist Hierarchy                  : As_Optimized
RTL Output                         : Yes
Global Optimization                : AllClockNets
Read Cores                         : YES
Write Timing Constraints           : NO
Cross Clock Analysis               : NO
Hierarchy Separator                : /
Bus Delimiter                      : <>
Case Specifier                     : Maintain
Slice Utilization Ratio            : 100
BRAM Utilization Ratio             : 100
Verilog 2001                       : YES
Auto BRAM Packing                  : NO
Slice Utilization Ratio Delta      : 5

=========================================================================


=========================================================================
*                          HDL Compilation                              *
=========================================================================
Compiling vhdl file "C:/Users/Ryan/OneDrive - UNSW/Documents/2017 Semester 2/COMP3601 - Desgin Project A/Project1/Nexysdemo.vhd" in Library work.
Entity <nexysdemo> compiled.
Entity <nexysdemo> (Architecture <behavioral>) compiled.

=========================================================================
*                     Design Hierarchy Analysis                         *
=========================================================================
Analyzing hierarchy for entity <Nexysdemo> in library <work> (architecture <behavioral>).


=========================================================================
*                            HDL Analysis                               *
=========================================================================
Analyzing Entity <Nexysdemo> in library <work> (Architecture <behavioral>).
Entity <Nexysdemo> analyzed. Unit <Nexysdemo> generated.


=========================================================================
*                           HDL Synthesis                               *
=========================================================================

Performing bidirectional port resolution...

Synthesizing Unit <Nexysdemo>.
    Related source file is "C:/Users/Ryan/OneDrive - UNSW/Documents/2017 Semester 2/COMP3601 - Desgin Project A/Project1/Nexysdemo.vhd".
    Found 4x7-bit ROM for signal <hex_6_0$varindex0000> created at line 69.
    Found 1-of-4 decoder for signal <an$mux0000>.
    Found 2-bit up counter for signal <hex_counter>.
    Found 17-bit up counter for signal <hex_partial>.
    Summary:
	inferred   1 ROM(s).
	inferred   2 Counter(s).
	inferred   1 Decoder(s).
Unit <Nexysdemo> synthesized.


=========================================================================
HDL Synthesis Report

Macro Statistics
# ROMs                                                 : 1
 4x7-bit ROM                                           : 1
# Counters                                             : 2
 17-bit up counter                                     : 1
 2-bit up counter                                      : 1
# Decoders                                             : 1
 1-of-4 decoder                                        : 1

=========================================================================

=========================================================================
*                       Advanced HDL Synthesis                          *
=========================================================================


=========================================================================
Advanced HDL Synthesis Report

Macro Statistics
# ROMs                                                 : 1
 4x7-bit ROM                                           : 1
# Counters                                             : 2
 17-bit up counter                                     : 1
 2-bit up counter                                      : 1
# Decoders                                             : 1
 1-of-4 decoder                                        : 1

=========================================================================

=========================================================================
*                         Low Level Synthesis                           *
=========================================================================

Optimizing unit <Nexysdemo> ...

Mapping all equations...
Building and optimizing final netlist ...
Found area constraint ratio of 100 (+ 5) on block Nexysdemo, actual ratio is 0.

Final Macro Processing ...

=========================================================================
Final Register Report

Macro Statistics
# Registers                                            : 19
 Flip-Flops                                            : 19

=========================================================================

=========================================================================
*                           Partition Report                            *
=========================================================================

Partition Implementation Status
-------------------------------

  No Partitions were found in this design.

-------------------------------

=========================================================================
*                            Final Report                               *
=========================================================================
Final Results
RTL Top Level Output File Name     : Nexysdemo.ngr
Top Level Output File Name         : Nexysdemo
Output Format                      : NGC
Optimization Goal                  : Speed
Keep Hierarchy                     : No

Design Statistics
# IOs                              : 29

Cell Usage :
# BELS                             : 72
#      GND                         : 1
#      INV                         : 3
#      LUT1                        : 17
#      LUT2                        : 7
#      LUT3                        : 1
#      LUT4                        : 4
#      MUXCY                       : 21
#      VCC                         : 1
#      XORCY                       : 17
# FlipFlops/Latches                : 19
#      FDR                         : 17
#      FDRE                        : 2
# Clock Buffers                    : 1
#      BUFGP                       : 1
# IO Buffers                       : 28
#      IBUF                        : 8
#      OBUF                        : 20
=========================================================================

Device utilization summary:
---------------------------

Selected Device : 3s400ft256-4 

 Number of Slices:                       17  out of   3584     0%  
 Number of Slice Flip Flops:             19  out of   7168     0%  
 Number of 4 input LUTs:                 32  out of   7168     0%  
 Number of IOs:                          29
 Number of bonded IOBs:                  29  out of    173    16%  
 Number of GCLKs:                         1  out of      8    12%  

---------------------------
Partition Resource Summary:
---------------------------

  No Partitions were found in this design.

---------------------------


=========================================================================
TIMING REPORT

NOTE: THESE TIMING NUMBERS ARE ONLY A SYNTHESIS ESTIMATE.
      FOR ACCURATE TIMING INFORMATION PLEASE REFER TO THE TRACE REPORT
      GENERATED AFTER PLACE-and-ROUTE.

Clock Information:
------------------
-----------------------------------+------------------------+-------+
Clock Signal                       | Clock buffer(FF name)  | Load  |
-----------------------------------+------------------------+-------+
clk_in                             | BUFGP                  | 19    |
-----------------------------------+------------------------+-------+

Asynchronous Control Signals Information:
----------------------------------------
No asynchronous control signals found in this design

Timing Summary:
---------------
Speed Grade: -4

   Minimum period: 7.527ns (Maximum Frequency: 132.855MHz)
   Minimum input arrival time before clock: No path found
   Maximum output required time after clock: 9.265ns
   Maximum combinational path delay: 7.266ns

Timing Detail:
--------------
All values displayed in nanoseconds (ns)

=========================================================================
Timing constraint: Default period analysis for Clock 'clk_in'
  Clock period: 7.527ns (frequency: 132.855MHz)
  Total number of paths / destination ports: 517 / 40
-------------------------------------------------------------------------
Delay:               7.527ns (Levels of Logic = 7)
  Source:            hex_partial_4 (FF)
  Destination:       hex_counter_0 (FF)
  Source Clock:      clk_in rising
  Destination Clock: clk_in rising

  Data Path: hex_partial_4 to hex_counter_0
                                Gate     Net
    Cell:in->out      fanout   Delay   Delay  Logical Name (Net Name)
    ----------------------------------------  ------------
     FDR:C->Q              2   0.720   1.216  hex_partial_4 (hex_partial_4)
     LUT1:I0->O            1   0.551   0.000  hex_partial_cmp_eq0000_wg_cy<0>_rt (hex_partial_cmp_eq0000_wg_cy<0>_rt)
     MUXCY:S->O            1   0.500   0.000  hex_partial_cmp_eq0000_wg_cy<0> (hex_partial_cmp_eq0000_wg_cy<0>)
     MUXCY:CI->O           1   0.064   0.000  hex_partial_cmp_eq0000_wg_cy<1> (hex_partial_cmp_eq0000_wg_cy<1>)
     MUXCY:CI->O           1   0.064   0.000  hex_partial_cmp_eq0000_wg_cy<2> (hex_partial_cmp_eq0000_wg_cy<2>)
     MUXCY:CI->O           1   0.064   0.000  hex_partial_cmp_eq0000_wg_cy<3> (hex_partial_cmp_eq0000_wg_cy<3>)
     MUXCY:CI->O          20   0.281   1.613  hex_partial_cmp_eq0000_wg_cy<4> (hex_partial_cmp_eq0000)
     LUT3:I2->O            2   0.551   0.877  hex_counter_and00001 (hex_counter_and0000)
     FDRE:R                    1.026          hex_counter_0
    ----------------------------------------
    Total                      7.527ns (3.821ns logic, 3.706ns route)
                                       (50.8% logic, 49.2% route)

=========================================================================
Timing constraint: Default OFFSET OUT AFTER for Clock 'clk_in'
  Total number of paths / destination ports: 18 / 10
-------------------------------------------------------------------------
Offset:              9.265ns (Levels of Logic = 2)
  Source:            hex_counter_0 (FF)
  Destination:       an<0> (PAD)
  Source Clock:      clk_in rising

  Data Path: hex_counter_0 to an<0>
                                Gate     Net
    Cell:in->out      fanout   Delay   Delay  Logical Name (Net Name)
    ----------------------------------------  ------------
     FDRE:C->Q            10   0.720   1.473  hex_counter_0 (hex_counter_0)
     LUT2:I0->O            2   0.551   0.877  hex<5>1 (hex_5_OBUF)
     OBUF:I->O                 5.644          an_0_OBUF (an<0>)
    ----------------------------------------
    Total                      9.265ns (6.915ns logic, 2.350ns route)
                                       (74.6% logic, 25.4% route)

=========================================================================
Timing constraint: Default path analysis
  Total number of paths / destination ports: 8 / 8
-------------------------------------------------------------------------
Delay:               7.266ns (Levels of Logic = 2)
  Source:            sw<7> (PAD)
  Destination:       led<7> (PAD)

  Data Path: sw<7> to led<7>
                                Gate     Net
    Cell:in->out      fanout   Delay   Delay  Logical Name (Net Name)
    ----------------------------------------  ------------
     IBUF:I->O             1   0.821   0.801  sw_7_IBUF (led_7_OBUF)
     OBUF:I->O                 5.644          led_7_OBUF (led<7>)
    ----------------------------------------
    Total                      7.266ns (6.465ns logic, 0.801ns route)
                                       (89.0% logic, 11.0% route)

=========================================================================


Total REAL time to Xst completion: 6.00 secs
Total CPU time to Xst completion: 5.83 secs
 
--> 

Total memory usage is 306460 kilobytes

Number of errors   :    0 (   0 filtered)
Number of warnings :    0 (   0 filtered)
Number of infos    :    0 (   0 filtered)

