Release 14.7 - xst P.20131013 (nt)
Copyright (c) 1995-2013 Xilinx, Inc.  All rights reserved.
--> Parameter TMPDIR set to xst/projnav.tmp


Total REAL time to Xst completion: 0.00 secs
Total CPU time to Xst completion: 0.14 secs
 
--> Parameter xsthdpdir set to xst


Total REAL time to Xst completion: 0.00 secs
Total CPU time to Xst completion: 0.14 secs
 
--> Reading design: dpimref.prj

TABLE OF CONTENTS
  1) Synthesis Options Summary
  2) HDL Compilation
  3) Design Hierarchy Analysis
  4) HDL Analysis
  5) HDL Synthesis
     5.1) HDL Synthesis Report
  6) Advanced HDL Synthesis
     6.1) Advanced HDL Synthesis Report
  7) Low Level Synthesis
  8) Partition Report
  9) Final Report
	9.1) Device utilization summary
	9.2) Partition Resource Summary
	9.3) TIMING REPORT


=========================================================================
*                      Synthesis Options Summary                        *
=========================================================================
---- Source Parameters
Input File Name                    : "dpimref.prj"
Input Format                       : mixed
Ignore Synthesis Constraint File   : NO

---- Target Parameters
Output File Name                   : "dpimref"
Output Format                      : NGC
Target Device                      : xc3s400-4-ft256

---- Source Options
Top Module Name                    : dpimref
Automatic FSM Extraction           : YES
FSM Encoding Algorithm             : Auto
Safe Implementation                : No
FSM Style                          : LUT
RAM Extraction                     : Yes
RAM Style                          : Auto
ROM Extraction                     : Yes
Mux Style                          : Auto
Decoder Extraction                 : YES
Priority Encoder Extraction        : Yes
Shift Register Extraction          : YES
Logical Shifter Extraction         : YES
XOR Collapsing                     : YES
ROM Style                          : Auto
Mux Extraction                     : Yes
Resource Sharing                   : YES
Asynchronous To Synchronous        : NO
Multiplier Style                   : Auto
Automatic Register Balancing       : No

---- Target Options
Add IO Buffers                     : YES
Global Maximum Fanout              : 100000
Add Generic Clock Buffer(BUFG)     : 8
Register Duplication               : YES
Slice Packing                      : YES
Optimize Instantiated Primitives   : NO
Use Clock Enable                   : Yes
Use Synchronous Set                : Yes
Use Synchronous Reset              : Yes
Pack IO Registers into IOBs        : Auto
Equivalent register Removal        : YES

---- General Options
Optimization Goal                  : Speed
Optimization Effort                : 1
Keep Hierarchy                     : No
Netlist Hierarchy                  : As_Optimized
RTL Output                         : Yes
Global Optimization                : AllClockNets
Read Cores                         : YES
Write Timing Constraints           : NO
Cross Clock Analysis               : NO
Hierarchy Separator                : /
Bus Delimiter                      : <>
Case Specifier                     : Maintain
Slice Utilization Ratio            : 100
BRAM Utilization Ratio             : 100
Verilog 2001                       : YES
Auto BRAM Packing                  : NO
Slice Utilization Ratio Delta      : 5

=========================================================================


=========================================================================
*                          HDL Compilation                              *
=========================================================================
Compiling vhdl file "//vmware-host/shared folders/Desktop/Adept/samples/depp/DeppDemo/logic/dpimref.vhd" in Library work.
Entity <dpimref> compiled.
Entity <dpimref> (Architecture <Behavioral>) compiled.

=========================================================================
*                     Design Hierarchy Analysis                         *
=========================================================================
Analyzing hierarchy for entity <dpimref> in library <work> (architecture <Behavioral>).


=========================================================================
*                            HDL Analysis                               *
=========================================================================
Analyzing Entity <dpimref> in library <work> (Architecture <Behavioral>).
Entity <dpimref> analyzed. Unit <dpimref> generated.


=========================================================================
*                           HDL Synthesis                               *
=========================================================================

Performing bidirectional port resolution...

Synthesizing Unit <dpimref>.
    Related source file is "//vmware-host/shared folders/Desktop/Adept/samples/depp/DeppDemo/logic/dpimref.vhd".
    Found finite state machine <FSM_0> for signal <stEppCur>.
    -----------------------------------------------------------------------
    | States             | 9                                              |
    | Transitions        | 17                                             |
    | Inputs             | 3                                              |
    | Outputs            | 8                                              |
    | Clock              | clkMain                   (rising_edge)        |
    | Power Up State     | 00000000                                       |
    | Encoding           | automatic                                      |
    | Implementation     | LUT                                            |
    -----------------------------------------------------------------------
    Found 8-bit tristate buffer for signal <DB>.
    Found 8-bit register for signal <regData0>.
    Found 8-bit register for signal <regData1>.
    Found 8-bit register for signal <regData2>.
    Found 8-bit register for signal <regData3>.
    Found 8-bit register for signal <regData4>.
    Found 8-bit register for signal <regData5>.
    Found 8-bit register for signal <regData6>.
    Found 8-bit register for signal <regData7>.
    Found 4-bit register for signal <regEppAdr>.
    Found 8-bit register for signal <regLed>.
    Summary:
	inferred   1 Finite State Machine(s).
	inferred  76 D-type flip-flop(s).
	inferred   8 Tristate(s).
Unit <dpimref> synthesized.


=========================================================================
HDL Synthesis Report

Macro Statistics
# Registers                                            : 10
 4-bit register                                        : 1
 8-bit register                                        : 9
# Tristates                                            : 1
 8-bit tristate buffer                                 : 1

=========================================================================

=========================================================================
*                       Advanced HDL Synthesis                          *
=========================================================================

Analyzing FSM <FSM_0> for best encoding.
Optimizing FSM <stEppCur/FSM> on signal <stEppCur[1:4]> with gray encoding.
----------------------
 State    | Encoding
----------------------
 00000000 | 0000
 00010100 | 0001
 00110010 | 0011
 01011000 | 0010
 01110010 | 0110
 00100001 | 0111
 01000011 | 0101
 01100001 | 0100
 10000011 | 1100
----------------------

=========================================================================
Advanced HDL Synthesis Report

Macro Statistics
# FSMs                                                 : 1
# Registers                                            : 76
 Flip-Flops                                            : 76

=========================================================================

=========================================================================
*                         Low Level Synthesis                           *
=========================================================================

Optimizing unit <dpimref> ...

Mapping all equations...
Building and optimizing final netlist ...
Found area constraint ratio of 100 (+ 5) on block dpimref, actual ratio is 1.
FlipFlop regEppAdr_0 has been replicated 1 time(s)
FlipFlop regEppAdr_1 has been replicated 1 time(s)

Final Macro Processing ...

=========================================================================
Final Register Report

Macro Statistics
# Registers                                            : 82
 Flip-Flops                                            : 82

=========================================================================

=========================================================================
*                           Partition Report                            *
=========================================================================

Partition Implementation Status
-------------------------------

  No Partitions were found in this design.

-------------------------------

=========================================================================
*                            Final Report                               *
=========================================================================
Final Results
RTL Top Level Output File Name     : dpimref.ngr
Top Level Output File Name         : dpimref
Output Format                      : NGC
Optimization Goal                  : Speed
Keep Hierarchy                     : No

Design Statistics
# IOs                              : 33

Cell Usage :
# BELS                             : 101
#      LUT2                        : 2
#      LUT2_L                      : 1
#      LUT3                        : 9
#      LUT4                        : 66
#      LUT4_D                      : 4
#      LUT4_L                      : 7
#      MUXF5                       : 12
# FlipFlops/Latches                : 82
#      FD                          : 3
#      FDE                         : 78
#      FDS                         : 1
# Clock Buffers                    : 1
#      BUFGP                       : 1
# IO Buffers                       : 32
#      IBUF                        : 15
#      IOBUF                       : 8
#      OBUF                        : 9
=========================================================================

Device utilization summary:
---------------------------

Selected Device : 3s400ft256-4 

 Number of Slices:                       70  out of   3584     1%  
 Number of Slice Flip Flops:             82  out of   7168     1%  
 Number of 4 input LUTs:                 89  out of   7168     1%  
 Number of IOs:                          33
 Number of bonded IOBs:                  33  out of    173    19%  
 Number of GCLKs:                         1  out of      8    12%  

---------------------------
Partition Resource Summary:
---------------------------

  No Partitions were found in this design.

---------------------------


=========================================================================
TIMING REPORT

NOTE: THESE TIMING NUMBERS ARE ONLY A SYNTHESIS ESTIMATE.
      FOR ACCURATE TIMING INFORMATION PLEASE REFER TO THE TRACE REPORT
      GENERATED AFTER PLACE-and-ROUTE.

Clock Information:
------------------
-----------------------------------+------------------------+-------+
Clock Signal                       | Clock buffer(FF name)  | Load  |
-----------------------------------+------------------------+-------+
clk                                | BUFGP                  | 82    |
-----------------------------------+------------------------+-------+

Asynchronous Control Signals Information:
----------------------------------------
No asynchronous control signals found in this design

Timing Summary:
---------------
Speed Grade: -4

   Minimum period: 5.096ns (Maximum Frequency: 196.232MHz)
   Minimum input arrival time before clock: 4.708ns
   Maximum output required time after clock: 16.053ns
   Maximum combinational path delay: 13.175ns

Timing Detail:
--------------
All values displayed in nanoseconds (ns)

=========================================================================
Timing constraint: Default period analysis for Clock 'clk'
  Clock period: 5.096ns (frequency: 196.232MHz)
  Total number of paths / destination ports: 539 / 83
-------------------------------------------------------------------------
Delay:               5.096ns (Levels of Logic = 2)
  Source:            regEppAdr_1_1 (FF)
  Destination:       regLed_0 (FF)
  Source Clock:      clk rising
  Destination Clock: clk rising

  Data Path: regEppAdr_1_1 to regLed_0
                                Gate     Net
    Cell:in->out      fanout   Delay   Delay  Logical Name (Net Name)
    ----------------------------------------  ------------
     FDE:C->Q              9   0.720   1.463  regEppAdr_1_1 (regEppAdr_1_1)
     LUT4_D:I0->LO         1   0.551   0.126  busEppData_cmp_eq00071 (N84)
     LUT4:I3->O            8   0.551   1.083  regData7_and00001 (regData7_and0000)
     FDE:CE                    0.602          regData7_0
    ----------------------------------------
    Total                      5.096ns (2.424ns logic, 2.672ns route)
                                       (47.6% logic, 52.4% route)

=========================================================================
Timing constraint: Default OFFSET IN BEFORE for Clock 'clk'
  Total number of paths / destination ports: 88 / 83
-------------------------------------------------------------------------
Offset:              4.708ns (Levels of Logic = 2)
  Source:            EppASTB (PAD)
  Destination:       stEppCur_FSM_FFd2 (FF)
  Destination Clock: clk rising

  Data Path: EppASTB to stEppCur_FSM_FFd2
                                Gate     Net
    Cell:in->out      fanout   Delay   Delay  Logical Name (Net Name)
    ----------------------------------------  ------------
     IBUF:I->O            13   0.821   1.509  EppASTB_IBUF (EppASTB_IBUF)
     LUT4:I0->O            1   0.551   0.801  stEppCur_FSM_FFd2-In15 (stEppCur_FSM_FFd2-In15)
     FDS:S                     1.026          stEppCur_FSM_FFd2
    ----------------------------------------
    Total                      4.708ns (2.398ns logic, 2.310ns route)
                                       (50.9% logic, 49.1% route)

=========================================================================
Timing constraint: Default OFFSET OUT AFTER for Clock 'clk'
  Total number of paths / destination ports: 388 / 17
-------------------------------------------------------------------------
Offset:              16.053ns (Levels of Logic = 6)
  Source:            regEppAdr_3 (FF)
  Destination:       DB<0> (PAD)
  Source Clock:      clk rising

  Data Path: regEppAdr_3 to DB<0>
                                Gate     Net
    Cell:in->out      fanout   Delay   Delay  Logical Name (Net Name)
    ----------------------------------------  ------------
     FDE:C->Q             15   0.720   1.527  regEppAdr_3 (regEppAdr_3)
     LUT3:I0->O           12   0.551   1.457  busEppData_cmp_eq000211 (N17)
     LUT4:I0->O            1   0.551   1.140  busEppOut<0>26 (busEppOut<0>26)
     LUT3:I0->O            1   0.551   1.140  busEppOut<0>35 (busEppOut<0>35)
     LUT3:I0->O            1   0.551   0.869  busEppOut<0>85_SW0 (N66)
     LUT4:I2->O            1   0.551   0.801  busEppOut<0>85 (busEppOut<0>)
     IOBUF:I->IO               5.644          DB_0_IOBUF (DB<0>)
    ----------------------------------------
    Total                     16.053ns (9.119ns logic, 6.934ns route)
                                       (56.8% logic, 43.2% route)

=========================================================================
Timing constraint: Default path analysis
  Total number of paths / destination ports: 40 / 8
-------------------------------------------------------------------------
Delay:               13.175ns (Levels of Logic = 6)
  Source:            sw<0> (PAD)
  Destination:       DB<0> (PAD)

  Data Path: sw<0> to DB<0>
                                Gate     Net
    Cell:in->out      fanout   Delay   Delay  Logical Name (Net Name)
    ----------------------------------------  ------------
     IBUF:I->O             1   0.821   0.827  sw_0_IBUF (sw_0_IBUF)
     LUT4:I3->O            1   0.551   0.869  busEppOut<0>21 (busEppOut<0>21)
     LUT3:I2->O            1   0.551   1.140  busEppOut<0>35 (busEppOut<0>35)
     LUT3:I0->O            1   0.551   0.869  busEppOut<0>85_SW0 (N66)
     LUT4:I2->O            1   0.551   0.801  busEppOut<0>85 (busEppOut<0>)
     IOBUF:I->IO               5.644          DB_0_IOBUF (DB<0>)
    ----------------------------------------
    Total                     13.175ns (8.669ns logic, 4.506ns route)
                                       (65.8% logic, 34.2% route)

=========================================================================


Total REAL time to Xst completion: 4.00 secs
Total CPU time to Xst completion: 3.95 secs
 
--> 

Total memory usage is 204756 kilobytes

Number of errors   :    0 (   0 filtered)
Number of warnings :    0 (   0 filtered)
Number of infos    :    0 (   0 filtered)

